[2.570s] Invoking command in '/home/rob/ros2_ws/src/manual_drive': PYTHONPATH=/home/rob/ros2_ws/build/manual_drive/prefix_override:/home/rob/.local/lib/python3.10/site-packages/colcon_core/task/python/colcon_distutils_commands:/home/rob/ros2_ws/install/manual_drive/lib/python3.10/site-packages: /usr/bin/python3 -W ignore:setup.py install is deprecated -W ignore:easy_install command is deprecated setup.py egg_info --egg-base ../../build/manual_drive build --build-base /home/rob/ros2_ws/build/manual_drive/build install --record /home/rob/ros2_ws/build/manual_drive/install.log --single-version-externally-managed install_data
[3.432s] running egg_info
[3.434s] writing ../../build/manual_drive/manual_drive.egg-info/PKG-INFO
[3.435s] writing dependency_links to ../../build/manual_drive/manual_drive.egg-info/dependency_links.txt
[3.436s] writing entry points to ../../build/manual_drive/manual_drive.egg-info/entry_points.txt
[3.437s] writing requirements to ../../build/manual_drive/manual_drive.egg-info/requires.txt
[3.438s] writing top-level names to ../../build/manual_drive/manual_drive.egg-info/top_level.txt
[3.446s] reading manifest file '../../build/manual_drive/manual_drive.egg-info/SOURCES.txt'
[3.449s] writing manifest file '../../build/manual_drive/manual_drive.egg-info/SOURCES.txt'
[3.450s] running build
[3.450s] running build_py
[3.452s] running install
[3.454s] running install_lib
[3.460s] running install_data
[3.460s] running install_egg_info
[3.467s] removing '/home/rob/ros2_ws/install/manual_drive/lib/python3.10/site-packages/manual_drive-0.0.0-py3.10.egg-info' (and everything under it)
[3.468s] Copying ../../build/manual_drive/manual_drive.egg-info to /home/rob/ros2_ws/install/manual_drive/lib/python3.10/site-packages/manual_drive-0.0.0-py3.10.egg-info
[3.474s] running install_scripts
[3.552s] Installing hoverboard_controller script to /home/rob/ros2_ws/install/manual_drive/lib/manual_drive
[3.553s] Installing manual_drive_node script to /home/rob/ros2_ws/install/manual_drive/lib/manual_drive
[3.555s] writing list of installed files to '/home/rob/ros2_ws/build/manual_drive/install.log'
[3.670s] Invoked command in '/home/rob/ros2_ws/src/manual_drive' returned '0': PYTHONPATH=/home/rob/ros2_ws/build/manual_drive/prefix_override:/home/rob/.local/lib/python3.10/site-packages/colcon_core/task/python/colcon_distutils_commands:/home/rob/ros2_ws/install/manual_drive/lib/python3.10/site-packages: /usr/bin/python3 -W ignore:setup.py install is deprecated -W ignore:easy_install command is deprecated setup.py egg_info --egg-base ../../build/manual_drive build --build-base /home/rob/ros2_ws/build/manual_drive/build install --record /home/rob/ros2_ws/build/manual_drive/install.log --single-version-externally-managed install_data
