[0.499s] DEBUG:colcon:Command line arguments: ['/usr/bin/colcon', 'build']
[0.499s] DEBUG:colcon:Parsed command line arguments: Namespace(log_base=None, log_level=None, verb_name='build', build_base='build', install_base='install', merge_install=False, symlink_install=False, test_result_base=None, continue_on_error=False, executor='parallel', parallel_workers=4, event_handlers=None, ignore_user_meta=False, metas=['./colcon.meta'], base_paths=['.'], packages_ignore=None, packages_ignore_regex=None, paths=None, packages_up_to=None, packages_up_to_regex=None, packages_above=None, packages_above_and_dependencies=None, packages_above_depth=None, packages_select_by_dep=None, packages_skip_by_dep=None, packages_skip_up_to=None, packages_select_build_failed=False, packages_skip_build_finished=False, packages_select_test_failures=False, packages_skip_test_passed=False, packages_select=None, packages_skip=None, packages_select_regex=None, packages_skip_regex=None, packages_start=None, packages_end=None, allow_overriding=[], cmake_args=None, cmake_target=None, cmake_target_skip_unavailable=False, cmake_clean_cache=False, cmake_clean_first=False, cmake_force_configure=False, ament_cmake_args=None, catkin_cmake_args=None, catkin_skip_building_tests=False, mixin_files=None, mixin=None, verb_parser=<colcon_mixin.mixin.mixin_argument.MixinArgumentDecorator object at 0xffff7ef03a30>, verb_extension=<colcon_core.verb.build.BuildVerb object at 0xffff7f0f0970>, main=<bound method BuildVerb.main of <colcon_core.verb.build.BuildVerb object at 0xffff7f0f0970>>, mixin_verb=('build',))
[1.400s] Level 1:colcon.colcon_core.package_discovery:discover_packages(colcon_meta) check parameters
[1.400s] Level 1:colcon.colcon_core.package_discovery:discover_packages(recursive) check parameters
[1.400s] Level 1:colcon.colcon_core.package_discovery:discover_packages(ignore) check parameters
[1.401s] Level 1:colcon.colcon_core.package_discovery:discover_packages(path) check parameters
[1.401s] Level 1:colcon.colcon_core.package_discovery:discover_packages(colcon_meta) discover
[1.401s] Level 1:colcon.colcon_core.package_discovery:discover_packages(recursive) discover
[1.401s] INFO:colcon.colcon_core.package_discovery:Crawling recursively for packages in '/home/rob/ros2_ws/src/manual_drive/manual_drive'
[1.402s] Level 1:colcon.colcon_core.package_identification:_identify(.) by extensions ['ignore', 'ignore_ament_install']
[1.402s] Level 1:colcon.colcon_core.package_identification:_identify(.) by extension 'ignore'
[1.402s] Level 1:colcon.colcon_core.package_identification:_identify(.) by extension 'ignore_ament_install'
[1.403s] Level 1:colcon.colcon_core.package_identification:_identify(.) by extensions ['colcon_pkg']
[1.403s] Level 1:colcon.colcon_core.package_identification:_identify(.) by extension 'colcon_pkg'
[1.403s] Level 1:colcon.colcon_core.package_identification:_identify(.) by extensions ['colcon_meta']
[1.403s] Level 1:colcon.colcon_core.package_identification:_identify(.) by extension 'colcon_meta'
[1.403s] Level 1:colcon.colcon_core.package_identification:_identify(.) by extensions ['ros']
[1.403s] Level 1:colcon.colcon_core.package_identification:_identify(.) by extension 'ros'
[1.447s] Level 1:colcon.colcon_core.package_identification:_identify(.) by extensions ['cmake', 'python']
[1.448s] Level 1:colcon.colcon_core.package_identification:_identify(.) by extension 'cmake'
[1.448s] Level 1:colcon.colcon_core.package_identification:_identify(.) by extension 'python'
[1.448s] Level 1:colcon.colcon_core.package_identification:_identify(.) by extensions ['python_setup_py']
[1.448s] Level 1:colcon.colcon_core.package_identification:_identify(.) by extension 'python_setup_py'
[1.449s] Level 1:colcon.colcon_core.package_identification:_identify(__pycache__) by extensions ['ignore', 'ignore_ament_install']
[1.449s] Level 1:colcon.colcon_core.package_identification:_identify(__pycache__) by extension 'ignore'
[1.449s] Level 1:colcon.colcon_core.package_identification:_identify(__pycache__) by extension 'ignore_ament_install'
[1.450s] Level 1:colcon.colcon_core.package_identification:_identify(__pycache__) by extensions ['colcon_pkg']
[1.450s] Level 1:colcon.colcon_core.package_identification:_identify(__pycache__) by extension 'colcon_pkg'
[1.450s] Level 1:colcon.colcon_core.package_identification:_identify(__pycache__) by extensions ['colcon_meta']
[1.450s] Level 1:colcon.colcon_core.package_identification:_identify(__pycache__) by extension 'colcon_meta'
[1.450s] Level 1:colcon.colcon_core.package_identification:_identify(__pycache__) by extensions ['ros']
[1.451s] Level 1:colcon.colcon_core.package_identification:_identify(__pycache__) by extension 'ros'
[1.451s] Level 1:colcon.colcon_core.package_identification:_identify(__pycache__) by extensions ['cmake', 'python']
[1.451s] Level 1:colcon.colcon_core.package_identification:_identify(__pycache__) by extension 'cmake'
[1.451s] Level 1:colcon.colcon_core.package_identification:_identify(__pycache__) by extension 'python'
[1.451s] Level 1:colcon.colcon_core.package_identification:_identify(__pycache__) by extensions ['python_setup_py']
[1.451s] Level 1:colcon.colcon_core.package_identification:_identify(__pycache__) by extension 'python_setup_py'
[1.452s] Level 1:colcon.colcon_core.package_identification:_identify(build) by extensions ['ignore', 'ignore_ament_install']
[1.452s] Level 1:colcon.colcon_core.package_identification:_identify(build) by extension 'ignore'
[1.452s] Level 1:colcon.colcon_core.package_identification:_identify(build) ignored
[1.453s] Level 1:colcon.colcon_core.package_identification:_identify(install) by extensions ['ignore', 'ignore_ament_install']
[1.453s] Level 1:colcon.colcon_core.package_identification:_identify(install) by extension 'ignore'
[1.454s] Level 1:colcon.colcon_core.package_identification:_identify(install) ignored
[1.454s] Level 1:colcon.colcon_core.package_identification:_identify(log) by extensions ['ignore', 'ignore_ament_install']
[1.455s] Level 1:colcon.colcon_core.package_identification:_identify(log) by extension 'ignore'
[1.455s] Level 1:colcon.colcon_core.package_identification:_identify(log) ignored
[1.455s] Level 1:colcon.colcon_core.package_discovery:discover_packages(recursive) using defaults
[1.455s] Level 1:colcon.colcon_core.package_discovery:discover_packages(ignore) discover
[1.455s] Level 1:colcon.colcon_core.package_discovery:discover_packages(ignore) using defaults
[1.455s] Level 1:colcon.colcon_core.package_discovery:discover_packages(path) discover
[1.455s] Level 1:colcon.colcon_core.package_discovery:discover_packages(path) using defaults
[1.575s] Level 1:colcon.colcon_core.package_discovery:discover_packages(prefix_path) check parameters
[1.576s] Level 1:colcon.colcon_core.package_discovery:discover_packages(prefix_path) discover
[1.587s] DEBUG:colcon.colcon_installed_package_information.package_discovery:Found 3 installed packages in /home/rob/ros2_ws/install
[1.590s] DEBUG:colcon.colcon_installed_package_information.package_discovery:Found 5 installed packages in /home/rob/turtlebot3_ws/install
[1.601s] DEBUG:colcon.colcon_installed_package_information.package_discovery:Found 366 installed packages in /opt/ros/humble
[1.610s] Level 1:colcon.colcon_core.package_discovery:discover_packages(prefix_path) using defaults
[1.825s] INFO:colcon.colcon_core.executor:Executing jobs using 'parallel' executor
[1.828s] DEBUG:colcon.colcon_parallel_executor.executor.parallel:run_until_complete
[1.829s] DEBUG:colcon.colcon_parallel_executor.executor.parallel:closing loop
[1.830s] DEBUG:colcon.colcon_parallel_executor.executor.parallel:loop closed
[1.830s] DEBUG:colcon.colcon_parallel_executor.executor.parallel:run_until_complete finished with '0'
[1.830s] DEBUG:colcon.colcon_core.event_reactor:joining thread
[1.851s] INFO:colcon.colcon_core.plugin_system:Skipping extension 'colcon_notification.desktop_notification.notify_send': Could not find 'notify-send'
[1.852s] INFO:colcon.colcon_core.plugin_system:Skipping extension 'colcon_notification.desktop_notification.terminal_notifier': Not used on non-Darwin systems
[1.852s] INFO:colcon.colcon_core.plugin_system:Skipping extension 'colcon_notification.desktop_notification.win32': Not used on non-Windows systems
[1.852s] INFO:colcon.colcon_notification.desktop_notification:Sending desktop notification using 'notify2'
[1.856s] DEBUG:colcon.colcon_notification.desktop_notification.notify2:Failed to initialize notify2: org.freedesktop.DBus.Error.ServiceUnknown: The name org.freedesktop.Notifications was not provided by any .service files
[1.856s] DEBUG:colcon.colcon_core.event_reactor:joined thread
[1.867s] INFO:colcon.colcon_core.plugin_system:Skipping extension 'colcon_core.shell.bat': Not used on non-Windows systems
[1.869s] INFO:colcon.colcon_core.shell:Creating prefix script '/home/rob/ros2_ws/src/manual_drive/manual_drive/install/local_setup.ps1'
[1.873s] INFO:colcon.colcon_core.shell:Creating prefix util module '/home/rob/ros2_ws/src/manual_drive/manual_drive/install/_local_setup_util_ps1.py'
[1.879s] INFO:colcon.colcon_core.shell:Creating prefix chain script '/home/rob/ros2_ws/src/manual_drive/manual_drive/install/setup.ps1'
[1.885s] INFO:colcon.colcon_core.shell:Creating prefix script '/home/rob/ros2_ws/src/manual_drive/manual_drive/install/local_setup.sh'
[1.888s] INFO:colcon.colcon_core.shell:Creating prefix util module '/home/rob/ros2_ws/src/manual_drive/manual_drive/install/_local_setup_util_sh.py'
[1.891s] INFO:colcon.colcon_core.shell:Creating prefix chain script '/home/rob/ros2_ws/src/manual_drive/manual_drive/install/setup.sh'
[1.898s] INFO:colcon.colcon_core.shell:Creating prefix script '/home/rob/ros2_ws/src/manual_drive/manual_drive/install/local_setup.bash'
[1.902s] INFO:colcon.colcon_core.shell:Creating prefix chain script '/home/rob/ros2_ws/src/manual_drive/manual_drive/install/setup.bash'
[1.910s] INFO:colcon.colcon_core.shell:Creating prefix script '/home/rob/ros2_ws/src/manual_drive/manual_drive/install/local_setup.zsh'
[1.913s] INFO:colcon.colcon_core.shell:Creating prefix chain script '/home/rob/ros2_ws/src/manual_drive/manual_drive/install/setup.zsh'
