[0.000000] (-) TimerEvent: {}
[0.001422] (articubot_one) JobQueued: {'identifier': 'articubot_one', 'dependencies': OrderedDict()}
[0.001663] (manual_drive) JobQueued: {'identifier': 'manual_drive', 'dependencies': OrderedDict()}
[0.001822] (articubot_one) JobStarted: {'identifier': 'articubot_one'}
[0.057441] (manual_drive) JobStarted: {'identifier': 'manual_drive'}
[0.097592] (-) TimerEvent: {}
[0.101822] (articubot_one) JobProgress: {'identifier': 'articubot_one', 'progress': 'cmake'}
[0.109750] (articubot_one) JobProgress: {'identifier': 'articubot_one', 'progress': 'build'}
[0.112739] (articubot_one) Command: {'cmd': ['/usr/bin/cmake', '--build', '/home/rob/ros2_ws/build/articubot_one', '--', '-j4', '-l4'], 'cwd': '/home/rob/ros2_ws/build/articubot_one', 'env': OrderedDict([('USER', 'rob'), ('SSH_CLIENT', '192.168.1.7 1782 22'), ('XDG_SESSION_TYPE', 'tty'), ('SHLVL', '1'), ('LD_LIBRARY_PATH', '/home/rob/ros2_ws/install/nav_2d_msgs/lib:/home/rob/ros2_ws/install/nav2_voxel_grid/lib:/opt/ros/humble/opt/rviz_ogre_vendor/lib:/opt/ros/humble/lib/aarch64-linux-gnu:/opt/ros/humble/lib'), ('MOTD_SHOWN', 'pam'), ('HOME', '/home/rob'), ('OLDPWD', '/home/rob'), ('SSH_TTY', '/dev/pts/1'), ('ROS_PYTHON_VERSION', '3'), ('DBUS_SESSION_BUS_ADDRESS', 'unix:path=/run/user/1000/bus'), ('COLCON_PREFIX_PATH', '/home/rob/ros2_ws/install:/home/rob/turtlebot3_ws/install'), ('ROS_DISTRO', 'humble'), ('LOGNAME', 'rob'), ('_', '/usr/local/bin/colcon'), ('ROS_VERSION', '2'), ('XDG_SESSION_CLASS', 'user'), ('TERM', 'xterm-256color'), ('XDG_SESSION_ID', '3'), ('ROS_LOCALHOST_ONLY', '0'), ('PATH', '/opt/ros/humble/bin:/usr/local/sbin:/usr/local/bin:/usr/sbin:/usr/bin:/sbin:/bin:/usr/games:/usr/local/games:/snap/bin'), ('XDG_RUNTIME_DIR', '/run/user/1000'), ('LANG', 'C.UTF-8'), ('AMENT_PREFIX_PATH', '/home/rob/ros2_ws/install/nav_2d_msgs:/home/rob/ros2_ws/install/nav2_voxel_grid:/home/rob/ros2_ws/install/nav2_common:/home/rob/ros2_ws/install/manual_drive:/home/rob/ros2_ws/install/articubot_one:/home/rob/turtlebot3_ws/install/turtlebot3_node:/home/rob/turtlebot3_ws/install/turtlebot3_example:/home/rob/turtlebot3_ws/install/turtlebot3_description:/home/rob/turtlebot3_ws/install/turtlebot3_cartographer:/opt/ros/humble'), ('SHELL', '/bin/bash'), ('PWD', '/home/rob/ros2_ws/build/articubot_one'), ('SSH_CONNECTION', '192.168.1.7 1782 192.168.1.2 22'), ('XDG_DATA_DIRS', '/usr/local/share:/usr/share:/var/lib/snapd/desktop'), ('PYTHONPATH', '/home/rob/ros2_ws/install/nav_2d_msgs/local/lib/python3.10/dist-packages:/home/rob/ros2_ws/install/nav2_common/local/lib/python3.10/dist-packages:/home/rob/ros2_ws/install/manual_drive/lib/python3.10/site-packages:/home/rob/turtlebot3_ws/build/turtlebot3_example:/home/rob/turtlebot3_ws/install/turtlebot3_example/lib/python3.10/site-packages:/opt/ros/humble/lib/python3.10/site-packages:/opt/ros/humble/local/lib/python3.10/dist-packages'), ('COLCON', '1'), ('CMAKE_PREFIX_PATH', '/home/rob/ros2_ws/install/nav_2d_msgs:/home/rob/ros2_ws/install/nav2_voxel_grid:/home/rob/ros2_ws/install/nav2_common:/home/rob/ros2_ws/install/articubot_one:/home/rob/turtlebot3_ws/install/turtlebot3_node:/home/rob/turtlebot3_ws/install/turtlebot3_description:/home/rob/turtlebot3_ws/install/turtlebot3_cartographer:/home/rob/ros2_ws/install/manual_drive:/home/rob/turtlebot3_ws/install/turtlebot3_example:/opt/ros/humble')]), 'shell': False}
[0.197762] (-) TimerEvent: {}
[0.298411] (-) TimerEvent: {}
[0.399134] (-) TimerEvent: {}
[0.499993] (-) TimerEvent: {}
[0.600758] (-) TimerEvent: {}
[0.701370] (-) TimerEvent: {}
[0.802008] (-) TimerEvent: {}
[0.902665] (-) TimerEvent: {}
[1.003248] (-) TimerEvent: {}
[1.103891] (-) TimerEvent: {}
[1.204533] (-) TimerEvent: {}
[1.305315] (-) TimerEvent: {}
[1.385975] (articubot_one) CommandEnded: {'returncode': 0}
[1.390900] (articubot_one) JobProgress: {'identifier': 'articubot_one', 'progress': 'install'}
[1.405514] (-) TimerEvent: {}
[1.423823] (articubot_one) Command: {'cmd': ['/usr/bin/cmake', '--install', '/home/rob/ros2_ws/build/articubot_one'], 'cwd': '/home/rob/ros2_ws/build/articubot_one', 'env': OrderedDict([('USER', 'rob'), ('SSH_CLIENT', '192.168.1.7 1782 22'), ('XDG_SESSION_TYPE', 'tty'), ('SHLVL', '1'), ('LD_LIBRARY_PATH', '/home/rob/ros2_ws/install/nav_2d_msgs/lib:/home/rob/ros2_ws/install/nav2_voxel_grid/lib:/opt/ros/humble/opt/rviz_ogre_vendor/lib:/opt/ros/humble/lib/aarch64-linux-gnu:/opt/ros/humble/lib'), ('MOTD_SHOWN', 'pam'), ('HOME', '/home/rob'), ('OLDPWD', '/home/rob'), ('SSH_TTY', '/dev/pts/1'), ('ROS_PYTHON_VERSION', '3'), ('DBUS_SESSION_BUS_ADDRESS', 'unix:path=/run/user/1000/bus'), ('COLCON_PREFIX_PATH', '/home/rob/ros2_ws/install:/home/rob/turtlebot3_ws/install'), ('ROS_DISTRO', 'humble'), ('LOGNAME', 'rob'), ('_', '/usr/local/bin/colcon'), ('ROS_VERSION', '2'), ('XDG_SESSION_CLASS', 'user'), ('TERM', 'xterm-256color'), ('XDG_SESSION_ID', '3'), ('ROS_LOCALHOST_ONLY', '0'), ('PATH', '/opt/ros/humble/bin:/usr/local/sbin:/usr/local/bin:/usr/sbin:/usr/bin:/sbin:/bin:/usr/games:/usr/local/games:/snap/bin'), ('XDG_RUNTIME_DIR', '/run/user/1000'), ('LANG', 'C.UTF-8'), ('AMENT_PREFIX_PATH', '/home/rob/ros2_ws/install/nav_2d_msgs:/home/rob/ros2_ws/install/nav2_voxel_grid:/home/rob/ros2_ws/install/nav2_common:/home/rob/ros2_ws/install/manual_drive:/home/rob/ros2_ws/install/articubot_one:/home/rob/turtlebot3_ws/install/turtlebot3_node:/home/rob/turtlebot3_ws/install/turtlebot3_example:/home/rob/turtlebot3_ws/install/turtlebot3_description:/home/rob/turtlebot3_ws/install/turtlebot3_cartographer:/opt/ros/humble'), ('SHELL', '/bin/bash'), ('PWD', '/home/rob/ros2_ws/build/articubot_one'), ('SSH_CONNECTION', '192.168.1.7 1782 192.168.1.2 22'), ('XDG_DATA_DIRS', '/usr/local/share:/usr/share:/var/lib/snapd/desktop'), ('PYTHONPATH', '/home/rob/ros2_ws/install/nav_2d_msgs/local/lib/python3.10/dist-packages:/home/rob/ros2_ws/install/nav2_common/local/lib/python3.10/dist-packages:/home/rob/ros2_ws/install/manual_drive/lib/python3.10/site-packages:/home/rob/turtlebot3_ws/build/turtlebot3_example:/home/rob/turtlebot3_ws/install/turtlebot3_example/lib/python3.10/site-packages:/opt/ros/humble/lib/python3.10/site-packages:/opt/ros/humble/local/lib/python3.10/dist-packages'), ('COLCON', '1'), ('CMAKE_PREFIX_PATH', '/home/rob/ros2_ws/install/nav_2d_msgs:/home/rob/ros2_ws/install/nav2_voxel_grid:/home/rob/ros2_ws/install/nav2_common:/home/rob/ros2_ws/install/articubot_one:/home/rob/turtlebot3_ws/install/turtlebot3_node:/home/rob/turtlebot3_ws/install/turtlebot3_description:/home/rob/turtlebot3_ws/install/turtlebot3_cartographer:/home/rob/ros2_ws/install/manual_drive:/home/rob/turtlebot3_ws/install/turtlebot3_example:/opt/ros/humble')]), 'shell': False}
[1.462439] (articubot_one) StdoutLine: {'line': b'-- Install configuration: ""\n'}
[1.467378] (articubot_one) StdoutLine: {'line': b'-- Execute custom install script\n'}
[1.474560] (articubot_one) StdoutLine: {'line': b'-- Up-to-date symlink: /home/rob/ros2_ws/install/articubot_one/lib/articubot_one/cmdvel_hover.py\n'}
[1.485941] (articubot_one) StdoutLine: {'line': b'-- Up-to-date symlink: /home/rob/ros2_ws/install/articubot_one/share/articubot_one/config/ball_tracker_params_robot.yaml\n'}
[1.487512] (articubot_one) StdoutLine: {'line': b'-- Up-to-date symlink: /home/rob/ros2_ws/install/articubot_one/share/articubot_one/config/ball_tracker_params_sim.yaml\n'}
[1.488399] (articubot_one) StdoutLine: {'line': b'-- Up-to-date symlink: /home/rob/ros2_ws/install/articubot_one/share/articubot_one/config/drive_bot.rviz\n'}
[1.489437] (articubot_one) StdoutLine: {'line': b'-- Up-to-date symlink: /home/rob/ros2_ws/install/articubot_one/share/articubot_one/config/empty.yaml\n'}
[1.491064] (articubot_one) StdoutLine: {'line': b'-- Up-to-date symlink: /home/rob/ros2_ws/install/articubot_one/share/articubot_one/config/gaz_ros2_ctl_use_sim.yaml\n'}
[1.492596] (articubot_one) StdoutLine: {'line': b'-- Up-to-date symlink: /home/rob/ros2_ws/install/articubot_one/share/articubot_one/config/gazebo_params.yaml\n'}
[1.493507] (articubot_one) StdoutLine: {'line': b'-- Up-to-date symlink: /home/rob/ros2_ws/install/articubot_one/share/articubot_one/config/joystick.yaml\n'}
[1.494548] (articubot_one) StdoutLine: {'line': b'-- Up-to-date symlink: /home/rob/ros2_ws/install/articubot_one/share/articubot_one/config/main.rviz\n'}
[1.495608] (articubot_one) StdoutLine: {'line': b'-- Up-to-date symlink: /home/rob/ros2_ws/install/articubot_one/share/articubot_one/config/map.rviz\n'}
[1.496562] (articubot_one) StdoutLine: {'line': b'-- Up-to-date symlink: /home/rob/ros2_ws/install/articubot_one/share/articubot_one/config/map_params.yaml\n'}
[1.498166] (articubot_one) StdoutLine: {'line': b'-- Up-to-date symlink: /home/rob/ros2_ws/install/articubot_one/share/articubot_one/config/mapper_params_online_async.yaml\n'}
[1.499663] (articubot_one) StdoutLine: {'line': b'-- Up-to-date symlink: /home/rob/ros2_ws/install/articubot_one/share/articubot_one/config/my_controllers.yaml\n'}
[1.500627] (articubot_one) StdoutLine: {'line': b'-- Up-to-date symlink: /home/rob/ros2_ws/install/articubot_one/share/articubot_one/config/nav2_params.yaml\n'}
[1.501731] (articubot_one) StdoutLine: {'line': b'-- Up-to-date symlink: /home/rob/ros2_ws/install/articubot_one/share/articubot_one/config/twist_mux.yaml\n'}
[1.502720] (articubot_one) StdoutLine: {'line': b'-- Up-to-date symlink: /home/rob/ros2_ws/install/articubot_one/share/articubot_one/config/view_bot.rviz\n'}
[1.505828] (articubot_one) StdoutLine: {'line': b'-- Up-to-date symlink: /home/rob/ros2_ws/install/articubot_one/share/articubot_one/config/ylmz.rviz\n'}
[1.506574] (-) TimerEvent: {}
[1.510594] (articubot_one) StdoutLine: {'line': b'-- Up-to-date symlink: /home/rob/ros2_ws/install/articubot_one/share/articubot_one/description/camera.xacro\n'}
[1.512074] (articubot_one) StdoutLine: {'line': b'-- Up-to-date symlink: /home/rob/ros2_ws/install/articubot_one/share/articubot_one/description/depth_camera.xacro\n'}
[1.512997] (articubot_one) StdoutLine: {'line': b'-- Up-to-date symlink: /home/rob/ros2_ws/install/articubot_one/share/articubot_one/description/face.xacro\n'}
[1.514633] (articubot_one) StdoutLine: {'line': b'-- Up-to-date symlink: /home/rob/ros2_ws/install/articubot_one/share/articubot_one/description/gazebo_control.xacro\n'}
[1.516179] (articubot_one) StdoutLine: {'line': b'-- Up-to-date symlink: /home/rob/ros2_ws/install/articubot_one/share/articubot_one/description/inertial_macros.xacro\n'}
[1.517102] (articubot_one) StdoutLine: {'line': b'-- Up-to-date symlink: /home/rob/ros2_ws/install/articubot_one/share/articubot_one/description/lidar.xacro\n'}
[1.518749] (articubot_one) StdoutLine: {'line': b'-- Up-to-date symlink: /home/rob/ros2_ws/install/articubot_one/share/articubot_one/description/robot.urdf.xacro\n'}
[1.520255] (articubot_one) StdoutLine: {'line': b'-- Up-to-date symlink: /home/rob/ros2_ws/install/articubot_one/share/articubot_one/description/robot_core.xacro\n'}
[1.522765] (articubot_one) StdoutLine: {'line': b'-- Up-to-date symlink: /home/rob/ros2_ws/install/articubot_one/share/articubot_one/description/ros2_control.xacro\n'}
[1.527132] (articubot_one) StdoutLine: {'line': b'-- Up-to-date symlink: /home/rob/ros2_ws/install/articubot_one/share/articubot_one/launch/ball_tracker.launch.py\n'}
[1.528167] (articubot_one) StdoutLine: {'line': b'-- Up-to-date symlink: /home/rob/ros2_ws/install/articubot_one/share/articubot_one/launch/camera.launch.py\n'}
[1.530101] (articubot_one) StdoutLine: {'line': b'-- Up-to-date symlink: /home/rob/ros2_ws/install/articubot_one/share/articubot_one/launch/cmdvel_hover_launch.py\n'}
[1.531449] (articubot_one) StdoutLine: {'line': b'-- Up-to-date symlink: /home/rob/ros2_ws/install/articubot_one/share/articubot_one/launch/joystick.launch.py\n'}
[1.533272] (articubot_one) StdoutLine: {'line': b'-- Up-to-date symlink: /home/rob/ros2_ws/install/articubot_one/share/articubot_one/launch/launch_robot.launch.py\n'}
[1.534932] (articubot_one) StdoutLine: {'line': b'-- Up-to-date symlink: /home/rob/ros2_ws/install/articubot_one/share/articubot_one/launch/launch_sim.launch.py\n'}
[1.536437] (articubot_one) StdoutLine: {'line': b'-- Up-to-date symlink: /home/rob/ros2_ws/install/articubot_one/share/articubot_one/launch/localization_launch.py\n'}
[1.538025] (articubot_one) StdoutLine: {'line': b'-- Up-to-date symlink: /home/rob/ros2_ws/install/articubot_one/share/articubot_one/launch/navigation_launch.py\n'}
[1.539539] (articubot_one) StdoutLine: {'line': b'-- Up-to-date symlink: /home/rob/ros2_ws/install/articubot_one/share/articubot_one/launch/online_async_launch.py\n'}
[1.541078] (articubot_one) StdoutLine: {'line': b'-- Up-to-date symlink: /home/rob/ros2_ws/install/articubot_one/share/articubot_one/launch/rplidar.launch.py\n'}
[1.542135] (articubot_one) StdoutLine: {'line': b'-- Up-to-date symlink: /home/rob/ros2_ws/install/articubot_one/share/articubot_one/launch/rsp.launch.py\n'}
[1.543213] (articubot_one) StdoutLine: {'line': b'-- Up-to-date symlink: /home/rob/ros2_ws/install/articubot_one/share/articubot_one/launch/slam_launch.py\n'}
[1.546240] (articubot_one) StdoutLine: {'line': b'-- Up-to-date symlink: /home/rob/ros2_ws/install/articubot_one/share/articubot_one/worlds/empty.world\n'}
[1.547342] (articubot_one) StdoutLine: {'line': b'-- Up-to-date symlink: /home/rob/ros2_ws/install/articubot_one/share/articubot_one/worlds/obstacles.world\n'}
[1.549598] (articubot_one) StdoutLine: {'line': b'-- Up-to-date symlink: /home/rob/ros2_ws/install/articubot_one/lib/articubot_one/odom_publisher.py\n'}
[1.553120] (articubot_one) StdoutLine: {'line': b'-- Up-to-date symlink: /home/rob/ros2_ws/install/articubot_one/share/ament_index/resource_index/package_run_dependencies/articubot_one\n'}
[1.555560] (articubot_one) StdoutLine: {'line': b'-- Up-to-date symlink: /home/rob/ros2_ws/install/articubot_one/share/ament_index/resource_index/parent_prefix_path/articubot_one\n'}
[1.557423] (articubot_one) StdoutLine: {'line': b'-- Up-to-date symlink: /home/rob/ros2_ws/install/articubot_one/share/articubot_one/environment/ament_prefix_path.sh\n'}
[1.558575] (articubot_one) StdoutLine: {'line': b'-- Up-to-date symlink: /home/rob/ros2_ws/install/articubot_one/share/articubot_one/environment/ament_prefix_path.dsv\n'}
[1.560387] (articubot_one) StdoutLine: {'line': b'-- Up-to-date symlink: /home/rob/ros2_ws/install/articubot_one/share/articubot_one/environment/path.sh\n'}
[1.561623] (articubot_one) StdoutLine: {'line': b'-- Up-to-date symlink: /home/rob/ros2_ws/install/articubot_one/share/articubot_one/environment/path.dsv\n'}
[1.563364] (articubot_one) StdoutLine: {'line': b'-- Up-to-date symlink: /home/rob/ros2_ws/install/articubot_one/share/articubot_one/local_setup.bash\n'}
[1.565139] (articubot_one) StdoutLine: {'line': b'-- Up-to-date symlink: /home/rob/ros2_ws/install/articubot_one/share/articubot_one/local_setup.sh\n'}
[1.567006] (articubot_one) StdoutLine: {'line': b'-- Up-to-date symlink: /home/rob/ros2_ws/install/articubot_one/share/articubot_one/local_setup.zsh\n'}
[1.568338] (articubot_one) StdoutLine: {'line': b'-- Up-to-date symlink: /home/rob/ros2_ws/install/articubot_one/share/articubot_one/local_setup.dsv\n'}
[1.569239] (articubot_one) StdoutLine: {'line': b'-- Symlinking: /home/rob/ros2_ws/install/articubot_one/share/articubot_one/package.dsv\n'}
[1.606787] (-) TimerEvent: {}
[1.608497] (articubot_one) StdoutLine: {'line': b'-- Up-to-date symlink: /home/rob/ros2_ws/install/articubot_one/share/ament_index/resource_index/packages/articubot_one\n'}
[1.609801] (articubot_one) StdoutLine: {'line': b'-- Up-to-date symlink: /home/rob/ros2_ws/install/articubot_one/share/articubot_one/cmake/articubot_oneConfig.cmake\n'}
[1.611374] (articubot_one) StdoutLine: {'line': b'-- Up-to-date symlink: /home/rob/ros2_ws/install/articubot_one/share/articubot_one/cmake/articubot_oneConfig-version.cmake\n'}
[1.612540] (articubot_one) StdoutLine: {'line': b'-- Up-to-date symlink: /home/rob/ros2_ws/install/articubot_one/share/articubot_one/package.xml\n'}
[1.619432] (articubot_one) CommandEnded: {'returncode': 0}
[1.707077] (-) TimerEvent: {}
[1.744938] (articubot_one) JobEnded: {'identifier': 'articubot_one', 'rc': 0}
[1.807258] (-) TimerEvent: {}
[1.908803] (-) TimerEvent: {}
[2.009501] (-) TimerEvent: {}
[2.110100] (-) TimerEvent: {}
[2.210724] (-) TimerEvent: {}
[2.311319] (-) TimerEvent: {}
[2.411936] (-) TimerEvent: {}
[2.512522] (-) TimerEvent: {}
[2.613103] (-) TimerEvent: {}
[2.713744] (-) TimerEvent: {}
[2.814550] (-) TimerEvent: {}
[2.915316] (-) TimerEvent: {}
[3.016293] (-) TimerEvent: {}
[3.116987] (-) TimerEvent: {}
[3.217817] (-) TimerEvent: {}
[3.318492] (-) TimerEvent: {}
[3.419119] (-) TimerEvent: {}
[3.519916] (-) TimerEvent: {}
[3.578458] (manual_drive) Command: {'cmd': ['/usr/bin/python3', '-W', 'ignore:setup.py install is deprecated', '-W', 'ignore:easy_install command is deprecated', 'setup.py', 'egg_info', '--egg-base', '../../build/manual_drive', 'build', '--build-base', '/home/rob/ros2_ws/build/manual_drive/build', 'install', '--record', '/home/rob/ros2_ws/build/manual_drive/install.log', '--single-version-externally-managed', 'install_data'], 'cwd': '/home/rob/ros2_ws/src/manual_drive', 'env': {'USER': 'rob', 'SSH_CLIENT': '192.168.1.7 1782 22', 'XDG_SESSION_TYPE': 'tty', 'SHLVL': '1', 'LD_LIBRARY_PATH': '/home/rob/ros2_ws/install/nav_2d_msgs/lib:/home/rob/ros2_ws/install/nav2_voxel_grid/lib:/opt/ros/humble/opt/rviz_ogre_vendor/lib:/opt/ros/humble/lib/aarch64-linux-gnu:/opt/ros/humble/lib', 'MOTD_SHOWN': 'pam', 'HOME': '/home/rob', 'OLDPWD': '/home/rob', 'SSH_TTY': '/dev/pts/1', 'ROS_PYTHON_VERSION': '3', 'DBUS_SESSION_BUS_ADDRESS': 'unix:path=/run/user/1000/bus', 'COLCON_PREFIX_PATH': '/home/rob/ros2_ws/install:/home/rob/turtlebot3_ws/install', 'ROS_DISTRO': 'humble', 'LOGNAME': 'rob', '_': '/usr/local/bin/colcon', 'ROS_VERSION': '2', 'XDG_SESSION_CLASS': 'user', 'TERM': 'xterm-256color', 'XDG_SESSION_ID': '3', 'ROS_LOCALHOST_ONLY': '0', 'PATH': '/opt/ros/humble/bin:/usr/local/sbin:/usr/local/bin:/usr/sbin:/usr/bin:/sbin:/bin:/usr/games:/usr/local/games:/snap/bin', 'XDG_RUNTIME_DIR': '/run/user/1000', 'LANG': 'C.UTF-8', 'AMENT_PREFIX_PATH': '/home/rob/ros2_ws/install/nav_2d_msgs:/home/rob/ros2_ws/install/nav2_voxel_grid:/home/rob/ros2_ws/install/nav2_common:/home/rob/ros2_ws/install/manual_drive:/home/rob/ros2_ws/install/articubot_one:/home/rob/turtlebot3_ws/install/turtlebot3_node:/home/rob/turtlebot3_ws/install/turtlebot3_example:/home/rob/turtlebot3_ws/install/turtlebot3_description:/home/rob/turtlebot3_ws/install/turtlebot3_cartographer:/opt/ros/humble', 'SHELL': '/bin/bash', 'PWD': '/home/rob/ros2_ws/build/manual_drive', 'SSH_CONNECTION': '192.168.1.7 1782 192.168.1.2 22', 'XDG_DATA_DIRS': '/usr/local/share:/usr/share:/var/lib/snapd/desktop', 'PYTHONPATH': '/home/rob/ros2_ws/build/manual_drive/prefix_override:/home/rob/.local/lib/python3.10/site-packages/colcon_core/task/python/colcon_distutils_commands:/home/rob/ros2_ws/install/manual_drive/lib/python3.10/site-packages:/home/rob/ros2_ws/install/nav_2d_msgs/local/lib/python3.10/dist-packages:/home/rob/ros2_ws/install/nav2_common/local/lib/python3.10/dist-packages:/home/rob/ros2_ws/install/manual_drive/lib/python3.10/site-packages:/home/rob/turtlebot3_ws/build/turtlebot3_example:/home/rob/turtlebot3_ws/install/turtlebot3_example/lib/python3.10/site-packages:/opt/ros/humble/lib/python3.10/site-packages:/opt/ros/humble/local/lib/python3.10/dist-packages', 'COLCON': '1', 'CMAKE_PREFIX_PATH': '/home/rob/ros2_ws/install/nav_2d_msgs:/home/rob/ros2_ws/install/nav2_voxel_grid:/home/rob/ros2_ws/install/nav2_common:/home/rob/ros2_ws/install/articubot_one:/home/rob/turtlebot3_ws/install/turtlebot3_node:/home/rob/turtlebot3_ws/install/turtlebot3_description:/home/rob/turtlebot3_ws/install/turtlebot3_cartographer'}, 'shell': False}
[3.620046] (-) TimerEvent: {}
[3.720674] (-) TimerEvent: {}
[3.821355] (-) TimerEvent: {}
[3.922015] (-) TimerEvent: {}
[4.022801] (-) TimerEvent: {}
[4.123449] (-) TimerEvent: {}
[4.224116] (-) TimerEvent: {}
[4.324813] (-) TimerEvent: {}
[4.426298] (-) TimerEvent: {}
[4.527973] (-) TimerEvent: {}
[4.628729] (-) TimerEvent: {}
[4.729320] (-) TimerEvent: {}
[4.804334] (manual_drive) StdoutLine: {'line': b'running egg_info\n'}
[4.807242] (manual_drive) StdoutLine: {'line': b'writing ../../build/manual_drive/manual_drive.egg-info/PKG-INFO\n'}
[4.808981] (manual_drive) StdoutLine: {'line': b'writing dependency_links to ../../build/manual_drive/manual_drive.egg-info/dependency_links.txt\n'}
[4.809868] (manual_drive) StdoutLine: {'line': b'writing entry points to ../../build/manual_drive/manual_drive.egg-info/entry_points.txt\n'}
[4.810853] (manual_drive) StdoutLine: {'line': b'writing requirements to ../../build/manual_drive/manual_drive.egg-info/requires.txt\n'}
[4.811429] (manual_drive) StdoutLine: {'line': b'writing top-level names to ../../build/manual_drive/manual_drive.egg-info/top_level.txt\n'}
[4.826585] (manual_drive) StdoutLine: {'line': b"reading manifest file '../../build/manual_drive/manual_drive.egg-info/SOURCES.txt'\n"}
[4.829541] (-) TimerEvent: {}
[4.831820] (manual_drive) StdoutLine: {'line': b"writing manifest file '../../build/manual_drive/manual_drive.egg-info/SOURCES.txt'\n"}
[4.832497] (manual_drive) StdoutLine: {'line': b'running build\n'}
[4.832900] (manual_drive) StdoutLine: {'line': b'running build_py\n'}
[4.836207] (manual_drive) StdoutLine: {'line': b'running install\n'}
[4.837507] (manual_drive) StdoutLine: {'line': b'running install_lib\n'}
[4.852706] (manual_drive) StdoutLine: {'line': b'running install_data\n'}
[4.854958] (manual_drive) StdoutLine: {'line': b'running install_egg_info\n'}
[4.863983] (manual_drive) StdoutLine: {'line': b"removing '/home/rob/ros2_ws/install/manual_drive/lib/python3.10/site-packages/manual_drive-0.0.0-py3.10.egg-info' (and everything under it)\n"}
[4.866533] (manual_drive) StdoutLine: {'line': b'Copying ../../build/manual_drive/manual_drive.egg-info to /home/rob/ros2_ws/install/manual_drive/lib/python3.10/site-packages/manual_drive-0.0.0-py3.10.egg-info\n'}
[4.872189] (manual_drive) StdoutLine: {'line': b'running install_scripts\n'}
[4.929702] (-) TimerEvent: {}
[4.953749] (manual_drive) StdoutLine: {'line': b'Installing hoverboard_controller script to /home/rob/ros2_ws/install/manual_drive/lib/manual_drive\n'}
[4.955200] (manual_drive) StdoutLine: {'line': b'Installing manual_drive_node script to /home/rob/ros2_ws/install/manual_drive/lib/manual_drive\n'}
[4.956947] (manual_drive) StdoutLine: {'line': b"writing list of installed files to '/home/rob/ros2_ws/build/manual_drive/install.log'\n"}
[5.030035] (-) TimerEvent: {}
[5.073439] (manual_drive) CommandEnded: {'returncode': 0}
[5.101866] (manual_drive) JobEnded: {'identifier': 'manual_drive', 'rc': 0}
[5.104545] (-) EventReactorShutdown: {}
