[4.968s] Invoking command in '/home/rob/ros2_ws/src/manual_drive': PYTHONPATH=/home/rob/ros2_ws/build/manual_drive/prefix_override:/home/rob/.local/lib/python3.10/site-packages/colcon_core/task/python/colcon_distutils_commands:/home/rob/ros2_ws/install/manual_drive/lib/python3.10/site-packages:${PYTHONPATH} /usr/bin/python3 -W ignore:setup.py install is deprecated -W ignore:easy_install command is deprecated setup.py egg_info --egg-base ../../build/manual_drive build --build-base /home/rob/ros2_ws/build/manual_drive/build install --record /home/rob/ros2_ws/build/manual_drive/install.log --single-version-externally-managed install_data
[6.855s] running egg_info
[6.858s] writing ../../build/manual_drive/manual_drive.egg-info/PKG-INFO
[6.860s] writing dependency_links to ../../build/manual_drive/manual_drive.egg-info/dependency_links.txt
[6.861s] writing entry points to ../../build/manual_drive/manual_drive.egg-info/entry_points.txt
[6.862s] writing requirements to ../../build/manual_drive/manual_drive.egg-info/requires.txt
[6.863s] writing top-level names to ../../build/manual_drive/manual_drive.egg-info/top_level.txt
[6.875s] reading manifest file '../../build/manual_drive/manual_drive.egg-info/SOURCES.txt'
[6.880s] writing manifest file '../../build/manual_drive/manual_drive.egg-info/SOURCES.txt'
[6.881s] running build
[6.882s] running build_py
[6.883s] running install
[6.885s] running install_lib
[6.897s] running install_data
[6.898s] running install_egg_info
[6.908s] removing '/home/rob/ros2_ws/install/manual_drive/lib/python3.10/site-packages/manual_drive-0.0.0-py3.10.egg-info' (and everything under it)
[6.910s] Copying ../../build/manual_drive/manual_drive.egg-info to /home/rob/ros2_ws/install/manual_drive/lib/python3.10/site-packages/manual_drive-0.0.0-py3.10.egg-info
[6.921s] running install_scripts
[7.036s] Installing hoverboard_controller script to /home/rob/ros2_ws/install/manual_drive/lib/manual_drive
[7.037s] Installing manual_drive_node script to /home/rob/ros2_ws/install/manual_drive/lib/manual_drive
[7.041s] writing list of installed files to '/home/rob/ros2_ws/build/manual_drive/install.log'
[7.234s] Invoked command in '/home/rob/ros2_ws/src/manual_drive' returned '0': PYTHONPATH=/home/rob/ros2_ws/build/manual_drive/prefix_override:/home/rob/.local/lib/python3.10/site-packages/colcon_core/task/python/colcon_distutils_commands:/home/rob/ros2_ws/install/manual_drive/lib/python3.10/site-packages:${PYTHONPATH} /usr/bin/python3 -W ignore:setup.py install is deprecated -W ignore:easy_install command is deprecated setup.py egg_info --egg-base ../../build/manual_drive build --build-base /home/rob/ros2_ws/build/manual_drive/build install --record /home/rob/ros2_ws/build/manual_drive/install.log --single-version-externally-managed install_data
