[0.146s] Invoking command in '/home/rob/ros2_ws/build/articubot_one': CMAKE_PREFIX_PATH=${CMAKE_PREFIX_PATH}:/home/rob/ros2_ws/install/manual_drive:/home/rob/turtlebot3_ws/install/turtlebot3_example:/opt/ros/humble /usr/bin/cmake --build /home/rob/ros2_ws/build/articubot_one -- -j4 -l4
[1.660s] Invoked command in '/home/rob/ros2_ws/build/articubot_one' returned '0': CMAKE_PREFIX_PATH=${CMAKE_PREFIX_PATH}:/home/rob/ros2_ws/install/manual_drive:/home/rob/turtlebot3_ws/install/turtlebot3_example:/opt/ros/humble /usr/bin/cmake --build /home/rob/ros2_ws/build/articubot_one -- -j4 -l4
[1.706s] Invoking command in '/home/rob/ros2_ws/build/articubot_one': CMAKE_PREFIX_PATH=${CMAKE_PREFIX_PATH}:/home/rob/ros2_ws/install/manual_drive:/home/rob/turtlebot3_ws/install/turtlebot3_example:/opt/ros/humble /usr/bin/cmake --install /home/rob/ros2_ws/build/articubot_one
[1.737s] -- Install configuration: ""
[1.745s] -- Execute custom install script
[1.751s] -- Up-to-date symlink: /home/rob/ros2_ws/install/articubot_one/lib/articubot_one/cmdvel_hover.py
[1.753s] -- Up-to-date symlink: /home/rob/ros2_ws/install/articubot_one/share/articubot_one/config/ball_tracker_params_robot.yaml
[1.757s] -- Up-to-date symlink: /home/rob/ros2_ws/install/articubot_one/share/articubot_one/config/ball_tracker_params_sim.yaml
[1.763s] -- Up-to-date symlink: /home/rob/ros2_ws/install/articubot_one/share/articubot_one/config/drive_bot.rviz
[1.763s] -- Up-to-date symlink: /home/rob/ros2_ws/install/articubot_one/share/articubot_one/config/empty.yaml
[1.767s] -- Up-to-date symlink: /home/rob/ros2_ws/install/articubot_one/share/articubot_one/config/gaz_ros2_ctl_use_sim.yaml
[1.772s] -- Up-to-date symlink: /home/rob/ros2_ws/install/articubot_one/share/articubot_one/config/gazebo_params.yaml
[1.774s] -- Up-to-date symlink: /home/rob/ros2_ws/install/articubot_one/share/articubot_one/config/joystick.yaml
[1.776s] -- Up-to-date symlink: /home/rob/ros2_ws/install/articubot_one/share/articubot_one/config/main.rviz
[1.783s] -- Up-to-date symlink: /home/rob/ros2_ws/install/articubot_one/share/articubot_one/config/map.rviz
[1.788s] -- Up-to-date symlink: /home/rob/ros2_ws/install/articubot_one/share/articubot_one/config/map_params.yaml
[1.789s] -- Up-to-date symlink: /home/rob/ros2_ws/install/articubot_one/share/articubot_one/config/mapper_params_online_async.yaml
[1.791s] -- Up-to-date symlink: /home/rob/ros2_ws/install/articubot_one/share/articubot_one/config/my_controllers.yaml
[1.800s] -- Up-to-date symlink: /home/rob/ros2_ws/install/articubot_one/share/articubot_one/config/nav2_params.yaml
[1.801s] -- Up-to-date symlink: /home/rob/ros2_ws/install/articubot_one/share/articubot_one/config/twist_mux.yaml
[1.801s] -- Up-to-date symlink: /home/rob/ros2_ws/install/articubot_one/share/articubot_one/config/view_bot.rviz
[1.803s] -- Up-to-date symlink: /home/rob/ros2_ws/install/articubot_one/share/articubot_one/config/ylmz.rviz
[1.804s] -- Up-to-date symlink: /home/rob/ros2_ws/install/articubot_one/share/articubot_one/description/camera.xacro
[1.808s] -- Up-to-date symlink: /home/rob/ros2_ws/install/articubot_one/share/articubot_one/description/depth_camera.xacro
[1.809s] -- Up-to-date symlink: /home/rob/ros2_ws/install/articubot_one/share/articubot_one/description/face.xacro
[1.810s] -- Up-to-date symlink: /home/rob/ros2_ws/install/articubot_one/share/articubot_one/description/gazebo_control.xacro
[1.811s] -- Up-to-date symlink: /home/rob/ros2_ws/install/articubot_one/share/articubot_one/description/inertial_macros.xacro
[1.811s] -- Up-to-date symlink: /home/rob/ros2_ws/install/articubot_one/share/articubot_one/description/lidar.xacro
[1.812s] -- Up-to-date symlink: /home/rob/ros2_ws/install/articubot_one/share/articubot_one/description/robot.urdf.xacro
[1.812s] -- Up-to-date symlink: /home/rob/ros2_ws/install/articubot_one/share/articubot_one/description/robot_core.xacro
[1.813s] -- Up-to-date symlink: /home/rob/ros2_ws/install/articubot_one/share/articubot_one/description/ros2_control.xacro
[1.814s] -- Up-to-date symlink: /home/rob/ros2_ws/install/articubot_one/share/articubot_one/launch/ball_tracker.launch.py
[1.814s] -- Up-to-date symlink: /home/rob/ros2_ws/install/articubot_one/share/articubot_one/launch/camera.launch.py
[1.815s] -- Up-to-date symlink: /home/rob/ros2_ws/install/articubot_one/share/articubot_one/launch/cmdvel_hover_launch.py
[1.816s] -- Up-to-date symlink: /home/rob/ros2_ws/install/articubot_one/share/articubot_one/launch/joystick.launch.py
[1.816s] -- Up-to-date symlink: /home/rob/ros2_ws/install/articubot_one/share/articubot_one/launch/launch_robot.launch.py
[1.816s] -- Up-to-date symlink: /home/rob/ros2_ws/install/articubot_one/share/articubot_one/launch/launch_sim.launch.py
[1.817s] -- Up-to-date symlink: /home/rob/ros2_ws/install/articubot_one/share/articubot_one/launch/localization_launch.py
[1.818s] -- Up-to-date symlink: /home/rob/ros2_ws/install/articubot_one/share/articubot_one/launch/navigation_launch.py
[1.818s] -- Up-to-date symlink: /home/rob/ros2_ws/install/articubot_one/share/articubot_one/launch/online_async_launch.py
[1.819s] -- Up-to-date symlink: /home/rob/ros2_ws/install/articubot_one/share/articubot_one/launch/rplidar.launch.py
[1.820s] -- Up-to-date symlink: /home/rob/ros2_ws/install/articubot_one/share/articubot_one/launch/rsp.launch.py
[1.821s] -- Up-to-date symlink: /home/rob/ros2_ws/install/articubot_one/share/articubot_one/launch/slam_launch.py
[1.822s] -- Up-to-date symlink: /home/rob/ros2_ws/install/articubot_one/share/articubot_one/worlds/empty.world
[1.822s] -- Up-to-date symlink: /home/rob/ros2_ws/install/articubot_one/share/articubot_one/worlds/obstacles.world
[1.823s] -- Up-to-date symlink: /home/rob/ros2_ws/install/articubot_one/lib/articubot_one/odom_publisher.py
[1.823s] -- Up-to-date symlink: /home/rob/ros2_ws/install/articubot_one/share/ament_index/resource_index/package_run_dependencies/articubot_one
[1.824s] -- Up-to-date symlink: /home/rob/ros2_ws/install/articubot_one/share/ament_index/resource_index/parent_prefix_path/articubot_one
[1.824s] -- Up-to-date symlink: /home/rob/ros2_ws/install/articubot_one/share/articubot_one/environment/ament_prefix_path.sh
[1.825s] -- Up-to-date symlink: /home/rob/ros2_ws/install/articubot_one/share/articubot_one/environment/ament_prefix_path.dsv
[1.825s] -- Up-to-date symlink: /home/rob/ros2_ws/install/articubot_one/share/articubot_one/environment/path.sh
[1.826s] -- Up-to-date symlink: /home/rob/ros2_ws/install/articubot_one/share/articubot_one/environment/path.dsv
[1.827s] -- Up-to-date symlink: /home/rob/ros2_ws/install/articubot_one/share/articubot_one/local_setup.bash
[1.827s] -- Up-to-date symlink: /home/rob/ros2_ws/install/articubot_one/share/articubot_one/local_setup.sh
[1.828s] -- Up-to-date symlink: /home/rob/ros2_ws/install/articubot_one/share/articubot_one/local_setup.zsh
[1.828s] -- Up-to-date symlink: /home/rob/ros2_ws/install/articubot_one/share/articubot_one/local_setup.dsv
[1.829s] -- Symlinking: /home/rob/ros2_ws/install/articubot_one/share/articubot_one/package.dsv
[1.858s] -- Up-to-date symlink: /home/rob/ros2_ws/install/articubot_one/share/ament_index/resource_index/packages/articubot_one
[1.859s] -- Up-to-date symlink: /home/rob/ros2_ws/install/articubot_one/share/articubot_one/cmake/articubot_oneConfig.cmake
[1.871s] -- Up-to-date symlink: /home/rob/ros2_ws/install/articubot_one/share/articubot_one/cmake/articubot_oneConfig-version.cmake
[1.871s] -- Up-to-date symlink: /home/rob/ros2_ws/install/articubot_one/share/articubot_one/package.xml
[1.883s] Invoked command in '/home/rob/ros2_ws/build/articubot_one' returned '0': CMAKE_PREFIX_PATH=${CMAKE_PREFIX_PATH}:/home/rob/ros2_ws/install/manual_drive:/home/rob/turtlebot3_ws/install/turtlebot3_example:/opt/ros/humble /usr/bin/cmake --install /home/rob/ros2_ws/build/articubot_one
