[8.672s] Invoking command in '/home/rob/ros2_ws/src/manual_drive': PYTHONPATH=/home/rob/ros2_ws/build/manual_drive/prefix_override:/home/rob/.local/lib/python3.10/site-packages/colcon_core/task/python/colcon_distutils_commands:/home/rob/ros2_ws/install/manual_drive/lib/python3.10/site-packages:${PYTHONPATH} /usr/bin/python3 -W ignore:setup.py install is deprecated -W ignore:easy_install command is deprecated setup.py egg_info --egg-base ../../build/manual_drive build --build-base /home/rob/ros2_ws/build/manual_drive/build install --record /home/rob/ros2_ws/build/manual_drive/install.log --single-version-externally-managed install_data
[12.273s] running egg_info
[12.284s] writing ../../build/manual_drive/manual_drive.egg-info/PKG-INFO
[12.292s] writing dependency_links to ../../build/manual_drive/manual_drive.egg-info/dependency_links.txt
[12.293s] writing entry points to ../../build/manual_drive/manual_drive.egg-info/entry_points.txt
[12.295s] writing requirements to ../../build/manual_drive/manual_drive.egg-info/requires.txt
[12.295s] writing top-level names to ../../build/manual_drive/manual_drive.egg-info/top_level.txt
[12.301s] reading manifest file '../../build/manual_drive/manual_drive.egg-info/SOURCES.txt'
[12.311s] writing manifest file '../../build/manual_drive/manual_drive.egg-info/SOURCES.txt'
[12.312s] running build
[12.313s] running build_py
[12.316s] running install
[12.317s] running install_lib
[12.330s] running install_data
[12.333s] running install_egg_info
[12.348s] removing '/home/rob/ros2_ws/install/manual_drive/lib/python3.10/site-packages/manual_drive-0.0.0-py3.10.egg-info' (and everything under it)
[12.351s] Copying ../../build/manual_drive/manual_drive.egg-info to /home/rob/ros2_ws/install/manual_drive/lib/python3.10/site-packages/manual_drive-0.0.0-py3.10.egg-info
[12.365s] running install_scripts
[12.548s] Installing hoverboard_controller script to /home/rob/ros2_ws/install/manual_drive/lib/manual_drive
[12.551s] Installing manual_drive_node script to /home/rob/ros2_ws/install/manual_drive/lib/manual_drive
[12.558s] writing list of installed files to '/home/rob/ros2_ws/build/manual_drive/install.log'
[12.815s] Invoked command in '/home/rob/ros2_ws/src/manual_drive' returned '0': PYTHONPATH=/home/rob/ros2_ws/build/manual_drive/prefix_override:/home/rob/.local/lib/python3.10/site-packages/colcon_core/task/python/colcon_distutils_commands:/home/rob/ros2_ws/install/manual_drive/lib/python3.10/site-packages:${PYTHONPATH} /usr/bin/python3 -W ignore:setup.py install is deprecated -W ignore:easy_install command is deprecated setup.py egg_info --egg-base ../../build/manual_drive build --build-base /home/rob/ros2_ws/build/manual_drive/build install --record /home/rob/ros2_ws/build/manual_drive/install.log --single-version-externally-managed install_data
