[3.512s] Invoking command in '/home/rob/ros2_ws/src/manual_drive': PYTHONPATH=/home/rob/ros2_ws/build/manual_drive/prefix_override:/home/rob/.local/lib/python3.10/site-packages/colcon_core/task/python/colcon_distutils_commands:/home/rob/ros2_ws/install/manual_drive/lib/python3.10/site-packages:${PYTHONPATH} /usr/bin/python3 -W ignore:setup.py install is deprecated -W ignore:easy_install command is deprecated setup.py egg_info --egg-base ../../build/manual_drive build --build-base /home/rob/ros2_ws/build/manual_drive/build install --record /home/rob/ros2_ws/build/manual_drive/install.log --single-version-externally-managed install_data
[4.828s] running egg_info
[4.831s] writing ../../build/manual_drive/manual_drive.egg-info/PKG-INFO
[4.833s] writing dependency_links to ../../build/manual_drive/manual_drive.egg-info/dependency_links.txt
[4.834s] writing entry points to ../../build/manual_drive/manual_drive.egg-info/entry_points.txt
[4.835s] writing requirements to ../../build/manual_drive/manual_drive.egg-info/requires.txt
[4.836s] writing top-level names to ../../build/manual_drive/manual_drive.egg-info/top_level.txt
[4.848s] reading manifest file '../../build/manual_drive/manual_drive.egg-info/SOURCES.txt'
[4.852s] writing manifest file '../../build/manual_drive/manual_drive.egg-info/SOURCES.txt'
[4.853s] running build
[4.853s] running build_py
[4.855s] running install
[4.857s] running install_lib
[4.866s] running install_data
[4.867s] running install_egg_info
[4.876s] removing '/home/rob/ros2_ws/install/manual_drive/lib/python3.10/site-packages/manual_drive-0.0.0-py3.10.egg-info' (and everything under it)
[4.878s] Copying ../../build/manual_drive/manual_drive.egg-info to /home/rob/ros2_ws/install/manual_drive/lib/python3.10/site-packages/manual_drive-0.0.0-py3.10.egg-info
[4.884s] running install_scripts
[4.972s] Installing hoverboard_controller script to /home/rob/ros2_ws/install/manual_drive/lib/manual_drive
[4.973s] Installing manual_drive_node script to /home/rob/ros2_ws/install/manual_drive/lib/manual_drive
[4.975s] writing list of installed files to '/home/rob/ros2_ws/build/manual_drive/install.log'
[5.105s] Invoked command in '/home/rob/ros2_ws/src/manual_drive' returned '0': PYTHONPATH=/home/rob/ros2_ws/build/manual_drive/prefix_override:/home/rob/.local/lib/python3.10/site-packages/colcon_core/task/python/colcon_distutils_commands:/home/rob/ros2_ws/install/manual_drive/lib/python3.10/site-packages:${PYTHONPATH} /usr/bin/python3 -W ignore:setup.py install is deprecated -W ignore:easy_install command is deprecated setup.py egg_info --egg-base ../../build/manual_drive build --build-base /home/rob/ros2_ws/build/manual_drive/build install --record /home/rob/ros2_ws/build/manual_drive/install.log --single-version-externally-managed install_data
