[3.444s] Invoking command in '/home/rob/ros2_ws/src/manual_drive': PYTHONPATH=/home/rob/ros2_ws/build/manual_drive/prefix_override:/home/rob/.local/lib/python3.10/site-packages/colcon_core/task/python/colcon_distutils_commands:/home/rob/ros2_ws/install/manual_drive/lib/python3.10/site-packages:${PYTHONPATH} /usr/bin/python3 -W ignore:setup.py install is deprecated -W ignore:easy_install command is deprecated setup.py egg_info --egg-base ../../build/manual_drive build --build-base /home/rob/ros2_ws/build/manual_drive/build install --record /home/rob/ros2_ws/build/manual_drive/install.log --single-version-externally-managed install_data
[4.799s] running egg_info
[4.802s] writing ../../build/manual_drive/manual_drive.egg-info/PKG-INFO
[4.803s] writing dependency_links to ../../build/manual_drive/manual_drive.egg-info/dependency_links.txt
[4.804s] writing entry points to ../../build/manual_drive/manual_drive.egg-info/entry_points.txt
[4.805s] writing requirements to ../../build/manual_drive/manual_drive.egg-info/requires.txt
[4.805s] writing top-level names to ../../build/manual_drive/manual_drive.egg-info/top_level.txt
[4.814s] reading manifest file '../../build/manual_drive/manual_drive.egg-info/SOURCES.txt'
[4.818s] writing manifest file '../../build/manual_drive/manual_drive.egg-info/SOURCES.txt'
[4.818s] running build
[4.819s] running build_py
[4.821s] running install
[4.822s] running install_lib
[4.831s] running install_data
[4.833s] running install_egg_info
[4.841s] removing '/home/rob/ros2_ws/install/manual_drive/lib/python3.10/site-packages/manual_drive-0.0.0-py3.10.egg-info' (and everything under it)
[4.843s] Copying ../../build/manual_drive/manual_drive.egg-info to /home/rob/ros2_ws/install/manual_drive/lib/python3.10/site-packages/manual_drive-0.0.0-py3.10.egg-info
[4.849s] running install_scripts
[4.937s] Installing hoverboard_controller script to /home/rob/ros2_ws/install/manual_drive/lib/manual_drive
[4.938s] Installing manual_drive_node script to /home/rob/ros2_ws/install/manual_drive/lib/manual_drive
[4.940s] writing list of installed files to '/home/rob/ros2_ws/build/manual_drive/install.log'
[5.073s] Invoked command in '/home/rob/ros2_ws/src/manual_drive' returned '0': PYTHONPATH=/home/rob/ros2_ws/build/manual_drive/prefix_override:/home/rob/.local/lib/python3.10/site-packages/colcon_core/task/python/colcon_distutils_commands:/home/rob/ros2_ws/install/manual_drive/lib/python3.10/site-packages:${PYTHONPATH} /usr/bin/python3 -W ignore:setup.py install is deprecated -W ignore:easy_install command is deprecated setup.py egg_info --egg-base ../../build/manual_drive build --build-base /home/rob/ros2_ws/build/manual_drive/build install --record /home/rob/ros2_ws/build/manual_drive/install.log --single-version-externally-managed install_data
