[5.466s] Invoking command in '/home/rob/ros2_ws/src/manual_drive': PYTHONPATH=/home/rob/ros2_ws/build/manual_drive/prefix_override:/home/rob/.local/lib/python3.10/site-packages/colcon_core/task/python/colcon_distutils_commands:/home/rob/ros2_ws/install/manual_drive/lib/python3.10/site-packages:${PYTHONPATH} /usr/bin/python3 -W ignore:setup.py install is deprecated -W ignore:easy_install command is deprecated setup.py egg_info --egg-base ../../build/manual_drive build --build-base /home/rob/ros2_ws/build/manual_drive/build install --record /home/rob/ros2_ws/build/manual_drive/install.log --single-version-externally-managed install_data
[7.763s] running egg_info
[7.765s] writing ../../build/manual_drive/manual_drive.egg-info/PKG-INFO
[7.768s] writing dependency_links to ../../build/manual_drive/manual_drive.egg-info/dependency_links.txt
[7.772s] writing entry points to ../../build/manual_drive/manual_drive.egg-info/entry_points.txt
[7.776s] writing requirements to ../../build/manual_drive/manual_drive.egg-info/requires.txt
[7.780s] writing top-level names to ../../build/manual_drive/manual_drive.egg-info/top_level.txt
[7.782s] reading manifest file '../../build/manual_drive/manual_drive.egg-info/SOURCES.txt'
[7.788s] writing manifest file '../../build/manual_drive/manual_drive.egg-info/SOURCES.txt'
[7.789s] running build
[7.792s] running build_py
[7.794s] running install
[7.795s] running install_lib
[7.807s] running install_data
[7.808s] running install_egg_info
[7.817s] removing '/home/rob/ros2_ws/install/manual_drive/lib/python3.10/site-packages/manual_drive-0.0.0-py3.10.egg-info' (and everything under it)
[7.819s] Copying ../../build/manual_drive/manual_drive.egg-info to /home/rob/ros2_ws/install/manual_drive/lib/python3.10/site-packages/manual_drive-0.0.0-py3.10.egg-info
[7.828s] running install_scripts
[7.948s] Installing hoverboard_controller script to /home/rob/ros2_ws/install/manual_drive/lib/manual_drive
[7.950s] Installing manual_drive_node script to /home/rob/ros2_ws/install/manual_drive/lib/manual_drive
[7.953s] writing list of installed files to '/home/rob/ros2_ws/build/manual_drive/install.log'
[8.141s] Invoked command in '/home/rob/ros2_ws/src/manual_drive' returned '0': PYTHONPATH=/home/rob/ros2_ws/build/manual_drive/prefix_override:/home/rob/.local/lib/python3.10/site-packages/colcon_core/task/python/colcon_distutils_commands:/home/rob/ros2_ws/install/manual_drive/lib/python3.10/site-packages:${PYTHONPATH} /usr/bin/python3 -W ignore:setup.py install is deprecated -W ignore:easy_install command is deprecated setup.py egg_info --egg-base ../../build/manual_drive build --build-base /home/rob/ros2_ws/build/manual_drive/build install --record /home/rob/ros2_ws/build/manual_drive/install.log --single-version-externally-managed install_data
