[8.388s] Invoking command in '/home/rob/ros2_ws/src/manual_drive': PYTHONPATH=/home/rob/ros2_ws/build/manual_drive/prefix_override:/home/rob/.local/lib/python3.10/site-packages/colcon_core/task/python/colcon_distutils_commands:/home/rob/ros2_ws/install/manual_drive/lib/python3.10/site-packages:${PYTHONPATH} /usr/bin/python3 -W ignore:setup.py install is deprecated -W ignore:easy_install command is deprecated setup.py egg_info --egg-base ../../build/manual_drive build --build-base /home/rob/ros2_ws/build/manual_drive/build install --record /home/rob/ros2_ws/build/manual_drive/install.log --single-version-externally-managed install_data
[11.272s] running egg_info
[11.277s] writing ../../build/manual_drive/manual_drive.egg-info/PKG-INFO
[11.282s] writing dependency_links to ../../build/manual_drive/manual_drive.egg-info/dependency_links.txt
[11.286s] writing entry points to ../../build/manual_drive/manual_drive.egg-info/entry_points.txt
[11.290s] writing requirements to ../../build/manual_drive/manual_drive.egg-info/requires.txt
[11.295s] writing top-level names to ../../build/manual_drive/manual_drive.egg-info/top_level.txt
[11.310s] reading manifest file '../../build/manual_drive/manual_drive.egg-info/SOURCES.txt'
[11.315s] writing manifest file '../../build/manual_drive/manual_drive.egg-info/SOURCES.txt'
[11.318s] running build
[11.319s] running build_py
[11.324s] running install
[11.332s] running install_lib
[11.338s] running install_data
[11.341s] running install_egg_info
[11.352s] removing '/home/rob/ros2_ws/install/manual_drive/lib/python3.10/site-packages/manual_drive-0.0.0-py3.10.egg-info' (and everything under it)
[11.365s] Copying ../../build/manual_drive/manual_drive.egg-info to /home/rob/ros2_ws/install/manual_drive/lib/python3.10/site-packages/manual_drive-0.0.0-py3.10.egg-info
[11.399s] running install_scripts
[11.564s] Installing hoverboard_controller script to /home/rob/ros2_ws/install/manual_drive/lib/manual_drive
[11.565s] Installing manual_drive_node script to /home/rob/ros2_ws/install/manual_drive/lib/manual_drive
[11.568s] writing list of installed files to '/home/rob/ros2_ws/build/manual_drive/install.log'
[11.817s] Invoked command in '/home/rob/ros2_ws/src/manual_drive' returned '0': PYTHONPATH=/home/rob/ros2_ws/build/manual_drive/prefix_override:/home/rob/.local/lib/python3.10/site-packages/colcon_core/task/python/colcon_distutils_commands:/home/rob/ros2_ws/install/manual_drive/lib/python3.10/site-packages:${PYTHONPATH} /usr/bin/python3 -W ignore:setup.py install is deprecated -W ignore:easy_install command is deprecated setup.py egg_info --egg-base ../../build/manual_drive build --build-base /home/rob/ros2_ws/build/manual_drive/build install --record /home/rob/ros2_ws/build/manual_drive/install.log --single-version-externally-managed install_data
