[0.121s] Invoking command in '/home/rob/ros2_ws/build/articubot_one': CMAKE_PREFIX_PATH=${CMAKE_PREFIX_PATH}:/home/rob/ros2_ws/install/manual_drive:/home/rob/turtlebot3_ws/install/turtlebot3_example:/opt/ros/humble /usr/bin/cmake --build /home/rob/ros2_ws/build/articubot_one -- -j4 -l4
[0.258s] -- Found ament_cmake: 1.3.11 (/opt/ros/humble/share/ament_cmake/cmake)
[1.094s] -- Override CMake install command with custom implementation using symlinks instead of copying resources
[1.134s] -- Found rclpy: 3.3.16 (/opt/ros/humble/share/rclpy/cmake)
[1.137s] -- Found ament_lint_auto: 0.12.12 (/opt/ros/humble/share/ament_lint_auto/cmake)
[1.515s] -- Added test 'copyright' to check source files copyright and LICENSE
[1.668s] -- Added test 'flake8' to check Python code syntax and style conventions
[1.686s] -- Added test 'lint_cmake' to check CMake code style
[1.696s] -- Added test 'pep257' to check Python code against some of the docstring style conventions in PEP 257
[1.783s] -- Added test 'xmllint' to check XML markup files
[1.791s] -- Configuring done
[1.815s] -- Generating done
[1.828s] -- Build files have been written to: /home/rob/ros2_ws/build/articubot_one
[2.059s] Invoked command in '/home/rob/ros2_ws/build/articubot_one' returned '0': CMAKE_PREFIX_PATH=${CMAKE_PREFIX_PATH}:/home/rob/ros2_ws/install/manual_drive:/home/rob/turtlebot3_ws/install/turtlebot3_example:/opt/ros/humble /usr/bin/cmake --build /home/rob/ros2_ws/build/articubot_one -- -j4 -l4
[2.107s] Invoking command in '/home/rob/ros2_ws/build/articubot_one': CMAKE_PREFIX_PATH=${CMAKE_PREFIX_PATH}:/home/rob/ros2_ws/install/manual_drive:/home/rob/turtlebot3_ws/install/turtlebot3_example:/opt/ros/humble /usr/bin/cmake --install /home/rob/ros2_ws/build/articubot_one
[2.135s] -- Install configuration: ""
[2.137s] -- Execute custom install script
[2.139s] -- Up-to-date symlink: /home/rob/ros2_ws/install/articubot_one/lib/articubot_one/cmdvel_hover.py
[2.151s] -- Up-to-date symlink: /home/rob/ros2_ws/install/articubot_one/share/articubot_one/config/ball_tracker_params_robot.yaml
[2.153s] -- Up-to-date symlink: /home/rob/ros2_ws/install/articubot_one/share/articubot_one/config/ball_tracker_params_sim.yaml
[2.154s] -- Up-to-date symlink: /home/rob/ros2_ws/install/articubot_one/share/articubot_one/config/drive_bot.rviz
[2.158s] -- Up-to-date symlink: /home/rob/ros2_ws/install/articubot_one/share/articubot_one/config/empty.yaml
[2.159s] -- Up-to-date symlink: /home/rob/ros2_ws/install/articubot_one/share/articubot_one/config/gaz_ros2_ctl_use_sim.yaml
[2.159s] -- Up-to-date symlink: /home/rob/ros2_ws/install/articubot_one/share/articubot_one/config/gazebo_params.yaml
[2.160s] -- Up-to-date symlink: /home/rob/ros2_ws/install/articubot_one/share/articubot_one/config/joystick.yaml
[2.161s] -- Up-to-date symlink: /home/rob/ros2_ws/install/articubot_one/share/articubot_one/config/main.rviz
[2.165s] -- Up-to-date symlink: /home/rob/ros2_ws/install/articubot_one/share/articubot_one/config/map.rviz
[2.166s] -- Up-to-date symlink: /home/rob/ros2_ws/install/articubot_one/share/articubot_one/config/map_params.yaml
[2.172s] -- Up-to-date symlink: /home/rob/ros2_ws/install/articubot_one/share/articubot_one/config/mapper_params_online_async.yaml
[2.173s] -- Up-to-date symlink: /home/rob/ros2_ws/install/articubot_one/share/articubot_one/config/my_controllers.yaml
[2.173s] -- Up-to-date symlink: /home/rob/ros2_ws/install/articubot_one/share/articubot_one/config/nav2_params.yaml
[2.178s] -- Up-to-date symlink: /home/rob/ros2_ws/install/articubot_one/share/articubot_one/config/twist_mux.yaml
[2.178s] -- Up-to-date symlink: /home/rob/ros2_ws/install/articubot_one/share/articubot_one/config/view_bot.rviz
[2.181s] -- Up-to-date symlink: /home/rob/ros2_ws/install/articubot_one/share/articubot_one/config/ylmz.rviz
[2.182s] -- Up-to-date symlink: /home/rob/ros2_ws/install/articubot_one/share/articubot_one/description/camera.xacro
[2.182s] -- Up-to-date symlink: /home/rob/ros2_ws/install/articubot_one/share/articubot_one/description/depth_camera.xacro
[2.186s] -- Up-to-date symlink: /home/rob/ros2_ws/install/articubot_one/share/articubot_one/description/face.xacro
[2.187s] -- Up-to-date symlink: /home/rob/ros2_ws/install/articubot_one/share/articubot_one/description/gazebo_control.xacro
[2.188s] -- Up-to-date symlink: /home/rob/ros2_ws/install/articubot_one/share/articubot_one/description/inertial_macros.xacro
[2.192s] -- Up-to-date symlink: /home/rob/ros2_ws/install/articubot_one/share/articubot_one/description/lidar.xacro
[2.192s] -- Up-to-date symlink: /home/rob/ros2_ws/install/articubot_one/share/articubot_one/description/robot.urdf.xacro
[2.193s] -- Up-to-date symlink: /home/rob/ros2_ws/install/articubot_one/share/articubot_one/description/robot_core.xacro
[2.194s] -- Up-to-date symlink: /home/rob/ros2_ws/install/articubot_one/share/articubot_one/description/ros2_control.xacro
[2.198s] -- Up-to-date symlink: /home/rob/ros2_ws/install/articubot_one/share/articubot_one/launch/ball_tracker.launch.py
[2.200s] -- Up-to-date symlink: /home/rob/ros2_ws/install/articubot_one/share/articubot_one/launch/camera.launch.py
[2.210s] -- Up-to-date symlink: /home/rob/ros2_ws/install/articubot_one/share/articubot_one/launch/cmdvel_hover_launch.py
[2.211s] -- Up-to-date symlink: /home/rob/ros2_ws/install/articubot_one/share/articubot_one/launch/joystick.launch.py
[2.212s] -- Up-to-date symlink: /home/rob/ros2_ws/install/articubot_one/share/articubot_one/launch/launch_robot.launch.py
[2.212s] -- Up-to-date symlink: /home/rob/ros2_ws/install/articubot_one/share/articubot_one/launch/launch_sim.launch.py
[2.213s] -- Up-to-date symlink: /home/rob/ros2_ws/install/articubot_one/share/articubot_one/launch/localization_launch.py
[2.214s] -- Up-to-date symlink: /home/rob/ros2_ws/install/articubot_one/share/articubot_one/launch/navigation_launch.py
[2.215s] -- Up-to-date symlink: /home/rob/ros2_ws/install/articubot_one/share/articubot_one/launch/online_async_launch.py
[2.216s] -- Up-to-date symlink: /home/rob/ros2_ws/install/articubot_one/share/articubot_one/launch/rplidar.launch.py
[2.216s] -- Up-to-date symlink: /home/rob/ros2_ws/install/articubot_one/share/articubot_one/launch/rsp.launch.py
[2.217s] -- Up-to-date symlink: /home/rob/ros2_ws/install/articubot_one/share/articubot_one/launch/slam_launch.py
[2.217s] -- Up-to-date symlink: /home/rob/ros2_ws/install/articubot_one/share/articubot_one/worlds/empty.world
[2.218s] -- Up-to-date symlink: /home/rob/ros2_ws/install/articubot_one/share/articubot_one/worlds/obstacles.world
[2.219s] -- Up-to-date symlink: /home/rob/ros2_ws/install/articubot_one/lib/articubot_one/odom_publisher.py
[2.220s] [31mCMake Error at ament_cmake_symlink_install/ament_cmake_symlink_install.cmake:204 (message):
[2.220s]   ament_cmake_symlink_install_programs() can't find
[2.221s]   '/home/rob/ros2_ws/src/articubot_one/src/ultrasonic_sensor_node.py'
[2.221s] Call Stack (most recent call first):
[2.222s]   ament_cmake_symlink_install/ament_cmake_symlink_install.cmake:323 (ament_cmake_symlink_install_programs)
[2.229s]   cmake_install.cmake:46 (include)
[2.233s] 
[2.238s] [0m
[2.243s] Invoked command in '/home/rob/ros2_ws/build/articubot_one' returned '1': CMAKE_PREFIX_PATH=${CMAKE_PREFIX_PATH}:/home/rob/ros2_ws/install/manual_drive:/home/rob/turtlebot3_ws/install/turtlebot3_example:/opt/ros/humble /usr/bin/cmake --install /home/rob/ros2_ws/build/articubot_one
