[0.000000] (-) TimerEvent: {}
[0.003057] (articubot_one) JobQueued: {'identifier': 'articubot_one', 'dependencies': OrderedDict()}
[0.003430] (manual_drive) JobQueued: {'identifier': 'manual_drive', 'dependencies': OrderedDict()}
[0.003630] (articubot_one) JobStarted: {'identifier': 'articubot_one'}
[0.048827] (manual_drive) JobStarted: {'identifier': 'manual_drive'}
[0.084179] (-) TimerEvent: {}
[0.105341] (articubot_one) JobProgress: {'identifier': 'articubot_one', 'progress': 'cmake'}
[0.115488] (articubot_one) JobProgress: {'identifier': 'articubot_one', 'progress': 'build'}
[0.119657] (articubot_one) Command: {'cmd': ['/usr/bin/cmake', '--build', '/home/rob/ros2_ws/build/articubot_one', '--', '-j4', '-l4'], 'cwd': '/home/rob/ros2_ws/build/articubot_one', 'env': OrderedDict([('USER', 'rob'), ('SSH_CLIENT', '192.168.120.28 55950 22'), ('XDG_SESSION_TYPE', 'tty'), ('SHLVL', '1'), ('MOTD_SHOWN', 'pam'), ('HOME', '/home/rob'), ('OLDPWD', '/home/rob'), ('SSH_TTY', '/dev/pts/6'), ('DBUS_SESSION_BUS_ADDRESS', 'unix:path=/run/user/1000/bus'), ('LOGNAME', 'rob'), ('_', '/usr/local/bin/colcon'), ('XDG_SESSION_CLASS', 'user'), ('TERM', 'xterm-256color'), ('XDG_SESSION_ID', '5'), ('PATH', '/usr/local/sbin:/usr/local/bin:/usr/sbin:/usr/bin:/sbin:/bin:/usr/games:/usr/local/games:/snap/bin'), ('XDG_RUNTIME_DIR', '/run/user/1000'), ('LANG', 'C.UTF-8'), ('SHELL', '/bin/bash'), ('PWD', '/home/rob/ros2_ws/build/articubot_one'), ('LC_ALL', 'en_US.UTF-8'), ('SSH_CONNECTION', '192.168.120.28 55950 192.168.120.237 22'), ('XDG_DATA_DIRS', '/usr/local/share:/usr/share:/var/lib/snapd/desktop'), ('COLCON', '1')]), 'shell': False}
[0.233477] (-) TimerEvent: {}
[0.334489] (-) TimerEvent: {}
[0.437131] (-) TimerEvent: {}
[0.542293] (-) TimerEvent: {}
[0.646046] (-) TimerEvent: {}
[0.748811] (-) TimerEvent: {}
[0.853177] (-) TimerEvent: {}
[0.958060] (-) TimerEvent: {}
[1.061472] (-) TimerEvent: {}
[1.163423] (-) TimerEvent: {}
[1.268829] (-) TimerEvent: {}
[1.373601] (-) TimerEvent: {}
[1.475825] (-) TimerEvent: {}
[1.578031] (-) TimerEvent: {}
[1.680802] (-) TimerEvent: {}
[1.781760] (-) TimerEvent: {}
[1.882730] (-) TimerEvent: {}
[1.983936] (-) TimerEvent: {}
[2.084924] (-) TimerEvent: {}
[2.185965] (-) TimerEvent: {}
[2.286902] (-) TimerEvent: {}
[2.387790] (-) TimerEvent: {}
[2.490005] (-) TimerEvent: {}
[2.593936] (-) TimerEvent: {}
[2.695976] (-) TimerEvent: {}
[2.798480] (-) TimerEvent: {}
[2.899285] (-) TimerEvent: {}
[3.001237] (-) TimerEvent: {}
[3.102269] (-) TimerEvent: {}
[3.203189] (-) TimerEvent: {}
[3.304216] (-) TimerEvent: {}
[3.405321] (-) TimerEvent: {}
[3.506658] (-) TimerEvent: {}
[3.610953] (-) TimerEvent: {}
[3.717642] (-) TimerEvent: {}
[3.819456] (-) TimerEvent: {}
[3.921354] (-) TimerEvent: {}
[4.006905] (articubot_one) CommandEnded: {'returncode': 0}
[4.010916] (articubot_one) JobProgress: {'identifier': 'articubot_one', 'progress': 'install'}
[4.042616] (-) TimerEvent: {}
[4.150281] (-) TimerEvent: {}
[4.201905] (articubot_one) Command: {'cmd': ['/usr/bin/cmake', '--install', '/home/rob/ros2_ws/build/articubot_one'], 'cwd': '/home/rob/ros2_ws/build/articubot_one', 'env': OrderedDict([('USER', 'rob'), ('SSH_CLIENT', '192.168.120.28 55950 22'), ('XDG_SESSION_TYPE', 'tty'), ('SHLVL', '1'), ('MOTD_SHOWN', 'pam'), ('HOME', '/home/rob'), ('OLDPWD', '/home/rob'), ('SSH_TTY', '/dev/pts/6'), ('DBUS_SESSION_BUS_ADDRESS', 'unix:path=/run/user/1000/bus'), ('LOGNAME', 'rob'), ('_', '/usr/local/bin/colcon'), ('XDG_SESSION_CLASS', 'user'), ('TERM', 'xterm-256color'), ('XDG_SESSION_ID', '5'), ('PATH', '/usr/local/sbin:/usr/local/bin:/usr/sbin:/usr/bin:/sbin:/bin:/usr/games:/usr/local/games:/snap/bin'), ('XDG_RUNTIME_DIR', '/run/user/1000'), ('LANG', 'C.UTF-8'), ('SHELL', '/bin/bash'), ('PWD', '/home/rob/ros2_ws/build/articubot_one'), ('LC_ALL', 'en_US.UTF-8'), ('SSH_CONNECTION', '192.168.120.28 55950 192.168.120.237 22'), ('XDG_DATA_DIRS', '/usr/local/share:/usr/share:/var/lib/snapd/desktop'), ('COLCON', '1')]), 'shell': False}
[4.251988] (-) TimerEvent: {}
[4.298973] (articubot_one) StdoutLine: {'line': b'-- Install configuration: ""\n'}
[4.300011] (articubot_one) StdoutLine: {'line': b'-- Execute custom install script\n'}
[4.300870] (articubot_one) StdoutLine: {'line': b'-- Up-to-date symlink: /home/rob/ros2_ws/install/articubot_one/lib/articubot_one/cmdvel_hover.py\n'}
[4.301653] (articubot_one) StdoutLine: {'line': b'-- Up-to-date symlink: /home/rob/ros2_ws/install/articubot_one/lib/articubot_one/odom_publisher.py\n'}
[4.302135] (articubot_one) StdoutLine: {'line': b'-- Up-to-date symlink: /home/rob/ros2_ws/install/articubot_one/lib/articubot_one/ultrasonic_sensor_node.py\n'}
[4.302788] (articubot_one) StdoutLine: {'line': b'-- Up-to-date symlink: /home/rob/ros2_ws/install/articubot_one/share/articubot_one/config/empty.yaml\n'}
[4.303209] (articubot_one) StdoutLine: {'line': b'-- Up-to-date symlink: /home/rob/ros2_ws/install/articubot_one/share/articubot_one/config/gazebo_params.yaml\n'}
[4.303657] (articubot_one) StdoutLine: {'line': b'-- Up-to-date symlink: /home/rob/ros2_ws/install/articubot_one/share/articubot_one/config/joystick.yaml\n'}
[4.310786] (articubot_one) StdoutLine: {'line': b'-- Up-to-date symlink: /home/rob/ros2_ws/install/articubot_one/share/articubot_one/config/main.rviz\n'}
[4.312127] (articubot_one) StdoutLine: {'line': b'-- Up-to-date symlink: /home/rob/ros2_ws/install/articubot_one/share/articubot_one/config/map.rviz\n'}
[4.313569] (articubot_one) StdoutLine: {'line': b'-- Up-to-date symlink: /home/rob/ros2_ws/install/articubot_one/share/articubot_one/config/map_params.yaml\n'}
[4.314709] (articubot_one) StdoutLine: {'line': b'-- Up-to-date symlink: /home/rob/ros2_ws/install/articubot_one/share/articubot_one/config/mapper_params_online_async.yaml\n'}
[4.315349] (articubot_one) StdoutLine: {'line': b'-- Up-to-date symlink: /home/rob/ros2_ws/install/articubot_one/share/articubot_one/config/my_controllers.yaml\n'}
[4.318597] (articubot_one) StdoutLine: {'line': b'-- Up-to-date symlink: /home/rob/ros2_ws/install/articubot_one/share/articubot_one/config/nav2_params.yaml\n'}
[4.341285] (articubot_one) StdoutLine: {'line': b'-- Up-to-date symlink: /home/rob/ros2_ws/install/articubot_one/share/articubot_one/config/twist_mux.yaml\n'}
[4.343536] (articubot_one) StdoutLine: {'line': b'-- Up-to-date symlink: /home/rob/ros2_ws/install/articubot_one/share/articubot_one/config/view_bot.rviz\n'}
[4.344336] (articubot_one) StdoutLine: {'line': b'-- Up-to-date symlink: /home/rob/ros2_ws/install/articubot_one/share/articubot_one/config/ylmz.rviz\n'}
[4.349502] (articubot_one) StdoutLine: {'line': b'-- Up-to-date symlink: /home/rob/ros2_ws/install/articubot_one/share/articubot_one/description/gazebo_control.xacro\n'}
[4.350225] (articubot_one) StdoutLine: {'line': b'-- Up-to-date symlink: /home/rob/ros2_ws/install/articubot_one/share/articubot_one/description/inertial_macros.xacro\n'}
[4.350866] (articubot_one) StdoutLine: {'line': b'-- Up-to-date symlink: /home/rob/ros2_ws/install/articubot_one/share/articubot_one/description/lidar.xacro\n'}
[4.364803] (-) TimerEvent: {}
[4.398935] (articubot_one) StdoutLine: {'line': b'-- Up-to-date symlink: /home/rob/ros2_ws/install/articubot_one/share/articubot_one/description/robot.urdf.xacro\n'}
[4.400362] (articubot_one) StdoutLine: {'line': b'-- Up-to-date symlink: /home/rob/ros2_ws/install/articubot_one/share/articubot_one/description/robot_core.xacro\n'}
[4.401409] (articubot_one) StdoutLine: {'line': b'-- Up-to-date symlink: /home/rob/ros2_ws/install/articubot_one/share/articubot_one/description/ros2_control.xacro\n'}
[4.402172] (articubot_one) StdoutLine: {'line': b'-- Up-to-date symlink: /home/rob/ros2_ws/install/articubot_one/share/articubot_one/launch/baslat.launch.py\n'}
[4.403074] (articubot_one) StdoutLine: {'line': b'-- Up-to-date symlink: /home/rob/ros2_ws/install/articubot_one/share/articubot_one/launch/cmdvel_hover_launch.py\n'}
[4.403876] (articubot_one) StdoutLine: {'line': b'-- Up-to-date symlink: /home/rob/ros2_ws/install/articubot_one/share/articubot_one/launch/localization_launch.py\n'}
[4.404678] (articubot_one) StdoutLine: {'line': b'-- Up-to-date symlink: /home/rob/ros2_ws/install/articubot_one/share/articubot_one/launch/map_launch.py\n'}
[4.405512] (articubot_one) StdoutLine: {'line': b'-- Up-to-date symlink: /home/rob/ros2_ws/install/articubot_one/share/articubot_one/launch/navigation_launch.py\n'}
[4.406219] (articubot_one) StdoutLine: {'line': b'-- Up-to-date symlink: /home/rob/ros2_ws/install/articubot_one/share/articubot_one/launch/online_async_launch.py\n'}
[4.407014] (articubot_one) StdoutLine: {'line': b'-- Up-to-date symlink: /home/rob/ros2_ws/install/articubot_one/share/articubot_one/launch/rplidar.launch.py\n'}
[4.407893] (articubot_one) StdoutLine: {'line': b'-- Up-to-date symlink: /home/rob/ros2_ws/install/articubot_one/share/articubot_one/launch/rsp.launch.py\n'}
[4.489907] (-) TimerEvent: {}
[4.491361] (articubot_one) StdoutLine: {'line': b'-- Up-to-date symlink: /home/rob/ros2_ws/install/articubot_one/share/articubot_one/launch/rviz_launch.py\n'}
[4.492071] (articubot_one) StdoutLine: {'line': b'-- Up-to-date symlink: /home/rob/ros2_ws/install/articubot_one/share/articubot_one/launch/slam_launch.py\n'}
[4.492611] (articubot_one) StdoutLine: {'line': b'-- Up-to-date symlink: /home/rob/ros2_ws/install/articubot_one/share/articubot_one/launch/ultrasonic_launch.py\n'}
[4.493332] (articubot_one) StdoutLine: {'line': b'-- Up-to-date symlink: /home/rob/ros2_ws/install/articubot_one/share/articubot_one/worlds/empty.world\n'}
[4.493981] (articubot_one) StdoutLine: {'line': b'-- Up-to-date symlink: /home/rob/ros2_ws/install/articubot_one/share/articubot_one/worlds/obstacles.world\n'}
[4.494470] (articubot_one) CommandEnded: {'returncode': 0}
[4.598554] (-) TimerEvent: {}
[4.705542] (-) TimerEvent: {}
[4.807115] (-) TimerEvent: {}
[4.908099] (-) TimerEvent: {}
[4.980673] (articubot_one) JobEnded: {'identifier': 'articubot_one', 'rc': 0}
[5.008326] (-) TimerEvent: {}
[5.109643] (-) TimerEvent: {}
[5.210655] (-) TimerEvent: {}
[5.313399] (-) TimerEvent: {}
[5.418214] (-) TimerEvent: {}
[5.521496] (-) TimerEvent: {}
[5.624604] (-) TimerEvent: {}
[5.727392] (-) TimerEvent: {}
[5.828321] (-) TimerEvent: {}
[5.930707] (-) TimerEvent: {}
[6.032703] (-) TimerEvent: {}
[6.133595] (-) TimerEvent: {}
[6.235810] (-) TimerEvent: {}
[6.338100] (-) TimerEvent: {}
[6.440280] (-) TimerEvent: {}
[6.541195] (-) TimerEvent: {}
[6.642110] (-) TimerEvent: {}
[6.745963] (-) TimerEvent: {}
[6.846884] (-) TimerEvent: {}
[6.947683] (-) TimerEvent: {}
[7.048512] (-) TimerEvent: {}
[7.149944] (-) TimerEvent: {}
[7.254388] (-) TimerEvent: {}
[7.356682] (-) TimerEvent: {}
[7.460416] (-) TimerEvent: {}
[7.561925] (-) TimerEvent: {}
[7.662936] (-) TimerEvent: {}
[7.765920] (-) TimerEvent: {}
[7.868356] (-) TimerEvent: {}
[7.970913] (-) TimerEvent: {}
[8.073701] (-) TimerEvent: {}
[8.174707] (-) TimerEvent: {}
[8.275702] (-) TimerEvent: {}
[8.380082] (-) TimerEvent: {}
[8.480946] (-) TimerEvent: {}
[8.582400] (-) TimerEvent: {}
[8.684100] (-) TimerEvent: {}
[8.785783] (-) TimerEvent: {}
[8.887308] (-) TimerEvent: {}
[8.988358] (-) TimerEvent: {}
[9.091174] (-) TimerEvent: {}
[9.194407] (-) TimerEvent: {}
[9.296231] (-) TimerEvent: {}
[9.397957] (-) TimerEvent: {}
[9.502872] (-) TimerEvent: {}
[9.609594] (-) TimerEvent: {}
[9.711573] (-) TimerEvent: {}
[9.812429] (-) TimerEvent: {}
[9.914739] (-) TimerEvent: {}
[10.017169] (-) TimerEvent: {}
[10.119843] (-) TimerEvent: {}
[10.223649] (-) TimerEvent: {}
[10.341301] (-) TimerEvent: {}
[10.443465] (-) TimerEvent: {}
[10.546079] (-) TimerEvent: {}
[10.648722] (-) TimerEvent: {}
[10.754603] (-) TimerEvent: {}
[10.855466] (-) TimerEvent: {}
[10.956394] (-) TimerEvent: {}
[11.057289] (-) TimerEvent: {}
[11.158278] (-) TimerEvent: {}
[11.259719] (-) TimerEvent: {}
[11.362989] (-) TimerEvent: {}
[11.463892] (-) TimerEvent: {}
[11.565497] (-) TimerEvent: {}
[11.668362] (-) TimerEvent: {}
[11.770645] (-) TimerEvent: {}
[11.875355] (-) TimerEvent: {}
[11.909719] (manual_drive) Command: {'cmd': ['/usr/bin/python3', '-W', 'ignore:setup.py install is deprecated', '-W', 'ignore:easy_install command is deprecated', 'setup.py', 'egg_info', '--egg-base', '../../build/manual_drive', 'build', '--build-base', '/home/rob/ros2_ws/build/manual_drive/build', 'install', '--record', '/home/rob/ros2_ws/build/manual_drive/install.log', '--single-version-externally-managed', 'install_data'], 'cwd': '/home/rob/ros2_ws/src/manual_drive', 'env': {'USER': 'rob', 'SSH_CLIENT': '192.168.120.28 55950 22', 'XDG_SESSION_TYPE': 'tty', 'SHLVL': '1', 'MOTD_SHOWN': 'pam', 'HOME': '/home/rob', 'OLDPWD': '/home/rob', 'SSH_TTY': '/dev/pts/6', 'DBUS_SESSION_BUS_ADDRESS': 'unix:path=/run/user/1000/bus', 'LOGNAME': 'rob', '_': '/usr/local/bin/colcon', 'XDG_SESSION_CLASS': 'user', 'TERM': 'xterm-256color', 'XDG_SESSION_ID': '5', 'PATH': '/usr/local/sbin:/usr/local/bin:/usr/sbin:/usr/bin:/sbin:/bin:/usr/games:/usr/local/games:/snap/bin', 'XDG_RUNTIME_DIR': '/run/user/1000', 'LANG': 'C.UTF-8', 'SHELL': '/bin/bash', 'PWD': '/home/rob/ros2_ws/build/manual_drive', 'LC_ALL': 'en_US.UTF-8', 'SSH_CONNECTION': '192.168.120.28 55950 192.168.120.237 22', 'XDG_DATA_DIRS': '/usr/local/share:/usr/share:/var/lib/snapd/desktop', 'COLCON': '1', 'PYTHONPATH': '/home/rob/ros2_ws/build/manual_drive/prefix_override:/home/rob/.local/lib/python3.10/site-packages/colcon_core/task/python/colcon_distutils_commands:/home/rob/ros2_ws/install/manual_drive/lib/python3.10/site-packages:'}, 'shell': False}
[11.975994] (-) TimerEvent: {}
[12.077211] (-) TimerEvent: {}
[12.179264] (-) TimerEvent: {}
[12.280175] (-) TimerEvent: {}
[12.381170] (-) TimerEvent: {}
[12.485726] (-) TimerEvent: {}
[12.587899] (-) TimerEvent: {}
[12.689773] (-) TimerEvent: {}
[12.791888] (-) TimerEvent: {}
[12.893713] (-) TimerEvent: {}
[12.994693] (-) TimerEvent: {}
[13.095733] (-) TimerEvent: {}
[13.196784] (-) TimerEvent: {}
[13.299688] (-) TimerEvent: {}
[13.412838] (-) TimerEvent: {}
[13.516803] (-) TimerEvent: {}
[13.617780] (-) TimerEvent: {}
[13.720833] (-) TimerEvent: {}
[13.821881] (-) TimerEvent: {}
[13.924394] (-) TimerEvent: {}
[14.028745] (-) TimerEvent: {}
[14.136210] (-) TimerEvent: {}
[14.237215] (-) TimerEvent: {}
[14.339151] (-) TimerEvent: {}
[14.446289] (-) TimerEvent: {}
[14.547271] (-) TimerEvent: {}
[14.648605] (-) TimerEvent: {}
[14.754194] (-) TimerEvent: {}
[14.856108] (-) TimerEvent: {}
[14.958495] (-) TimerEvent: {}
[15.060986] (-) TimerEvent: {}
[15.164155] (-) TimerEvent: {}
[15.266369] (-) TimerEvent: {}
[15.369848] (-) TimerEvent: {}
[15.472752] (-) TimerEvent: {}
[15.482924] (manual_drive) StdoutLine: {'line': b'running egg_info\n'}
[15.494502] (manual_drive) StdoutLine: {'line': b'writing ../../build/manual_drive/manual_drive.egg-info/PKG-INFO\n'}
[15.498448] (manual_drive) StdoutLine: {'line': b'writing dependency_links to ../../build/manual_drive/manual_drive.egg-info/dependency_links.txt\n'}
[15.499727] (manual_drive) StdoutLine: {'line': b'writing entry points to ../../build/manual_drive/manual_drive.egg-info/entry_points.txt\n'}
[15.501119] (manual_drive) StdoutLine: {'line': b'writing requirements to ../../build/manual_drive/manual_drive.egg-info/requires.txt\n'}
[15.513823] (manual_drive) StdoutLine: {'line': b'writing top-level names to ../../build/manual_drive/manual_drive.egg-info/top_level.txt\n'}
[15.529721] (manual_drive) StdoutLine: {'line': b"reading manifest file '../../build/manual_drive/manual_drive.egg-info/SOURCES.txt'\n"}
[15.536391] (manual_drive) StdoutLine: {'line': b"writing manifest file '../../build/manual_drive/manual_drive.egg-info/SOURCES.txt'\n"}
[15.538599] (manual_drive) StdoutLine: {'line': b'running build\n'}
[15.544149] (manual_drive) StdoutLine: {'line': b'running build_py\n'}
[15.547562] (manual_drive) StdoutLine: {'line': b'copying manual_drive/manual_drive_node.py -> /home/rob/ros2_ws/build/manual_drive/build/lib/manual_drive\n'}
[15.551048] (manual_drive) StdoutLine: {'line': b'running install\n'}
[15.554309] (manual_drive) StdoutLine: {'line': b'running install_lib\n'}
[15.560278] (manual_drive) StdoutLine: {'line': b'copying /home/rob/ros2_ws/build/manual_drive/build/lib/manual_drive/manual_drive_node.py -> /home/rob/ros2_ws/install/manual_drive/lib/python3.10/site-packages/manual_drive\n'}
[15.567440] (manual_drive) StdoutLine: {'line': b'byte-compiling /home/rob/ros2_ws/install/manual_drive/lib/python3.10/site-packages/manual_drive/manual_drive_node.py to manual_drive_node.cpython-310.pyc\n'}
[15.572946] (-) TimerEvent: {}
[15.584603] (manual_drive) StdoutLine: {'line': b'running install_data\n'}
[15.589656] (manual_drive) StdoutLine: {'line': b'running install_egg_info\n'}
[15.599864] (manual_drive) StdoutLine: {'line': b"removing '/home/rob/ros2_ws/install/manual_drive/lib/python3.10/site-packages/manual_drive-0.0.0-py3.10.egg-info' (and everything under it)\n"}
[15.609012] (manual_drive) StdoutLine: {'line': b'Copying ../../build/manual_drive/manual_drive.egg-info to /home/rob/ros2_ws/install/manual_drive/lib/python3.10/site-packages/manual_drive-0.0.0-py3.10.egg-info\n'}
[15.624042] (manual_drive) StdoutLine: {'line': b'running install_scripts\n'}
[15.674695] (-) TimerEvent: {}
[15.784951] (-) TimerEvent: {}
[15.861759] (manual_drive) StdoutLine: {'line': b'Installing hoverboard_controller script to /home/rob/ros2_ws/install/manual_drive/lib/manual_drive\n'}
[15.868077] (manual_drive) StdoutLine: {'line': b'Installing manual_drive_node script to /home/rob/ros2_ws/install/manual_drive/lib/manual_drive\n'}
[15.876935] (manual_drive) StdoutLine: {'line': b"writing list of installed files to '/home/rob/ros2_ws/build/manual_drive/install.log'\n"}
[15.885222] (-) TimerEvent: {}
[15.988504] (-) TimerEvent: {}
[16.090964] (-) TimerEvent: {}
[16.193955] (-) TimerEvent: {}
[16.297226] (-) TimerEvent: {}
[16.398196] (-) TimerEvent: {}
[16.499147] (-) TimerEvent: {}
[16.601636] (-) TimerEvent: {}
[16.696986] (manual_drive) CommandEnded: {'returncode': 0}
[16.701839] (-) TimerEvent: {}
[16.806373] (-) TimerEvent: {}
[16.907062] (manual_drive) JobEnded: {'identifier': 'manual_drive', 'rc': 0}
[16.910943] (-) TimerEvent: {}
[16.919141] (-) EventReactorShutdown: {}
