[2.374s] DEBUG:colcon:Command line arguments: ['/usr/local/bin/colcon', 'build']
[2.380s] DEBUG:colcon:Parsed command line arguments: Namespace(log_base=None, log_level=None, verb_name='build', build_base='build', install_base='install', merge_install=False, symlink_install=False, test_result_base=None, continue_on_error=False, executor='parallel', parallel_workers=4, event_handlers=None, ignore_user_meta=False, metas=['./colcon.meta'], base_paths=['.'], packages_ignore=None, packages_ignore_regex=None, paths=None, packages_up_to=None, packages_up_to_regex=None, packages_above=None, packages_above_and_dependencies=None, packages_above_depth=None, packages_select_by_dep=None, packages_skip_by_dep=None, packages_skip_up_to=None, packages_select_build_failed=False, packages_skip_build_finished=False, packages_select_test_failures=False, packages_skip_test_passed=False, packages_select=None, packages_skip=None, packages_select_regex=None, packages_skip_regex=None, packages_start=None, packages_end=None, cmake_args=None, cmake_target=None, cmake_target_skip_unavailable=False, cmake_clean_cache=False, cmake_clean_first=False, cmake_force_configure=False, ament_cmake_args=None, catkin_cmake_args=None, catkin_skip_building_tests=False, verb_parser=<colcon_defaults.argument_parser.defaults.DefaultArgumentsDecorator object at 0xffff885e2350>, verb_extension=<colcon_core.verb.build.BuildVerb object at 0xffff8859c940>, main=<bound method BuildVerb.main of <colcon_core.verb.build.BuildVerb object at 0xffff8859c940>>)
[5.977s] Level 1:colcon.colcon_core.package_discovery:discover_packages(colcon_meta) check parameters
[5.982s] Level 1:colcon.colcon_core.package_discovery:discover_packages(recursive) check parameters
[5.994s] Level 1:colcon.colcon_core.package_discovery:discover_packages(ignore) check parameters
[5.995s] Level 1:colcon.colcon_core.package_discovery:discover_packages(path) check parameters
[5.997s] Level 1:colcon.colcon_core.package_discovery:discover_packages(colcon_meta) discover
[5.999s] Level 1:colcon.colcon_core.package_discovery:discover_packages(recursive) discover
[6.000s] INFO:colcon.colcon_core.package_discovery:Crawling recursively for packages in '/home/rob/ros2_ws'
[6.008s] Level 1:colcon.colcon_core.package_identification:_identify(.) by extensions ['ignore', 'ignore_ament_install']
[6.009s] Level 1:colcon.colcon_core.package_identification:_identify(.) by extension 'ignore'
[6.014s] Level 1:colcon.colcon_core.package_identification:_identify(.) by extension 'ignore_ament_install'
[6.020s] Level 1:colcon.colcon_core.package_identification:_identify(.) by extensions ['colcon_pkg']
[6.025s] Level 1:colcon.colcon_core.package_identification:_identify(.) by extension 'colcon_pkg'
[6.029s] Level 1:colcon.colcon_core.package_identification:_identify(.) by extensions ['colcon_meta']
[6.036s] Level 1:colcon.colcon_core.package_identification:_identify(.) by extension 'colcon_meta'
[6.039s] Level 1:colcon.colcon_core.package_identification:_identify(.) by extensions ['ros']
[6.040s] Level 1:colcon.colcon_core.package_identification:_identify(.) by extension 'ros'
[6.509s] Level 1:colcon.colcon_core.package_identification:_identify(.) by extensions ['cmake', 'python']
[6.511s] Level 1:colcon.colcon_core.package_identification:_identify(.) by extension 'cmake'
[6.520s] Level 1:colcon.colcon_core.package_identification:_identify(.) by extension 'python'
[6.526s] Level 1:colcon.colcon_core.package_identification:_identify(.) by extensions ['python_setup_py']
[6.560s] Level 1:colcon.colcon_core.package_identification:_identify(.) by extension 'python_setup_py'
[6.565s] Level 1:colcon.colcon_core.package_identification:_identify(build) by extensions ['ignore', 'ignore_ament_install']
[6.571s] Level 1:colcon.colcon_core.package_identification:_identify(build) by extension 'ignore'
[6.576s] Level 1:colcon.colcon_core.package_identification:_identify(build) ignored
[6.581s] Level 1:colcon.colcon_core.package_identification:_identify(install) by extensions ['ignore', 'ignore_ament_install']
[6.591s] Level 1:colcon.colcon_core.package_identification:_identify(install) by extension 'ignore'
[6.592s] Level 1:colcon.colcon_core.package_identification:_identify(install) ignored
[6.600s] Level 1:colcon.colcon_core.package_identification:_identify(log) by extensions ['ignore', 'ignore_ament_install']
[6.602s] Level 1:colcon.colcon_core.package_identification:_identify(log) by extension 'ignore'
[6.603s] Level 1:colcon.colcon_core.package_identification:_identify(log) ignored
[6.604s] Level 1:colcon.colcon_core.package_identification:_identify(src) by extensions ['ignore', 'ignore_ament_install']
[6.606s] Level 1:colcon.colcon_core.package_identification:_identify(src) by extension 'ignore'
[6.607s] Level 1:colcon.colcon_core.package_identification:_identify(src) by extension 'ignore_ament_install'
[6.608s] Level 1:colcon.colcon_core.package_identification:_identify(src) by extensions ['colcon_pkg']
[6.609s] Level 1:colcon.colcon_core.package_identification:_identify(src) by extension 'colcon_pkg'
[6.610s] Level 1:colcon.colcon_core.package_identification:_identify(src) by extensions ['colcon_meta']
[6.612s] Level 1:colcon.colcon_core.package_identification:_identify(src) by extension 'colcon_meta'
[6.613s] Level 1:colcon.colcon_core.package_identification:_identify(src) by extensions ['ros']
[6.614s] Level 1:colcon.colcon_core.package_identification:_identify(src) by extension 'ros'
[6.615s] Level 1:colcon.colcon_core.package_identification:_identify(src) by extensions ['cmake', 'python']
[6.616s] Level 1:colcon.colcon_core.package_identification:_identify(src) by extension 'cmake'
[6.617s] Level 1:colcon.colcon_core.package_identification:_identify(src) by extension 'python'
[6.618s] Level 1:colcon.colcon_core.package_identification:_identify(src) by extensions ['python_setup_py']
[6.619s] Level 1:colcon.colcon_core.package_identification:_identify(src) by extension 'python_setup_py'
[6.621s] Level 1:colcon.colcon_core.package_identification:_identify(src/articubot_one) by extensions ['ignore', 'ignore_ament_install']
[6.622s] Level 1:colcon.colcon_core.package_identification:_identify(src/articubot_one) by extension 'ignore'
[6.623s] Level 1:colcon.colcon_core.package_identification:_identify(src/articubot_one) by extension 'ignore_ament_install'
[6.624s] Level 1:colcon.colcon_core.package_identification:_identify(src/articubot_one) by extensions ['colcon_pkg']
[6.625s] Level 1:colcon.colcon_core.package_identification:_identify(src/articubot_one) by extension 'colcon_pkg'
[6.627s] Level 1:colcon.colcon_core.package_identification:_identify(src/articubot_one) by extensions ['colcon_meta']
[6.627s] Level 1:colcon.colcon_core.package_identification:_identify(src/articubot_one) by extension 'colcon_meta'
[6.629s] Level 1:colcon.colcon_core.package_identification:_identify(src/articubot_one) by extensions ['ros']
[6.630s] Level 1:colcon.colcon_core.package_identification:_identify(src/articubot_one) by extension 'ros'
[6.660s] DEBUG:colcon.colcon_core.package_identification:Package 'src/articubot_one' with type 'ros.ament_cmake' and name 'articubot_one'
[6.666s] Level 1:colcon.colcon_core.package_identification:_identify(src/build) by extensions ['ignore', 'ignore_ament_install']
[6.667s] Level 1:colcon.colcon_core.package_identification:_identify(src/build) by extension 'ignore'
[6.673s] Level 1:colcon.colcon_core.package_identification:_identify(src/build) ignored
[6.675s] Level 1:colcon.colcon_core.package_identification:_identify(src/install) by extensions ['ignore', 'ignore_ament_install']
[6.678s] Level 1:colcon.colcon_core.package_identification:_identify(src/install) by extension 'ignore'
[6.679s] Level 1:colcon.colcon_core.package_identification:_identify(src/install) ignored
[6.682s] Level 1:colcon.colcon_core.package_identification:_identify(src/log) by extensions ['ignore', 'ignore_ament_install']
[6.685s] Level 1:colcon.colcon_core.package_identification:_identify(src/log) by extension 'ignore'
[6.686s] Level 1:colcon.colcon_core.package_identification:_identify(src/log) ignored
[6.690s] Level 1:colcon.colcon_core.package_identification:_identify(src/manual_drive) by extensions ['ignore', 'ignore_ament_install']
[6.694s] Level 1:colcon.colcon_core.package_identification:_identify(src/manual_drive) by extension 'ignore'
[6.696s] Level 1:colcon.colcon_core.package_identification:_identify(src/manual_drive) by extension 'ignore_ament_install'
[6.697s] Level 1:colcon.colcon_core.package_identification:_identify(src/manual_drive) by extensions ['colcon_pkg']
[6.699s] Level 1:colcon.colcon_core.package_identification:_identify(src/manual_drive) by extension 'colcon_pkg'
[6.702s] Level 1:colcon.colcon_core.package_identification:_identify(src/manual_drive) by extensions ['colcon_meta']
[6.703s] Level 1:colcon.colcon_core.package_identification:_identify(src/manual_drive) by extension 'colcon_meta'
[6.704s] Level 1:colcon.colcon_core.package_identification:_identify(src/manual_drive) by extensions ['ros']
[6.704s] Level 1:colcon.colcon_core.package_identification:_identify(src/manual_drive) by extension 'ros'
[6.709s] DEBUG:colcon.colcon_core.package_identification:Package 'src/manual_drive' with type 'ros.ament_python' and name 'manual_drive'
[6.710s] Level 1:colcon.colcon_core.package_discovery:discover_packages(recursive) using defaults
[6.711s] Level 1:colcon.colcon_core.package_discovery:discover_packages(ignore) discover
[6.712s] Level 1:colcon.colcon_core.package_discovery:discover_packages(ignore) using defaults
[6.713s] Level 1:colcon.colcon_core.package_discovery:discover_packages(path) discover
[6.715s] Level 1:colcon.colcon_core.package_discovery:discover_packages(path) using defaults
[7.028s] Level 5:colcon.colcon_core.verb:set package 'articubot_one' build argument 'cmake_args' from command line to 'None'
[7.029s] Level 5:colcon.colcon_core.verb:set package 'articubot_one' build argument 'cmake_target' from command line to 'None'
[7.030s] Level 5:colcon.colcon_core.verb:set package 'articubot_one' build argument 'cmake_target_skip_unavailable' from command line to 'False'
[7.030s] Level 5:colcon.colcon_core.verb:set package 'articubot_one' build argument 'cmake_clean_cache' from command line to 'False'
[7.031s] Level 5:colcon.colcon_core.verb:set package 'articubot_one' build argument 'cmake_clean_first' from command line to 'False'
[7.031s] Level 5:colcon.colcon_core.verb:set package 'articubot_one' build argument 'cmake_force_configure' from command line to 'False'
[7.031s] Level 5:colcon.colcon_core.verb:set package 'articubot_one' build argument 'ament_cmake_args' from command line to 'None'
[7.031s] Level 5:colcon.colcon_core.verb:set package 'articubot_one' build argument 'catkin_cmake_args' from command line to 'None'
[7.032s] Level 5:colcon.colcon_core.verb:set package 'articubot_one' build argument 'catkin_skip_building_tests' from command line to 'False'
[7.032s] DEBUG:colcon.colcon_core.verb:Building package 'articubot_one' with the following arguments: {'ament_cmake_args': None, 'build_base': '/home/rob/ros2_ws/build/articubot_one', 'catkin_cmake_args': None, 'catkin_skip_building_tests': False, 'cmake_args': None, 'cmake_clean_cache': False, 'cmake_clean_first': False, 'cmake_force_configure': False, 'cmake_target': None, 'cmake_target_skip_unavailable': False, 'install_base': '/home/rob/ros2_ws/install/articubot_one', 'merge_install': False, 'path': '/home/rob/ros2_ws/src/articubot_one', 'symlink_install': False, 'test_result_base': None}
[7.037s] Level 5:colcon.colcon_core.verb:set package 'manual_drive' build argument 'cmake_args' from command line to 'None'
[7.038s] Level 5:colcon.colcon_core.verb:set package 'manual_drive' build argument 'cmake_target' from command line to 'None'
[7.038s] Level 5:colcon.colcon_core.verb:set package 'manual_drive' build argument 'cmake_target_skip_unavailable' from command line to 'False'
[7.038s] Level 5:colcon.colcon_core.verb:set package 'manual_drive' build argument 'cmake_clean_cache' from command line to 'False'
[7.038s] Level 5:colcon.colcon_core.verb:set package 'manual_drive' build argument 'cmake_clean_first' from command line to 'False'
[7.039s] Level 5:colcon.colcon_core.verb:set package 'manual_drive' build argument 'cmake_force_configure' from command line to 'False'
[7.039s] Level 5:colcon.colcon_core.verb:set package 'manual_drive' build argument 'ament_cmake_args' from command line to 'None'
[7.039s] Level 5:colcon.colcon_core.verb:set package 'manual_drive' build argument 'catkin_cmake_args' from command line to 'None'
[7.039s] Level 5:colcon.colcon_core.verb:set package 'manual_drive' build argument 'catkin_skip_building_tests' from command line to 'False'
[7.039s] DEBUG:colcon.colcon_core.verb:Building package 'manual_drive' with the following arguments: {'ament_cmake_args': None, 'build_base': '/home/rob/ros2_ws/build/manual_drive', 'catkin_cmake_args': None, 'catkin_skip_building_tests': False, 'cmake_args': None, 'cmake_clean_cache': False, 'cmake_clean_first': False, 'cmake_force_configure': False, 'cmake_target': None, 'cmake_target_skip_unavailable': False, 'install_base': '/home/rob/ros2_ws/install/manual_drive', 'merge_install': False, 'path': '/home/rob/ros2_ws/src/manual_drive', 'symlink_install': False, 'test_result_base': None}
[7.040s] INFO:colcon.colcon_core.executor:Executing jobs using 'parallel' executor
[7.046s] DEBUG:colcon.colcon_parallel_executor.executor.parallel:run_until_complete
[7.048s] INFO:colcon.colcon_ros.task.ament_cmake.build:Building ROS package in '/home/rob/ros2_ws/src/articubot_one' with build type 'ament_cmake'
[7.049s] INFO:colcon.colcon_cmake.task.cmake.build:Building CMake package in '/home/rob/ros2_ws/src/articubot_one'
[7.074s] INFO:colcon.colcon_core.plugin_system:Skipping extension 'colcon_core.shell.bat': Not used on non-Windows systems
[7.075s] INFO:colcon.colcon_core.shell:Skip shell extension 'powershell' for command environment: Not usable outside of PowerShell
[7.075s] DEBUG:colcon.colcon_core.shell:Skip shell extension 'dsv' for command environment
[7.109s] INFO:colcon.colcon_ros.task.ament_python.build:Building ROS package in '/home/rob/ros2_ws/src/manual_drive' with build type 'ament_python'
[7.110s] Level 1:colcon.colcon_core.shell:create_environment_hook('manual_drive', 'ament_prefix_path')
[7.112s] INFO:colcon.colcon_core.shell:Creating environment hook '/home/rob/ros2_ws/install/manual_drive/share/manual_drive/hook/ament_prefix_path.ps1'
[7.120s] INFO:colcon.colcon_core.shell:Creating environment descriptor '/home/rob/ros2_ws/install/manual_drive/share/manual_drive/hook/ament_prefix_path.dsv'
[7.124s] INFO:colcon.colcon_core.shell:Creating environment hook '/home/rob/ros2_ws/install/manual_drive/share/manual_drive/hook/ament_prefix_path.sh'
[7.130s] INFO:colcon.colcon_core.shell:Skip shell extension 'powershell' for command environment: Not usable outside of PowerShell
[7.131s] DEBUG:colcon.colcon_core.shell:Skip shell extension 'dsv' for command environment
[7.183s] DEBUG:colcon.colcon_core.event_handler.log_command:Invoking command in '/home/rob/ros2_ws/build/articubot_one': /usr/bin/cmake --build /home/rob/ros2_ws/build/articubot_one -- -j4 -l4
[10.996s] INFO:colcon.colcon_core.task.python.build:Building Python package in '/home/rob/ros2_ws/src/manual_drive'
[10.999s] INFO:colcon.colcon_core.shell:Skip shell extension 'powershell' for command environment: Not usable outside of PowerShell
[11.000s] DEBUG:colcon.colcon_core.shell:Skip shell extension 'dsv' for command environment
[11.069s] DEBUG:colcon.colcon_core.event_handler.log_command:Invoked command in '/home/rob/ros2_ws/build/articubot_one' returned '0': /usr/bin/cmake --build /home/rob/ros2_ws/build/articubot_one -- -j4 -l4
[11.281s] DEBUG:colcon.colcon_core.event_handler.log_command:Invoking command in '/home/rob/ros2_ws/build/articubot_one': /usr/bin/cmake --install /home/rob/ros2_ws/build/articubot_one
[11.435s] Level 1:colcon.colcon_core.environment:create_environment_scripts_only(articubot_one)
[11.556s] DEBUG:colcon.colcon_core.event_handler.log_command:Invoked command in '/home/rob/ros2_ws/build/articubot_one' returned '0': /usr/bin/cmake --install /home/rob/ros2_ws/build/articubot_one
[11.557s] Level 1:colcon.colcon_core.environment:checking '/home/rob/ros2_ws/install/articubot_one' for CMake module files
[11.619s] Level 1:colcon.colcon_core.environment:checking '/home/rob/ros2_ws/install/articubot_one' for CMake config files
[11.670s] Level 1:colcon.colcon_core.shell:create_environment_hook('articubot_one', 'cmake_prefix_path')
[11.686s] INFO:colcon.colcon_core.shell:Creating environment hook '/home/rob/ros2_ws/install/articubot_one/share/articubot_one/hook/cmake_prefix_path.ps1'
[11.712s] INFO:colcon.colcon_core.shell:Creating environment descriptor '/home/rob/ros2_ws/install/articubot_one/share/articubot_one/hook/cmake_prefix_path.dsv'
[11.733s] INFO:colcon.colcon_core.shell:Creating environment hook '/home/rob/ros2_ws/install/articubot_one/share/articubot_one/hook/cmake_prefix_path.sh'
[11.769s] Level 1:colcon.colcon_core.environment:checking '/home/rob/ros2_ws/install/articubot_one/lib'
[11.773s] Level 1:colcon.colcon_core.environment:checking '/home/rob/ros2_ws/install/articubot_one/bin'
[11.774s] Level 1:colcon.colcon_core.environment:checking '/home/rob/ros2_ws/install/articubot_one/lib/pkgconfig/articubot_one.pc'
[11.776s] Level 1:colcon.colcon_core.environment:checking '/home/rob/ros2_ws/install/articubot_one/lib/python3.10/site-packages'
[11.778s] Level 1:colcon.colcon_core.environment:checking '/home/rob/ros2_ws/install/articubot_one/bin'
[11.780s] INFO:colcon.colcon_core.shell:Creating package script '/home/rob/ros2_ws/install/articubot_one/share/articubot_one/package.ps1'
[11.794s] INFO:colcon.colcon_core.shell:Creating package descriptor '/home/rob/ros2_ws/install/articubot_one/share/articubot_one/package.dsv'
[11.801s] INFO:colcon.colcon_core.shell:Creating package script '/home/rob/ros2_ws/install/articubot_one/share/articubot_one/package.sh'
[11.820s] INFO:colcon.colcon_core.shell:Creating package script '/home/rob/ros2_ws/install/articubot_one/share/articubot_one/package.bash'
[11.833s] INFO:colcon.colcon_core.shell:Creating package script '/home/rob/ros2_ws/install/articubot_one/share/articubot_one/package.zsh'
[11.840s] Level 1:colcon.colcon_core.environment:create_file_with_runtime_dependencies(/home/rob/ros2_ws/install/articubot_one/share/colcon-core/packages/articubot_one)
[11.848s] Level 1:colcon.colcon_core.environment:create_environment_scripts_only(articubot_one)
[11.850s] Level 1:colcon.colcon_core.environment:checking '/home/rob/ros2_ws/install/articubot_one' for CMake module files
[11.856s] Level 1:colcon.colcon_core.environment:checking '/home/rob/ros2_ws/install/articubot_one' for CMake config files
[11.860s] Level 1:colcon.colcon_core.shell:create_environment_hook('articubot_one', 'cmake_prefix_path')
[11.863s] INFO:colcon.colcon_core.shell:Creating environment hook '/home/rob/ros2_ws/install/articubot_one/share/articubot_one/hook/cmake_prefix_path.ps1'
[11.872s] INFO:colcon.colcon_core.shell:Creating environment descriptor '/home/rob/ros2_ws/install/articubot_one/share/articubot_one/hook/cmake_prefix_path.dsv'
[11.881s] INFO:colcon.colcon_core.shell:Creating environment hook '/home/rob/ros2_ws/install/articubot_one/share/articubot_one/hook/cmake_prefix_path.sh'
[11.890s] Level 1:colcon.colcon_core.environment:checking '/home/rob/ros2_ws/install/articubot_one/lib'
[11.892s] Level 1:colcon.colcon_core.environment:checking '/home/rob/ros2_ws/install/articubot_one/bin'
[11.893s] Level 1:colcon.colcon_core.environment:checking '/home/rob/ros2_ws/install/articubot_one/lib/pkgconfig/articubot_one.pc'
[11.895s] Level 1:colcon.colcon_core.environment:checking '/home/rob/ros2_ws/install/articubot_one/lib/python3.10/site-packages'
[11.897s] Level 1:colcon.colcon_core.environment:checking '/home/rob/ros2_ws/install/articubot_one/bin'
[11.911s] INFO:colcon.colcon_core.shell:Creating package script '/home/rob/ros2_ws/install/articubot_one/share/articubot_one/package.ps1'
[11.922s] INFO:colcon.colcon_core.shell:Creating package descriptor '/home/rob/ros2_ws/install/articubot_one/share/articubot_one/package.dsv'
[11.936s] INFO:colcon.colcon_core.shell:Creating package script '/home/rob/ros2_ws/install/articubot_one/share/articubot_one/package.sh'
[11.991s] INFO:colcon.colcon_core.shell:Creating package script '/home/rob/ros2_ws/install/articubot_one/share/articubot_one/package.bash'
[12.011s] INFO:colcon.colcon_core.shell:Creating package script '/home/rob/ros2_ws/install/articubot_one/share/articubot_one/package.zsh'
[12.037s] Level 1:colcon.colcon_core.environment:create_file_with_runtime_dependencies(/home/rob/ros2_ws/install/articubot_one/share/colcon-core/packages/articubot_one)
[18.975s] DEBUG:colcon.colcon_core.event_handler.log_command:Invoking command in '/home/rob/ros2_ws/src/manual_drive': PYTHONPATH=/home/rob/ros2_ws/build/manual_drive/prefix_override:/home/rob/.local/lib/python3.10/site-packages/colcon_core/task/python/colcon_distutils_commands:/home/rob/ros2_ws/install/manual_drive/lib/python3.10/site-packages: /usr/bin/python3 -W ignore:setup.py install is deprecated -W ignore:easy_install command is deprecated setup.py egg_info --egg-base ../../build/manual_drive build --build-base /home/rob/ros2_ws/build/manual_drive/build install --record /home/rob/ros2_ws/build/manual_drive/install.log --single-version-externally-managed install_data
[23.753s] Level 1:colcon.colcon_core.environment:checking '/home/rob/ros2_ws/install/manual_drive' for CMake module files
[23.759s] DEBUG:colcon.colcon_core.event_handler.log_command:Invoked command in '/home/rob/ros2_ws/src/manual_drive' returned '0': PYTHONPATH=/home/rob/ros2_ws/build/manual_drive/prefix_override:/home/rob/.local/lib/python3.10/site-packages/colcon_core/task/python/colcon_distutils_commands:/home/rob/ros2_ws/install/manual_drive/lib/python3.10/site-packages: /usr/bin/python3 -W ignore:setup.py install is deprecated -W ignore:easy_install command is deprecated setup.py egg_info --egg-base ../../build/manual_drive build --build-base /home/rob/ros2_ws/build/manual_drive/build install --record /home/rob/ros2_ws/build/manual_drive/install.log --single-version-externally-managed install_data
[23.766s] Level 1:colcon.colcon_core.environment:checking '/home/rob/ros2_ws/install/manual_drive' for CMake config files
[23.807s] Level 1:colcon.colcon_core.environment:checking '/home/rob/ros2_ws/install/manual_drive/lib'
[23.814s] Level 1:colcon.colcon_core.environment:checking '/home/rob/ros2_ws/install/manual_drive/bin'
[23.818s] Level 1:colcon.colcon_core.environment:checking '/home/rob/ros2_ws/install/manual_drive/lib/pkgconfig/manual_drive.pc'
[23.833s] Level 1:colcon.colcon_core.environment:checking '/home/rob/ros2_ws/install/manual_drive/lib/python3.10/site-packages'
[23.835s] Level 1:colcon.colcon_core.shell:create_environment_hook('manual_drive', 'pythonpath')
[23.844s] INFO:colcon.colcon_core.shell:Creating environment hook '/home/rob/ros2_ws/install/manual_drive/share/manual_drive/hook/pythonpath.ps1'
[23.898s] INFO:colcon.colcon_core.shell:Creating environment descriptor '/home/rob/ros2_ws/install/manual_drive/share/manual_drive/hook/pythonpath.dsv'
[23.909s] INFO:colcon.colcon_core.shell:Creating environment hook '/home/rob/ros2_ws/install/manual_drive/share/manual_drive/hook/pythonpath.sh'
[23.924s] Level 1:colcon.colcon_core.environment:checking '/home/rob/ros2_ws/install/manual_drive/bin'
[23.925s] Level 1:colcon.colcon_core.environment:create_environment_scripts_only(manual_drive)
[23.928s] INFO:colcon.colcon_core.shell:Creating package script '/home/rob/ros2_ws/install/manual_drive/share/manual_drive/package.ps1'
[23.935s] INFO:colcon.colcon_core.shell:Creating package descriptor '/home/rob/ros2_ws/install/manual_drive/share/manual_drive/package.dsv'
[23.942s] INFO:colcon.colcon_core.shell:Creating package script '/home/rob/ros2_ws/install/manual_drive/share/manual_drive/package.sh'
[23.949s] INFO:colcon.colcon_core.shell:Creating package script '/home/rob/ros2_ws/install/manual_drive/share/manual_drive/package.bash'
[23.955s] INFO:colcon.colcon_core.shell:Creating package script '/home/rob/ros2_ws/install/manual_drive/share/manual_drive/package.zsh'
[23.962s] Level 1:colcon.colcon_core.environment:create_file_with_runtime_dependencies(/home/rob/ros2_ws/install/manual_drive/share/colcon-core/packages/manual_drive)
[23.974s] DEBUG:colcon.colcon_parallel_executor.executor.parallel:closing loop
[23.978s] DEBUG:colcon.colcon_parallel_executor.executor.parallel:loop closed
[23.979s] DEBUG:colcon.colcon_parallel_executor.executor.parallel:run_until_complete finished with '0'
[23.980s] DEBUG:colcon.colcon_core.event_reactor:joining thread
[24.029s] INFO:colcon.colcon_core.plugin_system:Skipping extension 'colcon_notification.desktop_notification.notify_send': Could not find 'notify-send'
[24.033s] INFO:colcon.colcon_core.plugin_system:Skipping extension 'colcon_notification.desktop_notification.terminal_notifier': Not used on non-Darwin systems
[24.034s] INFO:colcon.colcon_core.plugin_system:Skipping extension 'colcon_notification.desktop_notification.win32': Not used on non-Windows systems
[24.036s] INFO:colcon.colcon_notification.desktop_notification:Sending desktop notification using 'notify2'
[24.044s] DEBUG:colcon.colcon_notification.desktop_notification.notify2:Failed to initialize notify2: org.freedesktop.DBus.Error.ServiceUnknown: The name org.freedesktop.Notifications was not provided by any .service files
[24.047s] DEBUG:colcon.colcon_core.event_reactor:joined thread
[24.048s] INFO:colcon.colcon_core.shell:Creating prefix script '/home/rob/ros2_ws/install/local_setup.ps1'
[24.063s] INFO:colcon.colcon_core.shell:Creating prefix util module '/home/rob/ros2_ws/install/_local_setup_util_ps1.py'
[24.084s] INFO:colcon.colcon_core.shell:Creating prefix chain script '/home/rob/ros2_ws/install/setup.ps1'
[24.095s] INFO:colcon.colcon_core.shell:Creating prefix script '/home/rob/ros2_ws/install/local_setup.sh'
[24.107s] INFO:colcon.colcon_core.shell:Creating prefix util module '/home/rob/ros2_ws/install/_local_setup_util_sh.py'
[24.121s] INFO:colcon.colcon_core.shell:Creating prefix chain script '/home/rob/ros2_ws/install/setup.sh'
[24.133s] INFO:colcon.colcon_core.shell:Creating prefix script '/home/rob/ros2_ws/install/local_setup.bash'
[24.141s] INFO:colcon.colcon_core.shell:Creating prefix chain script '/home/rob/ros2_ws/install/setup.bash'
[24.153s] INFO:colcon.colcon_core.shell:Creating prefix script '/home/rob/ros2_ws/install/local_setup.zsh'
[24.160s] INFO:colcon.colcon_core.shell:Creating prefix chain script '/home/rob/ros2_ws/install/setup.zsh'
