[6.562s] Invoking command in '/home/rob/ros2_ws/src/manual_drive': PYTHONPATH=/home/rob/ros2_ws/build/manual_drive/prefix_override:/home/rob/.local/lib/python3.10/site-packages/colcon_core/task/python/colcon_distutils_commands:/home/rob/ros2_ws/install/manual_drive/lib/python3.10/site-packages:${PYTHONPATH} /usr/bin/python3 -W ignore:setup.py install is deprecated -W ignore:easy_install command is deprecated setup.py egg_info --egg-base ../../build/manual_drive build --build-base /home/rob/ros2_ws/build/manual_drive/build install --record /home/rob/ros2_ws/build/manual_drive/install.log --single-version-externally-managed install_data
[9.159s] running egg_info
[9.163s] writing ../../build/manual_drive/manual_drive.egg-info/PKG-INFO
[9.165s] writing dependency_links to ../../build/manual_drive/manual_drive.egg-info/dependency_links.txt
[9.166s] writing entry points to ../../build/manual_drive/manual_drive.egg-info/entry_points.txt
[9.171s] writing requirements to ../../build/manual_drive/manual_drive.egg-info/requires.txt
[9.177s] writing top-level names to ../../build/manual_drive/manual_drive.egg-info/top_level.txt
[9.186s] reading manifest file '../../build/manual_drive/manual_drive.egg-info/SOURCES.txt'
[9.192s] writing manifest file '../../build/manual_drive/manual_drive.egg-info/SOURCES.txt'
[9.195s] running build
[9.196s] running build_py
[9.213s] running install
[9.214s] running install_lib
[9.216s] running install_data
[9.217s] running install_egg_info
[9.227s] removing '/home/rob/ros2_ws/install/manual_drive/lib/python3.10/site-packages/manual_drive-0.0.0-py3.10.egg-info' (and everything under it)
[9.232s] Copying ../../build/manual_drive/manual_drive.egg-info to /home/rob/ros2_ws/install/manual_drive/lib/python3.10/site-packages/manual_drive-0.0.0-py3.10.egg-info
[9.239s] running install_scripts
[9.392s] Installing hoverboard_controller script to /home/rob/ros2_ws/install/manual_drive/lib/manual_drive
[9.395s] Installing manual_drive_node script to /home/rob/ros2_ws/install/manual_drive/lib/manual_drive
[9.398s] writing list of installed files to '/home/rob/ros2_ws/build/manual_drive/install.log'
[9.628s] Invoked command in '/home/rob/ros2_ws/src/manual_drive' returned '0': PYTHONPATH=/home/rob/ros2_ws/build/manual_drive/prefix_override:/home/rob/.local/lib/python3.10/site-packages/colcon_core/task/python/colcon_distutils_commands:/home/rob/ros2_ws/install/manual_drive/lib/python3.10/site-packages:${PYTHONPATH} /usr/bin/python3 -W ignore:setup.py install is deprecated -W ignore:easy_install command is deprecated setup.py egg_info --egg-base ../../build/manual_drive build --build-base /home/rob/ros2_ws/build/manual_drive/build install --record /home/rob/ros2_ws/build/manual_drive/install.log --single-version-externally-managed install_data
