[4.039s] Invoking command in '/home/rob/ros2_ws/src/build/manual_drive': PYTHONPATH=/home/rob/ros2_ws/src/build/manual_drive/prefix_override:/usr/lib/python3/dist-packages/colcon_core/task/python/colcon_distutils_commands:/home/rob/ros2_ws/src/install/manual_drive/lib/python3.10/site-packages:${PYTHONPATH} /usr/bin/python3 -W ignore:setup.py install is deprecated -W ignore:easy_install command is deprecated setup.py develop --editable --build-directory /home/rob/ros2_ws/src/build/manual_drive/build --no-deps symlink_data --force
[5.480s] running develop
[6.466s] running egg_info
[6.467s] writing manual_drive.egg-info/PKG-INFO
[6.468s] writing dependency_links to manual_drive.egg-info/dependency_links.txt
[6.469s] writing entry points to manual_drive.egg-info/entry_points.txt
[6.470s] writing requirements to manual_drive.egg-info/requires.txt
[6.471s] writing top-level names to manual_drive.egg-info/top_level.txt
[6.480s] reading manifest file 'manual_drive.egg-info/SOURCES.txt'
[6.483s] writing manifest file 'manual_drive.egg-info/SOURCES.txt'
[6.490s] running build_ext
[6.491s] Creating /home/rob/ros2_ws/src/install/manual_drive/lib/python3.10/site-packages/manual-drive.egg-link (link to .)
[6.495s] Installing hoverboard_controller script to /home/rob/ros2_ws/src/install/manual_drive/lib/manual_drive
[6.496s] Installing manual_drive_node script to /home/rob/ros2_ws/src/install/manual_drive/lib/manual_drive
[6.497s] 
[6.498s] Installed /home/rob/ros2_ws/src/build/manual_drive
[6.498s] running symlink_data
[6.499s] symbolically linking /home/rob/ros2_ws/src/build/manual_drive/resource/manual_drive -> /home/rob/ros2_ws/src/install/manual_drive/share/ament_index/resource_index/packages
[6.500s] symbolically linking /home/rob/ros2_ws/src/build/manual_drive/package.xml -> /home/rob/ros2_ws/src/install/manual_drive/share/manual_drive
[6.650s] Invoked command in '/home/rob/ros2_ws/src/build/manual_drive' returned '0': PYTHONPATH=/home/rob/ros2_ws/src/build/manual_drive/prefix_override:/usr/lib/python3/dist-packages/colcon_core/task/python/colcon_distutils_commands:/home/rob/ros2_ws/src/install/manual_drive/lib/python3.10/site-packages:${PYTHONPATH} /usr/bin/python3 -W ignore:setup.py install is deprecated -W ignore:easy_install command is deprecated setup.py develop --editable --build-directory /home/rob/ros2_ws/src/build/manual_drive/build --no-deps symlink_data --force
