ARM GAS  /tmp/ccE30TCm.s 			page 1


   1              		.cpu cortex-m3
   2              		.arch armv7-m
   3              		.fpu softvfp
   4              		.eabi_attribute 20, 1
   5              		.eabi_attribute 21, 1
   6              		.eabi_attribute 23, 3
   7              		.eabi_attribute 24, 1
   8              		.eabi_attribute 25, 1
   9              		.eabi_attribute 26, 1
  10              		.eabi_attribute 30, 1
  11              		.eabi_attribute 34, 1
  12              		.eabi_attribute 18, 4
  13              		.file	"pcf8574.c"
  14              		.text
  15              	.Ltext0:
  16              		.cfi_sections	.debug_frame
  17              		.file 1 "Src/pcf8574.c"
  18              		.section	.text.PCF8574_Init,"ax",%progbits
  19              		.align	1
  20              		.global	PCF8574_Init
  21              		.syntax unified
  22              		.thumb
  23              		.thumb_func
  25              	PCF8574_Init:
  26              	.LVL0:
  27              	.LFB66:
   1:Src/pcf8574.c **** /*
   2:Src/pcf8574.c ****  * pcf8574.c
   3:Src/pcf8574.c ****  *
   4:Src/pcf8574.c ****  *  Created on: Dec 30, 2014
   5:Src/pcf8574.c ****  *      Author: peter
   6:Src/pcf8574.c ****  */
   7:Src/pcf8574.c **** 
   8:Src/pcf8574.c **** #include "pcf8574.h"
   9:Src/pcf8574.c **** 
  10:Src/pcf8574.c **** PCF8574_RESULT PCF8574_Init(PCF8574_HandleTypeDef* handle) {
  28              		.loc 1 10 60 view -0
  29              		.cfi_startproc
  30              		@ args = 0, pretend = 0, frame = 0
  31              		@ frame_needed = 0, uses_anonymous_args = 0
  32              		@ link register save eliminated.
  11:Src/pcf8574.c **** 
  12:Src/pcf8574.c **** 	handle->PCF_I2C_ADDRESS &= 0x07;
  33              		.loc 1 12 2 view .LVU1
  34              		.loc 1 12 8 is_stmt 0 view .LVU2
  35 0000 0378     		ldrb	r3, [r0]	@ zero_extendqisi2
  36              		.loc 1 12 26 view .LVU3
  37 0002 03F00703 		and	r3, r3, #7
  38 0006 0370     		strb	r3, [r0]
  13:Src/pcf8574.c **** 
  14:Src/pcf8574.c **** 	/*if (handle->i2c.State == HAL_I2C_STATE_RESET) {
  15:Src/pcf8574.c **** 		handle->i2c.Init.AddressingMode = I2C_ADDRESSINGMODE_7BIT;
  16:Src/pcf8574.c **** 		handle->i2c.Init.DualAddressMode = I2C_DUALADDRESS_DISABLED;
  17:Src/pcf8574.c **** 		handle->i2c.Init.DutyCycle = I2C_DUTYCYCLE_2;
  18:Src/pcf8574.c **** 		handle->i2c.Init.NoStretchMode = I2C_NOSTRETCH_DISABLED;
  19:Src/pcf8574.c **** 		handle->i2c.Init.OwnAddress1 = 0xFE;
  20:Src/pcf8574.c **** 		if (HAL_I2C_Init(&handle->i2c) != HAL_OK) {
ARM GAS  /tmp/ccE30TCm.s 			page 2


  21:Src/pcf8574.c **** 			handle->errorCallback(PCF8574_ERROR);
  22:Src/pcf8574.c **** 			return PCF8574_ERROR;
  23:Src/pcf8574.c **** 		}
  24:Src/pcf8574.c **** 	}*/
  25:Src/pcf8574.c **** 	return PCF8574_OK;
  39              		.loc 1 25 2 is_stmt 1 view .LVU4
  26:Src/pcf8574.c **** }
  40              		.loc 1 26 1 is_stmt 0 view .LVU5
  41 0008 0020     		movs	r0, #0
  42              	.LVL1:
  43              		.loc 1 26 1 view .LVU6
  44 000a 7047     		bx	lr
  45              		.cfi_endproc
  46              	.LFE66:
  48              		.section	.text.PCF8574_DeInit,"ax",%progbits
  49              		.align	1
  50              		.global	PCF8574_DeInit
  51              		.syntax unified
  52              		.thumb
  53              		.thumb_func
  55              	PCF8574_DeInit:
  56              	.LVL2:
  57              	.LFB67:
  27:Src/pcf8574.c **** 
  28:Src/pcf8574.c **** PCF8574_RESULT PCF8574_DeInit(PCF8574_HandleTypeDef* handle) {
  58              		.loc 1 28 62 is_stmt 1 view -0
  59              		.cfi_startproc
  60              		@ args = 0, pretend = 0, frame = 0
  61              		@ frame_needed = 0, uses_anonymous_args = 0
  62              		.loc 1 28 62 is_stmt 0 view .LVU8
  63 0000 08B5     		push	{r3, lr}
  64              	.LCFI0:
  65              		.cfi_def_cfa_offset 8
  66              		.cfi_offset 3, -8
  67              		.cfi_offset 14, -4
  29:Src/pcf8574.c **** 	HAL_I2C_DeInit(&handle->i2c);
  68              		.loc 1 29 2 is_stmt 1 view .LVU9
  69 0002 0830     		adds	r0, r0, #8
  70              	.LVL3:
  71              		.loc 1 29 2 is_stmt 0 view .LVU10
  72 0004 FFF7FEFF 		bl	HAL_I2C_DeInit
  73              	.LVL4:
  30:Src/pcf8574.c **** 	return PCF8574_OK;
  74              		.loc 1 30 2 is_stmt 1 view .LVU11
  31:Src/pcf8574.c **** }
  75              		.loc 1 31 1 is_stmt 0 view .LVU12
  76 0008 0020     		movs	r0, #0
  77 000a 08BD     		pop	{r3, pc}
  78              		.cfi_endproc
  79              	.LFE67:
  81              		.section	.text.PCF8574_Write,"ax",%progbits
  82              		.align	1
  83              		.global	PCF8574_Write
  84              		.syntax unified
  85              		.thumb
  86              		.thumb_func
  88              	PCF8574_Write:
ARM GAS  /tmp/ccE30TCm.s 			page 3


  89              	.LVL5:
  90              	.LFB68:
  32:Src/pcf8574.c **** 
  33:Src/pcf8574.c **** PCF8574_RESULT PCF8574_Write(PCF8574_HandleTypeDef* handle, uint8_t val) {
  91              		.loc 1 33 74 is_stmt 1 view -0
  92              		.cfi_startproc
  93              		@ args = 0, pretend = 0, frame = 8
  94              		@ frame_needed = 0, uses_anonymous_args = 0
  95              		.loc 1 33 74 is_stmt 0 view .LVU14
  96 0000 00B5     		push	{lr}
  97              	.LCFI1:
  98              		.cfi_def_cfa_offset 4
  99              		.cfi_offset 14, -4
 100 0002 85B0     		sub	sp, sp, #20
 101              	.LCFI2:
 102              		.cfi_def_cfa_offset 24
 103 0004 0346     		mov	r3, r0
 104 0006 8DF80F10 		strb	r1, [sp, #15]
  34:Src/pcf8574.c **** 	if (HAL_I2C_Master_Transmit(&handle->i2c,
 105              		.loc 1 34 2 is_stmt 1 view .LVU15
  35:Src/pcf8574.c **** 			(handle->PCF_I2C_ADDRESS << 1) | PCF8574_I2C_ADDRESS_MASK, &val, 1,
 106              		.loc 1 35 11 is_stmt 0 view .LVU16
 107 000a 10F8081B 		ldrb	r1, [r0], #8	@ zero_extendqisi2
 108              	.LVL6:
 109              		.loc 1 35 35 view .LVU17
 110 000e 4900     		lsls	r1, r1, #1
  34:Src/pcf8574.c **** 	if (HAL_I2C_Master_Transmit(&handle->i2c,
 111              		.loc 1 34 6 view .LVU18
 112 0010 5B68     		ldr	r3, [r3, #4]
 113              	.LVL7:
  34:Src/pcf8574.c **** 	if (HAL_I2C_Master_Transmit(&handle->i2c,
 114              		.loc 1 34 6 view .LVU19
 115 0012 0093     		str	r3, [sp]
 116 0014 0123     		movs	r3, #1
 117 0016 0DF10F02 		add	r2, sp, #15
 118              	.LVL8:
  34:Src/pcf8574.c **** 	if (HAL_I2C_Master_Transmit(&handle->i2c,
 119              		.loc 1 34 6 view .LVU20
 120 001a 41F04001 		orr	r1, r1, #64
 121 001e FFF7FEFF 		bl	HAL_I2C_Master_Transmit
 122              	.LVL9:
  34:Src/pcf8574.c **** 	if (HAL_I2C_Master_Transmit(&handle->i2c,
 123              		.loc 1 34 5 discriminator 1 view .LVU21
 124 0022 10B9     		cbnz	r0, .L8
 125              	.L5:
  36:Src/pcf8574.c **** 			handle->PCF_I2C_TIMEOUT) != HAL_OK) {
  37:Src/pcf8574.c **** 		//handle->errorCallback(PCF8574_ERROR);
  38:Src/pcf8574.c **** 		return PCF8574_ERROR;
  39:Src/pcf8574.c **** 	}
  40:Src/pcf8574.c **** 
  41:Src/pcf8574.c **** 	/*if (HAL_I2C_Master_Transmit_DMA(&handle->i2c,
  42:Src/pcf8574.c **** 			(handle->PCF_I2C_ADDRESS << 1) | PCF8574_I2C_ADDRESS_MASK, &val, 1) != HAL_OK) {
  43:Src/pcf8574.c **** 		handle->errorCallback(PCF8574_ERROR);
  44:Src/pcf8574.c **** 		//<return PCF8574_ERROR;
  45:Src/pcf8574.c **** 	}*/
  46:Src/pcf8574.c **** 
  47:Src/pcf8574.c **** 	//HAL_I2C_Master_Transmit_DMA(&hi2c2, 0xA4, (uint8_t*)ai2cBuffer, 2);
ARM GAS  /tmp/ccE30TCm.s 			page 4


  48:Src/pcf8574.c **** 	return PCF8574_OK;
  49:Src/pcf8574.c **** }
 126              		.loc 1 49 1 view .LVU22
 127 0024 05B0     		add	sp, sp, #20
 128              	.LCFI3:
 129              		.cfi_remember_state
 130              		.cfi_def_cfa_offset 4
 131              		@ sp needed
 132 0026 5DF804FB 		ldr	pc, [sp], #4
 133              	.L8:
 134              	.LCFI4:
 135              		.cfi_restore_state
  38:Src/pcf8574.c **** 	}
 136              		.loc 1 38 10 view .LVU23
 137 002a 0120     		movs	r0, #1
 138 002c FAE7     		b	.L5
 139              		.cfi_endproc
 140              	.LFE68:
 142              		.section	.text.PCF8574_Read,"ax",%progbits
 143              		.align	1
 144              		.global	PCF8574_Read
 145              		.syntax unified
 146              		.thumb
 147              		.thumb_func
 149              	PCF8574_Read:
 150              	.LVL10:
 151              	.LFB69:
  50:Src/pcf8574.c **** 
  51:Src/pcf8574.c **** PCF8574_RESULT PCF8574_Read(PCF8574_HandleTypeDef* handle, uint8_t* val) {
 152              		.loc 1 51 74 is_stmt 1 view -0
 153              		.cfi_startproc
 154              		@ args = 0, pretend = 0, frame = 0
 155              		@ frame_needed = 0, uses_anonymous_args = 0
 156              		.loc 1 51 74 is_stmt 0 view .LVU25
 157 0000 00B5     		push	{lr}
 158              	.LCFI5:
 159              		.cfi_def_cfa_offset 4
 160              		.cfi_offset 14, -4
 161 0002 83B0     		sub	sp, sp, #12
 162              	.LCFI6:
 163              		.cfi_def_cfa_offset 16
 164 0004 0346     		mov	r3, r0
 165 0006 0A46     		mov	r2, r1
  52:Src/pcf8574.c **** 	if (HAL_I2C_Master_Receive(&handle->i2c,
 166              		.loc 1 52 2 is_stmt 1 view .LVU26
  53:Src/pcf8574.c **** 			(handle->PCF_I2C_ADDRESS << 1) | PCF8574_I2C_ADDRESS_MASK, val, 1,
 167              		.loc 1 53 11 is_stmt 0 view .LVU27
 168 0008 10F808CB 		ldrb	ip, [r0], #8	@ zero_extendqisi2
 169              	.LVL11:
 170              		.loc 1 53 35 view .LVU28
 171 000c 4FEA4C0C 		lsl	ip, ip, #1
  52:Src/pcf8574.c **** 	if (HAL_I2C_Master_Receive(&handle->i2c,
 172              		.loc 1 52 6 view .LVU29
 173 0010 5B68     		ldr	r3, [r3, #4]
 174              	.LVL12:
  52:Src/pcf8574.c **** 	if (HAL_I2C_Master_Receive(&handle->i2c,
 175              		.loc 1 52 6 view .LVU30
ARM GAS  /tmp/ccE30TCm.s 			page 5


 176 0012 0093     		str	r3, [sp]
 177 0014 0123     		movs	r3, #1
 178 0016 4CF04001 		orr	r1, ip, #64
 179              	.LVL13:
  52:Src/pcf8574.c **** 	if (HAL_I2C_Master_Receive(&handle->i2c,
 180              		.loc 1 52 6 view .LVU31
 181 001a FFF7FEFF 		bl	HAL_I2C_Master_Receive
 182              	.LVL14:
  52:Src/pcf8574.c **** 	if (HAL_I2C_Master_Receive(&handle->i2c,
 183              		.loc 1 52 5 discriminator 1 view .LVU32
 184 001e 10B9     		cbnz	r0, .L13
 185              	.L10:
  54:Src/pcf8574.c **** 			handle->PCF_I2C_TIMEOUT) != HAL_OK) {
  55:Src/pcf8574.c **** 		return PCF8574_ERROR;
  56:Src/pcf8574.c **** 	}
  57:Src/pcf8574.c **** 	return PCF8574_OK;
  58:Src/pcf8574.c **** }
 186              		.loc 1 58 1 view .LVU33
 187 0020 03B0     		add	sp, sp, #12
 188              	.LCFI7:
 189              		.cfi_remember_state
 190              		.cfi_def_cfa_offset 4
 191              		@ sp needed
 192 0022 5DF804FB 		ldr	pc, [sp], #4
 193              	.L13:
 194              	.LCFI8:
 195              		.cfi_restore_state
  55:Src/pcf8574.c **** 	}
 196              		.loc 1 55 10 view .LVU34
 197 0026 0120     		movs	r0, #1
 198 0028 FAE7     		b	.L10
 199              		.cfi_endproc
 200              	.LFE69:
 202              		.text
 203              	.Letext0:
 204              		.file 2 "/usr/lib/gcc/arm-none-eabi/13.2.1/include/stdint.h"
 205              		.file 3 "Drivers/CMSIS/Device/ST/STM32F1xx/Include/stm32f103xe.h"
 206              		.file 4 "Drivers/STM32F1xx_HAL_Driver/Inc/stm32f1xx_hal_def.h"
 207              		.file 5 "Drivers/STM32F1xx_HAL_Driver/Inc/stm32f1xx_hal_dma.h"
 208              		.file 6 "Drivers/STM32F1xx_HAL_Driver/Inc/stm32f1xx_hal_i2c.h"
 209              		.file 7 "Inc/pcf8574.h"
ARM GAS  /tmp/ccE30TCm.s 			page 6


DEFINED SYMBOLS
                            *ABS*:00000000 pcf8574.c
     /tmp/ccE30TCm.s:19     .text.PCF8574_Init:00000000 $t
     /tmp/ccE30TCm.s:25     .text.PCF8574_Init:00000000 PCF8574_Init
     /tmp/ccE30TCm.s:49     .text.PCF8574_DeInit:00000000 $t
     /tmp/ccE30TCm.s:55     .text.PCF8574_DeInit:00000000 PCF8574_DeInit
     /tmp/ccE30TCm.s:82     .text.PCF8574_Write:00000000 $t
     /tmp/ccE30TCm.s:88     .text.PCF8574_Write:00000000 PCF8574_Write
     /tmp/ccE30TCm.s:143    .text.PCF8574_Read:00000000 $t
     /tmp/ccE30TCm.s:149    .text.PCF8574_Read:00000000 PCF8574_Read

UNDEFINED SYMBOLS
HAL_I2C_DeInit
HAL_I2C_Master_Transmit
HAL_I2C_Master_Receive
