[0.076s] Invoking command in '/home/rob/ros2_ws/src/build/articubot_one': CMAKE_PREFIX_PATH=${CMAKE_PREFIX_PATH}:/opt/ros/humble:/home/rob/ros2_ws/install/manual_drive /usr/bin/cmake /home/rob/ros2_ws/src/articubot_one -DCMAKE_INSTALL_PREFIX=/home/rob/ros2_ws/src/install/articubot_one
[0.744s] -- The C compiler identification is GNU 11.4.0
[1.071s] -- The CXX compiler identification is GNU 11.4.0
[1.129s] -- Detecting C compiler ABI info
[1.508s] -- Detecting C compiler ABI info - done
[1.535s] -- Check for working C compiler: /usr/bin/cc - skipped
[1.537s] -- Detecting C compile features
[1.540s] -- Detecting C compile features - done
[1.555s] -- Detecting CXX compiler ABI info
[1.968s] -- Detecting CXX compiler ABI info - done
[1.997s] -- Check for working CXX compiler: /usr/bin/c++ - skipped
[1.998s] -- Detecting CXX compile features
[2.000s] -- Detecting CXX compile features - done
[2.038s] -- Found ament_cmake: 1.3.11 (/opt/ros/humble/share/ament_cmake/cmake)
[2.894s] -- Found Python3: /usr/bin/python3 (found version "3.10.12") found components: Interpreter 
[3.625s] -- Found ament_lint_auto: 0.12.12 (/opt/ros/humble/share/ament_lint_auto/cmake)
[4.283s] -- Added test 'copyright' to check source files copyright and LICENSE
[4.380s] -- Added test 'flake8' to check Python code syntax and style conventions
[4.394s] -- Added test 'lint_cmake' to check CMake code style
[4.401s] -- Added test 'pep257' to check Python code against some of the docstring style conventions in PEP 257
[4.453s] -- Added test 'xmllint' to check XML markup files
[4.461s] -- Configuring done
[4.485s] -- Generating done
[4.495s] -- Build files have been written to: /home/rob/ros2_ws/src/build/articubot_one
[4.512s] Invoked command in '/home/rob/ros2_ws/src/build/articubot_one' returned '0': CMAKE_PREFIX_PATH=${CMAKE_PREFIX_PATH}:/opt/ros/humble:/home/rob/ros2_ws/install/manual_drive /usr/bin/cmake /home/rob/ros2_ws/src/articubot_one -DCMAKE_INSTALL_PREFIX=/home/rob/ros2_ws/src/install/articubot_one
[4.521s] Invoking command in '/home/rob/ros2_ws/src/build/articubot_one': CMAKE_PREFIX_PATH=${CMAKE_PREFIX_PATH}:/opt/ros/humble:/home/rob/ros2_ws/install/manual_drive /usr/bin/cmake --build /home/rob/ros2_ws/src/build/articubot_one -- -j4 -l4
[4.685s] Invoked command in '/home/rob/ros2_ws/src/build/articubot_one' returned '0': CMAKE_PREFIX_PATH=${CMAKE_PREFIX_PATH}:/opt/ros/humble:/home/rob/ros2_ws/install/manual_drive /usr/bin/cmake --build /home/rob/ros2_ws/src/build/articubot_one -- -j4 -l4
[4.725s] Invoking command in '/home/rob/ros2_ws/src/build/articubot_one': CMAKE_PREFIX_PATH=${CMAKE_PREFIX_PATH}:/opt/ros/humble:/home/rob/ros2_ws/install/manual_drive /usr/bin/cmake --install /home/rob/ros2_ws/src/build/articubot_one
[4.753s] -- Install configuration: ""
[4.755s] -- Installing: /home/rob/ros2_ws/src/install/articubot_one/share/articubot_one/config
[4.757s] -- Installing: /home/rob/ros2_ws/src/install/articubot_one/share/articubot_one/config/gazebo_params.yaml
[4.760s] -- Installing: /home/rob/ros2_ws/src/install/articubot_one/share/articubot_one/config/gaz_ros2_ctl_use_sim.yaml
[4.760s] -- Installing: /home/rob/ros2_ws/src/install/articubot_one/share/articubot_one/config/mapper_params_online_async.yaml
[4.761s] -- Installing: /home/rob/ros2_ws/src/install/articubot_one/share/articubot_one/config/view_bot.rviz
[4.763s] -- Installing: /home/rob/ros2_ws/src/install/articubot_one/share/articubot_one/config/joystick.yaml
[4.766s] -- Installing: /home/rob/ros2_ws/src/install/articubot_one/share/articubot_one/config/twist_mux.yaml
[4.767s] -- Installing: /home/rob/ros2_ws/src/install/articubot_one/share/articubot_one/config/nav2_params.yaml
[4.767s] -- Installing: /home/rob/ros2_ws/src/install/articubot_one/share/articubot_one/config/main.rviz
[4.768s] -- Installing: /home/rob/ros2_ws/src/install/articubot_one/share/articubot_one/config/my_controllers.yaml
[4.768s] -- Installing: /home/rob/ros2_ws/src/install/articubot_one/share/articubot_one/config/ball_tracker_params_robot.yaml
[4.769s] -- Installing: /home/rob/ros2_ws/src/install/articubot_one/share/articubot_one/config/map.rviz
[4.769s] -- Installing: /home/rob/ros2_ws/src/install/articubot_one/share/articubot_one/config/empty.yaml
[4.770s] -- Installing: /home/rob/ros2_ws/src/install/articubot_one/share/articubot_one/config/ball_tracker_params_sim.yaml
[4.770s] -- Installing: /home/rob/ros2_ws/src/install/articubot_one/share/articubot_one/config/drive_bot.rviz
[4.771s] -- Installing: /home/rob/ros2_ws/src/install/articubot_one/share/articubot_one/description
[4.771s] -- Installing: /home/rob/ros2_ws/src/install/articubot_one/share/articubot_one/description/inertial_macros.xacro
[4.772s] -- Installing: /home/rob/ros2_ws/src/install/articubot_one/share/articubot_one/description/depth_camera.xacro
[4.773s] -- Installing: /home/rob/ros2_ws/src/install/articubot_one/share/articubot_one/description/camera.xacro
[4.773s] -- Installing: /home/rob/ros2_ws/src/install/articubot_one/share/articubot_one/description/face.xacro
[4.774s] -- Installing: /home/rob/ros2_ws/src/install/articubot_one/share/articubot_one/description/ros2_control.xacro
[4.775s] -- Installing: /home/rob/ros2_ws/src/install/articubot_one/share/articubot_one/description/robot.urdf.xacro
[4.777s] -- Installing: /home/rob/ros2_ws/src/install/articubot_one/share/articubot_one/description/lidar.xacro
[4.779s] -- Installing: /home/rob/ros2_ws/src/install/articubot_one/share/articubot_one/description/robot_core.xacro
[4.780s] -- Installing: /home/rob/ros2_ws/src/install/articubot_one/share/articubot_one/description/gazebo_control.xacro
[4.782s] -- Installing: /home/rob/ros2_ws/src/install/articubot_one/share/articubot_one/launch
[4.783s] -- Installing: /home/rob/ros2_ws/src/install/articubot_one/share/articubot_one/launch/joystick.launch.py
[4.785s] -- Installing: /home/rob/ros2_ws/src/install/articubot_one/share/articubot_one/launch/rsp.launch.py
[4.786s] -- Installing: /home/rob/ros2_ws/src/install/articubot_one/share/articubot_one/launch/launch_robot.launch.py
[4.788s] -- Installing: /home/rob/ros2_ws/src/install/articubot_one/share/articubot_one/launch/localization_launch.py
[4.790s] -- Installing: /home/rob/ros2_ws/src/install/articubot_one/share/articubot_one/launch/ball_tracker.launch.py
[4.791s] -- Installing: /home/rob/ros2_ws/src/install/articubot_one/share/articubot_one/launch/launch_sim.launch.py
[4.793s] -- Installing: /home/rob/ros2_ws/src/install/articubot_one/share/articubot_one/launch/online_async_launch.py
[4.795s] -- Installing: /home/rob/ros2_ws/src/install/articubot_one/share/articubot_one/launch/navigation_launch.py
[4.796s] -- Installing: /home/rob/ros2_ws/src/install/articubot_one/share/articubot_one/launch/camera.launch.py
[4.796s] -- Installing: /home/rob/ros2_ws/src/install/articubot_one/share/articubot_one/launch/rplidar.launch.py
[4.799s] -- Installing: /home/rob/ros2_ws/src/install/articubot_one/share/articubot_one/worlds
[4.799s] -- Installing: /home/rob/ros2_ws/src/install/articubot_one/share/articubot_one/worlds/obstacles.world
[4.800s] -- Installing: /home/rob/ros2_ws/src/install/articubot_one/share/articubot_one/worlds/empty.world
[4.800s] -- Installing: /home/rob/ros2_ws/src/install/articubot_one/share/ament_index/resource_index/package_run_dependencies/articubot_one
[4.801s] -- Installing: /home/rob/ros2_ws/src/install/articubot_one/share/ament_index/resource_index/parent_prefix_path/articubot_one
[4.803s] -- Installing: /home/rob/ros2_ws/src/install/articubot_one/share/articubot_one/environment/ament_prefix_path.sh
[4.804s] -- Installing: /home/rob/ros2_ws/src/install/articubot_one/share/articubot_one/environment/ament_prefix_path.dsv
[4.805s] -- Installing: /home/rob/ros2_ws/src/install/articubot_one/share/articubot_one/environment/path.sh
[4.806s] -- Installing: /home/rob/ros2_ws/src/install/articubot_one/share/articubot_one/environment/path.dsv
[4.808s] -- Installing: /home/rob/ros2_ws/src/install/articubot_one/share/articubot_one/local_setup.bash
[4.809s] -- Installing: /home/rob/ros2_ws/src/install/articubot_one/share/articubot_one/local_setup.sh
[4.810s] -- Installing: /home/rob/ros2_ws/src/install/articubot_one/share/articubot_one/local_setup.zsh
[4.813s] -- Installing: /home/rob/ros2_ws/src/install/articubot_one/share/articubot_one/local_setup.dsv
[4.813s] -- Installing: /home/rob/ros2_ws/src/install/articubot_one/share/articubot_one/package.dsv
[4.815s] -- Installing: /home/rob/ros2_ws/src/install/articubot_one/share/ament_index/resource_index/packages/articubot_one
[4.816s] -- Installing: /home/rob/ros2_ws/src/install/articubot_one/share/articubot_one/cmake/articubot_oneConfig.cmake
[4.817s] -- Installing: /home/rob/ros2_ws/src/install/articubot_one/share/articubot_one/cmake/articubot_oneConfig-version.cmake
[4.819s] -- Installing: /home/rob/ros2_ws/src/install/articubot_one/share/articubot_one/package.xml
[4.826s] Invoked command in '/home/rob/ros2_ws/src/build/articubot_one' returned '0': CMAKE_PREFIX_PATH=${CMAKE_PREFIX_PATH}:/opt/ros/humble:/home/rob/ros2_ws/install/manual_drive /usr/bin/cmake --install /home/rob/ros2_ws/src/build/articubot_one
