[0.589s] DEBUG:colcon:Command line arguments: ['/usr/local/bin/colcon', 'build']
[0.589s] DEBUG:colcon:Parsed command line arguments: Namespace(log_base=None, log_level=None, verb_name='build', build_base='build', install_base='install', merge_install=False, symlink_install=False, test_result_base=None, continue_on_error=False, executor='parallel', parallel_workers=4, event_handlers=None, ignore_user_meta=False, metas=['./colcon.meta'], base_paths=['.'], packages_ignore=None, packages_ignore_regex=None, paths=None, packages_up_to=None, packages_up_to_regex=None, packages_above=None, packages_above_and_dependencies=None, packages_above_depth=None, packages_select_by_dep=None, packages_skip_by_dep=None, packages_skip_up_to=None, packages_select_build_failed=False, packages_skip_build_finished=False, packages_select_test_failures=False, packages_skip_test_passed=False, packages_select=None, packages_skip=None, packages_select_regex=None, packages_skip_regex=None, packages_start=None, packages_end=None, cmake_args=None, cmake_target=None, cmake_target_skip_unavailable=False, cmake_clean_cache=False, cmake_clean_first=False, cmake_force_configure=False, ament_cmake_args=None, catkin_cmake_args=None, catkin_skip_building_tests=False, verb_parser=<colcon_defaults.argument_parser.defaults.DefaultArgumentsDecorator object at 0xffff9535c670>, verb_extension=<colcon_core.verb.build.BuildVerb object at 0xffff954e5b70>, main=<bound method BuildVerb.main of <colcon_core.verb.build.BuildVerb object at 0xffff954e5b70>>)
[1.352s] Level 1:colcon.colcon_core.package_discovery:discover_packages(colcon_meta) check parameters
[1.353s] Level 1:colcon.colcon_core.package_discovery:discover_packages(recursive) check parameters
[1.353s] Level 1:colcon.colcon_core.package_discovery:discover_packages(ignore) check parameters
[1.353s] Level 1:colcon.colcon_core.package_discovery:discover_packages(path) check parameters
[1.353s] Level 1:colcon.colcon_core.package_discovery:discover_packages(colcon_meta) discover
[1.354s] Level 1:colcon.colcon_core.package_discovery:discover_packages(recursive) discover
[1.354s] INFO:colcon.colcon_core.package_discovery:Crawling recursively for packages in '/home/rob/ros2_ws/src'
[1.354s] Level 1:colcon.colcon_core.package_identification:_identify(.) by extensions ['ignore', 'ignore_ament_install']
[1.355s] Level 1:colcon.colcon_core.package_identification:_identify(.) by extension 'ignore'
[1.355s] Level 1:colcon.colcon_core.package_identification:_identify(.) by extension 'ignore_ament_install'
[1.355s] Level 1:colcon.colcon_core.package_identification:_identify(.) by extensions ['colcon_pkg']
[1.355s] Level 1:colcon.colcon_core.package_identification:_identify(.) by extension 'colcon_pkg'
[1.356s] Level 1:colcon.colcon_core.package_identification:_identify(.) by extensions ['colcon_meta']
[1.356s] Level 1:colcon.colcon_core.package_identification:_identify(.) by extension 'colcon_meta'
[1.356s] Level 1:colcon.colcon_core.package_identification:_identify(.) by extensions ['ros']
[1.356s] Level 1:colcon.colcon_core.package_identification:_identify(.) by extension 'ros'
[1.400s] Level 1:colcon.colcon_core.package_identification:_identify(.) by extensions ['cmake', 'python']
[1.400s] Level 1:colcon.colcon_core.package_identification:_identify(.) by extension 'cmake'
[1.400s] Level 1:colcon.colcon_core.package_identification:_identify(.) by extension 'python'
[1.400s] Level 1:colcon.colcon_core.package_identification:_identify(.) by extensions ['python_setup_py']
[1.401s] Level 1:colcon.colcon_core.package_identification:_identify(.) by extension 'python_setup_py'
[1.401s] Level 1:colcon.colcon_core.package_identification:_identify(articubot_one) by extensions ['ignore', 'ignore_ament_install']
[1.402s] Level 1:colcon.colcon_core.package_identification:_identify(articubot_one) by extension 'ignore'
[1.402s] Level 1:colcon.colcon_core.package_identification:_identify(articubot_one) by extension 'ignore_ament_install'
[1.402s] Level 1:colcon.colcon_core.package_identification:_identify(articubot_one) by extensions ['colcon_pkg']
[1.402s] Level 1:colcon.colcon_core.package_identification:_identify(articubot_one) by extension 'colcon_pkg'
[1.403s] Level 1:colcon.colcon_core.package_identification:_identify(articubot_one) by extensions ['colcon_meta']
[1.403s] Level 1:colcon.colcon_core.package_identification:_identify(articubot_one) by extension 'colcon_meta'
[1.403s] Level 1:colcon.colcon_core.package_identification:_identify(articubot_one) by extensions ['ros']
[1.403s] Level 1:colcon.colcon_core.package_identification:_identify(articubot_one) by extension 'ros'
[1.417s] DEBUG:colcon.colcon_core.package_identification:Package 'articubot_one' with type 'ros.ament_cmake' and name 'articubot_one'
[1.418s] Level 1:colcon.colcon_core.package_identification:_identify(build) by extensions ['ignore', 'ignore_ament_install']
[1.419s] Level 1:colcon.colcon_core.package_identification:_identify(build) by extension 'ignore'
[1.419s] Level 1:colcon.colcon_core.package_identification:_identify(build) ignored
[1.419s] Level 1:colcon.colcon_core.package_identification:_identify(install) by extensions ['ignore', 'ignore_ament_install']
[1.420s] Level 1:colcon.colcon_core.package_identification:_identify(install) by extension 'ignore'
[1.420s] Level 1:colcon.colcon_core.package_identification:_identify(install) ignored
[1.421s] Level 1:colcon.colcon_core.package_identification:_identify(log) by extensions ['ignore', 'ignore_ament_install']
[1.421s] Level 1:colcon.colcon_core.package_identification:_identify(log) by extension 'ignore'
[1.421s] Level 1:colcon.colcon_core.package_identification:_identify(log) ignored
[1.422s] Level 1:colcon.colcon_core.package_identification:_identify(manual_drive) by extensions ['ignore', 'ignore_ament_install']
[1.422s] Level 1:colcon.colcon_core.package_identification:_identify(manual_drive) by extension 'ignore'
[1.423s] Level 1:colcon.colcon_core.package_identification:_identify(manual_drive) by extension 'ignore_ament_install'
[1.423s] Level 1:colcon.colcon_core.package_identification:_identify(manual_drive) by extensions ['colcon_pkg']
[1.423s] Level 1:colcon.colcon_core.package_identification:_identify(manual_drive) by extension 'colcon_pkg'
[1.423s] Level 1:colcon.colcon_core.package_identification:_identify(manual_drive) by extensions ['colcon_meta']
[1.423s] Level 1:colcon.colcon_core.package_identification:_identify(manual_drive) by extension 'colcon_meta'
[1.423s] Level 1:colcon.colcon_core.package_identification:_identify(manual_drive) by extensions ['ros']
[1.424s] Level 1:colcon.colcon_core.package_identification:_identify(manual_drive) by extension 'ros'
[1.426s] DEBUG:colcon.colcon_core.package_identification:Package 'manual_drive' with type 'ros.ament_python' and name 'manual_drive'
[1.426s] Level 1:colcon.colcon_core.package_discovery:discover_packages(recursive) using defaults
[1.426s] Level 1:colcon.colcon_core.package_discovery:discover_packages(ignore) discover
[1.426s] Level 1:colcon.colcon_core.package_discovery:discover_packages(ignore) using defaults
[1.427s] Level 1:colcon.colcon_core.package_discovery:discover_packages(path) discover
[1.427s] Level 1:colcon.colcon_core.package_discovery:discover_packages(path) using defaults
[1.520s] Level 5:colcon.colcon_core.verb:set package 'articubot_one' build argument 'cmake_args' from command line to 'None'
[1.520s] Level 5:colcon.colcon_core.verb:set package 'articubot_one' build argument 'cmake_target' from command line to 'None'
[1.520s] Level 5:colcon.colcon_core.verb:set package 'articubot_one' build argument 'cmake_target_skip_unavailable' from command line to 'False'
[1.521s] Level 5:colcon.colcon_core.verb:set package 'articubot_one' build argument 'cmake_clean_cache' from command line to 'False'
[1.521s] Level 5:colcon.colcon_core.verb:set package 'articubot_one' build argument 'cmake_clean_first' from command line to 'False'
[1.521s] Level 5:colcon.colcon_core.verb:set package 'articubot_one' build argument 'cmake_force_configure' from command line to 'False'
[1.521s] Level 5:colcon.colcon_core.verb:set package 'articubot_one' build argument 'ament_cmake_args' from command line to 'None'
[1.521s] Level 5:colcon.colcon_core.verb:set package 'articubot_one' build argument 'catkin_cmake_args' from command line to 'None'
[1.521s] Level 5:colcon.colcon_core.verb:set package 'articubot_one' build argument 'catkin_skip_building_tests' from command line to 'False'
[1.522s] DEBUG:colcon.colcon_core.verb:Building package 'articubot_one' with the following arguments: {'ament_cmake_args': None, 'build_base': '/home/rob/ros2_ws/src/build/articubot_one', 'catkin_cmake_args': None, 'catkin_skip_building_tests': False, 'cmake_args': None, 'cmake_clean_cache': False, 'cmake_clean_first': False, 'cmake_force_configure': False, 'cmake_target': None, 'cmake_target_skip_unavailable': False, 'install_base': '/home/rob/ros2_ws/src/install/articubot_one', 'merge_install': False, 'path': '/home/rob/ros2_ws/src/articubot_one', 'symlink_install': False, 'test_result_base': None}
[1.523s] Level 5:colcon.colcon_core.verb:set package 'manual_drive' build argument 'cmake_args' from command line to 'None'
[1.524s] Level 5:colcon.colcon_core.verb:set package 'manual_drive' build argument 'cmake_target' from command line to 'None'
[1.524s] Level 5:colcon.colcon_core.verb:set package 'manual_drive' build argument 'cmake_target_skip_unavailable' from command line to 'False'
[1.524s] Level 5:colcon.colcon_core.verb:set package 'manual_drive' build argument 'cmake_clean_cache' from command line to 'False'
[1.524s] Level 5:colcon.colcon_core.verb:set package 'manual_drive' build argument 'cmake_clean_first' from command line to 'False'
[1.524s] Level 5:colcon.colcon_core.verb:set package 'manual_drive' build argument 'cmake_force_configure' from command line to 'False'
[1.524s] Level 5:colcon.colcon_core.verb:set package 'manual_drive' build argument 'ament_cmake_args' from command line to 'None'
[1.525s] Level 5:colcon.colcon_core.verb:set package 'manual_drive' build argument 'catkin_cmake_args' from command line to 'None'
[1.525s] Level 5:colcon.colcon_core.verb:set package 'manual_drive' build argument 'catkin_skip_building_tests' from command line to 'False'
[1.525s] DEBUG:colcon.colcon_core.verb:Building package 'manual_drive' with the following arguments: {'ament_cmake_args': None, 'build_base': '/home/rob/ros2_ws/src/build/manual_drive', 'catkin_cmake_args': None, 'catkin_skip_building_tests': False, 'cmake_args': None, 'cmake_clean_cache': False, 'cmake_clean_first': False, 'cmake_force_configure': False, 'cmake_target': None, 'cmake_target_skip_unavailable': False, 'install_base': '/home/rob/ros2_ws/src/install/manual_drive', 'merge_install': False, 'path': '/home/rob/ros2_ws/src/manual_drive', 'symlink_install': False, 'test_result_base': None}
[1.526s] INFO:colcon.colcon_core.executor:Executing jobs using 'parallel' executor
[1.530s] DEBUG:colcon.colcon_parallel_executor.executor.parallel:run_until_complete
[1.531s] INFO:colcon.colcon_ros.task.ament_cmake.build:Building ROS package in '/home/rob/ros2_ws/src/articubot_one' with build type 'ament_cmake'
[1.533s] INFO:colcon.colcon_cmake.task.cmake.build:Building CMake package in '/home/rob/ros2_ws/src/articubot_one'
[1.545s] INFO:colcon.colcon_core.plugin_system:Skipping extension 'colcon_core.shell.bat': Not used on non-Windows systems
[1.546s] INFO:colcon.colcon_core.shell:Skip shell extension 'powershell' for command environment: Not usable outside of PowerShell
[1.546s] DEBUG:colcon.colcon_core.shell:Skip shell extension 'dsv' for command environment
[1.583s] INFO:colcon.colcon_ros.task.ament_python.build:Building ROS package in '/home/rob/ros2_ws/src/manual_drive' with build type 'ament_python'
[1.585s] Level 1:colcon.colcon_core.shell:create_environment_hook('manual_drive', 'ament_prefix_path')
[1.586s] INFO:colcon.colcon_core.shell:Creating environment hook '/home/rob/ros2_ws/src/install/manual_drive/share/manual_drive/hook/ament_prefix_path.ps1'
[1.590s] INFO:colcon.colcon_core.shell:Creating environment descriptor '/home/rob/ros2_ws/src/install/manual_drive/share/manual_drive/hook/ament_prefix_path.dsv'
[1.593s] INFO:colcon.colcon_core.shell:Creating environment hook '/home/rob/ros2_ws/src/install/manual_drive/share/manual_drive/hook/ament_prefix_path.sh'
[1.600s] INFO:colcon.colcon_core.shell:Skip shell extension 'powershell' for command environment: Not usable outside of PowerShell
[1.601s] DEBUG:colcon.colcon_core.shell:Skip shell extension 'dsv' for command environment
[1.666s] DEBUG:colcon.colcon_core.event_handler.log_command:Invoking command in '/home/rob/ros2_ws/src/build/articubot_one': CMAKE_PREFIX_PATH=${CMAKE_PREFIX_PATH}:/home/rob/ros2_ws/install/manual_drive:/home/rob/turtlebot3_ws/install/turtlebot3_example:/opt/ros/humble /usr/bin/cmake /home/rob/ros2_ws/src/articubot_one -DCMAKE_INSTALL_PREFIX=/home/rob/ros2_ws/src/install/articubot_one
[3.477s] INFO:colcon.colcon_core.task.python.build:Building Python package in '/home/rob/ros2_ws/src/manual_drive'
[3.478s] INFO:colcon.colcon_core.shell:Skip shell extension 'powershell' for command environment: Not usable outside of PowerShell
[3.479s] DEBUG:colcon.colcon_core.shell:Skip shell extension 'dsv' for command environment
[3.528s] DEBUG:colcon.colcon_core.event_handler.log_command:Invoked command in '/home/rob/ros2_ws/src/build/articubot_one' returned '0': CMAKE_PREFIX_PATH=${CMAKE_PREFIX_PATH}:/home/rob/ros2_ws/install/manual_drive:/home/rob/turtlebot3_ws/install/turtlebot3_example:/opt/ros/humble /usr/bin/cmake /home/rob/ros2_ws/src/articubot_one -DCMAKE_INSTALL_PREFIX=/home/rob/ros2_ws/src/install/articubot_one
[3.541s] DEBUG:colcon.colcon_core.event_handler.log_command:Invoking command in '/home/rob/ros2_ws/src/build/articubot_one': CMAKE_PREFIX_PATH=${CMAKE_PREFIX_PATH}:/home/rob/ros2_ws/install/manual_drive:/home/rob/turtlebot3_ws/install/turtlebot3_example:/opt/ros/humble /usr/bin/cmake --build /home/rob/ros2_ws/src/build/articubot_one -- -j4 -l4
[3.731s] DEBUG:colcon.colcon_core.event_handler.log_command:Invoked command in '/home/rob/ros2_ws/src/build/articubot_one' returned '0': CMAKE_PREFIX_PATH=${CMAKE_PREFIX_PATH}:/home/rob/ros2_ws/install/manual_drive:/home/rob/turtlebot3_ws/install/turtlebot3_example:/opt/ros/humble /usr/bin/cmake --build /home/rob/ros2_ws/src/build/articubot_one -- -j4 -l4
[3.777s] DEBUG:colcon.colcon_core.event_handler.log_command:Invoking command in '/home/rob/ros2_ws/src/build/articubot_one': CMAKE_PREFIX_PATH=${CMAKE_PREFIX_PATH}:/home/rob/ros2_ws/install/manual_drive:/home/rob/turtlebot3_ws/install/turtlebot3_example:/opt/ros/humble /usr/bin/cmake --install /home/rob/ros2_ws/src/build/articubot_one
[4.168s] Level 1:colcon.colcon_core.environment:create_environment_scripts_only(articubot_one)
[4.170s] DEBUG:colcon.colcon_core.event_handler.log_command:Invoked command in '/home/rob/ros2_ws/src/build/articubot_one' returned '0': CMAKE_PREFIX_PATH=${CMAKE_PREFIX_PATH}:/home/rob/ros2_ws/install/manual_drive:/home/rob/turtlebot3_ws/install/turtlebot3_example:/opt/ros/humble /usr/bin/cmake --install /home/rob/ros2_ws/src/build/articubot_one
[4.181s] Level 1:colcon.colcon_core.environment:checking '/home/rob/ros2_ws/src/install/articubot_one' for CMake module files
[4.184s] Level 1:colcon.colcon_core.environment:checking '/home/rob/ros2_ws/src/install/articubot_one' for CMake config files
[4.187s] Level 1:colcon.colcon_core.shell:create_environment_hook('articubot_one', 'cmake_prefix_path')
[4.188s] INFO:colcon.colcon_core.shell:Creating environment hook '/home/rob/ros2_ws/src/install/articubot_one/share/articubot_one/hook/cmake_prefix_path.ps1'
[4.191s] INFO:colcon.colcon_core.shell:Creating environment descriptor '/home/rob/ros2_ws/src/install/articubot_one/share/articubot_one/hook/cmake_prefix_path.dsv'
[4.193s] INFO:colcon.colcon_core.shell:Creating environment hook '/home/rob/ros2_ws/src/install/articubot_one/share/articubot_one/hook/cmake_prefix_path.sh'
[4.198s] Level 1:colcon.colcon_core.environment:checking '/home/rob/ros2_ws/src/install/articubot_one/lib'
[4.201s] Level 1:colcon.colcon_core.environment:checking '/home/rob/ros2_ws/src/install/articubot_one/bin'
[4.202s] Level 1:colcon.colcon_core.environment:checking '/home/rob/ros2_ws/src/install/articubot_one/lib/pkgconfig/articubot_one.pc'
[4.203s] Level 1:colcon.colcon_core.environment:checking '/home/rob/ros2_ws/src/install/articubot_one/lib/python3.10/site-packages'
[4.204s] Level 1:colcon.colcon_core.environment:checking '/home/rob/ros2_ws/src/install/articubot_one/bin'
[4.205s] INFO:colcon.colcon_core.shell:Creating package script '/home/rob/ros2_ws/src/install/articubot_one/share/articubot_one/package.ps1'
[4.209s] INFO:colcon.colcon_core.shell:Creating package descriptor '/home/rob/ros2_ws/src/install/articubot_one/share/articubot_one/package.dsv'
[4.213s] INFO:colcon.colcon_core.shell:Creating package script '/home/rob/ros2_ws/src/install/articubot_one/share/articubot_one/package.sh'
[4.217s] INFO:colcon.colcon_core.shell:Creating package script '/home/rob/ros2_ws/src/install/articubot_one/share/articubot_one/package.bash'
[4.222s] INFO:colcon.colcon_core.shell:Creating package script '/home/rob/ros2_ws/src/install/articubot_one/share/articubot_one/package.zsh'
[4.226s] Level 1:colcon.colcon_core.environment:create_file_with_runtime_dependencies(/home/rob/ros2_ws/src/install/articubot_one/share/colcon-core/packages/articubot_one)
[4.230s] Level 1:colcon.colcon_core.environment:create_environment_scripts_only(articubot_one)
[4.231s] Level 1:colcon.colcon_core.environment:checking '/home/rob/ros2_ws/src/install/articubot_one' for CMake module files
[4.235s] Level 1:colcon.colcon_core.environment:checking '/home/rob/ros2_ws/src/install/articubot_one' for CMake config files
[4.238s] Level 1:colcon.colcon_core.shell:create_environment_hook('articubot_one', 'cmake_prefix_path')
[4.239s] INFO:colcon.colcon_core.shell:Creating environment hook '/home/rob/ros2_ws/src/install/articubot_one/share/articubot_one/hook/cmake_prefix_path.ps1'
[4.242s] INFO:colcon.colcon_core.shell:Creating environment descriptor '/home/rob/ros2_ws/src/install/articubot_one/share/articubot_one/hook/cmake_prefix_path.dsv'
[4.244s] INFO:colcon.colcon_core.shell:Creating environment hook '/home/rob/ros2_ws/src/install/articubot_one/share/articubot_one/hook/cmake_prefix_path.sh'
[4.248s] Level 1:colcon.colcon_core.environment:checking '/home/rob/ros2_ws/src/install/articubot_one/lib'
[4.249s] Level 1:colcon.colcon_core.environment:checking '/home/rob/ros2_ws/src/install/articubot_one/bin'
[4.249s] Level 1:colcon.colcon_core.environment:checking '/home/rob/ros2_ws/src/install/articubot_one/lib/pkgconfig/articubot_one.pc'
[4.251s] Level 1:colcon.colcon_core.environment:checking '/home/rob/ros2_ws/src/install/articubot_one/lib/python3.10/site-packages'
[4.252s] Level 1:colcon.colcon_core.environment:checking '/home/rob/ros2_ws/src/install/articubot_one/bin'
[4.253s] INFO:colcon.colcon_core.shell:Creating package script '/home/rob/ros2_ws/src/install/articubot_one/share/articubot_one/package.ps1'
[4.256s] INFO:colcon.colcon_core.shell:Creating package descriptor '/home/rob/ros2_ws/src/install/articubot_one/share/articubot_one/package.dsv'
[4.259s] INFO:colcon.colcon_core.shell:Creating package script '/home/rob/ros2_ws/src/install/articubot_one/share/articubot_one/package.sh'
[4.262s] INFO:colcon.colcon_core.shell:Creating package script '/home/rob/ros2_ws/src/install/articubot_one/share/articubot_one/package.bash'
[4.266s] INFO:colcon.colcon_core.shell:Creating package script '/home/rob/ros2_ws/src/install/articubot_one/share/articubot_one/package.zsh'
[4.269s] Level 1:colcon.colcon_core.environment:create_file_with_runtime_dependencies(/home/rob/ros2_ws/src/install/articubot_one/share/colcon-core/packages/articubot_one)
[5.646s] DEBUG:colcon.colcon_core.event_handler.log_command:Invoking command in '/home/rob/ros2_ws/src/build/manual_drive': PYTHONPATH=/home/rob/ros2_ws/src/build/manual_drive/prefix_override:/home/rob/.local/lib/python3.10/site-packages/colcon_core/task/python/colcon_distutils_commands:/home/rob/ros2_ws/src/install/manual_drive/lib/python3.10/site-packages:${PYTHONPATH} /usr/bin/python3 -W ignore:setup.py install is deprecated -W ignore:easy_install command is deprecated setup.py develop --uninstall --editable --build-directory /home/rob/ros2_ws/src/build/manual_drive/build
[8.127s] DEBUG:colcon.colcon_core.event_handler.log_command:Invoked command in '/home/rob/ros2_ws/src/build/manual_drive' returned '0': PYTHONPATH=/home/rob/ros2_ws/src/build/manual_drive/prefix_override:/home/rob/.local/lib/python3.10/site-packages/colcon_core/task/python/colcon_distutils_commands:/home/rob/ros2_ws/src/install/manual_drive/lib/python3.10/site-packages:${PYTHONPATH} /usr/bin/python3 -W ignore:setup.py install is deprecated -W ignore:easy_install command is deprecated setup.py develop --uninstall --editable --build-directory /home/rob/ros2_ws/src/build/manual_drive/build
[8.139s] DEBUG:colcon.colcon_core.event_handler.log_command:Invoking command in '/home/rob/ros2_ws/src/manual_drive': PYTHONPATH=/home/rob/ros2_ws/src/build/manual_drive/prefix_override:/home/rob/.local/lib/python3.10/site-packages/colcon_core/task/python/colcon_distutils_commands:/home/rob/ros2_ws/src/install/manual_drive/lib/python3.10/site-packages:${PYTHONPATH} /usr/bin/python3 -W ignore:setup.py install is deprecated -W ignore:easy_install command is deprecated setup.py egg_info --egg-base ../build/manual_drive build --build-base /home/rob/ros2_ws/src/build/manual_drive/build install --record /home/rob/ros2_ws/src/build/manual_drive/install.log --single-version-externally-managed install_data --force
[9.656s] Level 1:colcon.colcon_core.environment:checking '/home/rob/ros2_ws/src/install/manual_drive' for CMake module files
[9.658s] DEBUG:colcon.colcon_core.event_handler.log_command:Invoked command in '/home/rob/ros2_ws/src/manual_drive' returned '0': PYTHONPATH=/home/rob/ros2_ws/src/build/manual_drive/prefix_override:/home/rob/.local/lib/python3.10/site-packages/colcon_core/task/python/colcon_distutils_commands:/home/rob/ros2_ws/src/install/manual_drive/lib/python3.10/site-packages:${PYTHONPATH} /usr/bin/python3 -W ignore:setup.py install is deprecated -W ignore:easy_install command is deprecated setup.py egg_info --egg-base ../build/manual_drive build --build-base /home/rob/ros2_ws/src/build/manual_drive/build install --record /home/rob/ros2_ws/src/build/manual_drive/install.log --single-version-externally-managed install_data --force
[9.660s] Level 1:colcon.colcon_core.environment:checking '/home/rob/ros2_ws/src/install/manual_drive' for CMake config files
[9.664s] Level 1:colcon.colcon_core.environment:checking '/home/rob/ros2_ws/src/install/manual_drive/lib'
[9.665s] Level 1:colcon.colcon_core.environment:checking '/home/rob/ros2_ws/src/install/manual_drive/bin'
[9.665s] Level 1:colcon.colcon_core.environment:checking '/home/rob/ros2_ws/src/install/manual_drive/lib/pkgconfig/manual_drive.pc'
[9.667s] Level 1:colcon.colcon_core.environment:checking '/home/rob/ros2_ws/src/install/manual_drive/lib/python3.10/site-packages'
[9.667s] Level 1:colcon.colcon_core.shell:create_environment_hook('manual_drive', 'pythonpath')
[9.668s] INFO:colcon.colcon_core.shell:Creating environment hook '/home/rob/ros2_ws/src/install/manual_drive/share/manual_drive/hook/pythonpath.ps1'
[9.671s] INFO:colcon.colcon_core.shell:Creating environment descriptor '/home/rob/ros2_ws/src/install/manual_drive/share/manual_drive/hook/pythonpath.dsv'
[9.674s] INFO:colcon.colcon_core.shell:Creating environment hook '/home/rob/ros2_ws/src/install/manual_drive/share/manual_drive/hook/pythonpath.sh'
[9.678s] Level 1:colcon.colcon_core.environment:checking '/home/rob/ros2_ws/src/install/manual_drive/bin'
[9.678s] Level 1:colcon.colcon_core.environment:create_environment_scripts_only(manual_drive)
[9.680s] INFO:colcon.colcon_core.shell:Creating package script '/home/rob/ros2_ws/src/install/manual_drive/share/manual_drive/package.ps1'
[9.683s] INFO:colcon.colcon_core.shell:Creating package descriptor '/home/rob/ros2_ws/src/install/manual_drive/share/manual_drive/package.dsv'
[9.686s] INFO:colcon.colcon_core.shell:Creating package script '/home/rob/ros2_ws/src/install/manual_drive/share/manual_drive/package.sh'
[9.689s] INFO:colcon.colcon_core.shell:Creating package script '/home/rob/ros2_ws/src/install/manual_drive/share/manual_drive/package.bash'
[9.692s] INFO:colcon.colcon_core.shell:Creating package script '/home/rob/ros2_ws/src/install/manual_drive/share/manual_drive/package.zsh'
[9.694s] Level 1:colcon.colcon_core.environment:create_file_with_runtime_dependencies(/home/rob/ros2_ws/src/install/manual_drive/share/colcon-core/packages/manual_drive)
[9.696s] DEBUG:colcon.colcon_parallel_executor.executor.parallel:closing loop
[9.698s] DEBUG:colcon.colcon_parallel_executor.executor.parallel:loop closed
[9.698s] DEBUG:colcon.colcon_parallel_executor.executor.parallel:run_until_complete finished with '0'
[9.699s] DEBUG:colcon.colcon_core.event_reactor:joining thread
[9.739s] INFO:colcon.colcon_core.plugin_system:Skipping extension 'colcon_notification.desktop_notification.notify_send': Could not find 'notify-send'
[9.740s] INFO:colcon.colcon_core.plugin_system:Skipping extension 'colcon_notification.desktop_notification.terminal_notifier': Not used on non-Darwin systems
[9.742s] INFO:colcon.colcon_core.plugin_system:Skipping extension 'colcon_notification.desktop_notification.win32': Not used on non-Windows systems
[9.742s] INFO:colcon.colcon_notification.desktop_notification:Sending desktop notification using 'notify2'
[9.745s] DEBUG:colcon.colcon_notification.desktop_notification.notify2:Failed to initialize notify2: org.freedesktop.DBus.Error.ServiceUnknown: The name org.freedesktop.Notifications was not provided by any .service files
[9.746s] DEBUG:colcon.colcon_core.event_reactor:joined thread
[9.747s] INFO:colcon.colcon_core.shell:Creating prefix script '/home/rob/ros2_ws/src/install/local_setup.ps1'
[9.752s] INFO:colcon.colcon_core.shell:Creating prefix util module '/home/rob/ros2_ws/src/install/_local_setup_util_ps1.py'
[9.759s] INFO:colcon.colcon_core.shell:Creating prefix chain script '/home/rob/ros2_ws/src/install/setup.ps1'
[9.767s] INFO:colcon.colcon_core.shell:Creating prefix script '/home/rob/ros2_ws/src/install/local_setup.sh'
[9.770s] INFO:colcon.colcon_core.shell:Creating prefix util module '/home/rob/ros2_ws/src/install/_local_setup_util_sh.py'
[9.774s] INFO:colcon.colcon_core.shell:Creating prefix chain script '/home/rob/ros2_ws/src/install/setup.sh'
[9.782s] INFO:colcon.colcon_core.shell:Creating prefix script '/home/rob/ros2_ws/src/install/local_setup.bash'
[9.785s] INFO:colcon.colcon_core.shell:Creating prefix chain script '/home/rob/ros2_ws/src/install/setup.bash'
[9.798s] INFO:colcon.colcon_core.shell:Creating prefix script '/home/rob/ros2_ws/src/install/local_setup.zsh'
[9.801s] INFO:colcon.colcon_core.shell:Creating prefix chain script '/home/rob/ros2_ws/src/install/setup.zsh'
