running develop
Removing /home/rob/ros2_ws/src/install/manual_drive/lib/python3.10/site-packages/manual-drive.egg-link (link to .)
running egg_info
writing ../build/manual_drive/manual_drive.egg-info/PKG-INFO
writing dependency_links to ../build/manual_drive/manual_drive.egg-info/dependency_links.txt
writing entry points to ../build/manual_drive/manual_drive.egg-info/entry_points.txt
writing requirements to ../build/manual_drive/manual_drive.egg-info/requires.txt
writing top-level names to ../build/manual_drive/manual_drive.egg-info/top_level.txt
reading manifest file '../build/manual_drive/manual_drive.egg-info/SOURCES.txt'
writing manifest file '../build/manual_drive/manual_drive.egg-info/SOURCES.txt'
running build
running build_py
copying manual_drive/hoverboard_controller.py -> /home/rob/ros2_ws/src/build/manual_drive/build/lib/manual_drive
copying manual_drive/manual_drive_node.py -> /home/rob/ros2_ws/src/build/manual_drive/build/lib/manual_drive
running install
running install_lib
creating /home/rob/ros2_ws/src/install/manual_drive/lib/python3.10/site-packages/manual_drive
copying /home/rob/ros2_ws/src/build/manual_drive/build/lib/manual_drive/__init__.py -> /home/rob/ros2_ws/src/install/manual_drive/lib/python3.10/site-packages/manual_drive
copying /home/rob/ros2_ws/src/build/manual_drive/build/lib/manual_drive/hoverboard_controller.py -> /home/rob/ros2_ws/src/install/manual_drive/lib/python3.10/site-packages/manual_drive
copying /home/rob/ros2_ws/src/build/manual_drive/build/lib/manual_drive/manual_drive_node.py -> /home/rob/ros2_ws/src/install/manual_drive/lib/python3.10/site-packages/manual_drive
byte-compiling /home/rob/ros2_ws/src/install/manual_drive/lib/python3.10/site-packages/manual_drive/__init__.py to __init__.cpython-310.pyc
byte-compiling /home/rob/ros2_ws/src/install/manual_drive/lib/python3.10/site-packages/manual_drive/hoverboard_controller.py to hoverboard_controller.cpython-310.pyc
byte-compiling /home/rob/ros2_ws/src/install/manual_drive/lib/python3.10/site-packages/manual_drive/manual_drive_node.py to manual_drive_node.cpython-310.pyc
running install_data
copying resource/manual_drive -> /home/rob/ros2_ws/src/install/manual_drive/share/ament_index/resource_index/packages
copying package.xml -> /home/rob/ros2_ws/src/install/manual_drive/share/manual_drive
running install_egg_info
Copying ../build/manual_drive/manual_drive.egg-info to /home/rob/ros2_ws/src/install/manual_drive/lib/python3.10/site-packages/manual_drive-0.0.0-py3.10.egg-info
running install_scripts
Installing hoverboard_controller script to /home/rob/ros2_ws/src/install/manual_drive/lib/manual_drive
Installing manual_drive_node script to /home/rob/ros2_ws/src/install/manual_drive/lib/manual_drive
writing list of installed files to '/home/rob/ros2_ws/src/build/manual_drive/install.log'
