[4.061s] Invoking command in '/home/rob/ros2_ws/src/build/manual_drive': PYTHONPATH=/home/rob/ros2_ws/src/build/manual_drive/prefix_override:/home/rob/.local/lib/python3.10/site-packages/colcon_core/task/python/colcon_distutils_commands:/home/rob/ros2_ws/src/install/manual_drive/lib/python3.10/site-packages:${PYTHONPATH} /usr/bin/python3 -W ignore:setup.py install is deprecated -W ignore:easy_install command is deprecated setup.py develop --uninstall --editable --build-directory /home/rob/ros2_ws/src/build/manual_drive/build
[5.389s] running develop
[6.397s] Removing /home/rob/ros2_ws/src/install/manual_drive/lib/python3.10/site-packages/manual-drive.egg-link (link to .)
[6.543s] Invoked command in '/home/rob/ros2_ws/src/build/manual_drive' returned '0': PYTHONPATH=/home/rob/ros2_ws/src/build/manual_drive/prefix_override:/home/rob/.local/lib/python3.10/site-packages/colcon_core/task/python/colcon_distutils_commands:/home/rob/ros2_ws/src/install/manual_drive/lib/python3.10/site-packages:${PYTHONPATH} /usr/bin/python3 -W ignore:setup.py install is deprecated -W ignore:easy_install command is deprecated setup.py develop --uninstall --editable --build-directory /home/rob/ros2_ws/src/build/manual_drive/build
[6.554s] Invoking command in '/home/rob/ros2_ws/src/manual_drive': PYTHONPATH=/home/rob/ros2_ws/src/build/manual_drive/prefix_override:/home/rob/.local/lib/python3.10/site-packages/colcon_core/task/python/colcon_distutils_commands:/home/rob/ros2_ws/src/install/manual_drive/lib/python3.10/site-packages:${PYTHONPATH} /usr/bin/python3 -W ignore:setup.py install is deprecated -W ignore:easy_install command is deprecated setup.py egg_info --egg-base ../build/manual_drive build --build-base /home/rob/ros2_ws/src/build/manual_drive/build install --record /home/rob/ros2_ws/src/build/manual_drive/install.log --single-version-externally-managed install_data --force
[7.763s] running egg_info
[7.766s] writing ../build/manual_drive/manual_drive.egg-info/PKG-INFO
[7.768s] writing dependency_links to ../build/manual_drive/manual_drive.egg-info/dependency_links.txt
[7.769s] writing entry points to ../build/manual_drive/manual_drive.egg-info/entry_points.txt
[7.770s] writing requirements to ../build/manual_drive/manual_drive.egg-info/requires.txt
[7.770s] writing top-level names to ../build/manual_drive/manual_drive.egg-info/top_level.txt
[7.779s] reading manifest file '../build/manual_drive/manual_drive.egg-info/SOURCES.txt'
[7.783s] writing manifest file '../build/manual_drive/manual_drive.egg-info/SOURCES.txt'
[7.784s] running build
[7.784s] running build_py
[7.785s] copying manual_drive/hoverboard_controller.py -> /home/rob/ros2_ws/src/build/manual_drive/build/lib/manual_drive
[7.787s] copying manual_drive/manual_drive_node.py -> /home/rob/ros2_ws/src/build/manual_drive/build/lib/manual_drive
[7.789s] running install
[7.791s] running install_lib
[7.794s] creating /home/rob/ros2_ws/src/install/manual_drive/lib/python3.10/site-packages/manual_drive
[7.795s] copying /home/rob/ros2_ws/src/build/manual_drive/build/lib/manual_drive/__init__.py -> /home/rob/ros2_ws/src/install/manual_drive/lib/python3.10/site-packages/manual_drive
[7.796s] copying /home/rob/ros2_ws/src/build/manual_drive/build/lib/manual_drive/hoverboard_controller.py -> /home/rob/ros2_ws/src/install/manual_drive/lib/python3.10/site-packages/manual_drive
[7.797s] copying /home/rob/ros2_ws/src/build/manual_drive/build/lib/manual_drive/manual_drive_node.py -> /home/rob/ros2_ws/src/install/manual_drive/lib/python3.10/site-packages/manual_drive
[7.800s] byte-compiling /home/rob/ros2_ws/src/install/manual_drive/lib/python3.10/site-packages/manual_drive/__init__.py to __init__.cpython-310.pyc
[7.802s] byte-compiling /home/rob/ros2_ws/src/install/manual_drive/lib/python3.10/site-packages/manual_drive/hoverboard_controller.py to hoverboard_controller.cpython-310.pyc
[7.806s] byte-compiling /home/rob/ros2_ws/src/install/manual_drive/lib/python3.10/site-packages/manual_drive/manual_drive_node.py to manual_drive_node.cpython-310.pyc
[7.810s] running install_data
[7.810s] copying resource/manual_drive -> /home/rob/ros2_ws/src/install/manual_drive/share/ament_index/resource_index/packages
[7.811s] copying package.xml -> /home/rob/ros2_ws/src/install/manual_drive/share/manual_drive
[7.812s] running install_egg_info
[7.819s] Copying ../build/manual_drive/manual_drive.egg-info to /home/rob/ros2_ws/src/install/manual_drive/lib/python3.10/site-packages/manual_drive-0.0.0-py3.10.egg-info
[7.826s] running install_scripts
[7.919s] Installing hoverboard_controller script to /home/rob/ros2_ws/src/install/manual_drive/lib/manual_drive
[7.920s] Installing manual_drive_node script to /home/rob/ros2_ws/src/install/manual_drive/lib/manual_drive
[7.923s] writing list of installed files to '/home/rob/ros2_ws/src/build/manual_drive/install.log'
[8.073s] Invoked command in '/home/rob/ros2_ws/src/manual_drive' returned '0': PYTHONPATH=/home/rob/ros2_ws/src/build/manual_drive/prefix_override:/home/rob/.local/lib/python3.10/site-packages/colcon_core/task/python/colcon_distutils_commands:/home/rob/ros2_ws/src/install/manual_drive/lib/python3.10/site-packages:${PYTHONPATH} /usr/bin/python3 -W ignore:setup.py install is deprecated -W ignore:easy_install command is deprecated setup.py egg_info --egg-base ../build/manual_drive build --build-base /home/rob/ros2_ws/src/build/manual_drive/build install --record /home/rob/ros2_ws/src/build/manual_drive/install.log --single-version-externally-managed install_data --force
