[3.440s] Invoking command in '/home/rob/ros2_ws/src/manual_drive': PYTHONPATH=/home/rob/ros2_ws/build/manual_drive/prefix_override:/home/rob/.local/lib/python3.10/site-packages/colcon_core/task/python/colcon_distutils_commands:/home/rob/ros2_ws/install/manual_drive/lib/python3.10/site-packages:${PYTHONPATH} /usr/bin/python3 -W ignore:setup.py install is deprecated -W ignore:easy_install command is deprecated setup.py egg_info --egg-base ../../build/manual_drive build --build-base /home/rob/ros2_ws/build/manual_drive/build install --record /home/rob/ros2_ws/build/manual_drive/install.log --single-version-externally-managed install_data
[4.634s] running egg_info
[4.638s] writing ../../build/manual_drive/manual_drive.egg-info/PKG-INFO
[4.639s] writing dependency_links to ../../build/manual_drive/manual_drive.egg-info/dependency_links.txt
[4.640s] writing entry points to ../../build/manual_drive/manual_drive.egg-info/entry_points.txt
[4.641s] writing requirements to ../../build/manual_drive/manual_drive.egg-info/requires.txt
[4.642s] writing top-level names to ../../build/manual_drive/manual_drive.egg-info/top_level.txt
[4.650s] reading manifest file '../../build/manual_drive/manual_drive.egg-info/SOURCES.txt'
[4.654s] writing manifest file '../../build/manual_drive/manual_drive.egg-info/SOURCES.txt'
[4.654s] running build
[4.655s] running build_py
[4.656s] running install
[4.658s] running install_lib
[4.665s] running install_data
[4.665s] running install_egg_info
[4.672s] removing '/home/rob/ros2_ws/install/manual_drive/lib/python3.10/site-packages/manual_drive-0.0.0-py3.10.egg-info' (and everything under it)
[4.674s] Copying ../../build/manual_drive/manual_drive.egg-info to /home/rob/ros2_ws/install/manual_drive/lib/python3.10/site-packages/manual_drive-0.0.0-py3.10.egg-info
[4.680s] running install_scripts
[4.764s] Installing hoverboard_controller script to /home/rob/ros2_ws/install/manual_drive/lib/manual_drive
[4.765s] Installing manual_drive_node script to /home/rob/ros2_ws/install/manual_drive/lib/manual_drive
[4.767s] writing list of installed files to '/home/rob/ros2_ws/build/manual_drive/install.log'
[4.895s] Invoked command in '/home/rob/ros2_ws/src/manual_drive' returned '0': PYTHONPATH=/home/rob/ros2_ws/build/manual_drive/prefix_override:/home/rob/.local/lib/python3.10/site-packages/colcon_core/task/python/colcon_distutils_commands:/home/rob/ros2_ws/install/manual_drive/lib/python3.10/site-packages:${PYTHONPATH} /usr/bin/python3 -W ignore:setup.py install is deprecated -W ignore:easy_install command is deprecated setup.py egg_info --egg-base ../../build/manual_drive build --build-base /home/rob/ros2_ws/build/manual_drive/build install --record /home/rob/ros2_ws/build/manual_drive/install.log --single-version-externally-managed install_data
