[3.324s] Invoking command in '/home/rob/ros2_ws/src/manual_drive': PYTHONPATH=/home/rob/ros2_ws/build/manual_drive/prefix_override:/home/rob/.local/lib/python3.10/site-packages/colcon_core/task/python/colcon_distutils_commands:/home/rob/ros2_ws/install/manual_drive/lib/python3.10/site-packages:${PYTHONPATH} /usr/bin/python3 -W ignore:setup.py install is deprecated -W ignore:easy_install command is deprecated setup.py egg_info --egg-base ../../build/manual_drive build --build-base /home/rob/ros2_ws/build/manual_drive/build install --record /home/rob/ros2_ws/build/manual_drive/install.log --single-version-externally-managed install_data
[4.808s] running egg_info
[4.811s] writing ../../build/manual_drive/manual_drive.egg-info/PKG-INFO
[4.813s] writing dependency_links to ../../build/manual_drive/manual_drive.egg-info/dependency_links.txt
[4.814s] writing entry points to ../../build/manual_drive/manual_drive.egg-info/entry_points.txt
[4.815s] writing requirements to ../../build/manual_drive/manual_drive.egg-info/requires.txt
[4.815s] writing top-level names to ../../build/manual_drive/manual_drive.egg-info/top_level.txt
[4.824s] reading manifest file '../../build/manual_drive/manual_drive.egg-info/SOURCES.txt'
[4.828s] writing manifest file '../../build/manual_drive/manual_drive.egg-info/SOURCES.txt'
[4.828s] running build
[4.829s] running build_py
[4.831s] running install
[4.833s] running install_lib
[4.840s] running install_data
[4.841s] running install_egg_info
[4.848s] removing '/home/rob/ros2_ws/install/manual_drive/lib/python3.10/site-packages/manual_drive-0.0.0-py3.10.egg-info' (and everything under it)
[4.850s] Copying ../../build/manual_drive/manual_drive.egg-info to /home/rob/ros2_ws/install/manual_drive/lib/python3.10/site-packages/manual_drive-0.0.0-py3.10.egg-info
[4.856s] running install_scripts
[4.940s] Installing hoverboard_controller script to /home/rob/ros2_ws/install/manual_drive/lib/manual_drive
[4.941s] Installing manual_drive_node script to /home/rob/ros2_ws/install/manual_drive/lib/manual_drive
[4.943s] writing list of installed files to '/home/rob/ros2_ws/build/manual_drive/install.log'
[5.062s] Invoked command in '/home/rob/ros2_ws/src/manual_drive' returned '0': PYTHONPATH=/home/rob/ros2_ws/build/manual_drive/prefix_override:/home/rob/.local/lib/python3.10/site-packages/colcon_core/task/python/colcon_distutils_commands:/home/rob/ros2_ws/install/manual_drive/lib/python3.10/site-packages:${PYTHONPATH} /usr/bin/python3 -W ignore:setup.py install is deprecated -W ignore:easy_install command is deprecated setup.py egg_info --egg-base ../../build/manual_drive build --build-base /home/rob/ros2_ws/build/manual_drive/build install --record /home/rob/ros2_ws/build/manual_drive/install.log --single-version-externally-managed install_data
