[11.862s] Invoking command in '/home/rob/ros2_ws/src/manual_drive': PYTHONPATH=/home/rob/ros2_ws/build/manual_drive/prefix_override:/home/rob/.local/lib/python3.10/site-packages/colcon_core/task/python/colcon_distutils_commands:/home/rob/ros2_ws/install/manual_drive/lib/python3.10/site-packages: /usr/bin/python3 -W ignore:setup.py install is deprecated -W ignore:easy_install command is deprecated setup.py egg_info --egg-base ../../build/manual_drive build --build-base /home/rob/ros2_ws/build/manual_drive/build install --record /home/rob/ros2_ws/build/manual_drive/install.log --single-version-externally-managed install_data
[15.432s] running egg_info
[15.444s] writing ../../build/manual_drive/manual_drive.egg-info/PKG-INFO
[15.448s] writing dependency_links to ../../build/manual_drive/manual_drive.egg-info/dependency_links.txt
[15.449s] writing entry points to ../../build/manual_drive/manual_drive.egg-info/entry_points.txt
[15.451s] writing requirements to ../../build/manual_drive/manual_drive.egg-info/requires.txt
[15.463s] writing top-level names to ../../build/manual_drive/manual_drive.egg-info/top_level.txt
[15.479s] reading manifest file '../../build/manual_drive/manual_drive.egg-info/SOURCES.txt'
[15.486s] writing manifest file '../../build/manual_drive/manual_drive.egg-info/SOURCES.txt'
[15.492s] running build
[15.494s] running build_py
[15.497s] copying manual_drive/manual_drive_node.py -> /home/rob/ros2_ws/build/manual_drive/build/lib/manual_drive
[15.500s] running install
[15.504s] running install_lib
[15.510s] copying /home/rob/ros2_ws/build/manual_drive/build/lib/manual_drive/manual_drive_node.py -> /home/rob/ros2_ws/install/manual_drive/lib/python3.10/site-packages/manual_drive
[15.517s] byte-compiling /home/rob/ros2_ws/install/manual_drive/lib/python3.10/site-packages/manual_drive/manual_drive_node.py to manual_drive_node.cpython-310.pyc
[15.534s] running install_data
[15.539s] running install_egg_info
[15.549s] removing '/home/rob/ros2_ws/install/manual_drive/lib/python3.10/site-packages/manual_drive-0.0.0-py3.10.egg-info' (and everything under it)
[15.558s] Copying ../../build/manual_drive/manual_drive.egg-info to /home/rob/ros2_ws/install/manual_drive/lib/python3.10/site-packages/manual_drive-0.0.0-py3.10.egg-info
[15.574s] running install_scripts
[15.811s] Installing hoverboard_controller script to /home/rob/ros2_ws/install/manual_drive/lib/manual_drive
[15.818s] Installing manual_drive_node script to /home/rob/ros2_ws/install/manual_drive/lib/manual_drive
[15.826s] writing list of installed files to '/home/rob/ros2_ws/build/manual_drive/install.log'
[16.647s] Invoked command in '/home/rob/ros2_ws/src/manual_drive' returned '0': PYTHONPATH=/home/rob/ros2_ws/build/manual_drive/prefix_override:/home/rob/.local/lib/python3.10/site-packages/colcon_core/task/python/colcon_distutils_commands:/home/rob/ros2_ws/install/manual_drive/lib/python3.10/site-packages: /usr/bin/python3 -W ignore:setup.py install is deprecated -W ignore:easy_install command is deprecated setup.py egg_info --egg-base ../../build/manual_drive build --build-base /home/rob/ros2_ws/build/manual_drive/build install --record /home/rob/ros2_ws/build/manual_drive/install.log --single-version-externally-managed install_data
