[5.600s] Invoking command in '/home/rob/ros2_ws/src/manual_drive': PYTHONPATH=/home/rob/ros2_ws/build/manual_drive/prefix_override:/home/rob/.local/lib/python3.10/site-packages/colcon_core/task/python/colcon_distutils_commands:/home/rob/ros2_ws/install/manual_drive/lib/python3.10/site-packages:${PYTHONPATH} /usr/bin/python3 -W ignore:setup.py install is deprecated -W ignore:easy_install command is deprecated setup.py egg_info --egg-base ../../build/manual_drive build --build-base /home/rob/ros2_ws/build/manual_drive/build install --record /home/rob/ros2_ws/build/manual_drive/install.log --single-version-externally-managed install_data
[7.254s] running egg_info
[7.259s] writing ../../build/manual_drive/manual_drive.egg-info/PKG-INFO
[7.263s] writing dependency_links to ../../build/manual_drive/manual_drive.egg-info/dependency_links.txt
[7.266s] writing entry points to ../../build/manual_drive/manual_drive.egg-info/entry_points.txt
[7.268s] writing requirements to ../../build/manual_drive/manual_drive.egg-info/requires.txt
[7.269s] writing top-level names to ../../build/manual_drive/manual_drive.egg-info/top_level.txt
[7.279s] reading manifest file '../../build/manual_drive/manual_drive.egg-info/SOURCES.txt'
[7.283s] writing manifest file '../../build/manual_drive/manual_drive.egg-info/SOURCES.txt'
[7.283s] running build
[7.284s] running build_py
[7.286s] running install
[7.287s] running install_lib
[7.298s] running install_data
[7.299s] running install_egg_info
[7.312s] removing '/home/rob/ros2_ws/install/manual_drive/lib/python3.10/site-packages/manual_drive-0.0.0-py3.10.egg-info' (and everything under it)
[7.314s] Copying ../../build/manual_drive/manual_drive.egg-info to /home/rob/ros2_ws/install/manual_drive/lib/python3.10/site-packages/manual_drive-0.0.0-py3.10.egg-info
[7.322s] running install_scripts
[7.417s] Installing hoverboard_controller script to /home/rob/ros2_ws/install/manual_drive/lib/manual_drive
[7.418s] Installing manual_drive_node script to /home/rob/ros2_ws/install/manual_drive/lib/manual_drive
[7.420s] writing list of installed files to '/home/rob/ros2_ws/build/manual_drive/install.log'
[7.561s] Invoked command in '/home/rob/ros2_ws/src/manual_drive' returned '0': PYTHONPATH=/home/rob/ros2_ws/build/manual_drive/prefix_override:/home/rob/.local/lib/python3.10/site-packages/colcon_core/task/python/colcon_distutils_commands:/home/rob/ros2_ws/install/manual_drive/lib/python3.10/site-packages:${PYTHONPATH} /usr/bin/python3 -W ignore:setup.py install is deprecated -W ignore:easy_install command is deprecated setup.py egg_info --egg-base ../../build/manual_drive build --build-base /home/rob/ros2_ws/build/manual_drive/build install --record /home/rob/ros2_ws/build/manual_drive/install.log --single-version-externally-managed install_data
