[0.000000] (-) TimerEvent: {}
[0.001842] (articubot_one) JobQueued: {'identifier': 'articubot_one', 'dependencies': OrderedDict()}
[0.002402] (manual_drive) JobQueued: {'identifier': 'manual_drive', 'dependencies': OrderedDict()}
[0.002914] (articubot_one) JobStarted: {'identifier': 'articubot_one'}
[0.035452] (manual_drive) JobStarted: {'identifier': 'manual_drive'}
[0.072259] (articubot_one) JobProgress: {'identifier': 'articubot_one', 'progress': 'cmake'}
[0.074828] (articubot_one) Command: {'cmd': ['/usr/bin/cmake', '/home/rob/ros2_ws/src/articubot_one', '-DCMAKE_INSTALL_PREFIX=/home/rob/ros2_ws/src/install/articubot_one'], 'cwd': '/home/rob/ros2_ws/src/build/articubot_one', 'env': OrderedDict([('USER', 'rob'), ('SSH_CLIENT', '192.168.1.40 1754 22'), ('ROS_PACKAGE_PATH', '/home/rob/ros2_ws/install/articubot_hardware/share'), ('XDG_SESSION_TYPE', 'tty'), ('SHLVL', '1'), ('LD_LIBRARY_PATH', '/opt/ros/humble/opt/rviz_ogre_vendor/lib:/opt/ros/humble/lib/aarch64-linux-gnu:/opt/ros/humble/lib'), ('MOTD_SHOWN', 'pam'), ('HOME', '/home/rob'), ('OLDPWD', '/home/rob/ros2_ws'), ('SSH_TTY', '/dev/pts/3'), ('ROS_PYTHON_VERSION', '3'), ('DBUS_SESSION_BUS_ADDRESS', 'unix:path=/run/user/1000/bus'), ('COLCON_PREFIX_PATH', '/home/rob/ros2_ws/install'), ('ROS_DISTRO', 'humble'), ('LOGNAME', 'rob'), ('_', '/usr/bin/colcon'), ('ROS_VERSION', '2'), ('PKG_CONFIG_PATH', '/home/rob/ros2_ws/install/articubot_hardware/lib/aarch64-linux-gnu/pkgconfig:/home/rob/ros2_ws/install/articubot_hardware/lib/pkgconfig'), ('XDG_SESSION_CLASS', 'user'), ('TERM', 'xterm-256color'), ('XDG_SESSION_ID', '9'), ('ROS_LOCALHOST_ONLY', '0'), ('PATH', '/opt/ros/humble/bin:/usr/local/sbin:/usr/local/bin:/usr/sbin:/usr/bin:/sbin:/bin:/usr/games:/usr/local/games:/snap/bin'), ('XDG_RUNTIME_DIR', '/run/user/1000'), ('DISPLAY', 'localhost:13.0'), ('LANG', 'en_US.UTF-8'), ('AMENT_PREFIX_PATH', '/opt/ros/humble:/home/rob/ros2_ws/install/manual_drive:/home/rob/ros2_ws/install/articubot_one'), ('SHELL', '/bin/bash'), ('PWD', '/home/rob/ros2_ws/src/build/articubot_one'), ('LC_ALL', 'en_US.UTF-8'), ('SSH_CONNECTION', '192.168.1.40 1754 192.168.1.39 22'), ('XDG_DATA_DIRS', '/usr/local/share:/usr/share:/var/lib/snapd/desktop'), ('PYTHONPATH', '/opt/ros/humble/lib/python3.10/site-packages:/opt/ros/humble/local/lib/python3.10/dist-packages:/home/rob/ros2_ws/build/manual_drive:/home/rob/ros2_ws/install/manual_drive/lib/python3.10/site-packages'), ('COLCON', '1'), ('CMAKE_PREFIX_PATH', '/home/rob/ros2_ws/install/articubot_one:/opt/ros/humble:/home/rob/ros2_ws/install/manual_drive')]), 'shell': False}
[0.099211] (-) TimerEvent: {}
[0.200605] (-) TimerEvent: {}
[0.301990] (-) TimerEvent: {}
[0.403138] (-) TimerEvent: {}
[0.504479] (-) TimerEvent: {}
[0.605375] (-) TimerEvent: {}
[0.706137] (-) TimerEvent: {}
[0.746872] (articubot_one) StdoutLine: {'line': b'-- The C compiler identification is GNU 11.4.0\n'}
[0.806357] (-) TimerEvent: {}
[0.907157] (-) TimerEvent: {}
[1.008571] (-) TimerEvent: {}
[1.073509] (articubot_one) StdoutLine: {'line': b'-- The CXX compiler identification is GNU 11.4.0\n'}
[1.108787] (-) TimerEvent: {}
[1.130663] (articubot_one) StdoutLine: {'line': b'-- Detecting C compiler ABI info\n'}
[1.209017] (-) TimerEvent: {}
[1.310931] (-) TimerEvent: {}
[1.412775] (-) TimerEvent: {}
[1.510592] (articubot_one) StdoutLine: {'line': b'-- Detecting C compiler ABI info - done\n'}
[1.512953] (-) TimerEvent: {}
[1.537308] (articubot_one) StdoutLine: {'line': b'-- Check for working C compiler: /usr/bin/cc - skipped\n'}
[1.539836] (articubot_one) StdoutLine: {'line': b'-- Detecting C compile features\n'}
[1.542604] (articubot_one) StdoutLine: {'line': b'-- Detecting C compile features - done\n'}
[1.557344] (articubot_one) StdoutLine: {'line': b'-- Detecting CXX compiler ABI info\n'}
[1.613121] (-) TimerEvent: {}
[1.714268] (-) TimerEvent: {}
[1.815617] (-) TimerEvent: {}
[1.916763] (-) TimerEvent: {}
[1.970841] (articubot_one) StdoutLine: {'line': b'-- Detecting CXX compiler ABI info - done\n'}
[1.998902] (articubot_one) StdoutLine: {'line': b'-- Check for working CXX compiler: /usr/bin/c++ - skipped\n'}
[2.000546] (articubot_one) StdoutLine: {'line': b'-- Detecting CXX compile features\n'}
[2.002549] (articubot_one) StdoutLine: {'line': b'-- Detecting CXX compile features - done\n'}
[2.016878] (-) TimerEvent: {}
[2.040580] (articubot_one) StdoutLine: {'line': b'-- Found ament_cmake: 1.3.11 (/opt/ros/humble/share/ament_cmake/cmake)\n'}
[2.117138] (-) TimerEvent: {}
[2.220166] (-) TimerEvent: {}
[2.321658] (-) TimerEvent: {}
[2.422407] (-) TimerEvent: {}
[2.523166] (-) TimerEvent: {}
[2.624142] (-) TimerEvent: {}
[2.725462] (-) TimerEvent: {}
[2.826253] (-) TimerEvent: {}
[2.896571] (articubot_one) StdoutLine: {'line': b'-- Found Python3: /usr/bin/python3 (found version "3.10.12") found components: Interpreter \n'}
[2.926450] (-) TimerEvent: {}
[3.027570] (-) TimerEvent: {}
[3.128416] (-) TimerEvent: {}
[3.229182] (-) TimerEvent: {}
[3.329990] (-) TimerEvent: {}
[3.431111] (-) TimerEvent: {}
[3.532347] (-) TimerEvent: {}
[3.627342] (articubot_one) StdoutLine: {'line': b'-- Found ament_lint_auto: 0.12.12 (/opt/ros/humble/share/ament_lint_auto/cmake)\n'}
[3.632473] (-) TimerEvent: {}
[3.733646] (-) TimerEvent: {}
[3.843369] (-) TimerEvent: {}
[3.945024] (-) TimerEvent: {}
[4.018315] (manual_drive) Command: {'cmd': ['/usr/bin/python3', '-W', 'ignore:setup.py install is deprecated', '-W', 'ignore:easy_install command is deprecated', 'setup.py', 'egg_info', '--egg-base', '../build/manual_drive', 'build', '--build-base', '/home/rob/ros2_ws/src/build/manual_drive/build', 'install', '--record', '/home/rob/ros2_ws/src/build/manual_drive/install.log', '--single-version-externally-managed', 'install_data'], 'cwd': '/home/rob/ros2_ws/src/manual_drive', 'env': {'USER': 'rob', 'SSH_CLIENT': '192.168.1.40 1754 22', 'ROS_PACKAGE_PATH': '/home/rob/ros2_ws/install/articubot_hardware/share', 'XDG_SESSION_TYPE': 'tty', 'SHLVL': '1', 'LD_LIBRARY_PATH': '/opt/ros/humble/opt/rviz_ogre_vendor/lib:/opt/ros/humble/lib/aarch64-linux-gnu:/opt/ros/humble/lib', 'MOTD_SHOWN': 'pam', 'HOME': '/home/rob', 'OLDPWD': '/home/rob/ros2_ws', 'SSH_TTY': '/dev/pts/3', 'ROS_PYTHON_VERSION': '3', 'DBUS_SESSION_BUS_ADDRESS': 'unix:path=/run/user/1000/bus', 'COLCON_PREFIX_PATH': '/home/rob/ros2_ws/install', 'ROS_DISTRO': 'humble', 'LOGNAME': 'rob', '_': '/usr/bin/colcon', 'ROS_VERSION': '2', 'PKG_CONFIG_PATH': '/home/rob/ros2_ws/install/articubot_hardware/lib/aarch64-linux-gnu/pkgconfig:/home/rob/ros2_ws/install/articubot_hardware/lib/pkgconfig', 'XDG_SESSION_CLASS': 'user', 'TERM': 'xterm-256color', 'XDG_SESSION_ID': '9', 'ROS_LOCALHOST_ONLY': '0', 'PATH': '/opt/ros/humble/bin:/usr/local/sbin:/usr/local/bin:/usr/sbin:/usr/bin:/sbin:/bin:/usr/games:/usr/local/games:/snap/bin', 'XDG_RUNTIME_DIR': '/run/user/1000', 'DISPLAY': 'localhost:13.0', 'LANG': 'en_US.UTF-8', 'AMENT_PREFIX_PATH': '/opt/ros/humble:/home/rob/ros2_ws/install/manual_drive:/home/rob/ros2_ws/install/articubot_one', 'SHELL': '/bin/bash', 'PWD': '/home/rob/ros2_ws/src/build/manual_drive', 'LC_ALL': 'en_US.UTF-8', 'SSH_CONNECTION': '192.168.1.40 1754 192.168.1.39 22', 'XDG_DATA_DIRS': '/usr/local/share:/usr/share:/var/lib/snapd/desktop', 'PYTHONPATH': '/home/rob/ros2_ws/src/build/manual_drive/prefix_override:/usr/lib/python3/dist-packages/colcon_core/task/python/colcon_distutils_commands:/home/rob/ros2_ws/src/install/manual_drive/lib/python3.10/site-packages:/opt/ros/humble/lib/python3.10/site-packages:/opt/ros/humble/local/lib/python3.10/dist-packages:/home/rob/ros2_ws/build/manual_drive:/home/rob/ros2_ws/install/manual_drive/lib/python3.10/site-packages', 'COLCON': '1', 'CMAKE_PREFIX_PATH': '/home/rob/ros2_ws/install/articubot_one'}, 'shell': False}
[4.045119] (-) TimerEvent: {}
[4.145858] (-) TimerEvent: {}
[4.246924] (-) TimerEvent: {}
[4.285681] (articubot_one) StdoutLine: {'line': b"-- Added test 'copyright' to check source files copyright and LICENSE\n"}
[4.347108] (-) TimerEvent: {}
[4.382256] (articubot_one) StdoutLine: {'line': b"-- Added test 'flake8' to check Python code syntax and style conventions\n"}
[4.396113] (articubot_one) StdoutLine: {'line': b"-- Added test 'lint_cmake' to check CMake code style\n"}
[4.403796] (articubot_one) StdoutLine: {'line': b"-- Added test 'pep257' to check Python code against some of the docstring style conventions in PEP 257\n"}
[4.447282] (-) TimerEvent: {}
[4.455094] (articubot_one) StdoutLine: {'line': b"-- Added test 'xmllint' to check XML markup files\n"}
[4.463319] (articubot_one) StdoutLine: {'line': b'-- Configuring done\n'}
[4.487482] (articubot_one) StdoutLine: {'line': b'-- Generating done\n'}
[4.497398] (articubot_one) StdoutLine: {'line': b'-- Build files have been written to: /home/rob/ros2_ws/src/build/articubot_one\n'}
[4.513619] (articubot_one) CommandEnded: {'returncode': 0}
[4.515892] (articubot_one) JobProgress: {'identifier': 'articubot_one', 'progress': 'build'}
[4.518183] (articubot_one) Command: {'cmd': ['/usr/bin/cmake', '--build', '/home/rob/ros2_ws/src/build/articubot_one', '--', '-j4', '-l4'], 'cwd': '/home/rob/ros2_ws/src/build/articubot_one', 'env': OrderedDict([('USER', 'rob'), ('SSH_CLIENT', '192.168.1.40 1754 22'), ('ROS_PACKAGE_PATH', '/home/rob/ros2_ws/install/articubot_hardware/share'), ('XDG_SESSION_TYPE', 'tty'), ('SHLVL', '1'), ('LD_LIBRARY_PATH', '/opt/ros/humble/opt/rviz_ogre_vendor/lib:/opt/ros/humble/lib/aarch64-linux-gnu:/opt/ros/humble/lib'), ('MOTD_SHOWN', 'pam'), ('HOME', '/home/rob'), ('OLDPWD', '/home/rob/ros2_ws'), ('SSH_TTY', '/dev/pts/3'), ('ROS_PYTHON_VERSION', '3'), ('DBUS_SESSION_BUS_ADDRESS', 'unix:path=/run/user/1000/bus'), ('COLCON_PREFIX_PATH', '/home/rob/ros2_ws/install'), ('ROS_DISTRO', 'humble'), ('LOGNAME', 'rob'), ('_', '/usr/bin/colcon'), ('ROS_VERSION', '2'), ('PKG_CONFIG_PATH', '/home/rob/ros2_ws/install/articubot_hardware/lib/aarch64-linux-gnu/pkgconfig:/home/rob/ros2_ws/install/articubot_hardware/lib/pkgconfig'), ('XDG_SESSION_CLASS', 'user'), ('TERM', 'xterm-256color'), ('XDG_SESSION_ID', '9'), ('ROS_LOCALHOST_ONLY', '0'), ('PATH', '/opt/ros/humble/bin:/usr/local/sbin:/usr/local/bin:/usr/sbin:/usr/bin:/sbin:/bin:/usr/games:/usr/local/games:/snap/bin'), ('XDG_RUNTIME_DIR', '/run/user/1000'), ('DISPLAY', 'localhost:13.0'), ('LANG', 'en_US.UTF-8'), ('AMENT_PREFIX_PATH', '/opt/ros/humble:/home/rob/ros2_ws/install/manual_drive:/home/rob/ros2_ws/install/articubot_one'), ('SHELL', '/bin/bash'), ('PWD', '/home/rob/ros2_ws/src/build/articubot_one'), ('LC_ALL', 'en_US.UTF-8'), ('SSH_CONNECTION', '192.168.1.40 1754 192.168.1.39 22'), ('XDG_DATA_DIRS', '/usr/local/share:/usr/share:/var/lib/snapd/desktop'), ('PYTHONPATH', '/opt/ros/humble/lib/python3.10/site-packages:/opt/ros/humble/local/lib/python3.10/dist-packages:/home/rob/ros2_ws/build/manual_drive:/home/rob/ros2_ws/install/manual_drive/lib/python3.10/site-packages'), ('COLCON', '1'), ('CMAKE_PREFIX_PATH', '/home/rob/ros2_ws/install/articubot_one:/opt/ros/humble:/home/rob/ros2_ws/install/manual_drive')]), 'shell': False}
[4.547503] (-) TimerEvent: {}
[4.649011] (-) TimerEvent: {}
[4.687576] (articubot_one) CommandEnded: {'returncode': 0}
[4.689820] (articubot_one) JobProgress: {'identifier': 'articubot_one', 'progress': 'install'}
[4.726913] (articubot_one) Command: {'cmd': ['/usr/bin/cmake', '--install', '/home/rob/ros2_ws/src/build/articubot_one'], 'cwd': '/home/rob/ros2_ws/src/build/articubot_one', 'env': OrderedDict([('USER', 'rob'), ('SSH_CLIENT', '192.168.1.40 1754 22'), ('ROS_PACKAGE_PATH', '/home/rob/ros2_ws/install/articubot_hardware/share'), ('XDG_SESSION_TYPE', 'tty'), ('SHLVL', '1'), ('LD_LIBRARY_PATH', '/opt/ros/humble/opt/rviz_ogre_vendor/lib:/opt/ros/humble/lib/aarch64-linux-gnu:/opt/ros/humble/lib'), ('MOTD_SHOWN', 'pam'), ('HOME', '/home/rob'), ('OLDPWD', '/home/rob/ros2_ws'), ('SSH_TTY', '/dev/pts/3'), ('ROS_PYTHON_VERSION', '3'), ('DBUS_SESSION_BUS_ADDRESS', 'unix:path=/run/user/1000/bus'), ('COLCON_PREFIX_PATH', '/home/rob/ros2_ws/install'), ('ROS_DISTRO', 'humble'), ('LOGNAME', 'rob'), ('_', '/usr/bin/colcon'), ('ROS_VERSION', '2'), ('PKG_CONFIG_PATH', '/home/rob/ros2_ws/install/articubot_hardware/lib/aarch64-linux-gnu/pkgconfig:/home/rob/ros2_ws/install/articubot_hardware/lib/pkgconfig'), ('XDG_SESSION_CLASS', 'user'), ('TERM', 'xterm-256color'), ('XDG_SESSION_ID', '9'), ('ROS_LOCALHOST_ONLY', '0'), ('PATH', '/opt/ros/humble/bin:/usr/local/sbin:/usr/local/bin:/usr/sbin:/usr/bin:/sbin:/bin:/usr/games:/usr/local/games:/snap/bin'), ('XDG_RUNTIME_DIR', '/run/user/1000'), ('DISPLAY', 'localhost:13.0'), ('LANG', 'en_US.UTF-8'), ('AMENT_PREFIX_PATH', '/opt/ros/humble:/home/rob/ros2_ws/install/manual_drive:/home/rob/ros2_ws/install/articubot_one'), ('SHELL', '/bin/bash'), ('PWD', '/home/rob/ros2_ws/src/build/articubot_one'), ('LC_ALL', 'en_US.UTF-8'), ('SSH_CONNECTION', '192.168.1.40 1754 192.168.1.39 22'), ('XDG_DATA_DIRS', '/usr/local/share:/usr/share:/var/lib/snapd/desktop'), ('PYTHONPATH', '/opt/ros/humble/lib/python3.10/site-packages:/opt/ros/humble/local/lib/python3.10/dist-packages:/home/rob/ros2_ws/build/manual_drive:/home/rob/ros2_ws/install/manual_drive/lib/python3.10/site-packages'), ('COLCON', '1'), ('CMAKE_PREFIX_PATH', '/home/rob/ros2_ws/install/articubot_one:/opt/ros/humble:/home/rob/ros2_ws/install/manual_drive')]), 'shell': False}
[4.749190] (-) TimerEvent: {}
[4.753717] (articubot_one) StdoutLine: {'line': b'-- Install configuration: ""\n'}
[4.756407] (articubot_one) StdoutLine: {'line': b'-- Installing: /home/rob/ros2_ws/src/install/articubot_one/share/articubot_one/config\n'}
[4.758530] (articubot_one) StdoutLine: {'line': b'-- Installing: /home/rob/ros2_ws/src/install/articubot_one/share/articubot_one/config/gazebo_params.yaml\n'}
[4.760915] (articubot_one) StdoutLine: {'line': b'-- Installing: /home/rob/ros2_ws/src/install/articubot_one/share/articubot_one/config/gaz_ros2_ctl_use_sim.yaml\n'}
[4.762932] (articubot_one) StdoutLine: {'line': b'-- Installing: /home/rob/ros2_ws/src/install/articubot_one/share/articubot_one/config/mapper_params_online_async.yaml\n'}
[4.763425] (articubot_one) StdoutLine: {'line': b'-- Installing: /home/rob/ros2_ws/src/install/articubot_one/share/articubot_one/config/view_bot.rviz\n'}
[4.766154] (articubot_one) StdoutLine: {'line': b'-- Installing: /home/rob/ros2_ws/src/install/articubot_one/share/articubot_one/config/joystick.yaml\n'}
[4.766702] (articubot_one) StdoutLine: {'line': b'-- Installing: /home/rob/ros2_ws/src/install/articubot_one/share/articubot_one/config/twist_mux.yaml\n'}
[4.769155] (articubot_one) StdoutLine: {'line': b'-- Installing: /home/rob/ros2_ws/src/install/articubot_one/share/articubot_one/config/nav2_params.yaml\n'}
[4.769814] (articubot_one) StdoutLine: {'line': b'-- Installing: /home/rob/ros2_ws/src/install/articubot_one/share/articubot_one/config/main.rviz\n'}
[4.770278] (articubot_one) StdoutLine: {'line': b'-- Installing: /home/rob/ros2_ws/src/install/articubot_one/share/articubot_one/config/my_controllers.yaml\n'}
[4.770894] (articubot_one) StdoutLine: {'line': b'-- Installing: /home/rob/ros2_ws/src/install/articubot_one/share/articubot_one/config/ball_tracker_params_robot.yaml\n'}
[4.771333] (articubot_one) StdoutLine: {'line': b'-- Installing: /home/rob/ros2_ws/src/install/articubot_one/share/articubot_one/config/map.rviz\n'}
[4.772067] (articubot_one) StdoutLine: {'line': b'-- Installing: /home/rob/ros2_ws/src/install/articubot_one/share/articubot_one/config/empty.yaml\n'}
[4.772547] (articubot_one) StdoutLine: {'line': b'-- Installing: /home/rob/ros2_ws/src/install/articubot_one/share/articubot_one/config/ball_tracker_params_sim.yaml\n'}
[4.773124] (articubot_one) StdoutLine: {'line': b'-- Installing: /home/rob/ros2_ws/src/install/articubot_one/share/articubot_one/config/drive_bot.rviz\n'}
[4.773577] (articubot_one) StdoutLine: {'line': b'-- Installing: /home/rob/ros2_ws/src/install/articubot_one/share/articubot_one/description\n'}
[4.773985] (articubot_one) StdoutLine: {'line': b'-- Installing: /home/rob/ros2_ws/src/install/articubot_one/share/articubot_one/description/inertial_macros.xacro\n'}
[4.774662] (articubot_one) StdoutLine: {'line': b'-- Installing: /home/rob/ros2_ws/src/install/articubot_one/share/articubot_one/description/depth_camera.xacro\n'}
[4.775296] (articubot_one) StdoutLine: {'line': b'-- Installing: /home/rob/ros2_ws/src/install/articubot_one/share/articubot_one/description/camera.xacro\n'}
[4.776007] (articubot_one) StdoutLine: {'line': b'-- Installing: /home/rob/ros2_ws/src/install/articubot_one/share/articubot_one/description/face.xacro\n'}
[4.776939] (articubot_one) StdoutLine: {'line': b'-- Installing: /home/rob/ros2_ws/src/install/articubot_one/share/articubot_one/description/ros2_control.xacro\n'}
[4.778145] (articubot_one) StdoutLine: {'line': b'-- Installing: /home/rob/ros2_ws/src/install/articubot_one/share/articubot_one/description/robot.urdf.xacro\n'}
[4.779396] (articubot_one) StdoutLine: {'line': b'-- Installing: /home/rob/ros2_ws/src/install/articubot_one/share/articubot_one/description/lidar.xacro\n'}
[4.781932] (articubot_one) StdoutLine: {'line': b'-- Installing: /home/rob/ros2_ws/src/install/articubot_one/share/articubot_one/description/robot_core.xacro\n'}
[4.782533] (articubot_one) StdoutLine: {'line': b'-- Installing: /home/rob/ros2_ws/src/install/articubot_one/share/articubot_one/description/gazebo_control.xacro\n'}
[4.784310] (articubot_one) StdoutLine: {'line': b'-- Installing: /home/rob/ros2_ws/src/install/articubot_one/share/articubot_one/launch\n'}
[4.785238] (articubot_one) StdoutLine: {'line': b'-- Installing: /home/rob/ros2_ws/src/install/articubot_one/share/articubot_one/launch/joystick.launch.py\n'}
[4.787974] (articubot_one) StdoutLine: {'line': b'-- Installing: /home/rob/ros2_ws/src/install/articubot_one/share/articubot_one/launch/rsp.launch.py\n'}
[4.788710] (articubot_one) StdoutLine: {'line': b'-- Installing: /home/rob/ros2_ws/src/install/articubot_one/share/articubot_one/launch/launch_robot.launch.py\n'}
[4.790533] (articubot_one) StdoutLine: {'line': b'-- Installing: /home/rob/ros2_ws/src/install/articubot_one/share/articubot_one/launch/localization_launch.py\n'}
[4.792450] (articubot_one) StdoutLine: {'line': b'-- Installing: /home/rob/ros2_ws/src/install/articubot_one/share/articubot_one/launch/ball_tracker.launch.py\n'}
[4.793380] (articubot_one) StdoutLine: {'line': b'-- Installing: /home/rob/ros2_ws/src/install/articubot_one/share/articubot_one/launch/launch_sim.launch.py\n'}
[4.795837] (articubot_one) StdoutLine: {'line': b'-- Installing: /home/rob/ros2_ws/src/install/articubot_one/share/articubot_one/launch/online_async_launch.py\n'}
[4.796745] (articubot_one) StdoutLine: {'line': b'-- Installing: /home/rob/ros2_ws/src/install/articubot_one/share/articubot_one/launch/navigation_launch.py\n'}
[4.798268] (articubot_one) StdoutLine: {'line': b'-- Installing: /home/rob/ros2_ws/src/install/articubot_one/share/articubot_one/launch/camera.launch.py\n'}
[4.798880] (articubot_one) StdoutLine: {'line': b'-- Installing: /home/rob/ros2_ws/src/install/articubot_one/share/articubot_one/launch/rplidar.launch.py\n'}
[4.799300] (articubot_one) StdoutLine: {'line': b'-- Installing: /home/rob/ros2_ws/src/install/articubot_one/share/articubot_one/worlds\n'}
[4.801888] (articubot_one) StdoutLine: {'line': b'-- Installing: /home/rob/ros2_ws/src/install/articubot_one/share/articubot_one/worlds/obstacles.world\n'}
[4.802376] (articubot_one) StdoutLine: {'line': b'-- Installing: /home/rob/ros2_ws/src/install/articubot_one/share/articubot_one/worlds/empty.world\n'}
[4.802820] (articubot_one) StdoutLine: {'line': b'-- Installing: /home/rob/ros2_ws/src/install/articubot_one/share/ament_index/resource_index/package_run_dependencies/articubot_one\n'}
[4.803439] (articubot_one) StdoutLine: {'line': b'-- Installing: /home/rob/ros2_ws/src/install/articubot_one/share/ament_index/resource_index/parent_prefix_path/articubot_one\n'}
[4.805280] (articubot_one) StdoutLine: {'line': b'-- Installing: /home/rob/ros2_ws/src/install/articubot_one/share/articubot_one/environment/ament_prefix_path.sh\n'}
[4.806503] (articubot_one) StdoutLine: {'line': b'-- Installing: /home/rob/ros2_ws/src/install/articubot_one/share/articubot_one/environment/ament_prefix_path.dsv\n'}
[4.807818] (articubot_one) StdoutLine: {'line': b'-- Installing: /home/rob/ros2_ws/src/install/articubot_one/share/articubot_one/environment/path.sh\n'}
[4.809051] (articubot_one) StdoutLine: {'line': b'-- Installing: /home/rob/ros2_ws/src/install/articubot_one/share/articubot_one/environment/path.dsv\n'}
[4.810297] (articubot_one) StdoutLine: {'line': b'-- Installing: /home/rob/ros2_ws/src/install/articubot_one/share/articubot_one/local_setup.bash\n'}
[4.812103] (articubot_one) StdoutLine: {'line': b'-- Installing: /home/rob/ros2_ws/src/install/articubot_one/share/articubot_one/local_setup.sh\n'}
[4.812941] (articubot_one) StdoutLine: {'line': b'-- Installing: /home/rob/ros2_ws/src/install/articubot_one/share/articubot_one/local_setup.zsh\n'}
[4.814204] (articubot_one) StdoutLine: {'line': b'-- Installing: /home/rob/ros2_ws/src/install/articubot_one/share/articubot_one/local_setup.dsv\n'}
[4.816154] (articubot_one) StdoutLine: {'line': b'-- Installing: /home/rob/ros2_ws/src/install/articubot_one/share/articubot_one/package.dsv\n'}
[4.817222] (articubot_one) StdoutLine: {'line': b'-- Installing: /home/rob/ros2_ws/src/install/articubot_one/share/ament_index/resource_index/packages/articubot_one\n'}
[4.819121] (articubot_one) StdoutLine: {'line': b'-- Installing: /home/rob/ros2_ws/src/install/articubot_one/share/articubot_one/cmake/articubot_oneConfig.cmake\n'}
[4.819976] (articubot_one) StdoutLine: {'line': b'-- Installing: /home/rob/ros2_ws/src/install/articubot_one/share/articubot_one/cmake/articubot_oneConfig-version.cmake\n'}
[4.821261] (articubot_one) StdoutLine: {'line': b'-- Installing: /home/rob/ros2_ws/src/install/articubot_one/share/articubot_one/package.xml\n'}
[4.827608] (articubot_one) CommandEnded: {'returncode': 0}
[4.849394] (-) TimerEvent: {}
[4.905919] (articubot_one) JobEnded: {'identifier': 'articubot_one', 'rc': 0}
[4.949557] (-) TimerEvent: {}
[5.050189] (-) TimerEvent: {}
[5.150868] (-) TimerEvent: {}
[5.251578] (-) TimerEvent: {}
[5.353394] (-) TimerEvent: {}
[5.455209] (-) TimerEvent: {}
[5.456867] (manual_drive) StdoutLine: {'line': b'running egg_info\n'}
[5.463825] (manual_drive) StdoutLine: {'line': b'creating ../build/manual_drive/manual_drive.egg-info\n'}
[5.465014] (manual_drive) StdoutLine: {'line': b'writing ../build/manual_drive/manual_drive.egg-info/PKG-INFO\n'}
[5.466050] (manual_drive) StdoutLine: {'line': b'writing dependency_links to ../build/manual_drive/manual_drive.egg-info/dependency_links.txt\n'}
[5.466724] (manual_drive) StdoutLine: {'line': b'writing entry points to ../build/manual_drive/manual_drive.egg-info/entry_points.txt\n'}
[5.467333] (manual_drive) StdoutLine: {'line': b'writing requirements to ../build/manual_drive/manual_drive.egg-info/requires.txt\n'}
[5.467959] (manual_drive) StdoutLine: {'line': b'writing top-level names to ../build/manual_drive/manual_drive.egg-info/top_level.txt\n'}
[5.469058] (manual_drive) StdoutLine: {'line': b"writing manifest file '../build/manual_drive/manual_drive.egg-info/SOURCES.txt'\n"}
[5.476527] (manual_drive) StdoutLine: {'line': b"reading manifest file '../build/manual_drive/manual_drive.egg-info/SOURCES.txt'\n"}
[5.479535] (manual_drive) StdoutLine: {'line': b"writing manifest file '../build/manual_drive/manual_drive.egg-info/SOURCES.txt'\n"}
[5.480262] (manual_drive) StdoutLine: {'line': b'running build\n'}
[5.480683] (manual_drive) StdoutLine: {'line': b'running build_py\n'}
[5.482165] (manual_drive) StdoutLine: {'line': b'creating /home/rob/ros2_ws/src/build/manual_drive/build\n'}
[5.483050] (manual_drive) StdoutLine: {'line': b'creating /home/rob/ros2_ws/src/build/manual_drive/build/lib\n'}
[5.483860] (manual_drive) StdoutLine: {'line': b'creating /home/rob/ros2_ws/src/build/manual_drive/build/lib/manual_drive\n'}
[5.484630] (manual_drive) StdoutLine: {'line': b'copying manual_drive/__init__.py -> /home/rob/ros2_ws/src/build/manual_drive/build/lib/manual_drive\n'}
[5.485167] (manual_drive) StdoutLine: {'line': b'copying manual_drive/hoverboard_controller.py -> /home/rob/ros2_ws/src/build/manual_drive/build/lib/manual_drive\n'}
[5.486118] (manual_drive) StdoutLine: {'line': b'copying manual_drive/manual_drive_node.py -> /home/rob/ros2_ws/src/build/manual_drive/build/lib/manual_drive\n'}
[5.486687] (manual_drive) StdoutLine: {'line': b'running install\n'}
[5.487366] (manual_drive) StdoutLine: {'line': b'running install_lib\n'}
[5.490278] (manual_drive) StdoutLine: {'line': b'creating /home/rob/ros2_ws/src/install/manual_drive/lib/python3.10/site-packages/manual_drive\n'}
[5.491113] (manual_drive) StdoutLine: {'line': b'copying /home/rob/ros2_ws/src/build/manual_drive/build/lib/manual_drive/__init__.py -> /home/rob/ros2_ws/src/install/manual_drive/lib/python3.10/site-packages/manual_drive\n'}
[5.491691] (manual_drive) StdoutLine: {'line': b'copying /home/rob/ros2_ws/src/build/manual_drive/build/lib/manual_drive/hoverboard_controller.py -> /home/rob/ros2_ws/src/install/manual_drive/lib/python3.10/site-packages/manual_drive\n'}
[5.492392] (manual_drive) StdoutLine: {'line': b'copying /home/rob/ros2_ws/src/build/manual_drive/build/lib/manual_drive/manual_drive_node.py -> /home/rob/ros2_ws/src/install/manual_drive/lib/python3.10/site-packages/manual_drive\n'}
[5.495417] (manual_drive) StdoutLine: {'line': b'byte-compiling /home/rob/ros2_ws/src/install/manual_drive/lib/python3.10/site-packages/manual_drive/__init__.py to __init__.cpython-310.pyc\n'}
[5.497030] (manual_drive) StdoutLine: {'line': b'byte-compiling /home/rob/ros2_ws/src/install/manual_drive/lib/python3.10/site-packages/manual_drive/hoverboard_controller.py to hoverboard_controller.cpython-310.pyc\n'}
[5.499477] (manual_drive) StdoutLine: {'line': b'byte-compiling /home/rob/ros2_ws/src/install/manual_drive/lib/python3.10/site-packages/manual_drive/manual_drive_node.py to manual_drive_node.cpython-310.pyc\n'}
[5.503234] (manual_drive) StdoutLine: {'line': b'running install_data\n'}
[5.505060] (manual_drive) StdoutLine: {'line': b'creating /home/rob/ros2_ws/src/install/manual_drive/share/ament_index\n'}
[5.506596] (manual_drive) StdoutLine: {'line': b'creating /home/rob/ros2_ws/src/install/manual_drive/share/ament_index/resource_index\n'}
[5.507090] (manual_drive) StdoutLine: {'line': b'creating /home/rob/ros2_ws/src/install/manual_drive/share/ament_index/resource_index/packages\n'}
[5.507462] (manual_drive) StdoutLine: {'line': b'copying resource/manual_drive -> /home/rob/ros2_ws/src/install/manual_drive/share/ament_index/resource_index/packages\n'}
[5.507870] (manual_drive) StdoutLine: {'line': b'copying package.xml -> /home/rob/ros2_ws/src/install/manual_drive/share/manual_drive\n'}
[5.508259] (manual_drive) StdoutLine: {'line': b'running install_egg_info\n'}
[5.513427] (manual_drive) StdoutLine: {'line': b'Copying ../build/manual_drive/manual_drive.egg-info to /home/rob/ros2_ws/src/install/manual_drive/lib/python3.10/site-packages/manual_drive-0.0.0-py3.10.egg-info\n'}
[5.518472] (manual_drive) StdoutLine: {'line': b'running install_scripts\n'}
[5.555318] (-) TimerEvent: {}
[5.595381] (manual_drive) StdoutLine: {'line': b'Installing hoverboard_controller script to /home/rob/ros2_ws/src/install/manual_drive/lib/manual_drive\n'}
[5.596220] (manual_drive) StdoutLine: {'line': b'Installing manual_drive_node script to /home/rob/ros2_ws/src/install/manual_drive/lib/manual_drive\n'}
[5.597681] (manual_drive) StdoutLine: {'line': b"writing list of installed files to '/home/rob/ros2_ws/src/build/manual_drive/install.log'\n"}
[5.655551] (-) TimerEvent: {}
[5.718025] (manual_drive) CommandEnded: {'returncode': 0}
[5.750510] (manual_drive) JobEnded: {'identifier': 'manual_drive', 'rc': 0}
[5.753643] (-) EventReactorShutdown: {}
