[0.520s] DEBUG:colcon:Command line arguments: ['/usr/bin/colcon', 'build']
[0.521s] DEBUG:colcon:Parsed command line arguments: Namespace(log_base=None, log_level=None, verb_name='build', build_base='build', install_base='install', merge_install=False, symlink_install=False, test_result_base=None, continue_on_error=False, executor='parallel', parallel_workers=4, event_handlers=None, ignore_user_meta=False, metas=['./colcon.meta'], base_paths=['.'], packages_ignore=None, packages_ignore_regex=None, paths=None, packages_up_to=None, packages_up_to_regex=None, packages_above=None, packages_above_and_dependencies=None, packages_above_depth=None, packages_select_by_dep=None, packages_skip_by_dep=None, packages_skip_up_to=None, packages_select_build_failed=False, packages_skip_build_finished=False, packages_select_test_failures=False, packages_skip_test_passed=False, packages_select=None, packages_skip=None, packages_select_regex=None, packages_skip_regex=None, packages_start=None, packages_end=None, allow_overriding=[], cmake_args=None, cmake_target=None, cmake_target_skip_unavailable=False, cmake_clean_cache=False, cmake_clean_first=False, cmake_force_configure=False, ament_cmake_args=None, catkin_cmake_args=None, catkin_skip_building_tests=False, mixin_files=None, mixin=None, verb_parser=<colcon_mixin.mixin.mixin_argument.MixinArgumentDecorator object at 0xffff9089ab90>, verb_extension=<colcon_core.verb.build.BuildVerb object at 0xffff90a2bb20>, main=<bound method BuildVerb.main of <colcon_core.verb.build.BuildVerb object at 0xffff90a2bb20>>, mixin_verb=('build',))
[1.570s] Level 1:colcon.colcon_core.package_discovery:discover_packages(colcon_meta) check parameters
[1.571s] Level 1:colcon.colcon_core.package_discovery:discover_packages(recursive) check parameters
[1.571s] Level 1:colcon.colcon_core.package_discovery:discover_packages(ignore) check parameters
[1.571s] Level 1:colcon.colcon_core.package_discovery:discover_packages(path) check parameters
[1.571s] Level 1:colcon.colcon_core.package_discovery:discover_packages(colcon_meta) discover
[1.571s] Level 1:colcon.colcon_core.package_discovery:discover_packages(recursive) discover
[1.572s] INFO:colcon.colcon_core.package_discovery:Crawling recursively for packages in '/home/rob/ros2_ws/src'
[1.572s] Level 1:colcon.colcon_core.package_identification:_identify(.) by extensions ['ignore', 'ignore_ament_install']
[1.573s] Level 1:colcon.colcon_core.package_identification:_identify(.) by extension 'ignore'
[1.573s] Level 1:colcon.colcon_core.package_identification:_identify(.) by extension 'ignore_ament_install'
[1.573s] Level 1:colcon.colcon_core.package_identification:_identify(.) by extensions ['colcon_pkg']
[1.573s] Level 1:colcon.colcon_core.package_identification:_identify(.) by extension 'colcon_pkg'
[1.573s] Level 1:colcon.colcon_core.package_identification:_identify(.) by extensions ['colcon_meta']
[1.574s] Level 1:colcon.colcon_core.package_identification:_identify(.) by extension 'colcon_meta'
[1.574s] Level 1:colcon.colcon_core.package_identification:_identify(.) by extensions ['ros']
[1.574s] Level 1:colcon.colcon_core.package_identification:_identify(.) by extension 'ros'
[1.618s] Level 1:colcon.colcon_core.package_identification:_identify(.) by extensions ['cmake', 'python']
[1.618s] Level 1:colcon.colcon_core.package_identification:_identify(.) by extension 'cmake'
[1.619s] Level 1:colcon.colcon_core.package_identification:_identify(.) by extension 'python'
[1.619s] Level 1:colcon.colcon_core.package_identification:_identify(.) by extensions ['python_setup_py']
[1.619s] Level 1:colcon.colcon_core.package_identification:_identify(.) by extension 'python_setup_py'
[1.619s] Level 1:colcon.colcon_core.package_identification:_identify(articubot_one) by extensions ['ignore', 'ignore_ament_install']
[1.620s] Level 1:colcon.colcon_core.package_identification:_identify(articubot_one) by extension 'ignore'
[1.620s] Level 1:colcon.colcon_core.package_identification:_identify(articubot_one) by extension 'ignore_ament_install'
[1.620s] Level 1:colcon.colcon_core.package_identification:_identify(articubot_one) by extensions ['colcon_pkg']
[1.621s] Level 1:colcon.colcon_core.package_identification:_identify(articubot_one) by extension 'colcon_pkg'
[1.621s] Level 1:colcon.colcon_core.package_identification:_identify(articubot_one) by extensions ['colcon_meta']
[1.621s] Level 1:colcon.colcon_core.package_identification:_identify(articubot_one) by extension 'colcon_meta'
[1.621s] Level 1:colcon.colcon_core.package_identification:_identify(articubot_one) by extensions ['ros']
[1.621s] Level 1:colcon.colcon_core.package_identification:_identify(articubot_one) by extension 'ros'
[1.629s] DEBUG:colcon.colcon_core.package_identification:Package 'articubot_one' with type 'ros.ament_cmake' and name 'articubot_one'
[1.630s] Level 1:colcon.colcon_core.package_identification:_identify(build) by extensions ['ignore', 'ignore_ament_install']
[1.631s] Level 1:colcon.colcon_core.package_identification:_identify(build) by extension 'ignore'
[1.631s] Level 1:colcon.colcon_core.package_identification:_identify(build) ignored
[1.632s] Level 1:colcon.colcon_core.package_identification:_identify(install) by extensions ['ignore', 'ignore_ament_install']
[1.632s] Level 1:colcon.colcon_core.package_identification:_identify(install) by extension 'ignore'
[1.632s] Level 1:colcon.colcon_core.package_identification:_identify(install) ignored
[1.633s] Level 1:colcon.colcon_core.package_identification:_identify(log) by extensions ['ignore', 'ignore_ament_install']
[1.633s] Level 1:colcon.colcon_core.package_identification:_identify(log) by extension 'ignore'
[1.634s] Level 1:colcon.colcon_core.package_identification:_identify(log) ignored
[1.634s] Level 1:colcon.colcon_core.package_identification:_identify(manual_drive) by extensions ['ignore', 'ignore_ament_install']
[1.634s] Level 1:colcon.colcon_core.package_identification:_identify(manual_drive) by extension 'ignore'
[1.635s] Level 1:colcon.colcon_core.package_identification:_identify(manual_drive) by extension 'ignore_ament_install'
[1.635s] Level 1:colcon.colcon_core.package_identification:_identify(manual_drive) by extensions ['colcon_pkg']
[1.635s] Level 1:colcon.colcon_core.package_identification:_identify(manual_drive) by extension 'colcon_pkg'
[1.635s] Level 1:colcon.colcon_core.package_identification:_identify(manual_drive) by extensions ['colcon_meta']
[1.635s] Level 1:colcon.colcon_core.package_identification:_identify(manual_drive) by extension 'colcon_meta'
[1.636s] Level 1:colcon.colcon_core.package_identification:_identify(manual_drive) by extensions ['ros']
[1.636s] Level 1:colcon.colcon_core.package_identification:_identify(manual_drive) by extension 'ros'
[1.638s] DEBUG:colcon.colcon_core.package_identification:Package 'manual_drive' with type 'ros.ament_python' and name 'manual_drive'
[1.638s] Level 1:colcon.colcon_core.package_discovery:discover_packages(recursive) using defaults
[1.638s] Level 1:colcon.colcon_core.package_discovery:discover_packages(ignore) discover
[1.639s] Level 1:colcon.colcon_core.package_discovery:discover_packages(ignore) using defaults
[1.639s] Level 1:colcon.colcon_core.package_discovery:discover_packages(path) discover
[1.639s] Level 1:colcon.colcon_core.package_discovery:discover_packages(path) using defaults
[1.764s] Level 1:colcon.colcon_core.package_discovery:discover_packages(prefix_path) check parameters
[1.764s] Level 1:colcon.colcon_core.package_discovery:discover_packages(prefix_path) discover
[1.775s] DEBUG:colcon.colcon_installed_package_information.package_discovery:Found 3 installed packages in /home/rob/ros2_ws/install
[1.786s] DEBUG:colcon.colcon_installed_package_information.package_discovery:Found 365 installed packages in /opt/ros/humble
[1.795s] Level 1:colcon.colcon_core.package_discovery:discover_packages(prefix_path) using defaults
[2.037s] Level 5:colcon.colcon_core.verb:set package 'articubot_one' build argument 'cmake_args' from command line to 'None'
[2.037s] Level 5:colcon.colcon_core.verb:set package 'articubot_one' build argument 'cmake_target' from command line to 'None'
[2.037s] Level 5:colcon.colcon_core.verb:set package 'articubot_one' build argument 'cmake_target_skip_unavailable' from command line to 'False'
[2.037s] Level 5:colcon.colcon_core.verb:set package 'articubot_one' build argument 'cmake_clean_cache' from command line to 'False'
[2.037s] Level 5:colcon.colcon_core.verb:set package 'articubot_one' build argument 'cmake_clean_first' from command line to 'False'
[2.037s] Level 5:colcon.colcon_core.verb:set package 'articubot_one' build argument 'cmake_force_configure' from command line to 'False'
[2.038s] Level 5:colcon.colcon_core.verb:set package 'articubot_one' build argument 'ament_cmake_args' from command line to 'None'
[2.038s] Level 5:colcon.colcon_core.verb:set package 'articubot_one' build argument 'catkin_cmake_args' from command line to 'None'
[2.038s] Level 5:colcon.colcon_core.verb:set package 'articubot_one' build argument 'catkin_skip_building_tests' from command line to 'False'
[2.038s] DEBUG:colcon.colcon_core.verb:Building package 'articubot_one' with the following arguments: {'ament_cmake_args': None, 'build_base': '/home/rob/ros2_ws/src/build/articubot_one', 'catkin_cmake_args': None, 'catkin_skip_building_tests': False, 'cmake_args': None, 'cmake_clean_cache': False, 'cmake_clean_first': False, 'cmake_force_configure': False, 'cmake_target': None, 'cmake_target_skip_unavailable': False, 'install_base': '/home/rob/ros2_ws/src/install/articubot_one', 'merge_install': False, 'path': '/home/rob/ros2_ws/src/articubot_one', 'symlink_install': False, 'test_result_base': None}
[2.040s] Level 5:colcon.colcon_core.verb:set package 'manual_drive' build argument 'cmake_args' from command line to 'None'
[2.040s] Level 5:colcon.colcon_core.verb:set package 'manual_drive' build argument 'cmake_target' from command line to 'None'
[2.040s] Level 5:colcon.colcon_core.verb:set package 'manual_drive' build argument 'cmake_target_skip_unavailable' from command line to 'False'
[2.040s] Level 5:colcon.colcon_core.verb:set package 'manual_drive' build argument 'cmake_clean_cache' from command line to 'False'
[2.040s] Level 5:colcon.colcon_core.verb:set package 'manual_drive' build argument 'cmake_clean_first' from command line to 'False'
[2.040s] Level 5:colcon.colcon_core.verb:set package 'manual_drive' build argument 'cmake_force_configure' from command line to 'False'
[2.040s] Level 5:colcon.colcon_core.verb:set package 'manual_drive' build argument 'ament_cmake_args' from command line to 'None'
[2.040s] Level 5:colcon.colcon_core.verb:set package 'manual_drive' build argument 'catkin_cmake_args' from command line to 'None'
[2.041s] Level 5:colcon.colcon_core.verb:set package 'manual_drive' build argument 'catkin_skip_building_tests' from command line to 'False'
[2.041s] DEBUG:colcon.colcon_core.verb:Building package 'manual_drive' with the following arguments: {'ament_cmake_args': None, 'build_base': '/home/rob/ros2_ws/src/build/manual_drive', 'catkin_cmake_args': None, 'catkin_skip_building_tests': False, 'cmake_args': None, 'cmake_clean_cache': False, 'cmake_clean_first': False, 'cmake_force_configure': False, 'cmake_target': None, 'cmake_target_skip_unavailable': False, 'install_base': '/home/rob/ros2_ws/src/install/manual_drive', 'merge_install': False, 'path': '/home/rob/ros2_ws/src/manual_drive', 'symlink_install': False, 'test_result_base': None}
[2.041s] INFO:colcon.colcon_core.executor:Executing jobs using 'parallel' executor
[2.045s] DEBUG:colcon.colcon_parallel_executor.executor.parallel:run_until_complete
[2.046s] INFO:colcon.colcon_ros.task.ament_cmake.build:Building ROS package in '/home/rob/ros2_ws/src/articubot_one' with build type 'ament_cmake'
[2.046s] INFO:colcon.colcon_cmake.task.cmake.build:Building CMake package in '/home/rob/ros2_ws/src/articubot_one'
[2.057s] INFO:colcon.colcon_core.plugin_system:Skipping extension 'colcon_core.shell.bat': Not used on non-Windows systems
[2.058s] INFO:colcon.colcon_core.shell:Skip shell extension 'powershell' for command environment: Not usable outside of PowerShell
[2.058s] DEBUG:colcon.colcon_core.shell:Skip shell extension 'dsv' for command environment
[2.079s] INFO:colcon.colcon_ros.task.ament_python.build:Building ROS package in '/home/rob/ros2_ws/src/manual_drive' with build type 'ament_python'
[2.080s] Level 1:colcon.colcon_core.shell:create_environment_hook('manual_drive', 'ament_prefix_path')
[2.082s] INFO:colcon.colcon_core.shell:Creating environment hook '/home/rob/ros2_ws/src/install/manual_drive/share/manual_drive/hook/ament_prefix_path.ps1'
[2.086s] INFO:colcon.colcon_core.shell:Creating environment descriptor '/home/rob/ros2_ws/src/install/manual_drive/share/manual_drive/hook/ament_prefix_path.dsv'
[2.088s] INFO:colcon.colcon_core.shell:Creating environment hook '/home/rob/ros2_ws/src/install/manual_drive/share/manual_drive/hook/ament_prefix_path.sh'
[2.092s] INFO:colcon.colcon_core.shell:Skip shell extension 'powershell' for command environment: Not usable outside of PowerShell
[2.092s] DEBUG:colcon.colcon_core.shell:Skip shell extension 'dsv' for command environment
[2.124s] DEBUG:colcon.colcon_core.event_handler.log_command:Invoking command in '/home/rob/ros2_ws/src/build/articubot_one': CMAKE_PREFIX_PATH=${CMAKE_PREFIX_PATH}:/opt/ros/humble:/home/rob/ros2_ws/install/manual_drive /usr/bin/cmake /home/rob/ros2_ws/src/articubot_one -DCMAKE_INSTALL_PREFIX=/home/rob/ros2_ws/src/install/articubot_one
[3.881s] INFO:colcon.colcon_core.task.python.build:Building Python package in '/home/rob/ros2_ws/src/manual_drive'
[3.883s] INFO:colcon.colcon_core.shell:Skip shell extension 'powershell' for command environment: Not usable outside of PowerShell
[3.883s] DEBUG:colcon.colcon_core.shell:Skip shell extension 'dsv' for command environment
[6.071s] DEBUG:colcon.colcon_core.event_handler.log_command:Invoking command in '/home/rob/ros2_ws/src/manual_drive': PYTHONPATH=/home/rob/ros2_ws/src/build/manual_drive/prefix_override:/usr/lib/python3/dist-packages/colcon_core/task/python/colcon_distutils_commands:/home/rob/ros2_ws/src/install/manual_drive/lib/python3.10/site-packages:${PYTHONPATH} /usr/bin/python3 -W ignore:setup.py install is deprecated -W ignore:easy_install command is deprecated setup.py egg_info --egg-base ../build/manual_drive build --build-base /home/rob/ros2_ws/src/build/manual_drive/build install --record /home/rob/ros2_ws/src/build/manual_drive/install.log --single-version-externally-managed install_data
[6.560s] DEBUG:colcon.colcon_core.event_handler.log_command:Invoked command in '/home/rob/ros2_ws/src/build/articubot_one' returned '0': CMAKE_PREFIX_PATH=${CMAKE_PREFIX_PATH}:/opt/ros/humble:/home/rob/ros2_ws/install/manual_drive /usr/bin/cmake /home/rob/ros2_ws/src/articubot_one -DCMAKE_INSTALL_PREFIX=/home/rob/ros2_ws/src/install/articubot_one
[6.568s] DEBUG:colcon.colcon_core.event_handler.log_command:Invoking command in '/home/rob/ros2_ws/src/build/articubot_one': CMAKE_PREFIX_PATH=${CMAKE_PREFIX_PATH}:/opt/ros/humble:/home/rob/ros2_ws/install/manual_drive /usr/bin/cmake --build /home/rob/ros2_ws/src/build/articubot_one -- -j4 -l4
[6.733s] DEBUG:colcon.colcon_core.event_handler.log_command:Invoked command in '/home/rob/ros2_ws/src/build/articubot_one' returned '0': CMAKE_PREFIX_PATH=${CMAKE_PREFIX_PATH}:/opt/ros/humble:/home/rob/ros2_ws/install/manual_drive /usr/bin/cmake --build /home/rob/ros2_ws/src/build/articubot_one -- -j4 -l4
[6.772s] DEBUG:colcon.colcon_core.event_handler.log_command:Invoking command in '/home/rob/ros2_ws/src/build/articubot_one': CMAKE_PREFIX_PATH=${CMAKE_PREFIX_PATH}:/opt/ros/humble:/home/rob/ros2_ws/install/manual_drive /usr/bin/cmake --install /home/rob/ros2_ws/src/build/articubot_one
[6.872s] Level 1:colcon.colcon_core.environment:create_environment_scripts_only(articubot_one)
[6.873s] DEBUG:colcon.colcon_core.event_handler.log_command:Invoked command in '/home/rob/ros2_ws/src/build/articubot_one' returned '0': CMAKE_PREFIX_PATH=${CMAKE_PREFIX_PATH}:/opt/ros/humble:/home/rob/ros2_ws/install/manual_drive /usr/bin/cmake --install /home/rob/ros2_ws/src/build/articubot_one
[6.884s] Level 1:colcon.colcon_core.environment:checking '/home/rob/ros2_ws/src/install/articubot_one' for CMake module files
[6.887s] Level 1:colcon.colcon_core.environment:checking '/home/rob/ros2_ws/src/install/articubot_one' for CMake config files
[6.889s] Level 1:colcon.colcon_core.shell:create_environment_hook('articubot_one', 'cmake_prefix_path')
[6.890s] INFO:colcon.colcon_core.shell:Creating environment hook '/home/rob/ros2_ws/src/install/articubot_one/share/articubot_one/hook/cmake_prefix_path.ps1'
[6.892s] INFO:colcon.colcon_core.shell:Creating environment descriptor '/home/rob/ros2_ws/src/install/articubot_one/share/articubot_one/hook/cmake_prefix_path.dsv'
[6.893s] INFO:colcon.colcon_core.shell:Creating environment hook '/home/rob/ros2_ws/src/install/articubot_one/share/articubot_one/hook/cmake_prefix_path.sh'
[6.897s] Level 1:colcon.colcon_core.environment:checking '/home/rob/ros2_ws/src/install/articubot_one/bin'
[6.898s] Level 1:colcon.colcon_core.environment:checking '/home/rob/ros2_ws/src/install/articubot_one/lib/pkgconfig/articubot_one.pc'
[6.899s] Level 1:colcon.colcon_core.environment:checking '/home/rob/ros2_ws/src/install/articubot_one/lib/python3.10/site-packages'
[6.900s] Level 1:colcon.colcon_core.environment:checking '/home/rob/ros2_ws/src/install/articubot_one/bin'
[6.901s] INFO:colcon.colcon_core.shell:Creating package script '/home/rob/ros2_ws/src/install/articubot_one/share/articubot_one/package.ps1'
[6.904s] INFO:colcon.colcon_core.shell:Creating package descriptor '/home/rob/ros2_ws/src/install/articubot_one/share/articubot_one/package.dsv'
[6.907s] INFO:colcon.colcon_core.shell:Creating package script '/home/rob/ros2_ws/src/install/articubot_one/share/articubot_one/package.sh'
[6.910s] INFO:colcon.colcon_core.shell:Creating package script '/home/rob/ros2_ws/src/install/articubot_one/share/articubot_one/package.bash'
[6.914s] INFO:colcon.colcon_core.shell:Creating package script '/home/rob/ros2_ws/src/install/articubot_one/share/articubot_one/package.zsh'
[6.917s] Level 1:colcon.colcon_core.environment:create_file_with_runtime_dependencies(/home/rob/ros2_ws/src/install/articubot_one/share/colcon-core/packages/articubot_one)
[6.920s] Level 1:colcon.colcon_core.environment:create_environment_scripts_only(articubot_one)
[6.921s] Level 1:colcon.colcon_core.environment:checking '/home/rob/ros2_ws/src/install/articubot_one' for CMake module files
[6.924s] Level 1:colcon.colcon_core.environment:checking '/home/rob/ros2_ws/src/install/articubot_one' for CMake config files
[6.925s] Level 1:colcon.colcon_core.shell:create_environment_hook('articubot_one', 'cmake_prefix_path')
[6.926s] INFO:colcon.colcon_core.shell:Creating environment hook '/home/rob/ros2_ws/src/install/articubot_one/share/articubot_one/hook/cmake_prefix_path.ps1'
[6.929s] INFO:colcon.colcon_core.shell:Creating environment descriptor '/home/rob/ros2_ws/src/install/articubot_one/share/articubot_one/hook/cmake_prefix_path.dsv'
[6.930s] INFO:colcon.colcon_core.shell:Creating environment hook '/home/rob/ros2_ws/src/install/articubot_one/share/articubot_one/hook/cmake_prefix_path.sh'
[6.933s] Level 1:colcon.colcon_core.environment:checking '/home/rob/ros2_ws/src/install/articubot_one/bin'
[6.934s] Level 1:colcon.colcon_core.environment:checking '/home/rob/ros2_ws/src/install/articubot_one/lib/pkgconfig/articubot_one.pc'
[6.935s] Level 1:colcon.colcon_core.environment:checking '/home/rob/ros2_ws/src/install/articubot_one/lib/python3.10/site-packages'
[6.936s] Level 1:colcon.colcon_core.environment:checking '/home/rob/ros2_ws/src/install/articubot_one/bin'
[6.937s] INFO:colcon.colcon_core.shell:Creating package script '/home/rob/ros2_ws/src/install/articubot_one/share/articubot_one/package.ps1'
[6.940s] INFO:colcon.colcon_core.shell:Creating package descriptor '/home/rob/ros2_ws/src/install/articubot_one/share/articubot_one/package.dsv'
[6.942s] INFO:colcon.colcon_core.shell:Creating package script '/home/rob/ros2_ws/src/install/articubot_one/share/articubot_one/package.sh'
[6.944s] INFO:colcon.colcon_core.shell:Creating package script '/home/rob/ros2_ws/src/install/articubot_one/share/articubot_one/package.bash'
[6.947s] INFO:colcon.colcon_core.shell:Creating package script '/home/rob/ros2_ws/src/install/articubot_one/share/articubot_one/package.zsh'
[6.949s] Level 1:colcon.colcon_core.environment:create_file_with_runtime_dependencies(/home/rob/ros2_ws/src/install/articubot_one/share/colcon-core/packages/articubot_one)
[7.761s] Level 1:colcon.colcon_core.environment:checking '/home/rob/ros2_ws/src/install/manual_drive' for CMake module files
[7.763s] DEBUG:colcon.colcon_core.event_handler.log_command:Invoked command in '/home/rob/ros2_ws/src/manual_drive' returned '0': PYTHONPATH=/home/rob/ros2_ws/src/build/manual_drive/prefix_override:/usr/lib/python3/dist-packages/colcon_core/task/python/colcon_distutils_commands:/home/rob/ros2_ws/src/install/manual_drive/lib/python3.10/site-packages:${PYTHONPATH} /usr/bin/python3 -W ignore:setup.py install is deprecated -W ignore:easy_install command is deprecated setup.py egg_info --egg-base ../build/manual_drive build --build-base /home/rob/ros2_ws/src/build/manual_drive/build install --record /home/rob/ros2_ws/src/build/manual_drive/install.log --single-version-externally-managed install_data
[7.765s] Level 1:colcon.colcon_core.environment:checking '/home/rob/ros2_ws/src/install/manual_drive' for CMake config files
[7.768s] Level 1:colcon.colcon_core.environment:checking '/home/rob/ros2_ws/src/install/manual_drive/lib'
[7.769s] Level 1:colcon.colcon_core.environment:checking '/home/rob/ros2_ws/src/install/manual_drive/bin'
[7.770s] Level 1:colcon.colcon_core.environment:checking '/home/rob/ros2_ws/src/install/manual_drive/lib/pkgconfig/manual_drive.pc'
[7.771s] Level 1:colcon.colcon_core.environment:checking '/home/rob/ros2_ws/src/install/manual_drive/lib/python3.10/site-packages'
[7.771s] Level 1:colcon.colcon_core.shell:create_environment_hook('manual_drive', 'pythonpath')
[7.773s] INFO:colcon.colcon_core.shell:Creating environment hook '/home/rob/ros2_ws/src/install/manual_drive/share/manual_drive/hook/pythonpath.ps1'
[7.776s] INFO:colcon.colcon_core.shell:Creating environment descriptor '/home/rob/ros2_ws/src/install/manual_drive/share/manual_drive/hook/pythonpath.dsv'
[7.778s] INFO:colcon.colcon_core.shell:Creating environment hook '/home/rob/ros2_ws/src/install/manual_drive/share/manual_drive/hook/pythonpath.sh'
[7.781s] Level 1:colcon.colcon_core.environment:checking '/home/rob/ros2_ws/src/install/manual_drive/bin'
[7.781s] Level 1:colcon.colcon_core.environment:create_environment_scripts_only(manual_drive)
[7.782s] INFO:colcon.colcon_core.shell:Creating package script '/home/rob/ros2_ws/src/install/manual_drive/share/manual_drive/package.ps1'
[7.785s] INFO:colcon.colcon_core.shell:Creating package descriptor '/home/rob/ros2_ws/src/install/manual_drive/share/manual_drive/package.dsv'
[7.787s] INFO:colcon.colcon_core.shell:Creating package script '/home/rob/ros2_ws/src/install/manual_drive/share/manual_drive/package.sh'
[7.789s] INFO:colcon.colcon_core.shell:Creating package script '/home/rob/ros2_ws/src/install/manual_drive/share/manual_drive/package.bash'
[7.791s] INFO:colcon.colcon_core.shell:Creating package script '/home/rob/ros2_ws/src/install/manual_drive/share/manual_drive/package.zsh'
[7.793s] Level 1:colcon.colcon_core.environment:create_file_with_runtime_dependencies(/home/rob/ros2_ws/src/install/manual_drive/share/colcon-core/packages/manual_drive)
[7.794s] DEBUG:colcon.colcon_parallel_executor.executor.parallel:closing loop
[7.795s] DEBUG:colcon.colcon_parallel_executor.executor.parallel:loop closed
[7.796s] DEBUG:colcon.colcon_parallel_executor.executor.parallel:run_until_complete finished with '0'
[7.796s] DEBUG:colcon.colcon_core.event_reactor:joining thread
[7.823s] INFO:colcon.colcon_core.plugin_system:Skipping extension 'colcon_notification.desktop_notification.notify_send': Could not find 'notify-send'
[7.823s] INFO:colcon.colcon_core.plugin_system:Skipping extension 'colcon_notification.desktop_notification.terminal_notifier': Not used on non-Darwin systems
[7.823s] INFO:colcon.colcon_core.plugin_system:Skipping extension 'colcon_notification.desktop_notification.win32': Not used on non-Windows systems
[7.823s] INFO:colcon.colcon_notification.desktop_notification:Sending desktop notification using 'notify2'
[7.827s] DEBUG:colcon.colcon_notification.desktop_notification.notify2:Failed to initialize notify2: org.freedesktop.DBus.Error.ServiceUnknown: The name org.freedesktop.Notifications was not provided by any .service files
[7.827s] DEBUG:colcon.colcon_core.event_reactor:joined thread
[7.828s] INFO:colcon.colcon_core.shell:Creating prefix script '/home/rob/ros2_ws/src/install/local_setup.ps1'
[7.831s] INFO:colcon.colcon_core.shell:Creating prefix util module '/home/rob/ros2_ws/src/install/_local_setup_util_ps1.py'
[7.839s] INFO:colcon.colcon_core.shell:Creating prefix chain script '/home/rob/ros2_ws/src/install/setup.ps1'
[7.848s] INFO:colcon.colcon_core.shell:Creating prefix script '/home/rob/ros2_ws/src/install/local_setup.sh'
[7.852s] INFO:colcon.colcon_core.shell:Creating prefix util module '/home/rob/ros2_ws/src/install/_local_setup_util_sh.py'
[7.855s] INFO:colcon.colcon_core.shell:Creating prefix chain script '/home/rob/ros2_ws/src/install/setup.sh'
[7.860s] INFO:colcon.colcon_core.shell:Creating prefix script '/home/rob/ros2_ws/src/install/local_setup.bash'
[7.863s] INFO:colcon.colcon_core.shell:Creating prefix chain script '/home/rob/ros2_ws/src/install/setup.bash'
[7.868s] INFO:colcon.colcon_core.shell:Creating prefix script '/home/rob/ros2_ws/src/install/local_setup.zsh'
[7.870s] INFO:colcon.colcon_core.shell:Creating prefix chain script '/home/rob/ros2_ws/src/install/setup.zsh'
