[0.579s] DEBUG:colcon:Command line arguments: ['/usr/local/bin/colcon', 'build']
[0.580s] DEBUG:colcon:Parsed command line arguments: Namespace(log_base=None, log_level=None, verb_name='build', build_base='build', install_base='install', merge_install=False, symlink_install=False, test_result_base=None, continue_on_error=False, executor='parallel', parallel_workers=4, event_handlers=None, ignore_user_meta=False, metas=['./colcon.meta'], base_paths=['.'], packages_ignore=None, packages_ignore_regex=None, paths=None, packages_up_to=None, packages_up_to_regex=None, packages_above=None, packages_above_and_dependencies=None, packages_above_depth=None, packages_select_by_dep=None, packages_skip_by_dep=None, packages_skip_up_to=None, packages_select_build_failed=False, packages_skip_build_finished=False, packages_select_test_failures=False, packages_skip_test_passed=False, packages_select=None, packages_skip=None, packages_select_regex=None, packages_skip_regex=None, packages_start=None, packages_end=None, cmake_args=None, cmake_target=None, cmake_target_skip_unavailable=False, cmake_clean_cache=False, cmake_clean_first=False, cmake_force_configure=False, ament_cmake_args=None, catkin_cmake_args=None, catkin_skip_building_tests=False, verb_parser=<colcon_defaults.argument_parser.defaults.DefaultArgumentsDecorator object at 0xffff7de1c6a0>, verb_extension=<colcon_core.verb.build.BuildVerb object at 0xffff7dfc5ba0>, main=<bound method BuildVerb.main of <colcon_core.verb.build.BuildVerb object at 0xffff7dfc5ba0>>)
[1.447s] Level 1:colcon.colcon_core.package_discovery:discover_packages(colcon_meta) check parameters
[1.448s] Level 1:colcon.colcon_core.package_discovery:discover_packages(recursive) check parameters
[1.448s] Level 1:colcon.colcon_core.package_discovery:discover_packages(ignore) check parameters
[1.448s] Level 1:colcon.colcon_core.package_discovery:discover_packages(path) check parameters
[1.449s] Level 1:colcon.colcon_core.package_discovery:discover_packages(colcon_meta) discover
[1.449s] Level 1:colcon.colcon_core.package_discovery:discover_packages(recursive) discover
[1.449s] INFO:colcon.colcon_core.package_discovery:Crawling recursively for packages in '/home/rob/ros2_ws'
[1.450s] Level 1:colcon.colcon_core.package_identification:_identify(.) by extensions ['ignore', 'ignore_ament_install']
[1.450s] Level 1:colcon.colcon_core.package_identification:_identify(.) by extension 'ignore'
[1.451s] Level 1:colcon.colcon_core.package_identification:_identify(.) by extension 'ignore_ament_install'
[1.451s] Level 1:colcon.colcon_core.package_identification:_identify(.) by extensions ['colcon_pkg']
[1.451s] Level 1:colcon.colcon_core.package_identification:_identify(.) by extension 'colcon_pkg'
[1.452s] Level 1:colcon.colcon_core.package_identification:_identify(.) by extensions ['colcon_meta']
[1.452s] Level 1:colcon.colcon_core.package_identification:_identify(.) by extension 'colcon_meta'
[1.452s] Level 1:colcon.colcon_core.package_identification:_identify(.) by extensions ['ros']
[1.453s] Level 1:colcon.colcon_core.package_identification:_identify(.) by extension 'ros'
[1.502s] Level 1:colcon.colcon_core.package_identification:_identify(.) by extensions ['cmake', 'python']
[1.502s] Level 1:colcon.colcon_core.package_identification:_identify(.) by extension 'cmake'
[1.503s] Level 1:colcon.colcon_core.package_identification:_identify(.) by extension 'python'
[1.503s] Level 1:colcon.colcon_core.package_identification:_identify(.) by extensions ['python_setup_py']
[1.504s] Level 1:colcon.colcon_core.package_identification:_identify(.) by extension 'python_setup_py'
[1.506s] Level 1:colcon.colcon_core.package_identification:_identify(build) by extensions ['ignore', 'ignore_ament_install']
[1.506s] Level 1:colcon.colcon_core.package_identification:_identify(build) by extension 'ignore'
[1.507s] Level 1:colcon.colcon_core.package_identification:_identify(build) ignored
[1.508s] Level 1:colcon.colcon_core.package_identification:_identify(install) by extensions ['ignore', 'ignore_ament_install']
[1.509s] Level 1:colcon.colcon_core.package_identification:_identify(install) by extension 'ignore'
[1.509s] Level 1:colcon.colcon_core.package_identification:_identify(install) ignored
[1.510s] Level 1:colcon.colcon_core.package_identification:_identify(log) by extensions ['ignore', 'ignore_ament_install']
[1.511s] Level 1:colcon.colcon_core.package_identification:_identify(log) by extension 'ignore'
[1.511s] Level 1:colcon.colcon_core.package_identification:_identify(log) ignored
[1.512s] Level 1:colcon.colcon_core.package_identification:_identify(src) by extensions ['ignore', 'ignore_ament_install']
[1.513s] Level 1:colcon.colcon_core.package_identification:_identify(src) by extension 'ignore'
[1.514s] Level 1:colcon.colcon_core.package_identification:_identify(src) by extension 'ignore_ament_install'
[1.514s] Level 1:colcon.colcon_core.package_identification:_identify(src) by extensions ['colcon_pkg']
[1.515s] Level 1:colcon.colcon_core.package_identification:_identify(src) by extension 'colcon_pkg'
[1.515s] Level 1:colcon.colcon_core.package_identification:_identify(src) by extensions ['colcon_meta']
[1.515s] Level 1:colcon.colcon_core.package_identification:_identify(src) by extension 'colcon_meta'
[1.516s] Level 1:colcon.colcon_core.package_identification:_identify(src) by extensions ['ros']
[1.516s] Level 1:colcon.colcon_core.package_identification:_identify(src) by extension 'ros'
[1.516s] Level 1:colcon.colcon_core.package_identification:_identify(src) by extensions ['cmake', 'python']
[1.517s] Level 1:colcon.colcon_core.package_identification:_identify(src) by extension 'cmake'
[1.517s] Level 1:colcon.colcon_core.package_identification:_identify(src) by extension 'python'
[1.517s] Level 1:colcon.colcon_core.package_identification:_identify(src) by extensions ['python_setup_py']
[1.517s] Level 1:colcon.colcon_core.package_identification:_identify(src) by extension 'python_setup_py'
[1.518s] Level 1:colcon.colcon_core.package_identification:_identify(src/articubot_one) by extensions ['ignore', 'ignore_ament_install']
[1.519s] Level 1:colcon.colcon_core.package_identification:_identify(src/articubot_one) by extension 'ignore'
[1.519s] Level 1:colcon.colcon_core.package_identification:_identify(src/articubot_one) by extension 'ignore_ament_install'
[1.519s] Level 1:colcon.colcon_core.package_identification:_identify(src/articubot_one) by extensions ['colcon_pkg']
[1.519s] Level 1:colcon.colcon_core.package_identification:_identify(src/articubot_one) by extension 'colcon_pkg'
[1.520s] Level 1:colcon.colcon_core.package_identification:_identify(src/articubot_one) by extensions ['colcon_meta']
[1.520s] Level 1:colcon.colcon_core.package_identification:_identify(src/articubot_one) by extension 'colcon_meta'
[1.520s] Level 1:colcon.colcon_core.package_identification:_identify(src/articubot_one) by extensions ['ros']
[1.520s] Level 1:colcon.colcon_core.package_identification:_identify(src/articubot_one) by extension 'ros'
[1.535s] DEBUG:colcon.colcon_core.package_identification:Package 'src/articubot_one' with type 'ros.ament_cmake' and name 'articubot_one'
[1.536s] Level 1:colcon.colcon_core.package_identification:_identify(src/build) by extensions ['ignore', 'ignore_ament_install']
[1.537s] Level 1:colcon.colcon_core.package_identification:_identify(src/build) by extension 'ignore'
[1.537s] Level 1:colcon.colcon_core.package_identification:_identify(src/build) ignored
[1.537s] Level 1:colcon.colcon_core.package_identification:_identify(src/install) by extensions ['ignore', 'ignore_ament_install']
[1.538s] Level 1:colcon.colcon_core.package_identification:_identify(src/install) by extension 'ignore'
[1.538s] Level 1:colcon.colcon_core.package_identification:_identify(src/install) ignored
[1.539s] Level 1:colcon.colcon_core.package_identification:_identify(src/log) by extensions ['ignore', 'ignore_ament_install']
[1.539s] Level 1:colcon.colcon_core.package_identification:_identify(src/log) by extension 'ignore'
[1.539s] Level 1:colcon.colcon_core.package_identification:_identify(src/log) ignored
[1.540s] Level 1:colcon.colcon_core.package_identification:_identify(src/manual_drive) by extensions ['ignore', 'ignore_ament_install']
[1.540s] Level 1:colcon.colcon_core.package_identification:_identify(src/manual_drive) by extension 'ignore'
[1.540s] Level 1:colcon.colcon_core.package_identification:_identify(src/manual_drive) by extension 'ignore_ament_install'
[1.541s] Level 1:colcon.colcon_core.package_identification:_identify(src/manual_drive) by extensions ['colcon_pkg']
[1.541s] Level 1:colcon.colcon_core.package_identification:_identify(src/manual_drive) by extension 'colcon_pkg'
[1.541s] Level 1:colcon.colcon_core.package_identification:_identify(src/manual_drive) by extensions ['colcon_meta']
[1.541s] Level 1:colcon.colcon_core.package_identification:_identify(src/manual_drive) by extension 'colcon_meta'
[1.541s] Level 1:colcon.colcon_core.package_identification:_identify(src/manual_drive) by extensions ['ros']
[1.541s] Level 1:colcon.colcon_core.package_identification:_identify(src/manual_drive) by extension 'ros'
[1.544s] DEBUG:colcon.colcon_core.package_identification:Package 'src/manual_drive' with type 'ros.ament_python' and name 'manual_drive'
[1.544s] Level 1:colcon.colcon_core.package_discovery:discover_packages(recursive) using defaults
[1.544s] Level 1:colcon.colcon_core.package_discovery:discover_packages(ignore) discover
[1.544s] Level 1:colcon.colcon_core.package_discovery:discover_packages(ignore) using defaults
[1.545s] Level 1:colcon.colcon_core.package_discovery:discover_packages(path) discover
[1.545s] Level 1:colcon.colcon_core.package_discovery:discover_packages(path) using defaults
[1.651s] Level 5:colcon.colcon_core.verb:set package 'articubot_one' build argument 'cmake_args' from command line to 'None'
[1.651s] Level 5:colcon.colcon_core.verb:set package 'articubot_one' build argument 'cmake_target' from command line to 'None'
[1.652s] Level 5:colcon.colcon_core.verb:set package 'articubot_one' build argument 'cmake_target_skip_unavailable' from command line to 'False'
[1.652s] Level 5:colcon.colcon_core.verb:set package 'articubot_one' build argument 'cmake_clean_cache' from command line to 'False'
[1.652s] Level 5:colcon.colcon_core.verb:set package 'articubot_one' build argument 'cmake_clean_first' from command line to 'False'
[1.652s] Level 5:colcon.colcon_core.verb:set package 'articubot_one' build argument 'cmake_force_configure' from command line to 'False'
[1.652s] Level 5:colcon.colcon_core.verb:set package 'articubot_one' build argument 'ament_cmake_args' from command line to 'None'
[1.653s] Level 5:colcon.colcon_core.verb:set package 'articubot_one' build argument 'catkin_cmake_args' from command line to 'None'
[1.653s] Level 5:colcon.colcon_core.verb:set package 'articubot_one' build argument 'catkin_skip_building_tests' from command line to 'False'
[1.653s] DEBUG:colcon.colcon_core.verb:Building package 'articubot_one' with the following arguments: {'ament_cmake_args': None, 'build_base': '/home/rob/ros2_ws/build/articubot_one', 'catkin_cmake_args': None, 'catkin_skip_building_tests': False, 'cmake_args': None, 'cmake_clean_cache': False, 'cmake_clean_first': False, 'cmake_force_configure': False, 'cmake_target': None, 'cmake_target_skip_unavailable': False, 'install_base': '/home/rob/ros2_ws/install/articubot_one', 'merge_install': False, 'path': '/home/rob/ros2_ws/src/articubot_one', 'symlink_install': False, 'test_result_base': None}
[1.655s] Level 5:colcon.colcon_core.verb:set package 'manual_drive' build argument 'cmake_args' from command line to 'None'
[1.655s] Level 5:colcon.colcon_core.verb:set package 'manual_drive' build argument 'cmake_target' from command line to 'None'
[1.655s] Level 5:colcon.colcon_core.verb:set package 'manual_drive' build argument 'cmake_target_skip_unavailable' from command line to 'False'
[1.656s] Level 5:colcon.colcon_core.verb:set package 'manual_drive' build argument 'cmake_clean_cache' from command line to 'False'
[1.656s] Level 5:colcon.colcon_core.verb:set package 'manual_drive' build argument 'cmake_clean_first' from command line to 'False'
[1.656s] Level 5:colcon.colcon_core.verb:set package 'manual_drive' build argument 'cmake_force_configure' from command line to 'False'
[1.656s] Level 5:colcon.colcon_core.verb:set package 'manual_drive' build argument 'ament_cmake_args' from command line to 'None'
[1.657s] Level 5:colcon.colcon_core.verb:set package 'manual_drive' build argument 'catkin_cmake_args' from command line to 'None'
[1.657s] Level 5:colcon.colcon_core.verb:set package 'manual_drive' build argument 'catkin_skip_building_tests' from command line to 'False'
[1.657s] DEBUG:colcon.colcon_core.verb:Building package 'manual_drive' with the following arguments: {'ament_cmake_args': None, 'build_base': '/home/rob/ros2_ws/build/manual_drive', 'catkin_cmake_args': None, 'catkin_skip_building_tests': False, 'cmake_args': None, 'cmake_clean_cache': False, 'cmake_clean_first': False, 'cmake_force_configure': False, 'cmake_target': None, 'cmake_target_skip_unavailable': False, 'install_base': '/home/rob/ros2_ws/install/manual_drive', 'merge_install': False, 'path': '/home/rob/ros2_ws/src/manual_drive', 'symlink_install': False, 'test_result_base': None}
[1.658s] INFO:colcon.colcon_core.executor:Executing jobs using 'parallel' executor
[1.662s] DEBUG:colcon.colcon_parallel_executor.executor.parallel:run_until_complete
[1.664s] INFO:colcon.colcon_ros.task.ament_cmake.build:Building ROS package in '/home/rob/ros2_ws/src/articubot_one' with build type 'ament_cmake'
[1.665s] INFO:colcon.colcon_cmake.task.cmake.build:Building CMake package in '/home/rob/ros2_ws/src/articubot_one'
[1.679s] INFO:colcon.colcon_core.plugin_system:Skipping extension 'colcon_core.shell.bat': Not used on non-Windows systems
[1.680s] INFO:colcon.colcon_core.shell:Skip shell extension 'powershell' for command environment: Not usable outside of PowerShell
[1.680s] DEBUG:colcon.colcon_core.shell:Skip shell extension 'dsv' for command environment
[1.717s] INFO:colcon.colcon_ros.task.ament_python.build:Building ROS package in '/home/rob/ros2_ws/src/manual_drive' with build type 'ament_python'
[1.718s] Level 1:colcon.colcon_core.shell:create_environment_hook('manual_drive', 'ament_prefix_path')
[1.719s] INFO:colcon.colcon_core.shell:Creating environment hook '/home/rob/ros2_ws/install/manual_drive/share/manual_drive/hook/ament_prefix_path.ps1'
[1.722s] INFO:colcon.colcon_core.shell:Creating environment descriptor '/home/rob/ros2_ws/install/manual_drive/share/manual_drive/hook/ament_prefix_path.dsv'
[1.725s] INFO:colcon.colcon_core.shell:Creating environment hook '/home/rob/ros2_ws/install/manual_drive/share/manual_drive/hook/ament_prefix_path.sh'
[1.730s] INFO:colcon.colcon_core.shell:Skip shell extension 'powershell' for command environment: Not usable outside of PowerShell
[1.730s] DEBUG:colcon.colcon_core.shell:Skip shell extension 'dsv' for command environment
[1.773s] DEBUG:colcon.colcon_core.event_handler.log_command:Invoking command in '/home/rob/ros2_ws/build/articubot_one': CMAKE_PREFIX_PATH=${CMAKE_PREFIX_PATH}:/home/rob/ros2_ws/install/manual_drive:/home/rob/turtlebot3_ws/install/turtlebot3_example:/opt/ros/humble /usr/bin/cmake --build /home/rob/ros2_ws/build/articubot_one -- -j4 -l4
[3.277s] INFO:colcon.colcon_core.task.python.build:Building Python package in '/home/rob/ros2_ws/src/manual_drive'
[3.278s] INFO:colcon.colcon_core.shell:Skip shell extension 'powershell' for command environment: Not usable outside of PowerShell
[3.278s] DEBUG:colcon.colcon_core.shell:Skip shell extension 'dsv' for command environment
[3.310s] DEBUG:colcon.colcon_core.event_handler.log_command:Invoked command in '/home/rob/ros2_ws/build/articubot_one' returned '2': CMAKE_PREFIX_PATH=${CMAKE_PREFIX_PATH}:/home/rob/ros2_ws/install/manual_drive:/home/rob/turtlebot3_ws/install/turtlebot3_example:/opt/ros/humble /usr/bin/cmake --build /home/rob/ros2_ws/build/articubot_one -- -j4 -l4
[3.312s] Level 1:colcon.colcon_core.environment:create_environment_scripts_only(articubot_one)
[3.325s] Level 1:colcon.colcon_core.environment:checking '/home/rob/ros2_ws/install/articubot_one' for CMake module files
[3.328s] Level 1:colcon.colcon_core.environment:checking '/home/rob/ros2_ws/install/articubot_one' for CMake config files
[3.331s] Level 1:colcon.colcon_core.shell:create_environment_hook('articubot_one', 'cmake_prefix_path')
[3.332s] INFO:colcon.colcon_core.shell:Creating environment hook '/home/rob/ros2_ws/install/articubot_one/share/articubot_one/hook/cmake_prefix_path.ps1'
[3.334s] INFO:colcon.colcon_core.shell:Creating environment descriptor '/home/rob/ros2_ws/install/articubot_one/share/articubot_one/hook/cmake_prefix_path.dsv'
[3.336s] INFO:colcon.colcon_core.shell:Creating environment hook '/home/rob/ros2_ws/install/articubot_one/share/articubot_one/hook/cmake_prefix_path.sh'
[3.339s] Level 1:colcon.colcon_core.environment:checking '/home/rob/ros2_ws/install/articubot_one/lib'
[3.340s] Level 1:colcon.colcon_core.environment:checking '/home/rob/ros2_ws/install/articubot_one/bin'
[3.340s] Level 1:colcon.colcon_core.environment:checking '/home/rob/ros2_ws/install/articubot_one/lib/pkgconfig/articubot_one.pc'
[3.348s] Level 1:colcon.colcon_core.environment:checking '/home/rob/ros2_ws/install/articubot_one/lib/python3.10/site-packages'
[3.349s] Level 1:colcon.colcon_core.environment:checking '/home/rob/ros2_ws/install/articubot_one/bin'
[3.350s] INFO:colcon.colcon_core.shell:Creating package script '/home/rob/ros2_ws/install/articubot_one/share/articubot_one/package.ps1'
[3.354s] INFO:colcon.colcon_core.shell:Creating package descriptor '/home/rob/ros2_ws/install/articubot_one/share/articubot_one/package.dsv'
[3.357s] INFO:colcon.colcon_core.shell:Creating package script '/home/rob/ros2_ws/install/articubot_one/share/articubot_one/package.sh'
[3.360s] INFO:colcon.colcon_core.shell:Creating package script '/home/rob/ros2_ws/install/articubot_one/share/articubot_one/package.bash'
[3.364s] INFO:colcon.colcon_core.shell:Creating package script '/home/rob/ros2_ws/install/articubot_one/share/articubot_one/package.zsh'
[3.367s] Level 1:colcon.colcon_core.environment:create_file_with_runtime_dependencies(/home/rob/ros2_ws/install/articubot_one/share/colcon-core/packages/articubot_one)
[3.381s] DEBUG:colcon.colcon_parallel_executor.executor.parallel:closing loop
[3.382s] DEBUG:colcon.colcon_parallel_executor.executor.parallel:loop closed
[3.383s] DEBUG:colcon.colcon_parallel_executor.executor.parallel:run_until_complete finished with '2'
[3.383s] DEBUG:colcon.colcon_core.event_reactor:joining thread
[3.413s] INFO:colcon.colcon_core.plugin_system:Skipping extension 'colcon_notification.desktop_notification.notify_send': Could not find 'notify-send'
[3.413s] INFO:colcon.colcon_core.plugin_system:Skipping extension 'colcon_notification.desktop_notification.terminal_notifier': Not used on non-Darwin systems
[3.414s] INFO:colcon.colcon_core.plugin_system:Skipping extension 'colcon_notification.desktop_notification.win32': Not used on non-Windows systems
[3.414s] INFO:colcon.colcon_notification.desktop_notification:Sending desktop notification using 'notify2'
[3.417s] DEBUG:colcon.colcon_notification.desktop_notification.notify2:Failed to initialize notify2: org.freedesktop.DBus.Error.ServiceUnknown: The name org.freedesktop.Notifications was not provided by any .service files
[3.418s] DEBUG:colcon.colcon_core.event_reactor:joined thread
[3.419s] INFO:colcon.colcon_core.shell:Creating prefix script '/home/rob/ros2_ws/install/local_setup.ps1'
[3.423s] INFO:colcon.colcon_core.shell:Creating prefix util module '/home/rob/ros2_ws/install/_local_setup_util_ps1.py'
[3.430s] INFO:colcon.colcon_core.shell:Creating prefix chain script '/home/rob/ros2_ws/install/setup.ps1'
[3.440s] INFO:colcon.colcon_core.shell:Creating prefix script '/home/rob/ros2_ws/install/local_setup.sh'
[3.443s] INFO:colcon.colcon_core.shell:Creating prefix util module '/home/rob/ros2_ws/install/_local_setup_util_sh.py'
[3.445s] INFO:colcon.colcon_core.shell:Creating prefix chain script '/home/rob/ros2_ws/install/setup.sh'
[3.452s] INFO:colcon.colcon_core.shell:Creating prefix script '/home/rob/ros2_ws/install/local_setup.bash'
[3.455s] INFO:colcon.colcon_core.shell:Creating prefix chain script '/home/rob/ros2_ws/install/setup.bash'
[3.462s] INFO:colcon.colcon_core.shell:Creating prefix script '/home/rob/ros2_ws/install/local_setup.zsh'
[3.464s] INFO:colcon.colcon_core.shell:Creating prefix chain script '/home/rob/ros2_ws/install/setup.zsh'
