[7.981s] Invoking command in '/home/rob/ros2_ws/src/manual_drive': PYTHONPATH=/home/rob/ros2_ws/build/manual_drive/prefix_override:/home/rob/.local/lib/python3.10/site-packages/colcon_core/task/python/colcon_distutils_commands:/home/rob/ros2_ws/install/manual_drive/lib/python3.10/site-packages:${PYTHONPATH} /usr/bin/python3 -W ignore:setup.py install is deprecated -W ignore:easy_install command is deprecated setup.py egg_info --egg-base ../../build/manual_drive build --build-base /home/rob/ros2_ws/build/manual_drive/build install --record /home/rob/ros2_ws/build/manual_drive/install.log --single-version-externally-managed install_data
[11.862s] running egg_info
[11.865s] writing ../../build/manual_drive/manual_drive.egg-info/PKG-INFO
[11.870s] writing dependency_links to ../../build/manual_drive/manual_drive.egg-info/dependency_links.txt
[11.875s] writing entry points to ../../build/manual_drive/manual_drive.egg-info/entry_points.txt
[11.879s] writing requirements to ../../build/manual_drive/manual_drive.egg-info/requires.txt
[11.883s] writing top-level names to ../../build/manual_drive/manual_drive.egg-info/top_level.txt
[11.900s] reading manifest file '../../build/manual_drive/manual_drive.egg-info/SOURCES.txt'
[11.908s] writing manifest file '../../build/manual_drive/manual_drive.egg-info/SOURCES.txt'
[11.910s] running build
[11.911s] running build_py
[11.912s] running install
[11.916s] running install_lib
[11.928s] running install_data
[11.930s] running install_egg_info
[11.943s] removing '/home/rob/ros2_ws/install/manual_drive/lib/python3.10/site-packages/manual_drive-0.0.0-py3.10.egg-info' (and everything under it)
[11.949s] Copying ../../build/manual_drive/manual_drive.egg-info to /home/rob/ros2_ws/install/manual_drive/lib/python3.10/site-packages/manual_drive-0.0.0-py3.10.egg-info
[11.957s] running install_scripts
[12.151s] Installing hoverboard_controller script to /home/rob/ros2_ws/install/manual_drive/lib/manual_drive
[12.154s] Installing manual_drive_node script to /home/rob/ros2_ws/install/manual_drive/lib/manual_drive
[12.157s] writing list of installed files to '/home/rob/ros2_ws/build/manual_drive/install.log'
[12.434s] Invoked command in '/home/rob/ros2_ws/src/manual_drive' returned '0': PYTHONPATH=/home/rob/ros2_ws/build/manual_drive/prefix_override:/home/rob/.local/lib/python3.10/site-packages/colcon_core/task/python/colcon_distutils_commands:/home/rob/ros2_ws/install/manual_drive/lib/python3.10/site-packages:${PYTHONPATH} /usr/bin/python3 -W ignore:setup.py install is deprecated -W ignore:easy_install command is deprecated setup.py egg_info --egg-base ../../build/manual_drive build --build-base /home/rob/ros2_ws/build/manual_drive/build install --record /home/rob/ros2_ws/build/manual_drive/install.log --single-version-externally-managed install_data
