[0.128s] Invoking command in '/home/rob/ros2_ws/build/articubot_one': CMAKE_PREFIX_PATH=${CMAKE_PREFIX_PATH}:/home/rob/ros2_ws/install/manual_drive:/home/rob/turtlebot3_ws/install/turtlebot3_example:/opt/ros/humble /usr/bin/cmake --build /home/rob/ros2_ws/build/articubot_one -- -j4 -l4
[0.242s] -- Found ament_cmake: 1.3.11 (/opt/ros/humble/share/ament_cmake/cmake)
[0.999s] -- Override CMake install command with custom implementation using symlinks instead of copying resources
[1.037s] -- Found rclpy: 3.3.16 (/opt/ros/humble/share/rclpy/cmake)
[1.040s] -- Found ament_lint_auto: 0.12.12 (/opt/ros/humble/share/ament_lint_auto/cmake)
[1.420s] -- Added test 'copyright' to check source files copyright and LICENSE
[1.578s] -- Added test 'flake8' to check Python code syntax and style conventions
[1.595s] -- Added test 'lint_cmake' to check CMake code style
[1.605s] -- Added test 'pep257' to check Python code against some of the docstring style conventions in PEP 257
[1.689s] -- Added test 'xmllint' to check XML markup files
[1.694s] -- Configuring done
[1.724s] -- Generating done
[1.736s] -- Build files have been written to: /home/rob/ros2_ws/build/articubot_one
[1.936s] Invoked command in '/home/rob/ros2_ws/build/articubot_one' returned '0': CMAKE_PREFIX_PATH=${CMAKE_PREFIX_PATH}:/home/rob/ros2_ws/install/manual_drive:/home/rob/turtlebot3_ws/install/turtlebot3_example:/opt/ros/humble /usr/bin/cmake --build /home/rob/ros2_ws/build/articubot_one -- -j4 -l4
[1.981s] Invoking command in '/home/rob/ros2_ws/build/articubot_one': CMAKE_PREFIX_PATH=${CMAKE_PREFIX_PATH}:/home/rob/ros2_ws/install/manual_drive:/home/rob/turtlebot3_ws/install/turtlebot3_example:/opt/ros/humble /usr/bin/cmake --install /home/rob/ros2_ws/build/articubot_one
[2.013s] -- Install configuration: ""
[2.015s] -- Execute custom install script
[2.018s] -- Up-to-date symlink: /home/rob/ros2_ws/install/articubot_one/lib/articubot_one/cmdvel_hover.py
[2.021s] -- Up-to-date symlink: /home/rob/ros2_ws/install/articubot_one/share/articubot_one/config/ball_tracker_params_robot.yaml
[2.021s] -- Up-to-date symlink: /home/rob/ros2_ws/install/articubot_one/share/articubot_one/config/ball_tracker_params_sim.yaml
[2.022s] -- Up-to-date symlink: /home/rob/ros2_ws/install/articubot_one/share/articubot_one/config/drive_bot.rviz
[2.023s] -- Up-to-date symlink: /home/rob/ros2_ws/install/articubot_one/share/articubot_one/config/empty.yaml
[2.023s] -- Up-to-date symlink: /home/rob/ros2_ws/install/articubot_one/share/articubot_one/config/gaz_ros2_ctl_use_sim.yaml
[2.024s] -- Up-to-date symlink: /home/rob/ros2_ws/install/articubot_one/share/articubot_one/config/gazebo_params.yaml
[2.025s] -- Up-to-date symlink: /home/rob/ros2_ws/install/articubot_one/share/articubot_one/config/joystick.yaml
[2.026s] -- Up-to-date symlink: /home/rob/ros2_ws/install/articubot_one/share/articubot_one/config/main.rviz
[2.026s] -- Up-to-date symlink: /home/rob/ros2_ws/install/articubot_one/share/articubot_one/config/map.rviz
[2.027s] -- Up-to-date symlink: /home/rob/ros2_ws/install/articubot_one/share/articubot_one/config/map_params.yaml
[2.028s] -- Up-to-date symlink: /home/rob/ros2_ws/install/articubot_one/share/articubot_one/config/mapper_params_online_async.yaml
[2.029s] -- Up-to-date symlink: /home/rob/ros2_ws/install/articubot_one/share/articubot_one/config/my_controllers.yaml
[2.030s] -- Up-to-date symlink: /home/rob/ros2_ws/install/articubot_one/share/articubot_one/config/nav2_params.yaml
[2.031s] -- Up-to-date symlink: /home/rob/ros2_ws/install/articubot_one/share/articubot_one/config/twist_mux.yaml
[2.032s] -- Up-to-date symlink: /home/rob/ros2_ws/install/articubot_one/share/articubot_one/config/view_bot.rviz
[2.033s] -- Up-to-date symlink: /home/rob/ros2_ws/install/articubot_one/share/articubot_one/config/ylmz.rviz
[2.035s] -- Up-to-date symlink: /home/rob/ros2_ws/install/articubot_one/share/articubot_one/description/camera.xacro
[2.035s] -- Up-to-date symlink: /home/rob/ros2_ws/install/articubot_one/share/articubot_one/description/depth_camera.xacro
[2.036s] -- Up-to-date symlink: /home/rob/ros2_ws/install/articubot_one/share/articubot_one/description/face.xacro
[2.037s] -- Up-to-date symlink: /home/rob/ros2_ws/install/articubot_one/share/articubot_one/description/gazebo_control.xacro
[2.038s] -- Up-to-date symlink: /home/rob/ros2_ws/install/articubot_one/share/articubot_one/description/inertial_macros.xacro
[2.039s] -- Up-to-date symlink: /home/rob/ros2_ws/install/articubot_one/share/articubot_one/description/lidar.xacro
[2.040s] -- Up-to-date symlink: /home/rob/ros2_ws/install/articubot_one/share/articubot_one/description/robot.urdf.xacro
[2.041s] -- Up-to-date symlink: /home/rob/ros2_ws/install/articubot_one/share/articubot_one/description/robot_core.xacro
[2.041s] -- Up-to-date symlink: /home/rob/ros2_ws/install/articubot_one/share/articubot_one/description/ros2_control.xacro
[2.044s] -- Up-to-date symlink: /home/rob/ros2_ws/install/articubot_one/share/articubot_one/launch/ball_tracker.launch.py
[2.044s] -- Up-to-date symlink: /home/rob/ros2_ws/install/articubot_one/share/articubot_one/launch/camera.launch.py
[2.046s] -- Up-to-date symlink: /home/rob/ros2_ws/install/articubot_one/share/articubot_one/launch/cmdvel_hover_launch.py
[2.057s] -- Up-to-date symlink: /home/rob/ros2_ws/install/articubot_one/share/articubot_one/launch/joystick.launch.py
[2.059s] -- Up-to-date symlink: /home/rob/ros2_ws/install/articubot_one/share/articubot_one/launch/launch_robot.launch.py
[2.059s] -- Up-to-date symlink: /home/rob/ros2_ws/install/articubot_one/share/articubot_one/launch/launch_sim.launch.py
[2.060s] -- Up-to-date symlink: /home/rob/ros2_ws/install/articubot_one/share/articubot_one/launch/localization_launch.py
[2.061s] -- Up-to-date symlink: /home/rob/ros2_ws/install/articubot_one/share/articubot_one/launch/navigation_launch.py
[2.062s] -- Up-to-date symlink: /home/rob/ros2_ws/install/articubot_one/share/articubot_one/launch/online_async_launch.py
[2.063s] -- Up-to-date symlink: /home/rob/ros2_ws/install/articubot_one/share/articubot_one/launch/rplidar.launch.py
[2.063s] -- Up-to-date symlink: /home/rob/ros2_ws/install/articubot_one/share/articubot_one/launch/rsp.launch.py
[2.064s] -- Up-to-date symlink: /home/rob/ros2_ws/install/articubot_one/share/articubot_one/launch/slam_launch.py
[2.065s] -- Up-to-date symlink: /home/rob/ros2_ws/install/articubot_one/share/articubot_one/launch/ultrasonic_launch.py
[2.066s] -- Up-to-date symlink: /home/rob/ros2_ws/install/articubot_one/share/articubot_one/worlds/empty.world
[2.067s] -- Up-to-date symlink: /home/rob/ros2_ws/install/articubot_one/share/articubot_one/worlds/obstacles.world
[2.067s] -- Up-to-date symlink: /home/rob/ros2_ws/install/articubot_one/lib/articubot_one/odom_publisher.py
[2.068s] -- Up-to-date symlink: /home/rob/ros2_ws/install/articubot_one/lib/articubot_one/ultrasonic_sensor_node.py
[2.070s] -- Up-to-date symlink: /home/rob/ros2_ws/install/articubot_one/share/ament_index/resource_index/package_run_dependencies/articubot_one
[2.072s] -- Up-to-date symlink: /home/rob/ros2_ws/install/articubot_one/share/ament_index/resource_index/parent_prefix_path/articubot_one
[2.073s] -- Up-to-date symlink: /home/rob/ros2_ws/install/articubot_one/share/articubot_one/environment/ament_prefix_path.sh
[2.073s] -- Up-to-date symlink: /home/rob/ros2_ws/install/articubot_one/share/articubot_one/environment/ament_prefix_path.dsv
[2.074s] -- Up-to-date symlink: /home/rob/ros2_ws/install/articubot_one/share/articubot_one/environment/path.sh
[2.075s] -- Up-to-date symlink: /home/rob/ros2_ws/install/articubot_one/share/articubot_one/environment/path.dsv
[2.076s] -- Up-to-date symlink: /home/rob/ros2_ws/install/articubot_one/share/articubot_one/local_setup.bash
[2.077s] -- Up-to-date symlink: /home/rob/ros2_ws/install/articubot_one/share/articubot_one/local_setup.sh
[2.077s] -- Up-to-date symlink: /home/rob/ros2_ws/install/articubot_one/share/articubot_one/local_setup.zsh
[2.078s] -- Up-to-date symlink: /home/rob/ros2_ws/install/articubot_one/share/articubot_one/local_setup.dsv
[2.078s] -- Symlinking: /home/rob/ros2_ws/install/articubot_one/share/articubot_one/package.dsv
[2.112s] -- Up-to-date symlink: /home/rob/ros2_ws/install/articubot_one/share/ament_index/resource_index/packages/articubot_one
[2.113s] -- Up-to-date symlink: /home/rob/ros2_ws/install/articubot_one/share/articubot_one/cmake/articubot_oneConfig.cmake
[2.114s] -- Up-to-date symlink: /home/rob/ros2_ws/install/articubot_one/share/articubot_one/cmake/articubot_oneConfig-version.cmake
[2.115s] -- Up-to-date symlink: /home/rob/ros2_ws/install/articubot_one/share/articubot_one/package.xml
[2.122s] Invoked command in '/home/rob/ros2_ws/build/articubot_one' returned '0': CMAKE_PREFIX_PATH=${CMAKE_PREFIX_PATH}:/home/rob/ros2_ws/install/manual_drive:/home/rob/turtlebot3_ws/install/turtlebot3_example:/opt/ros/humble /usr/bin/cmake --install /home/rob/ros2_ws/build/articubot_one
