[3.888s] Invoking command in '/home/rob/ros2_ws/src/manual_drive': PYTHONPATH=/home/rob/ros2_ws/build/manual_drive/prefix_override:/home/rob/.local/lib/python3.10/site-packages/colcon_core/task/python/colcon_distutils_commands:/home/rob/ros2_ws/install/manual_drive/lib/python3.10/site-packages:${PYTHONPATH} /usr/bin/python3 -W ignore:setup.py install is deprecated -W ignore:easy_install command is deprecated setup.py egg_info --egg-base ../../build/manual_drive build --build-base /home/rob/ros2_ws/build/manual_drive/build install --record /home/rob/ros2_ws/build/manual_drive/install.log --single-version-externally-managed install_data
[5.154s] running egg_info
[5.157s] writing ../../build/manual_drive/manual_drive.egg-info/PKG-INFO
[5.158s] writing dependency_links to ../../build/manual_drive/manual_drive.egg-info/dependency_links.txt
[5.159s] writing entry points to ../../build/manual_drive/manual_drive.egg-info/entry_points.txt
[5.160s] writing requirements to ../../build/manual_drive/manual_drive.egg-info/requires.txt
[5.161s] writing top-level names to ../../build/manual_drive/manual_drive.egg-info/top_level.txt
[5.169s] reading manifest file '../../build/manual_drive/manual_drive.egg-info/SOURCES.txt'
[5.173s] writing manifest file '../../build/manual_drive/manual_drive.egg-info/SOURCES.txt'
[5.174s] running build
[5.174s] running build_py
[5.176s] running install
[5.177s] running install_lib
[5.186s] running install_data
[5.186s] running install_egg_info
[5.199s] removing '/home/rob/ros2_ws/install/manual_drive/lib/python3.10/site-packages/manual_drive-0.0.0-py3.10.egg-info' (and everything under it)
[5.202s] Copying ../../build/manual_drive/manual_drive.egg-info to /home/rob/ros2_ws/install/manual_drive/lib/python3.10/site-packages/manual_drive-0.0.0-py3.10.egg-info
[5.210s] running install_scripts
[5.311s] Installing hoverboard_controller script to /home/rob/ros2_ws/install/manual_drive/lib/manual_drive
[5.312s] Installing manual_drive_node script to /home/rob/ros2_ws/install/manual_drive/lib/manual_drive
[5.314s] writing list of installed files to '/home/rob/ros2_ws/build/manual_drive/install.log'
[5.451s] Invoked command in '/home/rob/ros2_ws/src/manual_drive' returned '0': PYTHONPATH=/home/rob/ros2_ws/build/manual_drive/prefix_override:/home/rob/.local/lib/python3.10/site-packages/colcon_core/task/python/colcon_distutils_commands:/home/rob/ros2_ws/install/manual_drive/lib/python3.10/site-packages:${PYTHONPATH} /usr/bin/python3 -W ignore:setup.py install is deprecated -W ignore:easy_install command is deprecated setup.py egg_info --egg-base ../../build/manual_drive build --build-base /home/rob/ros2_ws/build/manual_drive/build install --record /home/rob/ros2_ws/build/manual_drive/install.log --single-version-externally-managed install_data
