[0.075s] Invoking command in '/home/rob/ros2_ws/src/build/articubot_one': CMAKE_PREFIX_PATH=${CMAKE_PREFIX_PATH}:/opt/ros/humble:/home/rob/ros2_ws/install/manual_drive /usr/bin/cmake /home/rob/ros2_ws/src/articubot_one -DAMENT_CMAKE_SYMLINK_INSTALL=1 -DCMAKE_INSTALL_PREFIX=/home/rob/ros2_ws/src/install/articubot_one
[0.136s] -- Found ament_cmake: 1.3.11 (/opt/ros/humble/share/ament_cmake/cmake)
[0.765s] -- Override CMake install command with custom implementation using symlinks instead of copying resources
[0.806s] -- Found ament_lint_auto: 0.12.12 (/opt/ros/humble/share/ament_lint_auto/cmake)
[1.162s] -- Added test 'copyright' to check source files copyright and LICENSE
[1.259s] -- Added test 'flake8' to check Python code syntax and style conventions
[1.271s] -- Added test 'lint_cmake' to check CMake code style
[1.279s] -- Added test 'pep257' to check Python code against some of the docstring style conventions in PEP 257
[1.336s] -- Added test 'xmllint' to check XML markup files
[1.347s] -- Configuring done
[1.368s] -- Generating done
[1.380s] -- Build files have been written to: /home/rob/ros2_ws/src/build/articubot_one
[1.692s] Invoked command in '/home/rob/ros2_ws/src/build/articubot_one' returned '0': CMAKE_PREFIX_PATH=${CMAKE_PREFIX_PATH}:/opt/ros/humble:/home/rob/ros2_ws/install/manual_drive /usr/bin/cmake /home/rob/ros2_ws/src/articubot_one -DAMENT_CMAKE_SYMLINK_INSTALL=1 -DCMAKE_INSTALL_PREFIX=/home/rob/ros2_ws/src/install/articubot_one
[1.701s] Invoking command in '/home/rob/ros2_ws/src/build/articubot_one': CMAKE_PREFIX_PATH=${CMAKE_PREFIX_PATH}:/opt/ros/humble:/home/rob/ros2_ws/install/manual_drive /usr/bin/cmake --build /home/rob/ros2_ws/src/build/articubot_one -- -j4 -l4
[1.855s] Invoked command in '/home/rob/ros2_ws/src/build/articubot_one' returned '0': CMAKE_PREFIX_PATH=${CMAKE_PREFIX_PATH}:/opt/ros/humble:/home/rob/ros2_ws/install/manual_drive /usr/bin/cmake --build /home/rob/ros2_ws/src/build/articubot_one -- -j4 -l4
[1.900s] Invoking command in '/home/rob/ros2_ws/src/build/articubot_one': CMAKE_PREFIX_PATH=${CMAKE_PREFIX_PATH}:/opt/ros/humble:/home/rob/ros2_ws/install/manual_drive /usr/bin/cmake --install /home/rob/ros2_ws/src/build/articubot_one
[1.923s] -- Install configuration: ""
[1.925s] -- Execute custom install script
[1.928s] -- Symlinking: /home/rob/ros2_ws/src/install/articubot_one/share/articubot_one/config/ball_tracker_params_robot.yaml
[1.961s] -- Symlinking: /home/rob/ros2_ws/src/install/articubot_one/share/articubot_one/config/ball_tracker_params_sim.yaml
[1.992s] -- Symlinking: /home/rob/ros2_ws/src/install/articubot_one/share/articubot_one/config/drive_bot.rviz
[2.024s] -- Symlinking: /home/rob/ros2_ws/src/install/articubot_one/share/articubot_one/config/empty.yaml
[2.055s] -- Symlinking: /home/rob/ros2_ws/src/install/articubot_one/share/articubot_one/config/gaz_ros2_ctl_use_sim.yaml
[2.089s] -- Symlinking: /home/rob/ros2_ws/src/install/articubot_one/share/articubot_one/config/gazebo_params.yaml
[2.122s] -- Symlinking: /home/rob/ros2_ws/src/install/articubot_one/share/articubot_one/config/joystick.yaml
[2.153s] -- Symlinking: /home/rob/ros2_ws/src/install/articubot_one/share/articubot_one/config/main.rviz
[2.187s] -- Symlinking: /home/rob/ros2_ws/src/install/articubot_one/share/articubot_one/config/map.rviz
[2.218s] -- Symlinking: /home/rob/ros2_ws/src/install/articubot_one/share/articubot_one/config/mapper_params_online_async.yaml
[2.255s] -- Symlinking: /home/rob/ros2_ws/src/install/articubot_one/share/articubot_one/config/my_controllers.yaml
[2.291s] -- Symlinking: /home/rob/ros2_ws/src/install/articubot_one/share/articubot_one/config/nav2_params.yaml
[2.323s] -- Symlinking: /home/rob/ros2_ws/src/install/articubot_one/share/articubot_one/config/twist_mux.yaml
[2.355s] -- Symlinking: /home/rob/ros2_ws/src/install/articubot_one/share/articubot_one/config/view_bot.rviz
[2.387s] -- Symlinking: /home/rob/ros2_ws/src/install/articubot_one/share/articubot_one/description/camera.xacro
[2.417s] -- Symlinking: /home/rob/ros2_ws/src/install/articubot_one/share/articubot_one/description/depth_camera.xacro
[2.449s] -- Symlinking: /home/rob/ros2_ws/src/install/articubot_one/share/articubot_one/description/face.xacro
[2.479s] -- Symlinking: /home/rob/ros2_ws/src/install/articubot_one/share/articubot_one/description/gazebo_control.xacro
[2.511s] -- Symlinking: /home/rob/ros2_ws/src/install/articubot_one/share/articubot_one/description/inertial_macros.xacro
[2.544s] -- Symlinking: /home/rob/ros2_ws/src/install/articubot_one/share/articubot_one/description/lidar.xacro
[2.593s] -- Symlinking: /home/rob/ros2_ws/src/install/articubot_one/share/articubot_one/description/robot.urdf.xacro
[2.612s] -- Symlinking: /home/rob/ros2_ws/src/install/articubot_one/share/articubot_one/description/robot_core.xacro
[2.644s] -- Symlinking: /home/rob/ros2_ws/src/install/articubot_one/share/articubot_one/description/ros2_control.xacro
[2.678s] -- Symlinking: /home/rob/ros2_ws/src/install/articubot_one/share/articubot_one/launch/ball_tracker.launch.py
[2.710s] -- Symlinking: /home/rob/ros2_ws/src/install/articubot_one/share/articubot_one/launch/camera.launch.py
[2.741s] -- Symlinking: /home/rob/ros2_ws/src/install/articubot_one/share/articubot_one/launch/joystick.launch.py
[2.772s] -- Symlinking: /home/rob/ros2_ws/src/install/articubot_one/share/articubot_one/launch/launch_robot.launch.py
[2.803s] -- Symlinking: /home/rob/ros2_ws/src/install/articubot_one/share/articubot_one/launch/launch_sim.launch.py
[2.835s] -- Symlinking: /home/rob/ros2_ws/src/install/articubot_one/share/articubot_one/launch/localization_launch.py
[2.867s] -- Symlinking: /home/rob/ros2_ws/src/install/articubot_one/share/articubot_one/launch/navigation_launch.py
[2.899s] -- Symlinking: /home/rob/ros2_ws/src/install/articubot_one/share/articubot_one/launch/online_async_launch.py
[2.930s] -- Symlinking: /home/rob/ros2_ws/src/install/articubot_one/share/articubot_one/launch/rplidar.launch.py
[2.961s] -- Symlinking: /home/rob/ros2_ws/src/install/articubot_one/share/articubot_one/launch/rsp.launch.py
[2.994s] -- Symlinking: /home/rob/ros2_ws/src/install/articubot_one/share/articubot_one/worlds/empty.world
[3.025s] -- Symlinking: /home/rob/ros2_ws/src/install/articubot_one/share/articubot_one/worlds/obstacles.world
[3.063s] -- Symlinking: /home/rob/ros2_ws/src/install/articubot_one/share/ament_index/resource_index/package_run_dependencies/articubot_one
[3.101s] -- Symlinking: /home/rob/ros2_ws/src/install/articubot_one/share/ament_index/resource_index/parent_prefix_path/articubot_one
[3.134s] -- Symlinking: /home/rob/ros2_ws/src/install/articubot_one/share/articubot_one/environment/ament_prefix_path.sh
[3.166s] -- Symlinking: /home/rob/ros2_ws/src/install/articubot_one/share/articubot_one/environment/ament_prefix_path.dsv
[3.197s] -- Symlinking: /home/rob/ros2_ws/src/install/articubot_one/share/articubot_one/environment/path.sh
[3.231s] -- Symlinking: /home/rob/ros2_ws/src/install/articubot_one/share/articubot_one/environment/path.dsv
[3.263s] -- Symlinking: /home/rob/ros2_ws/src/install/articubot_one/share/articubot_one/local_setup.bash
[3.296s] -- Symlinking: /home/rob/ros2_ws/src/install/articubot_one/share/articubot_one/local_setup.sh
[3.327s] -- Symlinking: /home/rob/ros2_ws/src/install/articubot_one/share/articubot_one/local_setup.zsh
[3.358s] -- Symlinking: /home/rob/ros2_ws/src/install/articubot_one/share/articubot_one/local_setup.dsv
[3.390s] -- Symlinking: /home/rob/ros2_ws/src/install/articubot_one/share/articubot_one/package.dsv
[3.424s] -- Symlinking: /home/rob/ros2_ws/src/install/articubot_one/share/ament_index/resource_index/packages/articubot_one
[3.466s] -- Symlinking: /home/rob/ros2_ws/src/install/articubot_one/share/articubot_one/cmake/articubot_oneConfig.cmake
[3.508s] -- Symlinking: /home/rob/ros2_ws/src/install/articubot_one/share/articubot_one/cmake/articubot_oneConfig-version.cmake
[3.540s] -- Symlinking: /home/rob/ros2_ws/src/install/articubot_one/share/articubot_one/package.xml
[3.587s] Invoked command in '/home/rob/ros2_ws/src/build/articubot_one' returned '0': CMAKE_PREFIX_PATH=${CMAKE_PREFIX_PATH}:/opt/ros/humble:/home/rob/ros2_ws/install/manual_drive /usr/bin/cmake --install /home/rob/ros2_ws/src/build/articubot_one
