[0.000000] (-) TimerEvent: {}
[0.001845] (articubot_one) JobQueued: {'identifier': 'articubot_one', 'dependencies': OrderedDict()}
[0.002423] (manual_drive) JobQueued: {'identifier': 'manual_drive', 'dependencies': OrderedDict()}
[0.002945] (articubot_one) JobStarted: {'identifier': 'articubot_one'}
[0.035583] (manual_drive) JobStarted: {'identifier': 'manual_drive'}
[0.070846] (articubot_one) JobProgress: {'identifier': 'articubot_one', 'progress': 'cmake'}
[0.074670] (articubot_one) Command: {'cmd': ['/usr/bin/cmake', '/home/rob/ros2_ws/src/articubot_one', '-DAMENT_CMAKE_SYMLINK_INSTALL=1', '-DCMAKE_INSTALL_PREFIX=/home/rob/ros2_ws/src/install/articubot_one'], 'cwd': '/home/rob/ros2_ws/src/build/articubot_one', 'env': OrderedDict([('USER', 'rob'), ('SSH_CLIENT', '192.168.1.40 1754 22'), ('ROS_PACKAGE_PATH', '/home/rob/ros2_ws/install/articubot_hardware/share'), ('XDG_SESSION_TYPE', 'tty'), ('SHLVL', '1'), ('LD_LIBRARY_PATH', '/opt/ros/humble/opt/rviz_ogre_vendor/lib:/opt/ros/humble/lib/aarch64-linux-gnu:/opt/ros/humble/lib'), ('MOTD_SHOWN', 'pam'), ('HOME', '/home/rob'), ('OLDPWD', '/home/rob/ros2_ws/src'), ('SSH_TTY', '/dev/pts/3'), ('ROS_PYTHON_VERSION', '3'), ('DBUS_SESSION_BUS_ADDRESS', 'unix:path=/run/user/1000/bus'), ('COLCON_PREFIX_PATH', '/home/rob/ros2_ws/install'), ('ROS_DISTRO', 'humble'), ('LOGNAME', 'rob'), ('_', '/usr/bin/colcon'), ('ROS_VERSION', '2'), ('PKG_CONFIG_PATH', '/home/rob/ros2_ws/install/articubot_hardware/lib/aarch64-linux-gnu/pkgconfig:/home/rob/ros2_ws/install/articubot_hardware/lib/pkgconfig'), ('XDG_SESSION_CLASS', 'user'), ('TERM', 'xterm-256color'), ('XDG_SESSION_ID', '9'), ('ROS_LOCALHOST_ONLY', '0'), ('PATH', '/opt/ros/humble/bin:/usr/local/sbin:/usr/local/bin:/usr/sbin:/usr/bin:/sbin:/bin:/usr/games:/usr/local/games:/snap/bin'), ('XDG_RUNTIME_DIR', '/run/user/1000'), ('DISPLAY', 'localhost:13.0'), ('LANG', 'en_US.UTF-8'), ('AMENT_PREFIX_PATH', '/opt/ros/humble:/home/rob/ros2_ws/install/manual_drive:/home/rob/ros2_ws/install/articubot_one'), ('SHELL', '/bin/bash'), ('PWD', '/home/rob/ros2_ws/src/build/articubot_one'), ('LC_ALL', 'en_US.UTF-8'), ('SSH_CONNECTION', '192.168.1.40 1754 192.168.1.39 22'), ('XDG_DATA_DIRS', '/usr/local/share:/usr/share:/var/lib/snapd/desktop'), ('PYTHONPATH', '/opt/ros/humble/lib/python3.10/site-packages:/opt/ros/humble/local/lib/python3.10/dist-packages:/home/rob/ros2_ws/build/manual_drive:/home/rob/ros2_ws/install/manual_drive/lib/python3.10/site-packages'), ('COLCON', '1'), ('CMAKE_PREFIX_PATH', '/home/rob/ros2_ws/install/articubot_one:/opt/ros/humble:/home/rob/ros2_ws/install/manual_drive')]), 'shell': False}
[0.098926] (-) TimerEvent: {}
[0.138189] (articubot_one) StdoutLine: {'line': b'-- Found ament_cmake: 1.3.11 (/opt/ros/humble/share/ament_cmake/cmake)\n'}
[0.199150] (-) TimerEvent: {}
[0.301117] (-) TimerEvent: {}
[0.402183] (-) TimerEvent: {}
[0.503963] (-) TimerEvent: {}
[0.605645] (-) TimerEvent: {}
[0.706915] (-) TimerEvent: {}
[0.767338] (articubot_one) StdoutLine: {'line': b'-- Override CMake install command with custom implementation using symlinks instead of copying resources\n'}
[0.807053] (-) TimerEvent: {}
[0.808221] (articubot_one) StdoutLine: {'line': b'-- Found ament_lint_auto: 0.12.12 (/opt/ros/humble/share/ament_lint_auto/cmake)\n'}
[0.907665] (-) TimerEvent: {}
[1.008653] (-) TimerEvent: {}
[1.109622] (-) TimerEvent: {}
[1.164920] (articubot_one) StdoutLine: {'line': b"-- Added test 'copyright' to check source files copyright and LICENSE\n"}
[1.209711] (-) TimerEvent: {}
[1.261589] (articubot_one) StdoutLine: {'line': b"-- Added test 'flake8' to check Python code syntax and style conventions\n"}
[1.273529] (articubot_one) StdoutLine: {'line': b"-- Added test 'lint_cmake' to check CMake code style\n"}
[1.280998] (articubot_one) StdoutLine: {'line': b"-- Added test 'pep257' to check Python code against some of the docstring style conventions in PEP 257\n"}
[1.309865] (-) TimerEvent: {}
[1.338959] (articubot_one) StdoutLine: {'line': b"-- Added test 'xmllint' to check XML markup files\n"}
[1.349930] (articubot_one) StdoutLine: {'line': b'-- Configuring done\n'}
[1.370875] (articubot_one) StdoutLine: {'line': b'-- Generating done\n'}
[1.382377] (articubot_one) StdoutLine: {'line': b'-- Build files have been written to: /home/rob/ros2_ws/src/build/articubot_one\n'}
[1.410053] (-) TimerEvent: {}
[1.511527] (-) TimerEvent: {}
[1.612802] (-) TimerEvent: {}
[1.694042] (articubot_one) CommandEnded: {'returncode': 0}
[1.696252] (articubot_one) JobProgress: {'identifier': 'articubot_one', 'progress': 'build'}
[1.699086] (articubot_one) Command: {'cmd': ['/usr/bin/cmake', '--build', '/home/rob/ros2_ws/src/build/articubot_one', '--', '-j4', '-l4'], 'cwd': '/home/rob/ros2_ws/src/build/articubot_one', 'env': OrderedDict([('USER', 'rob'), ('SSH_CLIENT', '192.168.1.40 1754 22'), ('ROS_PACKAGE_PATH', '/home/rob/ros2_ws/install/articubot_hardware/share'), ('XDG_SESSION_TYPE', 'tty'), ('SHLVL', '1'), ('LD_LIBRARY_PATH', '/opt/ros/humble/opt/rviz_ogre_vendor/lib:/opt/ros/humble/lib/aarch64-linux-gnu:/opt/ros/humble/lib'), ('MOTD_SHOWN', 'pam'), ('HOME', '/home/rob'), ('OLDPWD', '/home/rob/ros2_ws/src'), ('SSH_TTY', '/dev/pts/3'), ('ROS_PYTHON_VERSION', '3'), ('DBUS_SESSION_BUS_ADDRESS', 'unix:path=/run/user/1000/bus'), ('COLCON_PREFIX_PATH', '/home/rob/ros2_ws/install'), ('ROS_DISTRO', 'humble'), ('LOGNAME', 'rob'), ('_', '/usr/bin/colcon'), ('ROS_VERSION', '2'), ('PKG_CONFIG_PATH', '/home/rob/ros2_ws/install/articubot_hardware/lib/aarch64-linux-gnu/pkgconfig:/home/rob/ros2_ws/install/articubot_hardware/lib/pkgconfig'), ('XDG_SESSION_CLASS', 'user'), ('TERM', 'xterm-256color'), ('XDG_SESSION_ID', '9'), ('ROS_LOCALHOST_ONLY', '0'), ('PATH', '/opt/ros/humble/bin:/usr/local/sbin:/usr/local/bin:/usr/sbin:/usr/bin:/sbin:/bin:/usr/games:/usr/local/games:/snap/bin'), ('XDG_RUNTIME_DIR', '/run/user/1000'), ('DISPLAY', 'localhost:13.0'), ('LANG', 'en_US.UTF-8'), ('AMENT_PREFIX_PATH', '/opt/ros/humble:/home/rob/ros2_ws/install/manual_drive:/home/rob/ros2_ws/install/articubot_one'), ('SHELL', '/bin/bash'), ('PWD', '/home/rob/ros2_ws/src/build/articubot_one'), ('LC_ALL', 'en_US.UTF-8'), ('SSH_CONNECTION', '192.168.1.40 1754 192.168.1.39 22'), ('XDG_DATA_DIRS', '/usr/local/share:/usr/share:/var/lib/snapd/desktop'), ('PYTHONPATH', '/opt/ros/humble/lib/python3.10/site-packages:/opt/ros/humble/local/lib/python3.10/dist-packages:/home/rob/ros2_ws/build/manual_drive:/home/rob/ros2_ws/install/manual_drive/lib/python3.10/site-packages'), ('COLCON', '1'), ('CMAKE_PREFIX_PATH', '/home/rob/ros2_ws/install/articubot_one:/opt/ros/humble:/home/rob/ros2_ws/install/manual_drive')]), 'shell': False}
[1.713196] (-) TimerEvent: {}
[1.814682] (-) TimerEvent: {}
[1.857488] (articubot_one) CommandEnded: {'returncode': 0}
[1.863440] (articubot_one) JobProgress: {'identifier': 'articubot_one', 'progress': 'install'}
[1.899981] (articubot_one) Command: {'cmd': ['/usr/bin/cmake', '--install', '/home/rob/ros2_ws/src/build/articubot_one'], 'cwd': '/home/rob/ros2_ws/src/build/articubot_one', 'env': OrderedDict([('USER', 'rob'), ('SSH_CLIENT', '192.168.1.40 1754 22'), ('ROS_PACKAGE_PATH', '/home/rob/ros2_ws/install/articubot_hardware/share'), ('XDG_SESSION_TYPE', 'tty'), ('SHLVL', '1'), ('LD_LIBRARY_PATH', '/opt/ros/humble/opt/rviz_ogre_vendor/lib:/opt/ros/humble/lib/aarch64-linux-gnu:/opt/ros/humble/lib'), ('MOTD_SHOWN', 'pam'), ('HOME', '/home/rob'), ('OLDPWD', '/home/rob/ros2_ws/src'), ('SSH_TTY', '/dev/pts/3'), ('ROS_PYTHON_VERSION', '3'), ('DBUS_SESSION_BUS_ADDRESS', 'unix:path=/run/user/1000/bus'), ('COLCON_PREFIX_PATH', '/home/rob/ros2_ws/install'), ('ROS_DISTRO', 'humble'), ('LOGNAME', 'rob'), ('_', '/usr/bin/colcon'), ('ROS_VERSION', '2'), ('PKG_CONFIG_PATH', '/home/rob/ros2_ws/install/articubot_hardware/lib/aarch64-linux-gnu/pkgconfig:/home/rob/ros2_ws/install/articubot_hardware/lib/pkgconfig'), ('XDG_SESSION_CLASS', 'user'), ('TERM', 'xterm-256color'), ('XDG_SESSION_ID', '9'), ('ROS_LOCALHOST_ONLY', '0'), ('PATH', '/opt/ros/humble/bin:/usr/local/sbin:/usr/local/bin:/usr/sbin:/usr/bin:/sbin:/bin:/usr/games:/usr/local/games:/snap/bin'), ('XDG_RUNTIME_DIR', '/run/user/1000'), ('DISPLAY', 'localhost:13.0'), ('LANG', 'en_US.UTF-8'), ('AMENT_PREFIX_PATH', '/opt/ros/humble:/home/rob/ros2_ws/install/manual_drive:/home/rob/ros2_ws/install/articubot_one'), ('SHELL', '/bin/bash'), ('PWD', '/home/rob/ros2_ws/src/build/articubot_one'), ('LC_ALL', 'en_US.UTF-8'), ('SSH_CONNECTION', '192.168.1.40 1754 192.168.1.39 22'), ('XDG_DATA_DIRS', '/usr/local/share:/usr/share:/var/lib/snapd/desktop'), ('PYTHONPATH', '/opt/ros/humble/lib/python3.10/site-packages:/opt/ros/humble/local/lib/python3.10/dist-packages:/home/rob/ros2_ws/build/manual_drive:/home/rob/ros2_ws/install/manual_drive/lib/python3.10/site-packages'), ('COLCON', '1'), ('CMAKE_PREFIX_PATH', '/home/rob/ros2_ws/install/articubot_one:/opt/ros/humble:/home/rob/ros2_ws/install/manual_drive')]), 'shell': False}
[1.914927] (-) TimerEvent: {}
[1.926115] (articubot_one) StdoutLine: {'line': b'-- Install configuration: ""\n'}
[1.927867] (articubot_one) StdoutLine: {'line': b'-- Execute custom install script\n'}
[1.930384] (articubot_one) StdoutLine: {'line': b'-- Symlinking: /home/rob/ros2_ws/src/install/articubot_one/share/articubot_one/config/ball_tracker_params_robot.yaml\n'}
[1.963375] (articubot_one) StdoutLine: {'line': b'-- Symlinking: /home/rob/ros2_ws/src/install/articubot_one/share/articubot_one/config/ball_tracker_params_sim.yaml\n'}
[1.994221] (articubot_one) StdoutLine: {'line': b'-- Symlinking: /home/rob/ros2_ws/src/install/articubot_one/share/articubot_one/config/drive_bot.rviz\n'}
[2.015152] (-) TimerEvent: {}
[2.026189] (articubot_one) StdoutLine: {'line': b'-- Symlinking: /home/rob/ros2_ws/src/install/articubot_one/share/articubot_one/config/empty.yaml\n'}
[2.057860] (articubot_one) StdoutLine: {'line': b'-- Symlinking: /home/rob/ros2_ws/src/install/articubot_one/share/articubot_one/config/gaz_ros2_ctl_use_sim.yaml\n'}
[2.091276] (articubot_one) StdoutLine: {'line': b'-- Symlinking: /home/rob/ros2_ws/src/install/articubot_one/share/articubot_one/config/gazebo_params.yaml\n'}
[2.115325] (-) TimerEvent: {}
[2.124562] (articubot_one) StdoutLine: {'line': b'-- Symlinking: /home/rob/ros2_ws/src/install/articubot_one/share/articubot_one/config/joystick.yaml\n'}
[2.155716] (articubot_one) StdoutLine: {'line': b'-- Symlinking: /home/rob/ros2_ws/src/install/articubot_one/share/articubot_one/config/main.rviz\n'}
[2.189266] (articubot_one) StdoutLine: {'line': b'-- Symlinking: /home/rob/ros2_ws/src/install/articubot_one/share/articubot_one/config/map.rviz\n'}
[2.215522] (-) TimerEvent: {}
[2.220490] (articubot_one) StdoutLine: {'line': b'-- Symlinking: /home/rob/ros2_ws/src/install/articubot_one/share/articubot_one/config/mapper_params_online_async.yaml\n'}
[2.257579] (articubot_one) StdoutLine: {'line': b'-- Symlinking: /home/rob/ros2_ws/src/install/articubot_one/share/articubot_one/config/my_controllers.yaml\n'}
[2.293595] (articubot_one) StdoutLine: {'line': b'-- Symlinking: /home/rob/ros2_ws/src/install/articubot_one/share/articubot_one/config/nav2_params.yaml\n'}
[2.315713] (-) TimerEvent: {}
[2.324954] (articubot_one) StdoutLine: {'line': b'-- Symlinking: /home/rob/ros2_ws/src/install/articubot_one/share/articubot_one/config/twist_mux.yaml\n'}
[2.357322] (articubot_one) StdoutLine: {'line': b'-- Symlinking: /home/rob/ros2_ws/src/install/articubot_one/share/articubot_one/config/view_bot.rviz\n'}
[2.388956] (articubot_one) StdoutLine: {'line': b'-- Symlinking: /home/rob/ros2_ws/src/install/articubot_one/share/articubot_one/description/camera.xacro\n'}
[2.415900] (-) TimerEvent: {}
[2.419995] (articubot_one) StdoutLine: {'line': b'-- Symlinking: /home/rob/ros2_ws/src/install/articubot_one/share/articubot_one/description/depth_camera.xacro\n'}
[2.451202] (articubot_one) StdoutLine: {'line': b'-- Symlinking: /home/rob/ros2_ws/src/install/articubot_one/share/articubot_one/description/face.xacro\n'}
[2.481243] (articubot_one) StdoutLine: {'line': b'-- Symlinking: /home/rob/ros2_ws/src/install/articubot_one/share/articubot_one/description/gazebo_control.xacro\n'}
[2.513358] (articubot_one) StdoutLine: {'line': b'-- Symlinking: /home/rob/ros2_ws/src/install/articubot_one/share/articubot_one/description/inertial_macros.xacro\n'}
[2.516099] (-) TimerEvent: {}
[2.546246] (articubot_one) StdoutLine: {'line': b'-- Symlinking: /home/rob/ros2_ws/src/install/articubot_one/share/articubot_one/description/lidar.xacro\n'}
[2.594154] (articubot_one) StdoutLine: {'line': b'-- Symlinking: /home/rob/ros2_ws/src/install/articubot_one/share/articubot_one/description/robot.urdf.xacro\n'}
[2.614486] (articubot_one) StdoutLine: {'line': b'-- Symlinking: /home/rob/ros2_ws/src/install/articubot_one/share/articubot_one/description/robot_core.xacro\n'}
[2.616283] (-) TimerEvent: {}
[2.646988] (articubot_one) StdoutLine: {'line': b'-- Symlinking: /home/rob/ros2_ws/src/install/articubot_one/share/articubot_one/description/ros2_control.xacro\n'}
[2.680453] (articubot_one) StdoutLine: {'line': b'-- Symlinking: /home/rob/ros2_ws/src/install/articubot_one/share/articubot_one/launch/ball_tracker.launch.py\n'}
[2.712182] (articubot_one) StdoutLine: {'line': b'-- Symlinking: /home/rob/ros2_ws/src/install/articubot_one/share/articubot_one/launch/camera.launch.py\n'}
[2.716442] (-) TimerEvent: {}
[2.743292] (articubot_one) StdoutLine: {'line': b'-- Symlinking: /home/rob/ros2_ws/src/install/articubot_one/share/articubot_one/launch/joystick.launch.py\n'}
[2.774996] (articubot_one) StdoutLine: {'line': b'-- Symlinking: /home/rob/ros2_ws/src/install/articubot_one/share/articubot_one/launch/launch_robot.launch.py\n'}
[2.805479] (articubot_one) StdoutLine: {'line': b'-- Symlinking: /home/rob/ros2_ws/src/install/articubot_one/share/articubot_one/launch/launch_sim.launch.py\n'}
[2.816630] (-) TimerEvent: {}
[2.837622] (articubot_one) StdoutLine: {'line': b'-- Symlinking: /home/rob/ros2_ws/src/install/articubot_one/share/articubot_one/launch/localization_launch.py\n'}
[2.869072] (articubot_one) StdoutLine: {'line': b'-- Symlinking: /home/rob/ros2_ws/src/install/articubot_one/share/articubot_one/launch/navigation_launch.py\n'}
[2.901412] (articubot_one) StdoutLine: {'line': b'-- Symlinking: /home/rob/ros2_ws/src/install/articubot_one/share/articubot_one/launch/online_async_launch.py\n'}
[2.916871] (-) TimerEvent: {}
[2.932465] (articubot_one) StdoutLine: {'line': b'-- Symlinking: /home/rob/ros2_ws/src/install/articubot_one/share/articubot_one/launch/rplidar.launch.py\n'}
[2.963808] (articubot_one) StdoutLine: {'line': b'-- Symlinking: /home/rob/ros2_ws/src/install/articubot_one/share/articubot_one/launch/rsp.launch.py\n'}
[2.996378] (articubot_one) StdoutLine: {'line': b'-- Symlinking: /home/rob/ros2_ws/src/install/articubot_one/share/articubot_one/worlds/empty.world\n'}
[3.017141] (-) TimerEvent: {}
[3.027296] (articubot_one) StdoutLine: {'line': b'-- Symlinking: /home/rob/ros2_ws/src/install/articubot_one/share/articubot_one/worlds/obstacles.world\n'}
[3.066039] (articubot_one) StdoutLine: {'line': b'-- Symlinking: /home/rob/ros2_ws/src/install/articubot_one/share/ament_index/resource_index/package_run_dependencies/articubot_one\n'}
[3.103508] (articubot_one) StdoutLine: {'line': b'-- Symlinking: /home/rob/ros2_ws/src/install/articubot_one/share/ament_index/resource_index/parent_prefix_path/articubot_one\n'}
[3.117351] (-) TimerEvent: {}
[3.136530] (articubot_one) StdoutLine: {'line': b'-- Symlinking: /home/rob/ros2_ws/src/install/articubot_one/share/articubot_one/environment/ament_prefix_path.sh\n'}
[3.168295] (articubot_one) StdoutLine: {'line': b'-- Symlinking: /home/rob/ros2_ws/src/install/articubot_one/share/articubot_one/environment/ament_prefix_path.dsv\n'}
[3.200126] (articubot_one) StdoutLine: {'line': b'-- Symlinking: /home/rob/ros2_ws/src/install/articubot_one/share/articubot_one/environment/path.sh\n'}
[3.217544] (-) TimerEvent: {}
[3.233513] (articubot_one) StdoutLine: {'line': b'-- Symlinking: /home/rob/ros2_ws/src/install/articubot_one/share/articubot_one/environment/path.dsv\n'}
[3.265939] (articubot_one) StdoutLine: {'line': b'-- Symlinking: /home/rob/ros2_ws/src/install/articubot_one/share/articubot_one/local_setup.bash\n'}
[3.298595] (articubot_one) StdoutLine: {'line': b'-- Symlinking: /home/rob/ros2_ws/src/install/articubot_one/share/articubot_one/local_setup.sh\n'}
[3.317734] (-) TimerEvent: {}
[3.329585] (articubot_one) StdoutLine: {'line': b'-- Symlinking: /home/rob/ros2_ws/src/install/articubot_one/share/articubot_one/local_setup.zsh\n'}
[3.360463] (articubot_one) StdoutLine: {'line': b'-- Symlinking: /home/rob/ros2_ws/src/install/articubot_one/share/articubot_one/local_setup.dsv\n'}
[3.392439] (articubot_one) StdoutLine: {'line': b'-- Symlinking: /home/rob/ros2_ws/src/install/articubot_one/share/articubot_one/package.dsv\n'}
[3.417913] (-) TimerEvent: {}
[3.426559] (articubot_one) StdoutLine: {'line': b'-- Symlinking: /home/rob/ros2_ws/src/install/articubot_one/share/ament_index/resource_index/packages/articubot_one\n'}
[3.465706] (articubot_one) StdoutLine: {'line': b'-- Symlinking: /home/rob/ros2_ws/src/install/articubot_one/share/articubot_one/cmake/articubot_oneConfig.cmake\n'}
[3.510938] (articubot_one) StdoutLine: {'line': b'-- Symlinking: /home/rob/ros2_ws/src/install/articubot_one/share/articubot_one/cmake/articubot_oneConfig-version.cmake\n'}
[3.518139] (-) TimerEvent: {}
[3.542976] (articubot_one) StdoutLine: {'line': b'-- Symlinking: /home/rob/ros2_ws/src/install/articubot_one/share/articubot_one/package.xml\n'}
[3.580401] (articubot_one) CommandEnded: {'returncode': 0}
[3.618345] (-) TimerEvent: {}
[3.679956] (articubot_one) JobEnded: {'identifier': 'articubot_one', 'rc': 0}
[3.718484] (-) TimerEvent: {}
[3.819117] (-) TimerEvent: {}
[3.919950] (-) TimerEvent: {}
[4.021153] (-) TimerEvent: {}
[4.067947] (manual_drive) Command: {'cmd': ['/usr/bin/python3', '-W', 'ignore:setup.py install is deprecated', '-W', 'ignore:easy_install command is deprecated', 'setup.py', 'develop', '--editable', '--build-directory', '/home/rob/ros2_ws/src/build/manual_drive/build', '--no-deps', 'symlink_data', '--force'], 'cwd': '/home/rob/ros2_ws/src/build/manual_drive', 'env': {'USER': 'rob', 'SSH_CLIENT': '192.168.1.40 1754 22', 'ROS_PACKAGE_PATH': '/home/rob/ros2_ws/install/articubot_hardware/share', 'XDG_SESSION_TYPE': 'tty', 'SHLVL': '1', 'LD_LIBRARY_PATH': '/opt/ros/humble/opt/rviz_ogre_vendor/lib:/opt/ros/humble/lib/aarch64-linux-gnu:/opt/ros/humble/lib', 'MOTD_SHOWN': 'pam', 'HOME': '/home/rob', 'OLDPWD': '/home/rob/ros2_ws/src', 'SSH_TTY': '/dev/pts/3', 'ROS_PYTHON_VERSION': '3', 'DBUS_SESSION_BUS_ADDRESS': 'unix:path=/run/user/1000/bus', 'COLCON_PREFIX_PATH': '/home/rob/ros2_ws/install', 'ROS_DISTRO': 'humble', 'LOGNAME': 'rob', '_': '/usr/bin/colcon', 'ROS_VERSION': '2', 'PKG_CONFIG_PATH': '/home/rob/ros2_ws/install/articubot_hardware/lib/aarch64-linux-gnu/pkgconfig:/home/rob/ros2_ws/install/articubot_hardware/lib/pkgconfig', 'XDG_SESSION_CLASS': 'user', 'TERM': 'xterm-256color', 'XDG_SESSION_ID': '9', 'ROS_LOCALHOST_ONLY': '0', 'PATH': '/opt/ros/humble/bin:/usr/local/sbin:/usr/local/bin:/usr/sbin:/usr/bin:/sbin:/bin:/usr/games:/usr/local/games:/snap/bin', 'XDG_RUNTIME_DIR': '/run/user/1000', 'DISPLAY': 'localhost:13.0', 'LANG': 'en_US.UTF-8', 'AMENT_PREFIX_PATH': '/opt/ros/humble:/home/rob/ros2_ws/install/manual_drive:/home/rob/ros2_ws/install/articubot_one', 'SHELL': '/bin/bash', 'PWD': '/home/rob/ros2_ws/src/build/manual_drive', 'LC_ALL': 'en_US.UTF-8', 'SSH_CONNECTION': '192.168.1.40 1754 192.168.1.39 22', 'XDG_DATA_DIRS': '/usr/local/share:/usr/share:/var/lib/snapd/desktop', 'PYTHONPATH': '/home/rob/ros2_ws/src/build/manual_drive/prefix_override:/usr/lib/python3/dist-packages/colcon_core/task/python/colcon_distutils_commands:/home/rob/ros2_ws/src/install/manual_drive/lib/python3.10/site-packages:/opt/ros/humble/lib/python3.10/site-packages:/opt/ros/humble/local/lib/python3.10/dist-packages:/home/rob/ros2_ws/build/manual_drive:/home/rob/ros2_ws/install/manual_drive/lib/python3.10/site-packages', 'COLCON': '1', 'CMAKE_PREFIX_PATH': '/home/rob/ros2_ws/install/articubot_one'}, 'shell': False}
[4.121342] (-) TimerEvent: {}
[4.222025] (-) TimerEvent: {}
[4.322719] (-) TimerEvent: {}
[4.423539] (-) TimerEvent: {}
[4.524223] (-) TimerEvent: {}
[4.624960] (-) TimerEvent: {}
[4.725774] (-) TimerEvent: {}
[4.826425] (-) TimerEvent: {}
[4.927124] (-) TimerEvent: {}
[5.027771] (-) TimerEvent: {}
[5.128479] (-) TimerEvent: {}
[5.229569] (-) TimerEvent: {}
[5.330297] (-) TimerEvent: {}
[5.430977] (-) TimerEvent: {}
[5.515226] (manual_drive) StdoutLine: {'line': b'running develop\n'}
[5.531127] (-) TimerEvent: {}
[5.631809] (-) TimerEvent: {}
[5.732545] (-) TimerEvent: {}
[5.833253] (-) TimerEvent: {}
[5.933961] (-) TimerEvent: {}
[6.034645] (-) TimerEvent: {}
[6.135334] (-) TimerEvent: {}
[6.235999] (-) TimerEvent: {}
[6.336638] (-) TimerEvent: {}
[6.437354] (-) TimerEvent: {}
[6.501558] (manual_drive) StdoutLine: {'line': b'running egg_info\n'}
[6.502419] (manual_drive) StdoutLine: {'line': b'writing manual_drive.egg-info/PKG-INFO\n'}
[6.503977] (manual_drive) StdoutLine: {'line': b'writing dependency_links to manual_drive.egg-info/dependency_links.txt\n'}
[6.504912] (manual_drive) StdoutLine: {'line': b'writing entry points to manual_drive.egg-info/entry_points.txt\n'}
[6.505861] (manual_drive) StdoutLine: {'line': b'writing requirements to manual_drive.egg-info/requires.txt\n'}
[6.506607] (manual_drive) StdoutLine: {'line': b'writing top-level names to manual_drive.egg-info/top_level.txt\n'}
[6.515853] (manual_drive) StdoutLine: {'line': b"reading manifest file 'manual_drive.egg-info/SOURCES.txt'\n"}
[6.519266] (manual_drive) StdoutLine: {'line': b"writing manifest file 'manual_drive.egg-info/SOURCES.txt'\n"}
[6.525867] (manual_drive) StdoutLine: {'line': b'running build_ext\n'}
[6.527041] (manual_drive) StdoutLine: {'line': b'Creating /home/rob/ros2_ws/src/install/manual_drive/lib/python3.10/site-packages/manual-drive.egg-link (link to .)\n'}
[6.530742] (manual_drive) StdoutLine: {'line': b'Installing hoverboard_controller script to /home/rob/ros2_ws/src/install/manual_drive/lib/manual_drive\n'}
[6.531633] (manual_drive) StdoutLine: {'line': b'Installing manual_drive_node script to /home/rob/ros2_ws/src/install/manual_drive/lib/manual_drive\n'}
[6.533212] (manual_drive) StdoutLine: {'line': b'\n'}
[6.533846] (manual_drive) StdoutLine: {'line': b'Installed /home/rob/ros2_ws/src/build/manual_drive\n'}
[6.534233] (manual_drive) StdoutLine: {'line': b'running symlink_data\n'}
[6.534845] (manual_drive) StdoutLine: {'line': b'symbolically linking /home/rob/ros2_ws/src/build/manual_drive/resource/manual_drive -> /home/rob/ros2_ws/src/install/manual_drive/share/ament_index/resource_index/packages\n'}
[6.535887] (manual_drive) StdoutLine: {'line': b'symbolically linking /home/rob/ros2_ws/src/build/manual_drive/package.xml -> /home/rob/ros2_ws/src/install/manual_drive/share/manual_drive\n'}
[6.537616] (-) TimerEvent: {}
[6.638802] (-) TimerEvent: {}
[6.683991] (manual_drive) CommandEnded: {'returncode': 0}
[6.725057] (manual_drive) JobEnded: {'identifier': 'manual_drive', 'rc': 0}
[6.728021] (-) EventReactorShutdown: {}
