[4.761s] Invoking command in '/home/rob/ros2_ws/src/manual_drive': PYTHONPATH=/home/rob/ros2_ws/build/manual_drive/prefix_override:/home/rob/.local/lib/python3.10/site-packages/colcon_core/task/python/colcon_distutils_commands:/home/rob/ros2_ws/install/manual_drive/lib/python3.10/site-packages:${PYTHONPATH} /usr/bin/python3 -W ignore:setup.py install is deprecated -W ignore:easy_install command is deprecated setup.py egg_info --egg-base ../../build/manual_drive build --build-base /home/rob/ros2_ws/build/manual_drive/build install --record /home/rob/ros2_ws/build/manual_drive/install.log --single-version-externally-managed install_data
[6.550s] running egg_info
[6.553s] writing ../../build/manual_drive/manual_drive.egg-info/PKG-INFO
[6.554s] writing dependency_links to ../../build/manual_drive/manual_drive.egg-info/dependency_links.txt
[6.558s] writing entry points to ../../build/manual_drive/manual_drive.egg-info/entry_points.txt
[6.560s] writing requirements to ../../build/manual_drive/manual_drive.egg-info/requires.txt
[6.561s] writing top-level names to ../../build/manual_drive/manual_drive.egg-info/top_level.txt
[6.573s] reading manifest file '../../build/manual_drive/manual_drive.egg-info/SOURCES.txt'
[6.579s] writing manifest file '../../build/manual_drive/manual_drive.egg-info/SOURCES.txt'
[6.580s] running build
[6.581s] running build_py
[6.585s] running install
[6.589s] running install_lib
[6.600s] running install_data
[6.602s] running install_egg_info
[6.609s] removing '/home/rob/ros2_ws/install/manual_drive/lib/python3.10/site-packages/manual_drive-0.0.0-py3.10.egg-info' (and everything under it)
[6.612s] Copying ../../build/manual_drive/manual_drive.egg-info to /home/rob/ros2_ws/install/manual_drive/lib/python3.10/site-packages/manual_drive-0.0.0-py3.10.egg-info
[6.620s] running install_scripts
[6.724s] Installing hoverboard_controller script to /home/rob/ros2_ws/install/manual_drive/lib/manual_drive
[6.726s] Installing manual_drive_node script to /home/rob/ros2_ws/install/manual_drive/lib/manual_drive
[6.728s] writing list of installed files to '/home/rob/ros2_ws/build/manual_drive/install.log'
[6.883s] Invoked command in '/home/rob/ros2_ws/src/manual_drive' returned '0': PYTHONPATH=/home/rob/ros2_ws/build/manual_drive/prefix_override:/home/rob/.local/lib/python3.10/site-packages/colcon_core/task/python/colcon_distutils_commands:/home/rob/ros2_ws/install/manual_drive/lib/python3.10/site-packages:${PYTHONPATH} /usr/bin/python3 -W ignore:setup.py install is deprecated -W ignore:easy_install command is deprecated setup.py egg_info --egg-base ../../build/manual_drive build --build-base /home/rob/ros2_ws/build/manual_drive/build install --record /home/rob/ros2_ws/build/manual_drive/install.log --single-version-externally-managed install_data
