[0.000000] (-) TimerEvent: {}
[0.001533] (manual_drive) JobQueued: {'identifier': 'manual_drive', 'dependencies': OrderedDict()}
[0.002101] (manual_drive) JobStarted: {'identifier': 'manual_drive'}
[0.099008] (-) TimerEvent: {}
[0.199617] (-) TimerEvent: {}
[0.300225] (-) TimerEvent: {}
[0.400802] (-) TimerEvent: {}
[0.501402] (-) TimerEvent: {}
[0.601980] (-) TimerEvent: {}
[0.702571] (-) TimerEvent: {}
[0.803194] (-) TimerEvent: {}
[0.903930] (-) TimerEvent: {}
[1.004850] (-) TimerEvent: {}
[1.105508] (-) TimerEvent: {}
[1.206146] (-) TimerEvent: {}
[1.306855] (-) TimerEvent: {}
[1.407493] (-) TimerEvent: {}
[1.508110] (-) TimerEvent: {}
[1.608690] (-) TimerEvent: {}
[1.709278] (-) TimerEvent: {}
[1.809855] (-) TimerEvent: {}
[1.910485] (-) TimerEvent: {}
[2.011117] (-) TimerEvent: {}
[2.111707] (-) TimerEvent: {}
[2.212416] (-) TimerEvent: {}
[2.313555] (-) TimerEvent: {}
[2.350204] (manual_drive) Command: {'cmd': ['/usr/bin/python3', '-W', 'ignore:setup.py install is deprecated', '-W', 'ignore:easy_install command is deprecated', 'setup.py', 'egg_info', '--egg-base', 'build/manual_drive', 'build', '--build-base', '/home/rob/ros2_ws/src/manual_drive/build/manual_drive/build', 'install', '--record', '/home/rob/ros2_ws/src/manual_drive/build/manual_drive/install.log', '--single-version-externally-managed', 'install_data'], 'cwd': '/home/rob/ros2_ws/src/manual_drive', 'env': {'USER': 'rob', 'SSH_CLIENT': '192.168.1.93 2150 22', 'XDG_SESSION_TYPE': 'tty', 'SHLVL': '1', 'MOTD_SHOWN': 'pam', 'HOME': '/home/rob', 'OLDPWD': '/home/rob/ros2_ws/src', 'SSH_TTY': '/dev/pts/2', 'DBUS_SESSION_BUS_ADDRESS': 'unix:path=/run/user/1000/bus', 'LOGNAME': 'rob', '_': '/usr/bin/colcon', 'XDG_SESSION_CLASS': 'user', 'TERM': 'xterm-256color', 'XDG_SESSION_ID': '7', 'PATH': '/usr/local/sbin:/usr/local/bin:/usr/sbin:/usr/bin:/sbin:/bin:/usr/games:/usr/local/games:/snap/bin', 'XDG_RUNTIME_DIR': '/run/user/1000', 'DISPLAY': 'localhost:11.0', 'LANG': 'en_US.UTF-8', 'SHELL': '/bin/bash', 'PWD': '/home/rob/ros2_ws/src/manual_drive/build/manual_drive', 'LC_ALL': 'en_US.UTF-8', 'SSH_CONNECTION': '192.168.1.93 2150 192.168.1.41 22', 'XDG_DATA_DIRS': '/usr/local/share:/usr/share:/var/lib/snapd/desktop', 'COLCON': '1', 'PYTHONPATH': '/home/rob/ros2_ws/src/manual_drive/build/manual_drive/prefix_override:/usr/lib/python3/dist-packages/colcon_core/task/python/colcon_distutils_commands:/home/rob/ros2_ws/src/manual_drive/install/manual_drive/lib/python3.10/site-packages:'}, 'shell': False}
[2.413703] (-) TimerEvent: {}
[2.514416] (-) TimerEvent: {}
[2.615200] (-) TimerEvent: {}
[2.715817] (-) TimerEvent: {}
[2.816405] (-) TimerEvent: {}
[2.916981] (-) TimerEvent: {}
[3.017588] (-) TimerEvent: {}
[3.118422] (-) TimerEvent: {}
[3.219239] (-) TimerEvent: {}
[3.234652] (manual_drive) StdoutLine: {'line': b'running egg_info\n'}
[3.236939] (manual_drive) StdoutLine: {'line': b'creating build/manual_drive/manual_drive.egg-info\n'}
[3.237494] (manual_drive) StdoutLine: {'line': b'writing build/manual_drive/manual_drive.egg-info/PKG-INFO\n'}
[3.238406] (manual_drive) StdoutLine: {'line': b'writing dependency_links to build/manual_drive/manual_drive.egg-info/dependency_links.txt\n'}
[3.239014] (manual_drive) StdoutLine: {'line': b'writing entry points to build/manual_drive/manual_drive.egg-info/entry_points.txt\n'}
[3.239582] (manual_drive) StdoutLine: {'line': b'writing requirements to build/manual_drive/manual_drive.egg-info/requires.txt\n'}
[3.240078] (manual_drive) StdoutLine: {'line': b'writing top-level names to build/manual_drive/manual_drive.egg-info/top_level.txt\n'}
[3.240915] (manual_drive) StdoutLine: {'line': b"writing manifest file 'build/manual_drive/manual_drive.egg-info/SOURCES.txt'\n"}
[3.246806] (manual_drive) StdoutLine: {'line': b"reading manifest file 'build/manual_drive/manual_drive.egg-info/SOURCES.txt'\n"}
[3.250419] (manual_drive) StdoutLine: {'line': b"writing manifest file 'build/manual_drive/manual_drive.egg-info/SOURCES.txt'\n"}
[3.251063] (manual_drive) StdoutLine: {'line': b'running build\n'}
[3.251511] (manual_drive) StdoutLine: {'line': b'running build_py\n'}
[3.251957] (manual_drive) StdoutLine: {'line': b'creating /home/rob/ros2_ws/src/manual_drive/build/manual_drive/build\n'}
[3.252606] (manual_drive) StdoutLine: {'line': b'creating /home/rob/ros2_ws/src/manual_drive/build/manual_drive/build/lib\n'}
[3.253049] (manual_drive) StdoutLine: {'line': b'creating /home/rob/ros2_ws/src/manual_drive/build/manual_drive/build/lib/manual_drive\n'}
[3.253363] (manual_drive) StdoutLine: {'line': b'copying manual_drive/__init__.py -> /home/rob/ros2_ws/src/manual_drive/build/manual_drive/build/lib/manual_drive\n'}
[3.253785] (manual_drive) StdoutLine: {'line': b'copying manual_drive/manual_drive_node.py -> /home/rob/ros2_ws/src/manual_drive/build/manual_drive/build/lib/manual_drive\n'}
[3.254476] (manual_drive) StdoutLine: {'line': b'running install\n'}
[3.255764] (manual_drive) StdoutLine: {'line': b'running install_lib\n'}
[3.258346] (manual_drive) StdoutLine: {'line': b'creating /home/rob/ros2_ws/src/manual_drive/install/manual_drive/lib/python3.10/site-packages/manual_drive\n'}
[3.258886] (manual_drive) StdoutLine: {'line': b'copying /home/rob/ros2_ws/src/manual_drive/build/manual_drive/build/lib/manual_drive/__init__.py -> /home/rob/ros2_ws/src/manual_drive/install/manual_drive/lib/python3.10/site-packages/manual_drive\n'}
[3.259532] (manual_drive) StdoutLine: {'line': b'copying /home/rob/ros2_ws/src/manual_drive/build/manual_drive/build/lib/manual_drive/manual_drive_node.py -> /home/rob/ros2_ws/src/manual_drive/install/manual_drive/lib/python3.10/site-packages/manual_drive\n'}
[3.261891] (manual_drive) StdoutLine: {'line': b'byte-compiling /home/rob/ros2_ws/src/manual_drive/install/manual_drive/lib/python3.10/site-packages/manual_drive/__init__.py to __init__.cpython-310.pyc\n'}
[3.263220] (manual_drive) StdoutLine: {'line': b'byte-compiling /home/rob/ros2_ws/src/manual_drive/install/manual_drive/lib/python3.10/site-packages/manual_drive/manual_drive_node.py to manual_drive_node.cpython-310.pyc\n'}
[3.266595] (manual_drive) StdoutLine: {'line': b'running install_data\n'}
[3.267231] (manual_drive) StdoutLine: {'line': b'creating /home/rob/ros2_ws/src/manual_drive/install/manual_drive/share/ament_index\n'}
[3.267681] (manual_drive) StdoutLine: {'line': b'creating /home/rob/ros2_ws/src/manual_drive/install/manual_drive/share/ament_index/resource_index\n'}
[3.268179] (manual_drive) StdoutLine: {'line': b'creating /home/rob/ros2_ws/src/manual_drive/install/manual_drive/share/ament_index/resource_index/packages\n'}
[3.268490] (manual_drive) StdoutLine: {'line': b'copying resource/manual_drive -> /home/rob/ros2_ws/src/manual_drive/install/manual_drive/share/ament_index/resource_index/packages\n'}
[3.268915] (manual_drive) StdoutLine: {'line': b'copying package.xml -> /home/rob/ros2_ws/src/manual_drive/install/manual_drive/share/manual_drive\n'}
[3.269324] (manual_drive) StdoutLine: {'line': b'running install_egg_info\n'}
[3.275652] (manual_drive) StdoutLine: {'line': b'Copying build/manual_drive/manual_drive.egg-info to /home/rob/ros2_ws/src/manual_drive/install/manual_drive/lib/python3.10/site-packages/manual_drive-0.0.0-py3.10.egg-info\n'}
[3.280876] (manual_drive) StdoutLine: {'line': b'running install_scripts\n'}
[3.319384] (-) TimerEvent: {}
[3.355972] (manual_drive) StdoutLine: {'line': b'Installing hoverboard_controller script to /home/rob/ros2_ws/src/manual_drive/install/manual_drive/lib/manual_drive\n'}
[3.356707] (manual_drive) StdoutLine: {'line': b'Installing manual_drive_node script to /home/rob/ros2_ws/src/manual_drive/install/manual_drive/lib/manual_drive\n'}
[3.357977] (manual_drive) StdoutLine: {'line': b"writing list of installed files to '/home/rob/ros2_ws/src/manual_drive/build/manual_drive/install.log'\n"}
[3.419620] (-) TimerEvent: {}
[3.470662] (manual_drive) CommandEnded: {'returncode': 0}
[3.511969] (manual_drive) JobEnded: {'identifier': 'manual_drive', 'rc': 0}
[3.514411] (-) EventReactorShutdown: {}
