[0.413s] DEBUG:colcon:Command line arguments: ['/usr/bin/colcon', 'build', '--packages-select', 'manual_drive']
[0.413s] DEBUG:colcon:Parsed command line arguments: Namespace(log_base=None, log_level=None, verb_name='build', build_base='build', install_base='install', merge_install=False, symlink_install=False, test_result_base=None, continue_on_error=False, executor='parallel', parallel_workers=4, event_handlers=None, ignore_user_meta=False, metas=['./colcon.meta'], base_paths=['.'], packages_ignore=None, packages_ignore_regex=None, paths=None, packages_up_to=None, packages_up_to_regex=None, packages_above=None, packages_above_and_dependencies=None, packages_above_depth=None, packages_select_by_dep=None, packages_skip_by_dep=None, packages_skip_up_to=None, packages_select_build_failed=False, packages_skip_build_finished=False, packages_select_test_failures=False, packages_skip_test_passed=False, packages_select=['manual_drive'], packages_skip=None, packages_select_regex=None, packages_skip_regex=None, packages_start=None, packages_end=None, allow_overriding=[], cmake_args=None, cmake_target=None, cmake_target_skip_unavailable=False, cmake_clean_cache=False, cmake_clean_first=False, cmake_force_configure=False, ament_cmake_args=None, catkin_cmake_args=None, catkin_skip_building_tests=False, mixin_files=None, mixin=None, verb_parser=<colcon_mixin.mixin.mixin_argument.MixinArgumentDecorator object at 0xffff9ad59540>, verb_extension=<colcon_core.verb.build.BuildVerb object at 0xffff9ae76440>, main=<bound method BuildVerb.main of <colcon_core.verb.build.BuildVerb object at 0xffff9ae76440>>, mixin_verb=('build',))
[1.045s] Level 1:colcon.colcon_core.package_discovery:discover_packages(colcon_meta) check parameters
[1.046s] Level 1:colcon.colcon_core.package_discovery:discover_packages(recursive) check parameters
[1.046s] Level 1:colcon.colcon_core.package_discovery:discover_packages(ignore) check parameters
[1.046s] Level 1:colcon.colcon_core.package_discovery:discover_packages(path) check parameters
[1.046s] Level 1:colcon.colcon_core.package_discovery:discover_packages(colcon_meta) discover
[1.046s] Level 1:colcon.colcon_core.package_discovery:discover_packages(recursive) discover
[1.046s] INFO:colcon.colcon_core.package_discovery:Crawling recursively for packages in '/home/rob/ros2_ws/src/manual_drive'
[1.047s] Level 1:colcon.colcon_core.package_identification:_identify(.) by extensions ['ignore', 'ignore_ament_install']
[1.047s] Level 1:colcon.colcon_core.package_identification:_identify(.) by extension 'ignore'
[1.048s] Level 1:colcon.colcon_core.package_identification:_identify(.) by extension 'ignore_ament_install'
[1.048s] Level 1:colcon.colcon_core.package_identification:_identify(.) by extensions ['colcon_pkg']
[1.048s] Level 1:colcon.colcon_core.package_identification:_identify(.) by extension 'colcon_pkg'
[1.048s] Level 1:colcon.colcon_core.package_identification:_identify(.) by extensions ['colcon_meta']
[1.048s] Level 1:colcon.colcon_core.package_identification:_identify(.) by extension 'colcon_meta'
[1.048s] Level 1:colcon.colcon_core.package_identification:_identify(.) by extensions ['ros']
[1.048s] Level 1:colcon.colcon_core.package_identification:_identify(.) by extension 'ros'
[1.103s] DEBUG:colcon.colcon_core.package_identification:Package '.' with type 'ros.ament_python' and name 'manual_drive'
[1.104s] Level 1:colcon.colcon_core.package_discovery:discover_packages(recursive) using defaults
[1.104s] Level 1:colcon.colcon_core.package_discovery:discover_packages(ignore) discover
[1.104s] Level 1:colcon.colcon_core.package_discovery:discover_packages(ignore) using defaults
[1.104s] Level 1:colcon.colcon_core.package_discovery:discover_packages(path) discover
[1.104s] Level 1:colcon.colcon_core.package_discovery:discover_packages(path) using defaults
[1.176s] Level 1:colcon.colcon_core.package_discovery:discover_packages(prefix_path) check parameters
[1.176s] Level 1:colcon.colcon_core.package_discovery:discover_packages(prefix_path) discover
[1.180s] Level 1:colcon.colcon_core.package_discovery:discover_packages(prefix_path) using defaults
[1.185s] Level 5:colcon.colcon_core.verb:set package 'manual_drive' build argument 'cmake_args' from command line to 'None'
[1.185s] Level 5:colcon.colcon_core.verb:set package 'manual_drive' build argument 'cmake_target' from command line to 'None'
[1.185s] Level 5:colcon.colcon_core.verb:set package 'manual_drive' build argument 'cmake_target_skip_unavailable' from command line to 'False'
[1.185s] Level 5:colcon.colcon_core.verb:set package 'manual_drive' build argument 'cmake_clean_cache' from command line to 'False'
[1.185s] Level 5:colcon.colcon_core.verb:set package 'manual_drive' build argument 'cmake_clean_first' from command line to 'False'
[1.185s] Level 5:colcon.colcon_core.verb:set package 'manual_drive' build argument 'cmake_force_configure' from command line to 'False'
[1.185s] Level 5:colcon.colcon_core.verb:set package 'manual_drive' build argument 'ament_cmake_args' from command line to 'None'
[1.185s] Level 5:colcon.colcon_core.verb:set package 'manual_drive' build argument 'catkin_cmake_args' from command line to 'None'
[1.185s] Level 5:colcon.colcon_core.verb:set package 'manual_drive' build argument 'catkin_skip_building_tests' from command line to 'False'
[1.186s] DEBUG:colcon.colcon_core.verb:Building package 'manual_drive' with the following arguments: {'ament_cmake_args': None, 'build_base': '/home/rob/ros2_ws/src/manual_drive/build/manual_drive', 'catkin_cmake_args': None, 'catkin_skip_building_tests': False, 'cmake_args': None, 'cmake_clean_cache': False, 'cmake_clean_first': False, 'cmake_force_configure': False, 'cmake_target': None, 'cmake_target_skip_unavailable': False, 'install_base': '/home/rob/ros2_ws/src/manual_drive/install/manual_drive', 'merge_install': False, 'path': '/home/rob/ros2_ws/src/manual_drive', 'symlink_install': False, 'test_result_base': None}
[1.186s] INFO:colcon.colcon_core.executor:Executing jobs using 'parallel' executor
[1.189s] DEBUG:colcon.colcon_parallel_executor.executor.parallel:run_until_complete
[1.190s] INFO:colcon.colcon_ros.task.ament_python.build:Building ROS package in '/home/rob/ros2_ws/src/manual_drive' with build type 'ament_python'
[1.191s] Level 1:colcon.colcon_core.shell:create_environment_hook('manual_drive', 'ament_prefix_path')
[1.199s] INFO:colcon.colcon_core.plugin_system:Skipping extension 'colcon_core.shell.bat': Not used on non-Windows systems
[1.200s] INFO:colcon.colcon_core.shell:Creating environment hook '/home/rob/ros2_ws/src/manual_drive/install/manual_drive/share/manual_drive/hook/ament_prefix_path.ps1'
[1.203s] INFO:colcon.colcon_core.shell:Creating environment descriptor '/home/rob/ros2_ws/src/manual_drive/install/manual_drive/share/manual_drive/hook/ament_prefix_path.dsv'
[1.205s] INFO:colcon.colcon_core.shell:Creating environment hook '/home/rob/ros2_ws/src/manual_drive/install/manual_drive/share/manual_drive/hook/ament_prefix_path.sh'
[1.208s] INFO:colcon.colcon_core.shell:Skip shell extension 'powershell' for command environment: Not usable outside of PowerShell
[1.208s] DEBUG:colcon.colcon_core.shell:Skip shell extension 'dsv' for command environment
[2.156s] INFO:colcon.colcon_core.task.python.build:Building Python package in '/home/rob/ros2_ws/src/manual_drive'
[2.157s] INFO:colcon.colcon_core.shell:Skip shell extension 'powershell' for command environment: Not usable outside of PowerShell
[2.157s] DEBUG:colcon.colcon_core.shell:Skip shell extension 'dsv' for command environment
[3.551s] DEBUG:colcon.colcon_core.event_handler.log_command:Invoking command in '/home/rob/ros2_ws/src/manual_drive': PYTHONPATH=/home/rob/ros2_ws/src/manual_drive/build/manual_drive/prefix_override:/usr/lib/python3/dist-packages/colcon_core/task/python/colcon_distutils_commands:/home/rob/ros2_ws/src/manual_drive/install/manual_drive/lib/python3.10/site-packages: /usr/bin/python3 -W ignore:setup.py install is deprecated -W ignore:easy_install command is deprecated setup.py egg_info --egg-base build/manual_drive build --build-base /home/rob/ros2_ws/src/manual_drive/build/manual_drive/build install --record /home/rob/ros2_ws/src/manual_drive/build/manual_drive/install.log --single-version-externally-managed install_data
[4.660s] DEBUG:colcon.colcon_core.event_handler.log_command:Invoked command in '/home/rob/ros2_ws/src/manual_drive' returned '0': PYTHONPATH=/home/rob/ros2_ws/src/manual_drive/build/manual_drive/prefix_override:/usr/lib/python3/dist-packages/colcon_core/task/python/colcon_distutils_commands:/home/rob/ros2_ws/src/manual_drive/install/manual_drive/lib/python3.10/site-packages: /usr/bin/python3 -W ignore:setup.py install is deprecated -W ignore:easy_install command is deprecated setup.py egg_info --egg-base build/manual_drive build --build-base /home/rob/ros2_ws/src/manual_drive/build/manual_drive/build install --record /home/rob/ros2_ws/src/manual_drive/build/manual_drive/install.log --single-version-externally-managed install_data
[4.669s] Level 1:colcon.colcon_core.environment:checking '/home/rob/ros2_ws/src/manual_drive/install/manual_drive' for CMake module files
[4.671s] Level 1:colcon.colcon_core.environment:checking '/home/rob/ros2_ws/src/manual_drive/install/manual_drive' for CMake config files
[4.675s] Level 1:colcon.colcon_core.environment:checking '/home/rob/ros2_ws/src/manual_drive/install/manual_drive/lib'
[4.675s] Level 1:colcon.colcon_core.environment:checking '/home/rob/ros2_ws/src/manual_drive/install/manual_drive/bin'
[4.676s] Level 1:colcon.colcon_core.environment:checking '/home/rob/ros2_ws/src/manual_drive/install/manual_drive/lib/pkgconfig/manual_drive.pc'
[4.677s] Level 1:colcon.colcon_core.environment:checking '/home/rob/ros2_ws/src/manual_drive/install/manual_drive/lib/python3.10/site-packages'
[4.677s] Level 1:colcon.colcon_core.shell:create_environment_hook('manual_drive', 'pythonpath')
[4.678s] INFO:colcon.colcon_core.shell:Creating environment hook '/home/rob/ros2_ws/src/manual_drive/install/manual_drive/share/manual_drive/hook/pythonpath.ps1'
[4.680s] INFO:colcon.colcon_core.shell:Creating environment descriptor '/home/rob/ros2_ws/src/manual_drive/install/manual_drive/share/manual_drive/hook/pythonpath.dsv'
[4.681s] INFO:colcon.colcon_core.shell:Creating environment hook '/home/rob/ros2_ws/src/manual_drive/install/manual_drive/share/manual_drive/hook/pythonpath.sh'
[4.684s] Level 1:colcon.colcon_core.environment:checking '/home/rob/ros2_ws/src/manual_drive/install/manual_drive/bin'
[4.684s] Level 1:colcon.colcon_core.environment:create_environment_scripts_only(manual_drive)
[4.685s] INFO:colcon.colcon_core.shell:Creating package script '/home/rob/ros2_ws/src/manual_drive/install/manual_drive/share/manual_drive/package.ps1'
[4.689s] INFO:colcon.colcon_core.shell:Creating package descriptor '/home/rob/ros2_ws/src/manual_drive/install/manual_drive/share/manual_drive/package.dsv'
[4.691s] INFO:colcon.colcon_core.shell:Creating package script '/home/rob/ros2_ws/src/manual_drive/install/manual_drive/share/manual_drive/package.sh'
[4.694s] INFO:colcon.colcon_core.shell:Creating package script '/home/rob/ros2_ws/src/manual_drive/install/manual_drive/share/manual_drive/package.bash'
[4.697s] INFO:colcon.colcon_core.shell:Creating package script '/home/rob/ros2_ws/src/manual_drive/install/manual_drive/share/manual_drive/package.zsh'
[4.699s] Level 1:colcon.colcon_core.environment:create_file_with_runtime_dependencies(/home/rob/ros2_ws/src/manual_drive/install/manual_drive/share/colcon-core/packages/manual_drive)
[4.701s] DEBUG:colcon.colcon_parallel_executor.executor.parallel:closing loop
[4.702s] DEBUG:colcon.colcon_parallel_executor.executor.parallel:loop closed
[4.702s] DEBUG:colcon.colcon_parallel_executor.executor.parallel:run_until_complete finished with '0'
[4.702s] DEBUG:colcon.colcon_core.event_reactor:joining thread
[4.726s] INFO:colcon.colcon_core.plugin_system:Skipping extension 'colcon_notification.desktop_notification.notify_send': Could not find 'notify-send'
[4.727s] INFO:colcon.colcon_core.plugin_system:Skipping extension 'colcon_notification.desktop_notification.terminal_notifier': Not used on non-Darwin systems
[4.727s] INFO:colcon.colcon_core.plugin_system:Skipping extension 'colcon_notification.desktop_notification.win32': Not used on non-Windows systems
[4.727s] INFO:colcon.colcon_notification.desktop_notification:Sending desktop notification using 'notify2'
[4.730s] DEBUG:colcon.colcon_notification.desktop_notification.notify2:Failed to initialize notify2: org.freedesktop.DBus.Error.ServiceUnknown: The name org.freedesktop.Notifications was not provided by any .service files
[4.730s] DEBUG:colcon.colcon_core.event_reactor:joined thread
[4.731s] INFO:colcon.colcon_core.shell:Creating prefix script '/home/rob/ros2_ws/src/manual_drive/install/local_setup.ps1'
[4.735s] INFO:colcon.colcon_core.shell:Creating prefix util module '/home/rob/ros2_ws/src/manual_drive/install/_local_setup_util_ps1.py'
[4.740s] INFO:colcon.colcon_core.shell:Creating prefix chain script '/home/rob/ros2_ws/src/manual_drive/install/setup.ps1'
[4.743s] INFO:colcon.colcon_core.shell:Creating prefix script '/home/rob/ros2_ws/src/manual_drive/install/local_setup.sh'
[4.746s] INFO:colcon.colcon_core.shell:Creating prefix util module '/home/rob/ros2_ws/src/manual_drive/install/_local_setup_util_sh.py'
[4.748s] INFO:colcon.colcon_core.shell:Creating prefix chain script '/home/rob/ros2_ws/src/manual_drive/install/setup.sh'
[4.751s] INFO:colcon.colcon_core.shell:Creating prefix script '/home/rob/ros2_ws/src/manual_drive/install/local_setup.bash'
[4.754s] INFO:colcon.colcon_core.shell:Creating prefix chain script '/home/rob/ros2_ws/src/manual_drive/install/setup.bash'
[4.757s] INFO:colcon.colcon_core.shell:Creating prefix script '/home/rob/ros2_ws/src/manual_drive/install/local_setup.zsh'
[4.759s] INFO:colcon.colcon_core.shell:Creating prefix chain script '/home/rob/ros2_ws/src/manual_drive/install/setup.zsh'
