[6.986s] Invoking command in '/home/rob/ros2_ws/src/manual_drive': PYTHONPATH=/home/rob/ros2_ws/build/manual_drive/prefix_override:/home/rob/.local/lib/python3.10/site-packages/colcon_core/task/python/colcon_distutils_commands:/home/rob/ros2_ws/install/manual_drive/lib/python3.10/site-packages:${PYTHONPATH} /usr/bin/python3 -W ignore:setup.py install is deprecated -W ignore:easy_install command is deprecated setup.py egg_info --egg-base ../../build/manual_drive build --build-base /home/rob/ros2_ws/build/manual_drive/build install --record /home/rob/ros2_ws/build/manual_drive/install.log --single-version-externally-managed install_data
[10.060s] running egg_info
[10.065s] writing ../../build/manual_drive/manual_drive.egg-info/PKG-INFO
[10.066s] writing dependency_links to ../../build/manual_drive/manual_drive.egg-info/dependency_links.txt
[10.068s] writing entry points to ../../build/manual_drive/manual_drive.egg-info/entry_points.txt
[10.070s] writing requirements to ../../build/manual_drive/manual_drive.egg-info/requires.txt
[10.072s] writing top-level names to ../../build/manual_drive/manual_drive.egg-info/top_level.txt
[10.086s] reading manifest file '../../build/manual_drive/manual_drive.egg-info/SOURCES.txt'
[10.092s] writing manifest file '../../build/manual_drive/manual_drive.egg-info/SOURCES.txt'
[10.092s] running build
[10.093s] running build_py
[10.095s] running install
[10.097s] running install_lib
[10.106s] running install_data
[10.107s] running install_egg_info
[10.117s] removing '/home/rob/ros2_ws/install/manual_drive/lib/python3.10/site-packages/manual_drive-0.0.0-py3.10.egg-info' (and everything under it)
[10.119s] Copying ../../build/manual_drive/manual_drive.egg-info to /home/rob/ros2_ws/install/manual_drive/lib/python3.10/site-packages/manual_drive-0.0.0-py3.10.egg-info
[10.138s] running install_scripts
[10.284s] Installing hoverboard_controller script to /home/rob/ros2_ws/install/manual_drive/lib/manual_drive
[10.285s] Installing manual_drive_node script to /home/rob/ros2_ws/install/manual_drive/lib/manual_drive
[10.288s] writing list of installed files to '/home/rob/ros2_ws/build/manual_drive/install.log'
[10.557s] Invoked command in '/home/rob/ros2_ws/src/manual_drive' returned '0': PYTHONPATH=/home/rob/ros2_ws/build/manual_drive/prefix_override:/home/rob/.local/lib/python3.10/site-packages/colcon_core/task/python/colcon_distutils_commands:/home/rob/ros2_ws/install/manual_drive/lib/python3.10/site-packages:${PYTHONPATH} /usr/bin/python3 -W ignore:setup.py install is deprecated -W ignore:easy_install command is deprecated setup.py egg_info --egg-base ../../build/manual_drive build --build-base /home/rob/ros2_ws/build/manual_drive/build install --record /home/rob/ros2_ws/build/manual_drive/install.log --single-version-externally-managed install_data
