[0.610s] DEBUG:colcon:Command line arguments: ['/usr/local/bin/colcon', 'build']
[0.611s] DEBUG:colcon:Parsed command line arguments: Namespace(log_base=None, log_level=None, verb_name='build', build_base='build', install_base='install', merge_install=False, symlink_install=False, test_result_base=None, continue_on_error=False, executor='parallel', parallel_workers=4, event_handlers=None, ignore_user_meta=False, metas=['./colcon.meta'], base_paths=['.'], packages_ignore=None, packages_ignore_regex=None, paths=None, packages_up_to=None, packages_up_to_regex=None, packages_above=None, packages_above_and_dependencies=None, packages_above_depth=None, packages_select_by_dep=None, packages_skip_by_dep=None, packages_skip_up_to=None, packages_select_build_failed=False, packages_skip_build_finished=False, packages_select_test_failures=False, packages_skip_test_passed=False, packages_select=None, packages_skip=None, packages_select_regex=None, packages_skip_regex=None, packages_start=None, packages_end=None, cmake_args=None, cmake_target=None, cmake_target_skip_unavailable=False, cmake_clean_cache=False, cmake_clean_first=False, cmake_force_configure=False, ament_cmake_args=None, catkin_cmake_args=None, catkin_skip_building_tests=False, verb_parser=<colcon_defaults.argument_parser.defaults.DefaultArgumentsDecorator object at 0xffff8610c6a0>, verb_extension=<colcon_core.verb.build.BuildVerb object at 0xffff862b5ba0>, main=<bound method BuildVerb.main of <colcon_core.verb.build.BuildVerb object at 0xffff862b5ba0>>)
[1.443s] Level 1:colcon.colcon_core.package_discovery:discover_packages(colcon_meta) check parameters
[1.444s] Level 1:colcon.colcon_core.package_discovery:discover_packages(recursive) check parameters
[1.444s] Level 1:colcon.colcon_core.package_discovery:discover_packages(ignore) check parameters
[1.445s] Level 1:colcon.colcon_core.package_discovery:discover_packages(path) check parameters
[1.445s] Level 1:colcon.colcon_core.package_discovery:discover_packages(colcon_meta) discover
[1.445s] Level 1:colcon.colcon_core.package_discovery:discover_packages(recursive) discover
[1.446s] INFO:colcon.colcon_core.package_discovery:Crawling recursively for packages in '/home/rob/ros2_ws'
[1.446s] Level 1:colcon.colcon_core.package_identification:_identify(.) by extensions ['ignore', 'ignore_ament_install']
[1.447s] Level 1:colcon.colcon_core.package_identification:_identify(.) by extension 'ignore'
[1.447s] Level 1:colcon.colcon_core.package_identification:_identify(.) by extension 'ignore_ament_install'
[1.448s] Level 1:colcon.colcon_core.package_identification:_identify(.) by extensions ['colcon_pkg']
[1.448s] Level 1:colcon.colcon_core.package_identification:_identify(.) by extension 'colcon_pkg'
[1.449s] Level 1:colcon.colcon_core.package_identification:_identify(.) by extensions ['colcon_meta']
[1.449s] Level 1:colcon.colcon_core.package_identification:_identify(.) by extension 'colcon_meta'
[1.449s] Level 1:colcon.colcon_core.package_identification:_identify(.) by extensions ['ros']
[1.449s] Level 1:colcon.colcon_core.package_identification:_identify(.) by extension 'ros'
[1.502s] Level 1:colcon.colcon_core.package_identification:_identify(.) by extensions ['cmake', 'python']
[1.503s] Level 1:colcon.colcon_core.package_identification:_identify(.) by extension 'cmake'
[1.503s] Level 1:colcon.colcon_core.package_identification:_identify(.) by extension 'python'
[1.504s] Level 1:colcon.colcon_core.package_identification:_identify(.) by extensions ['python_setup_py']
[1.504s] Level 1:colcon.colcon_core.package_identification:_identify(.) by extension 'python_setup_py'
[1.505s] Level 1:colcon.colcon_core.package_identification:_identify(build) by extensions ['ignore', 'ignore_ament_install']
[1.506s] Level 1:colcon.colcon_core.package_identification:_identify(build) by extension 'ignore'
[1.506s] Level 1:colcon.colcon_core.package_identification:_identify(build) ignored
[1.507s] Level 1:colcon.colcon_core.package_identification:_identify(install) by extensions ['ignore', 'ignore_ament_install']
[1.508s] Level 1:colcon.colcon_core.package_identification:_identify(install) by extension 'ignore'
[1.508s] Level 1:colcon.colcon_core.package_identification:_identify(install) ignored
[1.510s] Level 1:colcon.colcon_core.package_identification:_identify(log) by extensions ['ignore', 'ignore_ament_install']
[1.511s] Level 1:colcon.colcon_core.package_identification:_identify(log) by extension 'ignore'
[1.511s] Level 1:colcon.colcon_core.package_identification:_identify(log) ignored
[1.512s] Level 1:colcon.colcon_core.package_identification:_identify(src) by extensions ['ignore', 'ignore_ament_install']
[1.513s] Level 1:colcon.colcon_core.package_identification:_identify(src) by extension 'ignore'
[1.513s] Level 1:colcon.colcon_core.package_identification:_identify(src) by extension 'ignore_ament_install'
[1.514s] Level 1:colcon.colcon_core.package_identification:_identify(src) by extensions ['colcon_pkg']
[1.514s] Level 1:colcon.colcon_core.package_identification:_identify(src) by extension 'colcon_pkg'
[1.514s] Level 1:colcon.colcon_core.package_identification:_identify(src) by extensions ['colcon_meta']
[1.515s] Level 1:colcon.colcon_core.package_identification:_identify(src) by extension 'colcon_meta'
[1.515s] Level 1:colcon.colcon_core.package_identification:_identify(src) by extensions ['ros']
[1.515s] Level 1:colcon.colcon_core.package_identification:_identify(src) by extension 'ros'
[1.516s] Level 1:colcon.colcon_core.package_identification:_identify(src) by extensions ['cmake', 'python']
[1.516s] Level 1:colcon.colcon_core.package_identification:_identify(src) by extension 'cmake'
[1.516s] Level 1:colcon.colcon_core.package_identification:_identify(src) by extension 'python'
[1.517s] Level 1:colcon.colcon_core.package_identification:_identify(src) by extensions ['python_setup_py']
[1.517s] Level 1:colcon.colcon_core.package_identification:_identify(src) by extension 'python_setup_py'
[1.518s] Level 1:colcon.colcon_core.package_identification:_identify(src/articubot_one) by extensions ['ignore', 'ignore_ament_install']
[1.519s] Level 1:colcon.colcon_core.package_identification:_identify(src/articubot_one) by extension 'ignore'
[1.519s] Level 1:colcon.colcon_core.package_identification:_identify(src/articubot_one) by extension 'ignore_ament_install'
[1.520s] Level 1:colcon.colcon_core.package_identification:_identify(src/articubot_one) by extensions ['colcon_pkg']
[1.520s] Level 1:colcon.colcon_core.package_identification:_identify(src/articubot_one) by extension 'colcon_pkg'
[1.520s] Level 1:colcon.colcon_core.package_identification:_identify(src/articubot_one) by extensions ['colcon_meta']
[1.520s] Level 1:colcon.colcon_core.package_identification:_identify(src/articubot_one) by extension 'colcon_meta'
[1.521s] Level 1:colcon.colcon_core.package_identification:_identify(src/articubot_one) by extensions ['ros']
[1.521s] Level 1:colcon.colcon_core.package_identification:_identify(src/articubot_one) by extension 'ros'
[1.539s] DEBUG:colcon.colcon_core.package_identification:Package 'src/articubot_one' with type 'ros.ament_cmake' and name 'articubot_one'
[1.540s] Level 1:colcon.colcon_core.package_identification:_identify(src/build) by extensions ['ignore', 'ignore_ament_install']
[1.541s] Level 1:colcon.colcon_core.package_identification:_identify(src/build) by extension 'ignore'
[1.541s] Level 1:colcon.colcon_core.package_identification:_identify(src/build) ignored
[1.542s] Level 1:colcon.colcon_core.package_identification:_identify(src/install) by extensions ['ignore', 'ignore_ament_install']
[1.542s] Level 1:colcon.colcon_core.package_identification:_identify(src/install) by extension 'ignore'
[1.543s] Level 1:colcon.colcon_core.package_identification:_identify(src/install) ignored
[1.544s] Level 1:colcon.colcon_core.package_identification:_identify(src/log) by extensions ['ignore', 'ignore_ament_install']
[1.544s] Level 1:colcon.colcon_core.package_identification:_identify(src/log) by extension 'ignore'
[1.544s] Level 1:colcon.colcon_core.package_identification:_identify(src/log) ignored
[1.545s] Level 1:colcon.colcon_core.package_identification:_identify(src/manual_drive) by extensions ['ignore', 'ignore_ament_install']
[1.546s] Level 1:colcon.colcon_core.package_identification:_identify(src/manual_drive) by extension 'ignore'
[1.546s] Level 1:colcon.colcon_core.package_identification:_identify(src/manual_drive) by extension 'ignore_ament_install'
[1.547s] Level 1:colcon.colcon_core.package_identification:_identify(src/manual_drive) by extensions ['colcon_pkg']
[1.547s] Level 1:colcon.colcon_core.package_identification:_identify(src/manual_drive) by extension 'colcon_pkg'
[1.548s] Level 1:colcon.colcon_core.package_identification:_identify(src/manual_drive) by extensions ['colcon_meta']
[1.548s] Level 1:colcon.colcon_core.package_identification:_identify(src/manual_drive) by extension 'colcon_meta'
[1.548s] Level 1:colcon.colcon_core.package_identification:_identify(src/manual_drive) by extensions ['ros']
[1.549s] Level 1:colcon.colcon_core.package_identification:_identify(src/manual_drive) by extension 'ros'
[1.551s] DEBUG:colcon.colcon_core.package_identification:Package 'src/manual_drive' with type 'ros.ament_python' and name 'manual_drive'
[1.552s] Level 1:colcon.colcon_core.package_discovery:discover_packages(recursive) using defaults
[1.552s] Level 1:colcon.colcon_core.package_discovery:discover_packages(ignore) discover
[1.553s] Level 1:colcon.colcon_core.package_discovery:discover_packages(ignore) using defaults
[1.553s] Level 1:colcon.colcon_core.package_discovery:discover_packages(path) discover
[1.553s] Level 1:colcon.colcon_core.package_discovery:discover_packages(path) using defaults
[1.653s] Level 5:colcon.colcon_core.verb:set package 'articubot_one' build argument 'cmake_args' from command line to 'None'
[1.653s] Level 5:colcon.colcon_core.verb:set package 'articubot_one' build argument 'cmake_target' from command line to 'None'
[1.654s] Level 5:colcon.colcon_core.verb:set package 'articubot_one' build argument 'cmake_target_skip_unavailable' from command line to 'False'
[1.654s] Level 5:colcon.colcon_core.verb:set package 'articubot_one' build argument 'cmake_clean_cache' from command line to 'False'
[1.654s] Level 5:colcon.colcon_core.verb:set package 'articubot_one' build argument 'cmake_clean_first' from command line to 'False'
[1.654s] Level 5:colcon.colcon_core.verb:set package 'articubot_one' build argument 'cmake_force_configure' from command line to 'False'
[1.654s] Level 5:colcon.colcon_core.verb:set package 'articubot_one' build argument 'ament_cmake_args' from command line to 'None'
[1.654s] Level 5:colcon.colcon_core.verb:set package 'articubot_one' build argument 'catkin_cmake_args' from command line to 'None'
[1.654s] Level 5:colcon.colcon_core.verb:set package 'articubot_one' build argument 'catkin_skip_building_tests' from command line to 'False'
[1.655s] DEBUG:colcon.colcon_core.verb:Building package 'articubot_one' with the following arguments: {'ament_cmake_args': None, 'build_base': '/home/rob/ros2_ws/build/articubot_one', 'catkin_cmake_args': None, 'catkin_skip_building_tests': False, 'cmake_args': None, 'cmake_clean_cache': False, 'cmake_clean_first': False, 'cmake_force_configure': False, 'cmake_target': None, 'cmake_target_skip_unavailable': False, 'install_base': '/home/rob/ros2_ws/install/articubot_one', 'merge_install': False, 'path': '/home/rob/ros2_ws/src/articubot_one', 'symlink_install': False, 'test_result_base': None}
[1.656s] Level 5:colcon.colcon_core.verb:set package 'manual_drive' build argument 'cmake_args' from command line to 'None'
[1.657s] Level 5:colcon.colcon_core.verb:set package 'manual_drive' build argument 'cmake_target' from command line to 'None'
[1.657s] Level 5:colcon.colcon_core.verb:set package 'manual_drive' build argument 'cmake_target_skip_unavailable' from command line to 'False'
[1.657s] Level 5:colcon.colcon_core.verb:set package 'manual_drive' build argument 'cmake_clean_cache' from command line to 'False'
[1.657s] Level 5:colcon.colcon_core.verb:set package 'manual_drive' build argument 'cmake_clean_first' from command line to 'False'
[1.657s] Level 5:colcon.colcon_core.verb:set package 'manual_drive' build argument 'cmake_force_configure' from command line to 'False'
[1.657s] Level 5:colcon.colcon_core.verb:set package 'manual_drive' build argument 'ament_cmake_args' from command line to 'None'
[1.658s] Level 5:colcon.colcon_core.verb:set package 'manual_drive' build argument 'catkin_cmake_args' from command line to 'None'
[1.658s] Level 5:colcon.colcon_core.verb:set package 'manual_drive' build argument 'catkin_skip_building_tests' from command line to 'False'
[1.658s] DEBUG:colcon.colcon_core.verb:Building package 'manual_drive' with the following arguments: {'ament_cmake_args': None, 'build_base': '/home/rob/ros2_ws/build/manual_drive', 'catkin_cmake_args': None, 'catkin_skip_building_tests': False, 'cmake_args': None, 'cmake_clean_cache': False, 'cmake_clean_first': False, 'cmake_force_configure': False, 'cmake_target': None, 'cmake_target_skip_unavailable': False, 'install_base': '/home/rob/ros2_ws/install/manual_drive', 'merge_install': False, 'path': '/home/rob/ros2_ws/src/manual_drive', 'symlink_install': False, 'test_result_base': None}
[1.659s] INFO:colcon.colcon_core.executor:Executing jobs using 'parallel' executor
[1.663s] DEBUG:colcon.colcon_parallel_executor.executor.parallel:run_until_complete
[1.665s] INFO:colcon.colcon_ros.task.ament_cmake.build:Building ROS package in '/home/rob/ros2_ws/src/articubot_one' with build type 'ament_cmake'
[1.666s] INFO:colcon.colcon_cmake.task.cmake.build:Building CMake package in '/home/rob/ros2_ws/src/articubot_one'
[1.678s] INFO:colcon.colcon_core.plugin_system:Skipping extension 'colcon_core.shell.bat': Not used on non-Windows systems
[1.679s] INFO:colcon.colcon_core.shell:Skip shell extension 'powershell' for command environment: Not usable outside of PowerShell
[1.681s] DEBUG:colcon.colcon_core.shell:Skip shell extension 'dsv' for command environment
[1.719s] INFO:colcon.colcon_ros.task.ament_python.build:Building ROS package in '/home/rob/ros2_ws/src/manual_drive' with build type 'ament_python'
[1.720s] Level 1:colcon.colcon_core.shell:create_environment_hook('manual_drive', 'ament_prefix_path')
[1.722s] INFO:colcon.colcon_core.shell:Creating environment hook '/home/rob/ros2_ws/install/manual_drive/share/manual_drive/hook/ament_prefix_path.ps1'
[1.728s] INFO:colcon.colcon_core.shell:Creating environment descriptor '/home/rob/ros2_ws/install/manual_drive/share/manual_drive/hook/ament_prefix_path.dsv'
[1.733s] INFO:colcon.colcon_core.shell:Creating environment hook '/home/rob/ros2_ws/install/manual_drive/share/manual_drive/hook/ament_prefix_path.sh'
[1.740s] INFO:colcon.colcon_core.shell:Skip shell extension 'powershell' for command environment: Not usable outside of PowerShell
[1.741s] DEBUG:colcon.colcon_core.shell:Skip shell extension 'dsv' for command environment
[1.797s] DEBUG:colcon.colcon_core.event_handler.log_command:Invoking command in '/home/rob/ros2_ws/build/articubot_one': CMAKE_PREFIX_PATH=${CMAKE_PREFIX_PATH}:/home/rob/ros2_ws/install/manual_drive:/home/rob/turtlebot3_ws/install/turtlebot3_example:/opt/ros/humble /usr/bin/cmake --build /home/rob/ros2_ws/build/articubot_one -- -j4 -l4
[3.375s] INFO:colcon.colcon_core.task.python.build:Building Python package in '/home/rob/ros2_ws/src/manual_drive'
[3.377s] INFO:colcon.colcon_core.shell:Skip shell extension 'powershell' for command environment: Not usable outside of PowerShell
[3.377s] DEBUG:colcon.colcon_core.shell:Skip shell extension 'dsv' for command environment
[3.411s] DEBUG:colcon.colcon_core.event_handler.log_command:Invoked command in '/home/rob/ros2_ws/build/articubot_one' returned '0': CMAKE_PREFIX_PATH=${CMAKE_PREFIX_PATH}:/home/rob/ros2_ws/install/manual_drive:/home/rob/turtlebot3_ws/install/turtlebot3_example:/opt/ros/humble /usr/bin/cmake --build /home/rob/ros2_ws/build/articubot_one -- -j4 -l4
[3.455s] DEBUG:colcon.colcon_core.event_handler.log_command:Invoking command in '/home/rob/ros2_ws/build/articubot_one': CMAKE_PREFIX_PATH=${CMAKE_PREFIX_PATH}:/home/rob/ros2_ws/install/manual_drive:/home/rob/turtlebot3_ws/install/turtlebot3_example:/opt/ros/humble /usr/bin/cmake --install /home/rob/ros2_ws/build/articubot_one
[3.541s] Level 1:colcon.colcon_core.environment:create_environment_scripts_only(articubot_one)
[3.548s] DEBUG:colcon.colcon_core.event_handler.log_command:Invoked command in '/home/rob/ros2_ws/build/articubot_one' returned '0': CMAKE_PREFIX_PATH=${CMAKE_PREFIX_PATH}:/home/rob/ros2_ws/install/manual_drive:/home/rob/turtlebot3_ws/install/turtlebot3_example:/opt/ros/humble /usr/bin/cmake --install /home/rob/ros2_ws/build/articubot_one
[3.561s] Level 1:colcon.colcon_core.environment:checking '/home/rob/ros2_ws/install/articubot_one' for CMake module files
[3.564s] Level 1:colcon.colcon_core.environment:checking '/home/rob/ros2_ws/install/articubot_one' for CMake config files
[3.567s] Level 1:colcon.colcon_core.shell:create_environment_hook('articubot_one', 'cmake_prefix_path')
[3.569s] INFO:colcon.colcon_core.shell:Creating environment hook '/home/rob/ros2_ws/install/articubot_one/share/articubot_one/hook/cmake_prefix_path.ps1'
[3.571s] INFO:colcon.colcon_core.shell:Creating environment descriptor '/home/rob/ros2_ws/install/articubot_one/share/articubot_one/hook/cmake_prefix_path.dsv'
[3.574s] INFO:colcon.colcon_core.shell:Creating environment hook '/home/rob/ros2_ws/install/articubot_one/share/articubot_one/hook/cmake_prefix_path.sh'
[3.577s] Level 1:colcon.colcon_core.environment:checking '/home/rob/ros2_ws/install/articubot_one/lib'
[3.579s] Level 1:colcon.colcon_core.environment:checking '/home/rob/ros2_ws/install/articubot_one/bin'
[3.579s] Level 1:colcon.colcon_core.environment:checking '/home/rob/ros2_ws/install/articubot_one/lib/pkgconfig/articubot_one.pc'
[3.581s] Level 1:colcon.colcon_core.environment:checking '/home/rob/ros2_ws/install/articubot_one/lib/python3.10/site-packages'
[3.582s] Level 1:colcon.colcon_core.environment:checking '/home/rob/ros2_ws/install/articubot_one/bin'
[3.583s] INFO:colcon.colcon_core.shell:Creating package script '/home/rob/ros2_ws/install/articubot_one/share/articubot_one/package.ps1'
[3.587s] INFO:colcon.colcon_core.shell:Creating package descriptor '/home/rob/ros2_ws/install/articubot_one/share/articubot_one/package.dsv'
[3.590s] INFO:colcon.colcon_core.shell:Creating package script '/home/rob/ros2_ws/install/articubot_one/share/articubot_one/package.sh'
[3.594s] INFO:colcon.colcon_core.shell:Creating package script '/home/rob/ros2_ws/install/articubot_one/share/articubot_one/package.bash'
[3.598s] INFO:colcon.colcon_core.shell:Creating package script '/home/rob/ros2_ws/install/articubot_one/share/articubot_one/package.zsh'
[3.602s] Level 1:colcon.colcon_core.environment:create_file_with_runtime_dependencies(/home/rob/ros2_ws/install/articubot_one/share/colcon-core/packages/articubot_one)
[3.605s] Level 1:colcon.colcon_core.environment:create_environment_scripts_only(articubot_one)
[3.607s] Level 1:colcon.colcon_core.environment:checking '/home/rob/ros2_ws/install/articubot_one' for CMake module files
[3.610s] Level 1:colcon.colcon_core.environment:checking '/home/rob/ros2_ws/install/articubot_one' for CMake config files
[3.614s] Level 1:colcon.colcon_core.shell:create_environment_hook('articubot_one', 'cmake_prefix_path')
[3.617s] INFO:colcon.colcon_core.shell:Creating environment hook '/home/rob/ros2_ws/install/articubot_one/share/articubot_one/hook/cmake_prefix_path.ps1'
[3.620s] INFO:colcon.colcon_core.shell:Creating environment descriptor '/home/rob/ros2_ws/install/articubot_one/share/articubot_one/hook/cmake_prefix_path.dsv'
[3.622s] INFO:colcon.colcon_core.shell:Creating environment hook '/home/rob/ros2_ws/install/articubot_one/share/articubot_one/hook/cmake_prefix_path.sh'
[3.625s] Level 1:colcon.colcon_core.environment:checking '/home/rob/ros2_ws/install/articubot_one/lib'
[3.626s] Level 1:colcon.colcon_core.environment:checking '/home/rob/ros2_ws/install/articubot_one/bin'
[3.626s] Level 1:colcon.colcon_core.environment:checking '/home/rob/ros2_ws/install/articubot_one/lib/pkgconfig/articubot_one.pc'
[3.628s] Level 1:colcon.colcon_core.environment:checking '/home/rob/ros2_ws/install/articubot_one/lib/python3.10/site-packages'
[3.629s] Level 1:colcon.colcon_core.environment:checking '/home/rob/ros2_ws/install/articubot_one/bin'
[3.631s] INFO:colcon.colcon_core.shell:Creating package script '/home/rob/ros2_ws/install/articubot_one/share/articubot_one/package.ps1'
[3.634s] INFO:colcon.colcon_core.shell:Creating package descriptor '/home/rob/ros2_ws/install/articubot_one/share/articubot_one/package.dsv'
[3.637s] INFO:colcon.colcon_core.shell:Creating package script '/home/rob/ros2_ws/install/articubot_one/share/articubot_one/package.sh'
[3.640s] INFO:colcon.colcon_core.shell:Creating package script '/home/rob/ros2_ws/install/articubot_one/share/articubot_one/package.bash'
[3.642s] INFO:colcon.colcon_core.shell:Creating package script '/home/rob/ros2_ws/install/articubot_one/share/articubot_one/package.zsh'
[3.645s] Level 1:colcon.colcon_core.environment:create_file_with_runtime_dependencies(/home/rob/ros2_ws/install/articubot_one/share/colcon-core/packages/articubot_one)
[5.380s] DEBUG:colcon.colcon_core.event_handler.log_command:Invoking command in '/home/rob/ros2_ws/src/manual_drive': PYTHONPATH=/home/rob/ros2_ws/build/manual_drive/prefix_override:/home/rob/.local/lib/python3.10/site-packages/colcon_core/task/python/colcon_distutils_commands:/home/rob/ros2_ws/install/manual_drive/lib/python3.10/site-packages:${PYTHONPATH} /usr/bin/python3 -W ignore:setup.py install is deprecated -W ignore:easy_install command is deprecated setup.py egg_info --egg-base ../../build/manual_drive build --build-base /home/rob/ros2_ws/build/manual_drive/build install --record /home/rob/ros2_ws/build/manual_drive/install.log --single-version-externally-managed install_data
[6.896s] Level 1:colcon.colcon_core.environment:checking '/home/rob/ros2_ws/install/manual_drive' for CMake module files
[6.898s] DEBUG:colcon.colcon_core.event_handler.log_command:Invoked command in '/home/rob/ros2_ws/src/manual_drive' returned '0': PYTHONPATH=/home/rob/ros2_ws/build/manual_drive/prefix_override:/home/rob/.local/lib/python3.10/site-packages/colcon_core/task/python/colcon_distutils_commands:/home/rob/ros2_ws/install/manual_drive/lib/python3.10/site-packages:${PYTHONPATH} /usr/bin/python3 -W ignore:setup.py install is deprecated -W ignore:easy_install command is deprecated setup.py egg_info --egg-base ../../build/manual_drive build --build-base /home/rob/ros2_ws/build/manual_drive/build install --record /home/rob/ros2_ws/build/manual_drive/install.log --single-version-externally-managed install_data
[6.900s] Level 1:colcon.colcon_core.environment:checking '/home/rob/ros2_ws/install/manual_drive' for CMake config files
[6.903s] Level 1:colcon.colcon_core.environment:checking '/home/rob/ros2_ws/install/manual_drive/lib'
[6.904s] Level 1:colcon.colcon_core.environment:checking '/home/rob/ros2_ws/install/manual_drive/bin'
[6.904s] Level 1:colcon.colcon_core.environment:checking '/home/rob/ros2_ws/install/manual_drive/lib/pkgconfig/manual_drive.pc'
[6.905s] Level 1:colcon.colcon_core.environment:checking '/home/rob/ros2_ws/install/manual_drive/lib/python3.10/site-packages'
[6.906s] Level 1:colcon.colcon_core.shell:create_environment_hook('manual_drive', 'pythonpath')
[6.907s] INFO:colcon.colcon_core.shell:Creating environment hook '/home/rob/ros2_ws/install/manual_drive/share/manual_drive/hook/pythonpath.ps1'
[6.909s] INFO:colcon.colcon_core.shell:Creating environment descriptor '/home/rob/ros2_ws/install/manual_drive/share/manual_drive/hook/pythonpath.dsv'
[6.911s] INFO:colcon.colcon_core.shell:Creating environment hook '/home/rob/ros2_ws/install/manual_drive/share/manual_drive/hook/pythonpath.sh'
[6.915s] Level 1:colcon.colcon_core.environment:checking '/home/rob/ros2_ws/install/manual_drive/bin'
[6.915s] Level 1:colcon.colcon_core.environment:create_environment_scripts_only(manual_drive)
[6.917s] INFO:colcon.colcon_core.shell:Creating package script '/home/rob/ros2_ws/install/manual_drive/share/manual_drive/package.ps1'
[6.919s] INFO:colcon.colcon_core.shell:Creating package descriptor '/home/rob/ros2_ws/install/manual_drive/share/manual_drive/package.dsv'
[6.922s] INFO:colcon.colcon_core.shell:Creating package script '/home/rob/ros2_ws/install/manual_drive/share/manual_drive/package.sh'
[6.924s] INFO:colcon.colcon_core.shell:Creating package script '/home/rob/ros2_ws/install/manual_drive/share/manual_drive/package.bash'
[6.926s] INFO:colcon.colcon_core.shell:Creating package script '/home/rob/ros2_ws/install/manual_drive/share/manual_drive/package.zsh'
[6.928s] Level 1:colcon.colcon_core.environment:create_file_with_runtime_dependencies(/home/rob/ros2_ws/install/manual_drive/share/colcon-core/packages/manual_drive)
[6.930s] DEBUG:colcon.colcon_parallel_executor.executor.parallel:closing loop
[6.931s] DEBUG:colcon.colcon_parallel_executor.executor.parallel:loop closed
[6.931s] DEBUG:colcon.colcon_parallel_executor.executor.parallel:run_until_complete finished with '0'
[6.932s] DEBUG:colcon.colcon_core.event_reactor:joining thread
[6.961s] INFO:colcon.colcon_core.plugin_system:Skipping extension 'colcon_notification.desktop_notification.notify_send': Could not find 'notify-send'
[6.961s] INFO:colcon.colcon_core.plugin_system:Skipping extension 'colcon_notification.desktop_notification.terminal_notifier': Not used on non-Darwin systems
[6.961s] INFO:colcon.colcon_core.plugin_system:Skipping extension 'colcon_notification.desktop_notification.win32': Not used on non-Windows systems
[6.962s] INFO:colcon.colcon_notification.desktop_notification:Sending desktop notification using 'notify2'
[6.965s] DEBUG:colcon.colcon_notification.desktop_notification.notify2:Failed to initialize notify2: org.freedesktop.DBus.Error.ServiceUnknown: The name org.freedesktop.Notifications was not provided by any .service files
[6.967s] DEBUG:colcon.colcon_core.event_reactor:joined thread
[6.969s] INFO:colcon.colcon_core.shell:Creating prefix script '/home/rob/ros2_ws/install/local_setup.ps1'
[6.974s] INFO:colcon.colcon_core.shell:Creating prefix util module '/home/rob/ros2_ws/install/_local_setup_util_ps1.py'
[6.984s] INFO:colcon.colcon_core.shell:Creating prefix chain script '/home/rob/ros2_ws/install/setup.ps1'
[6.991s] INFO:colcon.colcon_core.shell:Creating prefix script '/home/rob/ros2_ws/install/local_setup.sh'
[6.994s] INFO:colcon.colcon_core.shell:Creating prefix util module '/home/rob/ros2_ws/install/_local_setup_util_sh.py'
[6.996s] INFO:colcon.colcon_core.shell:Creating prefix chain script '/home/rob/ros2_ws/install/setup.sh'
[7.003s] INFO:colcon.colcon_core.shell:Creating prefix script '/home/rob/ros2_ws/install/local_setup.bash'
[7.006s] INFO:colcon.colcon_core.shell:Creating prefix chain script '/home/rob/ros2_ws/install/setup.bash'
[7.017s] INFO:colcon.colcon_core.shell:Creating prefix script '/home/rob/ros2_ws/install/local_setup.zsh'
[7.020s] INFO:colcon.colcon_core.shell:Creating prefix chain script '/home/rob/ros2_ws/install/setup.zsh'
