[0.132s] Invoking command in '/home/rob/ros2_ws/src/build/articubot_one': CMAKE_PREFIX_PATH=${CMAKE_PREFIX_PATH}:/home/rob/ros2_ws/install/manual_drive:/home/rob/turtlebot3_ws/install/turtlebot3_example:/opt/ros/humble /usr/bin/cmake /home/rob/ros2_ws/src/articubot_one -DCMAKE_INSTALL_PREFIX=/home/rob/ros2_ws/src/install/articubot_one
[0.203s] -- Found ament_cmake: 1.3.11 (/opt/ros/humble/share/ament_cmake/cmake)
[1.004s] -- Override CMake install command with custom implementation using symlinks instead of copying resources
[1.082s] -- Found rclpy: 3.3.16 (/opt/ros/humble/share/rclpy/cmake)
[1.084s] -- Found ament_lint_auto: 0.12.12 (/opt/ros/humble/share/ament_lint_auto/cmake)
[1.496s] -- Added test 'copyright' to check source files copyright and LICENSE
[1.640s] -- Added test 'flake8' to check Python code syntax and style conventions
[1.661s] -- Added test 'lint_cmake' to check CMake code style
[1.672s] -- Added test 'pep257' to check Python code against some of the docstring style conventions in PEP 257
[1.747s] -- Added test 'xmllint' to check XML markup files
[1.758s] -- Configuring done
[1.794s] -- Generating done
[1.808s] -- Build files have been written to: /home/rob/ros2_ws/src/build/articubot_one
[1.985s] Invoked command in '/home/rob/ros2_ws/src/build/articubot_one' returned '0': CMAKE_PREFIX_PATH=${CMAKE_PREFIX_PATH}:/home/rob/ros2_ws/install/manual_drive:/home/rob/turtlebot3_ws/install/turtlebot3_example:/opt/ros/humble /usr/bin/cmake /home/rob/ros2_ws/src/articubot_one -DCMAKE_INSTALL_PREFIX=/home/rob/ros2_ws/src/install/articubot_one
[2.004s] Invoking command in '/home/rob/ros2_ws/src/build/articubot_one': CMAKE_PREFIX_PATH=${CMAKE_PREFIX_PATH}:/home/rob/ros2_ws/install/manual_drive:/home/rob/turtlebot3_ws/install/turtlebot3_example:/opt/ros/humble /usr/bin/cmake --build /home/rob/ros2_ws/src/build/articubot_one -- -j4 -l4
[2.197s] Invoked command in '/home/rob/ros2_ws/src/build/articubot_one' returned '0': CMAKE_PREFIX_PATH=${CMAKE_PREFIX_PATH}:/home/rob/ros2_ws/install/manual_drive:/home/rob/turtlebot3_ws/install/turtlebot3_example:/opt/ros/humble /usr/bin/cmake --build /home/rob/ros2_ws/src/build/articubot_one -- -j4 -l4
[2.242s] Invoking command in '/home/rob/ros2_ws/src/build/articubot_one': CMAKE_PREFIX_PATH=${CMAKE_PREFIX_PATH}:/home/rob/ros2_ws/install/manual_drive:/home/rob/turtlebot3_ws/install/turtlebot3_example:/opt/ros/humble /usr/bin/cmake --install /home/rob/ros2_ws/src/build/articubot_one
[2.278s] -- Install configuration: ""
[2.280s] -- Execute custom install script
[2.281s] -- Symlinking: /home/rob/ros2_ws/src/install/articubot_one/lib/articubot_one/cmdvel_hover.py
[2.320s] -- Up-to-date symlink: /home/rob/ros2_ws/src/install/articubot_one/share/articubot_one/config/ball_tracker_params_robot.yaml
[2.320s] -- Up-to-date symlink: /home/rob/ros2_ws/src/install/articubot_one/share/articubot_one/config/ball_tracker_params_sim.yaml
[2.321s] -- Up-to-date symlink: /home/rob/ros2_ws/src/install/articubot_one/share/articubot_one/config/drive_bot.rviz
[2.322s] -- Up-to-date symlink: /home/rob/ros2_ws/src/install/articubot_one/share/articubot_one/config/empty.yaml
[2.323s] -- Up-to-date symlink: /home/rob/ros2_ws/src/install/articubot_one/share/articubot_one/config/gaz_ros2_ctl_use_sim.yaml
[2.324s] -- Up-to-date symlink: /home/rob/ros2_ws/src/install/articubot_one/share/articubot_one/config/gazebo_params.yaml
[2.325s] -- Up-to-date symlink: /home/rob/ros2_ws/src/install/articubot_one/share/articubot_one/config/joystick.yaml
[2.326s] -- Up-to-date symlink: /home/rob/ros2_ws/src/install/articubot_one/share/articubot_one/config/main.rviz
[2.327s] -- Up-to-date symlink: /home/rob/ros2_ws/src/install/articubot_one/share/articubot_one/config/map.rviz
[2.329s] -- Symlinking: /home/rob/ros2_ws/src/install/articubot_one/share/articubot_one/config/map_params.yaml
[2.366s] -- Up-to-date symlink: /home/rob/ros2_ws/src/install/articubot_one/share/articubot_one/config/mapper_params_online_async.yaml
[2.367s] -- Up-to-date symlink: /home/rob/ros2_ws/src/install/articubot_one/share/articubot_one/config/my_controllers.yaml
[2.369s] -- Up-to-date symlink: /home/rob/ros2_ws/src/install/articubot_one/share/articubot_one/config/nav2_params.yaml
[2.370s] -- Up-to-date symlink: /home/rob/ros2_ws/src/install/articubot_one/share/articubot_one/config/twist_mux.yaml
[2.371s] -- Up-to-date symlink: /home/rob/ros2_ws/src/install/articubot_one/share/articubot_one/config/view_bot.rviz
[2.372s] -- Symlinking: /home/rob/ros2_ws/src/install/articubot_one/share/articubot_one/config/ylmz.rviz
[2.408s] -- Up-to-date symlink: /home/rob/ros2_ws/src/install/articubot_one/share/articubot_one/description/camera.xacro
[2.408s] -- Up-to-date symlink: /home/rob/ros2_ws/src/install/articubot_one/share/articubot_one/description/depth_camera.xacro
[2.409s] -- Up-to-date symlink: /home/rob/ros2_ws/src/install/articubot_one/share/articubot_one/description/face.xacro
[2.412s] -- Up-to-date symlink: /home/rob/ros2_ws/src/install/articubot_one/share/articubot_one/description/gazebo_control.xacro
[2.414s] -- Up-to-date symlink: /home/rob/ros2_ws/src/install/articubot_one/share/articubot_one/description/inertial_macros.xacro
[2.415s] -- Up-to-date symlink: /home/rob/ros2_ws/src/install/articubot_one/share/articubot_one/description/lidar.xacro
[2.416s] -- Up-to-date symlink: /home/rob/ros2_ws/src/install/articubot_one/share/articubot_one/description/robot.urdf.xacro
[2.416s] -- Up-to-date symlink: /home/rob/ros2_ws/src/install/articubot_one/share/articubot_one/description/robot_core.xacro
[2.417s] -- Up-to-date symlink: /home/rob/ros2_ws/src/install/articubot_one/share/articubot_one/description/ros2_control.xacro
[2.419s] -- Up-to-date symlink: /home/rob/ros2_ws/src/install/articubot_one/share/articubot_one/launch/ball_tracker.launch.py
[2.420s] -- Up-to-date symlink: /home/rob/ros2_ws/src/install/articubot_one/share/articubot_one/launch/camera.launch.py
[2.421s] -- Symlinking: /home/rob/ros2_ws/src/install/articubot_one/share/articubot_one/launch/cmdvel_hover_launch.py
[2.458s] -- Up-to-date symlink: /home/rob/ros2_ws/src/install/articubot_one/share/articubot_one/launch/joystick.launch.py
[2.459s] -- Up-to-date symlink: /home/rob/ros2_ws/src/install/articubot_one/share/articubot_one/launch/launch_robot.launch.py
[2.459s] -- Up-to-date symlink: /home/rob/ros2_ws/src/install/articubot_one/share/articubot_one/launch/launch_sim.launch.py
[2.460s] -- Up-to-date symlink: /home/rob/ros2_ws/src/install/articubot_one/share/articubot_one/launch/localization_launch.py
[2.461s] -- Up-to-date symlink: /home/rob/ros2_ws/src/install/articubot_one/share/articubot_one/launch/navigation_launch.py
[2.468s] -- Up-to-date symlink: /home/rob/ros2_ws/src/install/articubot_one/share/articubot_one/launch/online_async_launch.py
[2.469s] -- Up-to-date symlink: /home/rob/ros2_ws/src/install/articubot_one/share/articubot_one/launch/rplidar.launch.py
[2.470s] -- Up-to-date symlink: /home/rob/ros2_ws/src/install/articubot_one/share/articubot_one/launch/rsp.launch.py
[2.470s] -- Symlinking: /home/rob/ros2_ws/src/install/articubot_one/share/articubot_one/launch/slam_launch.py
[2.501s] -- Up-to-date symlink: /home/rob/ros2_ws/src/install/articubot_one/share/articubot_one/worlds/empty.world
[2.503s] -- Up-to-date symlink: /home/rob/ros2_ws/src/install/articubot_one/share/articubot_one/worlds/obstacles.world
[2.504s] -- Symlinking: /home/rob/ros2_ws/src/install/articubot_one/lib/articubot_one/odom_publisher.py
[2.541s] -- Symlinking: /home/rob/ros2_ws/src/install/articubot_one/lib/$(PROJECT_NAME)/ultrasonic_sensor_node.py
[2.579s] -- Up-to-date symlink: /home/rob/ros2_ws/src/install/articubot_one/share/ament_index/resource_index/package_run_dependencies/articubot_one
[2.580s] -- Up-to-date symlink: /home/rob/ros2_ws/src/install/articubot_one/share/ament_index/resource_index/parent_prefix_path/articubot_one
[2.581s] -- Up-to-date symlink: /home/rob/ros2_ws/src/install/articubot_one/share/articubot_one/environment/ament_prefix_path.sh
[2.583s] -- Up-to-date symlink: /home/rob/ros2_ws/src/install/articubot_one/share/articubot_one/environment/ament_prefix_path.dsv
[2.584s] -- Up-to-date symlink: /home/rob/ros2_ws/src/install/articubot_one/share/articubot_one/environment/path.sh
[2.585s] -- Up-to-date symlink: /home/rob/ros2_ws/src/install/articubot_one/share/articubot_one/environment/path.dsv
[2.586s] -- Up-to-date symlink: /home/rob/ros2_ws/src/install/articubot_one/share/articubot_one/local_setup.bash
[2.587s] -- Up-to-date symlink: /home/rob/ros2_ws/src/install/articubot_one/share/articubot_one/local_setup.sh
[2.588s] -- Up-to-date symlink: /home/rob/ros2_ws/src/install/articubot_one/share/articubot_one/local_setup.zsh
[2.589s] -- Up-to-date symlink: /home/rob/ros2_ws/src/install/articubot_one/share/articubot_one/local_setup.dsv
[2.590s] -- Symlinking: /home/rob/ros2_ws/src/install/articubot_one/share/articubot_one/package.dsv
[2.626s] -- Up-to-date symlink: /home/rob/ros2_ws/src/install/articubot_one/share/ament_index/resource_index/packages/articubot_one
[2.627s] -- Up-to-date symlink: /home/rob/ros2_ws/src/install/articubot_one/share/articubot_one/cmake/articubot_oneConfig.cmake
[2.628s] -- Up-to-date symlink: /home/rob/ros2_ws/src/install/articubot_one/share/articubot_one/cmake/articubot_oneConfig-version.cmake
[2.630s] -- Up-to-date symlink: /home/rob/ros2_ws/src/install/articubot_one/share/articubot_one/package.xml
[2.636s] Invoked command in '/home/rob/ros2_ws/src/build/articubot_one' returned '0': CMAKE_PREFIX_PATH=${CMAKE_PREFIX_PATH}:/home/rob/ros2_ws/install/manual_drive:/home/rob/turtlebot3_ws/install/turtlebot3_example:/opt/ros/humble /usr/bin/cmake --install /home/rob/ros2_ws/src/build/articubot_one
