[3.418s] Invoking command in '/home/rob/ros2_ws/src/manual_drive': PYTHONPATH=/home/rob/ros2_ws/build/manual_drive/prefix_override:/home/rob/.local/lib/python3.10/site-packages/colcon_core/task/python/colcon_distutils_commands:/home/rob/ros2_ws/install/manual_drive/lib/python3.10/site-packages:${PYTHONPATH} /usr/bin/python3 -W ignore:setup.py install is deprecated -W ignore:easy_install command is deprecated setup.py egg_info --egg-base ../../build/manual_drive build --build-base /home/rob/ros2_ws/build/manual_drive/build install --record /home/rob/ros2_ws/build/manual_drive/install.log --single-version-externally-managed install_data
[4.584s] running egg_info
[4.587s] writing ../../build/manual_drive/manual_drive.egg-info/PKG-INFO
[4.588s] writing dependency_links to ../../build/manual_drive/manual_drive.egg-info/dependency_links.txt
[4.589s] writing entry points to ../../build/manual_drive/manual_drive.egg-info/entry_points.txt
[4.590s] writing requirements to ../../build/manual_drive/manual_drive.egg-info/requires.txt
[4.591s] writing top-level names to ../../build/manual_drive/manual_drive.egg-info/top_level.txt
[4.599s] reading manifest file '../../build/manual_drive/manual_drive.egg-info/SOURCES.txt'
[4.603s] writing manifest file '../../build/manual_drive/manual_drive.egg-info/SOURCES.txt'
[4.603s] running build
[4.604s] running build_py
[4.605s] running install
[4.607s] running install_lib
[4.619s] running install_data
[4.619s] running install_egg_info
[4.624s] removing '/home/rob/ros2_ws/install/manual_drive/lib/python3.10/site-packages/manual_drive-0.0.0-py3.10.egg-info' (and everything under it)
[4.626s] Copying ../../build/manual_drive/manual_drive.egg-info to /home/rob/ros2_ws/install/manual_drive/lib/python3.10/site-packages/manual_drive-0.0.0-py3.10.egg-info
[4.632s] running install_scripts
[4.716s] Installing hoverboard_controller script to /home/rob/ros2_ws/install/manual_drive/lib/manual_drive
[4.718s] Installing manual_drive_node script to /home/rob/ros2_ws/install/manual_drive/lib/manual_drive
[4.720s] writing list of installed files to '/home/rob/ros2_ws/build/manual_drive/install.log'
[4.848s] Invoked command in '/home/rob/ros2_ws/src/manual_drive' returned '0': PYTHONPATH=/home/rob/ros2_ws/build/manual_drive/prefix_override:/home/rob/.local/lib/python3.10/site-packages/colcon_core/task/python/colcon_distutils_commands:/home/rob/ros2_ws/install/manual_drive/lib/python3.10/site-packages:${PYTHONPATH} /usr/bin/python3 -W ignore:setup.py install is deprecated -W ignore:easy_install command is deprecated setup.py egg_info --egg-base ../../build/manual_drive build --build-base /home/rob/ros2_ws/build/manual_drive/build install --record /home/rob/ros2_ws/build/manual_drive/install.log --single-version-externally-managed install_data
