[0.000000] (-) TimerEvent: {}
[0.002006] (articubot_one) JobQueued: {'identifier': 'articubot_one', 'dependencies': OrderedDict()}
[0.002554] (manual_drive) JobQueued: {'identifier': 'manual_drive', 'dependencies': OrderedDict()}
[0.002648] (articubot_one) JobStarted: {'identifier': 'articubot_one'}
[0.063781] (manual_drive) JobStarted: {'identifier': 'manual_drive'}
[0.099005] (-) TimerEvent: {}
[0.124923] (articubot_one) JobProgress: {'identifier': 'articubot_one', 'progress': 'cmake'}
[0.129646] (articubot_one) JobProgress: {'identifier': 'articubot_one', 'progress': 'build'}
[0.132158] (articubot_one) Command: {'cmd': ['/usr/bin/cmake', '--build', '/home/rob/ros2_ws/build/articubot_one', '--', '-j4', '-l4'], 'cwd': '/home/rob/ros2_ws/build/articubot_one', 'env': OrderedDict([('USER', 'rob'), ('SSH_CLIENT', '192.168.120.28 37488 22'), ('XDG_SESSION_TYPE', 'tty'), ('SHLVL', '1'), ('LD_LIBRARY_PATH', '/home/rob/ros2_ws/install/nav_2d_msgs/lib:/home/rob/ros2_ws/install/nav2_voxel_grid/lib:/opt/ros/humble/opt/rviz_ogre_vendor/lib:/opt/ros/humble/lib/aarch64-linux-gnu:/opt/ros/humble/lib'), ('MOTD_SHOWN', 'pam'), ('HOME', '/home/rob'), ('OLDPWD', '/home/rob/ros2_ws/src'), ('SSH_TTY', '/dev/pts/0'), ('ROS_PYTHON_VERSION', '3'), ('DBUS_SESSION_BUS_ADDRESS', 'unix:path=/run/user/1000/bus'), ('COLCON_PREFIX_PATH', '/home/rob/ros2_ws/install:/home/rob/turtlebot3_ws/install'), ('ROS_DISTRO', 'humble'), ('LOGNAME', 'rob'), ('_', '/usr/local/bin/colcon'), ('ROS_VERSION', '2'), ('XDG_SESSION_CLASS', 'user'), ('TERM', 'xterm-256color'), ('XDG_SESSION_ID', '1'), ('ROS_LOCALHOST_ONLY', '0'), ('PATH', '/opt/ros/humble/bin:/usr/local/sbin:/usr/local/bin:/usr/sbin:/usr/bin:/sbin:/bin:/usr/games:/usr/local/games:/snap/bin'), ('XDG_RUNTIME_DIR', '/run/user/1000'), ('LANG', 'C.UTF-8'), ('AMENT_PREFIX_PATH', '/home/rob/ros2_ws/install/nav_2d_msgs:/home/rob/ros2_ws/install/nav2_voxel_grid:/home/rob/ros2_ws/install/nav2_common:/home/rob/ros2_ws/install/manual_drive:/home/rob/ros2_ws/install/articubot_one:/home/rob/turtlebot3_ws/install/turtlebot3_node:/home/rob/turtlebot3_ws/install/turtlebot3_example:/home/rob/turtlebot3_ws/install/turtlebot3_description:/home/rob/turtlebot3_ws/install/turtlebot3_cartographer:/opt/ros/humble'), ('SHELL', '/bin/bash'), ('PWD', '/home/rob/ros2_ws/build/articubot_one'), ('LC_ALL', 'en_US.UTF-8'), ('SSH_CONNECTION', '192.168.120.28 37488 192.168.120.237 22'), ('XDG_DATA_DIRS', '/usr/local/share:/usr/share:/var/lib/snapd/desktop'), ('PYTHONPATH', '/home/rob/ros2_ws/install/nav_2d_msgs/local/lib/python3.10/dist-packages:/home/rob/ros2_ws/install/nav2_common/local/lib/python3.10/dist-packages:/home/rob/ros2_ws/install/manual_drive/lib/python3.10/site-packages:/home/rob/turtlebot3_ws/build/turtlebot3_example:/home/rob/turtlebot3_ws/install/turtlebot3_example/lib/python3.10/site-packages:/opt/ros/humble/lib/python3.10/site-packages:/opt/ros/humble/local/lib/python3.10/dist-packages'), ('COLCON', '1'), ('CMAKE_PREFIX_PATH', '/home/rob/ros2_ws/install/nav_2d_msgs:/home/rob/ros2_ws/install/nav2_voxel_grid:/home/rob/ros2_ws/install/nav2_common:/home/rob/ros2_ws/install/articubot_one:/home/rob/turtlebot3_ws/install/turtlebot3_node:/home/rob/turtlebot3_ws/install/turtlebot3_description:/home/rob/turtlebot3_ws/install/turtlebot3_cartographer:/home/rob/ros2_ws/install/manual_drive:/home/rob/turtlebot3_ws/install/turtlebot3_example:/opt/ros/humble')]), 'shell': False}
[0.199233] (-) TimerEvent: {}
[0.300058] (-) TimerEvent: {}
[0.400823] (-) TimerEvent: {}
[0.501695] (-) TimerEvent: {}
[0.602508] (-) TimerEvent: {}
[0.703287] (-) TimerEvent: {}
[0.804042] (-) TimerEvent: {}
[0.904694] (-) TimerEvent: {}
[1.005339] (-) TimerEvent: {}
[1.105925] (-) TimerEvent: {}
[1.206591] (-) TimerEvent: {}
[1.307220] (-) TimerEvent: {}
[1.407993] (-) TimerEvent: {}
[1.499150] (articubot_one) CommandEnded: {'returncode': 0}
[1.503266] (articubot_one) JobProgress: {'identifier': 'articubot_one', 'progress': 'install'}
[1.508136] (-) TimerEvent: {}
[1.536914] (articubot_one) Command: {'cmd': ['/usr/bin/cmake', '--install', '/home/rob/ros2_ws/build/articubot_one'], 'cwd': '/home/rob/ros2_ws/build/articubot_one', 'env': OrderedDict([('USER', 'rob'), ('SSH_CLIENT', '192.168.120.28 37488 22'), ('XDG_SESSION_TYPE', 'tty'), ('SHLVL', '1'), ('LD_LIBRARY_PATH', '/home/rob/ros2_ws/install/nav_2d_msgs/lib:/home/rob/ros2_ws/install/nav2_voxel_grid/lib:/opt/ros/humble/opt/rviz_ogre_vendor/lib:/opt/ros/humble/lib/aarch64-linux-gnu:/opt/ros/humble/lib'), ('MOTD_SHOWN', 'pam'), ('HOME', '/home/rob'), ('OLDPWD', '/home/rob/ros2_ws/src'), ('SSH_TTY', '/dev/pts/0'), ('ROS_PYTHON_VERSION', '3'), ('DBUS_SESSION_BUS_ADDRESS', 'unix:path=/run/user/1000/bus'), ('COLCON_PREFIX_PATH', '/home/rob/ros2_ws/install:/home/rob/turtlebot3_ws/install'), ('ROS_DISTRO', 'humble'), ('LOGNAME', 'rob'), ('_', '/usr/local/bin/colcon'), ('ROS_VERSION', '2'), ('XDG_SESSION_CLASS', 'user'), ('TERM', 'xterm-256color'), ('XDG_SESSION_ID', '1'), ('ROS_LOCALHOST_ONLY', '0'), ('PATH', '/opt/ros/humble/bin:/usr/local/sbin:/usr/local/bin:/usr/sbin:/usr/bin:/sbin:/bin:/usr/games:/usr/local/games:/snap/bin'), ('XDG_RUNTIME_DIR', '/run/user/1000'), ('LANG', 'C.UTF-8'), ('AMENT_PREFIX_PATH', '/home/rob/ros2_ws/install/nav_2d_msgs:/home/rob/ros2_ws/install/nav2_voxel_grid:/home/rob/ros2_ws/install/nav2_common:/home/rob/ros2_ws/install/manual_drive:/home/rob/ros2_ws/install/articubot_one:/home/rob/turtlebot3_ws/install/turtlebot3_node:/home/rob/turtlebot3_ws/install/turtlebot3_example:/home/rob/turtlebot3_ws/install/turtlebot3_description:/home/rob/turtlebot3_ws/install/turtlebot3_cartographer:/opt/ros/humble'), ('SHELL', '/bin/bash'), ('PWD', '/home/rob/ros2_ws/build/articubot_one'), ('LC_ALL', 'en_US.UTF-8'), ('SSH_CONNECTION', '192.168.120.28 37488 192.168.120.237 22'), ('XDG_DATA_DIRS', '/usr/local/share:/usr/share:/var/lib/snapd/desktop'), ('PYTHONPATH', '/home/rob/ros2_ws/install/nav_2d_msgs/local/lib/python3.10/dist-packages:/home/rob/ros2_ws/install/nav2_common/local/lib/python3.10/dist-packages:/home/rob/ros2_ws/install/manual_drive/lib/python3.10/site-packages:/home/rob/turtlebot3_ws/build/turtlebot3_example:/home/rob/turtlebot3_ws/install/turtlebot3_example/lib/python3.10/site-packages:/opt/ros/humble/lib/python3.10/site-packages:/opt/ros/humble/local/lib/python3.10/dist-packages'), ('COLCON', '1'), ('CMAKE_PREFIX_PATH', '/home/rob/ros2_ws/install/nav_2d_msgs:/home/rob/ros2_ws/install/nav2_voxel_grid:/home/rob/ros2_ws/install/nav2_common:/home/rob/ros2_ws/install/articubot_one:/home/rob/turtlebot3_ws/install/turtlebot3_node:/home/rob/turtlebot3_ws/install/turtlebot3_description:/home/rob/turtlebot3_ws/install/turtlebot3_cartographer:/home/rob/ros2_ws/install/manual_drive:/home/rob/turtlebot3_ws/install/turtlebot3_example:/opt/ros/humble')]), 'shell': False}
[1.574888] (articubot_one) StdoutLine: {'line': b'-- Install configuration: ""\n'}
[1.578818] (articubot_one) StdoutLine: {'line': b'-- Execute custom install script\n'}
[1.585479] (articubot_one) StdoutLine: {'line': b'-- Up-to-date symlink: /home/rob/ros2_ws/install/articubot_one/lib/articubot_one/cmdvel_hover.py\n'}
[1.586787] (articubot_one) StdoutLine: {'line': b'-- Up-to-date symlink: /home/rob/ros2_ws/install/articubot_one/lib/articubot_one/odom_publisher.py\n'}
[1.592026] (articubot_one) StdoutLine: {'line': b'-- Up-to-date symlink: /home/rob/ros2_ws/install/articubot_one/lib/articubot_one/ultrasonic_sensor_node.py\n'}
[1.602433] (articubot_one) StdoutLine: {'line': b'-- Up-to-date symlink: /home/rob/ros2_ws/install/articubot_one/share/articubot_one/config/empty.yaml\n'}
[1.603852] (articubot_one) StdoutLine: {'line': b'-- Up-to-date symlink: /home/rob/ros2_ws/install/articubot_one/share/articubot_one/config/gazebo_params.yaml\n'}
[1.604751] (articubot_one) StdoutLine: {'line': b'-- Up-to-date symlink: /home/rob/ros2_ws/install/articubot_one/share/articubot_one/config/joystick.yaml\n'}
[1.605540] (articubot_one) StdoutLine: {'line': b'-- Up-to-date symlink: /home/rob/ros2_ws/install/articubot_one/share/articubot_one/config/main.rviz\n'}
[1.606338] (articubot_one) StdoutLine: {'line': b'-- Up-to-date symlink: /home/rob/ros2_ws/install/articubot_one/share/articubot_one/config/map.rviz\n'}
[1.607165] (articubot_one) StdoutLine: {'line': b'-- Up-to-date symlink: /home/rob/ros2_ws/install/articubot_one/share/articubot_one/config/map_params.yaml\n'}
[1.608249] (-) TimerEvent: {}
[1.609143] (articubot_one) StdoutLine: {'line': b'-- Up-to-date symlink: /home/rob/ros2_ws/install/articubot_one/share/articubot_one/config/mapper_params_online_async.yaml\n'}
[1.609982] (articubot_one) StdoutLine: {'line': b'-- Up-to-date symlink: /home/rob/ros2_ws/install/articubot_one/share/articubot_one/config/my_controllers.yaml\n'}
[1.610850] (articubot_one) StdoutLine: {'line': b'-- Up-to-date symlink: /home/rob/ros2_ws/install/articubot_one/share/articubot_one/config/nav2_params.yaml\n'}
[1.611658] (articubot_one) StdoutLine: {'line': b'-- Up-to-date symlink: /home/rob/ros2_ws/install/articubot_one/share/articubot_one/config/twist_mux.yaml\n'}
[1.612481] (articubot_one) StdoutLine: {'line': b'-- Up-to-date symlink: /home/rob/ros2_ws/install/articubot_one/share/articubot_one/config/view_bot.rviz\n'}
[1.613291] (articubot_one) StdoutLine: {'line': b'-- Up-to-date symlink: /home/rob/ros2_ws/install/articubot_one/share/articubot_one/config/ylmz.rviz\n'}
[1.616695] (articubot_one) StdoutLine: {'line': b'-- Up-to-date symlink: /home/rob/ros2_ws/install/articubot_one/share/articubot_one/description/gazebo_control.xacro\n'}
[1.618173] (articubot_one) StdoutLine: {'line': b'-- Up-to-date symlink: /home/rob/ros2_ws/install/articubot_one/share/articubot_one/description/inertial_macros.xacro\n'}
[1.618947] (articubot_one) StdoutLine: {'line': b'-- Up-to-date symlink: /home/rob/ros2_ws/install/articubot_one/share/articubot_one/description/lidar.xacro\n'}
[1.620405] (articubot_one) StdoutLine: {'line': b'-- Up-to-date symlink: /home/rob/ros2_ws/install/articubot_one/share/articubot_one/description/robot.urdf.xacro\n'}
[1.621731] (articubot_one) StdoutLine: {'line': b'-- Up-to-date symlink: /home/rob/ros2_ws/install/articubot_one/share/articubot_one/description/robot_core.xacro\n'}
[1.623665] (articubot_one) StdoutLine: {'line': b'-- Up-to-date symlink: /home/rob/ros2_ws/install/articubot_one/share/articubot_one/description/ros2_control.xacro\n'}
[1.630697] (articubot_one) StdoutLine: {'line': b'-- Up-to-date symlink: /home/rob/ros2_ws/install/articubot_one/share/articubot_one/launch/baslat.launch.py\n'}
[1.635778] (articubot_one) StdoutLine: {'line': b'-- Up-to-date symlink: /home/rob/ros2_ws/install/articubot_one/share/articubot_one/launch/cmdvel_hover_launch.py\n'}
[1.637213] (articubot_one) StdoutLine: {'line': b'-- Up-to-date symlink: /home/rob/ros2_ws/install/articubot_one/share/articubot_one/launch/localization_launch.py\n'}
[1.638024] (articubot_one) StdoutLine: {'line': b'-- Up-to-date symlink: /home/rob/ros2_ws/install/articubot_one/share/articubot_one/launch/map_launch.py\n'}
[1.639405] (articubot_one) StdoutLine: {'line': b'-- Up-to-date symlink: /home/rob/ros2_ws/install/articubot_one/share/articubot_one/launch/navigation_launch.py\n'}
[1.640708] (articubot_one) StdoutLine: {'line': b'-- Up-to-date symlink: /home/rob/ros2_ws/install/articubot_one/share/articubot_one/launch/online_async_launch.py\n'}
[1.642030] (articubot_one) StdoutLine: {'line': b'-- Up-to-date symlink: /home/rob/ros2_ws/install/articubot_one/share/articubot_one/launch/rplidar.launch.py\n'}
[1.642859] (articubot_one) StdoutLine: {'line': b'-- Up-to-date symlink: /home/rob/ros2_ws/install/articubot_one/share/articubot_one/launch/rsp.launch.py\n'}
[1.643631] (articubot_one) StdoutLine: {'line': b'-- Up-to-date symlink: /home/rob/ros2_ws/install/articubot_one/share/articubot_one/launch/rviz_launch.py\n'}
[1.644753] (articubot_one) StdoutLine: {'line': b'-- Up-to-date symlink: /home/rob/ros2_ws/install/articubot_one/share/articubot_one/launch/slam_launch.py\n'}
[1.646185] (articubot_one) StdoutLine: {'line': b'-- Up-to-date symlink: /home/rob/ros2_ws/install/articubot_one/share/articubot_one/launch/ultrasonic_launch.py\n'}
[1.648829] (articubot_one) StdoutLine: {'line': b'-- Up-to-date symlink: /home/rob/ros2_ws/install/articubot_one/share/articubot_one/worlds/empty.world\n'}
[1.649643] (articubot_one) StdoutLine: {'line': b'-- Up-to-date symlink: /home/rob/ros2_ws/install/articubot_one/share/articubot_one/worlds/obstacles.world\n'}
[1.654847] (articubot_one) CommandEnded: {'returncode': 0}
[1.708516] (-) TimerEvent: {}
[1.771039] (articubot_one) JobEnded: {'identifier': 'articubot_one', 'rc': 0}
[1.808681] (-) TimerEvent: {}
[1.909280] (-) TimerEvent: {}
[2.009845] (-) TimerEvent: {}
[2.110414] (-) TimerEvent: {}
[2.210973] (-) TimerEvent: {}
[2.311537] (-) TimerEvent: {}
[2.412130] (-) TimerEvent: {}
[2.512720] (-) TimerEvent: {}
[2.613319] (-) TimerEvent: {}
[2.713921] (-) TimerEvent: {}
[2.814799] (-) TimerEvent: {}
[2.915617] (-) TimerEvent: {}
[3.016425] (-) TimerEvent: {}
[3.117042] (-) TimerEvent: {}
[3.217678] (-) TimerEvent: {}
[3.318375] (-) TimerEvent: {}
[3.419080] (-) TimerEvent: {}
[3.519957] (-) TimerEvent: {}
[3.621069] (-) TimerEvent: {}
[3.665510] (manual_drive) Command: {'cmd': ['/usr/bin/python3', '-W', 'ignore:setup.py install is deprecated', '-W', 'ignore:easy_install command is deprecated', 'setup.py', 'egg_info', '--egg-base', '../../build/manual_drive', 'build', '--build-base', '/home/rob/ros2_ws/build/manual_drive/build', 'install', '--record', '/home/rob/ros2_ws/build/manual_drive/install.log', '--single-version-externally-managed', 'install_data'], 'cwd': '/home/rob/ros2_ws/src/manual_drive', 'env': {'USER': 'rob', 'SSH_CLIENT': '192.168.120.28 37488 22', 'XDG_SESSION_TYPE': 'tty', 'SHLVL': '1', 'LD_LIBRARY_PATH': '/home/rob/ros2_ws/install/nav_2d_msgs/lib:/home/rob/ros2_ws/install/nav2_voxel_grid/lib:/opt/ros/humble/opt/rviz_ogre_vendor/lib:/opt/ros/humble/lib/aarch64-linux-gnu:/opt/ros/humble/lib', 'MOTD_SHOWN': 'pam', 'HOME': '/home/rob', 'OLDPWD': '/home/rob/ros2_ws/src', 'SSH_TTY': '/dev/pts/0', 'ROS_PYTHON_VERSION': '3', 'DBUS_SESSION_BUS_ADDRESS': 'unix:path=/run/user/1000/bus', 'COLCON_PREFIX_PATH': '/home/rob/ros2_ws/install:/home/rob/turtlebot3_ws/install', 'ROS_DISTRO': 'humble', 'LOGNAME': 'rob', '_': '/usr/local/bin/colcon', 'ROS_VERSION': '2', 'XDG_SESSION_CLASS': 'user', 'TERM': 'xterm-256color', 'XDG_SESSION_ID': '1', 'ROS_LOCALHOST_ONLY': '0', 'PATH': '/opt/ros/humble/bin:/usr/local/sbin:/usr/local/bin:/usr/sbin:/usr/bin:/sbin:/bin:/usr/games:/usr/local/games:/snap/bin', 'XDG_RUNTIME_DIR': '/run/user/1000', 'LANG': 'C.UTF-8', 'AMENT_PREFIX_PATH': '/home/rob/ros2_ws/install/nav_2d_msgs:/home/rob/ros2_ws/install/nav2_voxel_grid:/home/rob/ros2_ws/install/nav2_common:/home/rob/ros2_ws/install/manual_drive:/home/rob/ros2_ws/install/articubot_one:/home/rob/turtlebot3_ws/install/turtlebot3_node:/home/rob/turtlebot3_ws/install/turtlebot3_example:/home/rob/turtlebot3_ws/install/turtlebot3_description:/home/rob/turtlebot3_ws/install/turtlebot3_cartographer:/opt/ros/humble', 'SHELL': '/bin/bash', 'PWD': '/home/rob/ros2_ws/build/manual_drive', 'LC_ALL': 'en_US.UTF-8', 'SSH_CONNECTION': '192.168.120.28 37488 192.168.120.237 22', 'XDG_DATA_DIRS': '/usr/local/share:/usr/share:/var/lib/snapd/desktop', 'PYTHONPATH': '/home/rob/ros2_ws/build/manual_drive/prefix_override:/home/rob/.local/lib/python3.10/site-packages/colcon_core/task/python/colcon_distutils_commands:/home/rob/ros2_ws/install/manual_drive/lib/python3.10/site-packages:/home/rob/ros2_ws/install/nav_2d_msgs/local/lib/python3.10/dist-packages:/home/rob/ros2_ws/install/nav2_common/local/lib/python3.10/dist-packages:/home/rob/ros2_ws/install/manual_drive/lib/python3.10/site-packages:/home/rob/turtlebot3_ws/build/turtlebot3_example:/home/rob/turtlebot3_ws/install/turtlebot3_example/lib/python3.10/site-packages:/opt/ros/humble/lib/python3.10/site-packages:/opt/ros/humble/local/lib/python3.10/dist-packages', 'COLCON': '1', 'CMAKE_PREFIX_PATH': '/home/rob/ros2_ws/install/nav_2d_msgs:/home/rob/ros2_ws/install/nav2_voxel_grid:/home/rob/ros2_ws/install/nav2_common:/home/rob/ros2_ws/install/articubot_one:/home/rob/turtlebot3_ws/install/turtlebot3_node:/home/rob/turtlebot3_ws/install/turtlebot3_description:/home/rob/turtlebot3_ws/install/turtlebot3_cartographer'}, 'shell': False}
[3.721283] (-) TimerEvent: {}
[3.821988] (-) TimerEvent: {}
[3.922634] (-) TimerEvent: {}
[4.023318] (-) TimerEvent: {}
[4.123899] (-) TimerEvent: {}
[4.224457] (-) TimerEvent: {}
[4.325007] (-) TimerEvent: {}
[4.425547] (-) TimerEvent: {}
[4.526132] (-) TimerEvent: {}
[4.626701] (-) TimerEvent: {}
[4.727290] (-) TimerEvent: {}
[4.770917] (manual_drive) StdoutLine: {'line': b'running egg_info\n'}
[4.774084] (manual_drive) StdoutLine: {'line': b'writing ../../build/manual_drive/manual_drive.egg-info/PKG-INFO\n'}
[4.775733] (manual_drive) StdoutLine: {'line': b'writing dependency_links to ../../build/manual_drive/manual_drive.egg-info/dependency_links.txt\n'}
[4.776671] (manual_drive) StdoutLine: {'line': b'writing entry points to ../../build/manual_drive/manual_drive.egg-info/entry_points.txt\n'}
[4.777544] (manual_drive) StdoutLine: {'line': b'writing requirements to ../../build/manual_drive/manual_drive.egg-info/requires.txt\n'}
[4.778197] (manual_drive) StdoutLine: {'line': b'writing top-level names to ../../build/manual_drive/manual_drive.egg-info/top_level.txt\n'}
[4.789571] (manual_drive) StdoutLine: {'line': b"reading manifest file '../../build/manual_drive/manual_drive.egg-info/SOURCES.txt'\n"}
[4.795359] (manual_drive) StdoutLine: {'line': b"writing manifest file '../../build/manual_drive/manual_drive.egg-info/SOURCES.txt'\n"}
[4.796194] (manual_drive) StdoutLine: {'line': b'running build\n'}
[4.796691] (manual_drive) StdoutLine: {'line': b'running build_py\n'}
[4.799404] (manual_drive) StdoutLine: {'line': b'copying manual_drive/hoverboard_controller.py -> /home/rob/ros2_ws/build/manual_drive/build/lib/manual_drive\n'}
[4.800786] (manual_drive) StdoutLine: {'line': b'copying manual_drive/manual_drive_node.py -> /home/rob/ros2_ws/build/manual_drive/build/lib/manual_drive\n'}
[4.802146] (manual_drive) StdoutLine: {'line': b'running install\n'}
[4.803453] (manual_drive) StdoutLine: {'line': b'running install_lib\n'}
[4.807472] (manual_drive) StdoutLine: {'line': b'copying /home/rob/ros2_ws/build/manual_drive/build/lib/manual_drive/hoverboard_controller.py -> /home/rob/ros2_ws/install/manual_drive/lib/python3.10/site-packages/manual_drive\n'}
[4.808621] (manual_drive) StdoutLine: {'line': b'copying /home/rob/ros2_ws/build/manual_drive/build/lib/manual_drive/manual_drive_node.py -> /home/rob/ros2_ws/install/manual_drive/lib/python3.10/site-packages/manual_drive\n'}
[4.812230] (manual_drive) StdoutLine: {'line': b'byte-compiling /home/rob/ros2_ws/install/manual_drive/lib/python3.10/site-packages/manual_drive/hoverboard_controller.py to hoverboard_controller.cpython-310.pyc\n'}
[4.816573] (manual_drive) StdoutLine: {'line': b'byte-compiling /home/rob/ros2_ws/install/manual_drive/lib/python3.10/site-packages/manual_drive/manual_drive_node.py to manual_drive_node.cpython-310.pyc\n'}
[4.820221] (manual_drive) StdoutLine: {'line': b'running install_data\n'}
[4.820936] (manual_drive) StdoutLine: {'line': b'running install_egg_info\n'}
[4.827426] (-) TimerEvent: {}
[4.828213] (manual_drive) StdoutLine: {'line': b"removing '/home/rob/ros2_ws/install/manual_drive/lib/python3.10/site-packages/manual_drive-0.0.0-py3.10.egg-info' (and everything under it)\n"}
[4.829426] (manual_drive) StdoutLine: {'line': b'Copying ../../build/manual_drive/manual_drive.egg-info to /home/rob/ros2_ws/install/manual_drive/lib/python3.10/site-packages/manual_drive-0.0.0-py3.10.egg-info\n'}
[4.835134] (manual_drive) StdoutLine: {'line': b'running install_scripts\n'}
[4.916490] (manual_drive) StdoutLine: {'line': b'Installing hoverboard_controller script to /home/rob/ros2_ws/install/manual_drive/lib/manual_drive\n'}
[4.917351] (manual_drive) StdoutLine: {'line': b'Installing manual_drive_node script to /home/rob/ros2_ws/install/manual_drive/lib/manual_drive\n'}
[4.919158] (manual_drive) StdoutLine: {'line': b"writing list of installed files to '/home/rob/ros2_ws/build/manual_drive/install.log'\n"}
[4.927685] (-) TimerEvent: {}
[5.028773] (-) TimerEvent: {}
[5.035785] (manual_drive) CommandEnded: {'returncode': 0}
[5.075272] (manual_drive) JobEnded: {'identifier': 'manual_drive', 'rc': 0}
[5.079026] (-) EventReactorShutdown: {}
