[16.541s] Invoking command in '/home/rob/ros2_ws/src/manual_drive': PYTHONPATH=/home/rob/ros2_ws/build/manual_drive/prefix_override:/home/rob/.local/lib/python3.10/site-packages/colcon_core/task/python/colcon_distutils_commands:/home/rob/ros2_ws/install/manual_drive/lib/python3.10/site-packages:${PYTHONPATH} /usr/bin/python3 -W ignore:setup.py install is deprecated -W ignore:easy_install command is deprecated setup.py egg_info --egg-base ../../build/manual_drive build --build-base /home/rob/ros2_ws/build/manual_drive/build install --record /home/rob/ros2_ws/build/manual_drive/install.log --single-version-externally-managed install_data
[20.118s] running egg_info
[20.135s] writing ../../build/manual_drive/manual_drive.egg-info/PKG-INFO
[20.140s] writing dependency_links to ../../build/manual_drive/manual_drive.egg-info/dependency_links.txt
[20.147s] writing entry points to ../../build/manual_drive/manual_drive.egg-info/entry_points.txt
[20.151s] writing requirements to ../../build/manual_drive/manual_drive.egg-info/requires.txt
[20.162s] writing top-level names to ../../build/manual_drive/manual_drive.egg-info/top_level.txt
[20.182s] reading manifest file '../../build/manual_drive/manual_drive.egg-info/SOURCES.txt'
[20.191s] writing manifest file '../../build/manual_drive/manual_drive.egg-info/SOURCES.txt'
[20.194s] running build
[20.196s] running build_py
[20.201s] running install
[20.206s] running install_lib
[20.222s] running install_data
[20.225s] running install_egg_info
[20.244s] removing '/home/rob/ros2_ws/install/manual_drive/lib/python3.10/site-packages/manual_drive-0.0.0-py3.10.egg-info' (and everything under it)
[20.250s] Copying ../../build/manual_drive/manual_drive.egg-info to /home/rob/ros2_ws/install/manual_drive/lib/python3.10/site-packages/manual_drive-0.0.0-py3.10.egg-info
[20.277s] running install_scripts
[20.565s] Installing hoverboard_controller script to /home/rob/ros2_ws/install/manual_drive/lib/manual_drive
[20.568s] Installing manual_drive_node script to /home/rob/ros2_ws/install/manual_drive/lib/manual_drive
[20.573s] writing list of installed files to '/home/rob/ros2_ws/build/manual_drive/install.log'
[20.816s] Invoked command in '/home/rob/ros2_ws/src/manual_drive' returned '0': PYTHONPATH=/home/rob/ros2_ws/build/manual_drive/prefix_override:/home/rob/.local/lib/python3.10/site-packages/colcon_core/task/python/colcon_distutils_commands:/home/rob/ros2_ws/install/manual_drive/lib/python3.10/site-packages:${PYTHONPATH} /usr/bin/python3 -W ignore:setup.py install is deprecated -W ignore:easy_install command is deprecated setup.py egg_info --egg-base ../../build/manual_drive build --build-base /home/rob/ros2_ws/build/manual_drive/build install --record /home/rob/ros2_ws/build/manual_drive/install.log --single-version-externally-managed install_data
