[4.372s] Invoking command in '/home/rob/ros2_ws/src/manual_drive': PYTHONPATH=/home/rob/ros2_ws/build/manual_drive/prefix_override:/home/rob/.local/lib/python3.10/site-packages/colcon_core/task/python/colcon_distutils_commands:/home/rob/ros2_ws/install/manual_drive/lib/python3.10/site-packages:${PYTHONPATH} /usr/bin/python3 -W ignore:setup.py install is deprecated -W ignore:easy_install command is deprecated setup.py egg_info --egg-base ../../build/manual_drive build --build-base /home/rob/ros2_ws/build/manual_drive/build install --record /home/rob/ros2_ws/build/manual_drive/install.log --single-version-externally-managed install_data
[6.032s] running egg_info
[6.048s] writing ../../build/manual_drive/manual_drive.egg-info/PKG-INFO
[6.049s] writing dependency_links to ../../build/manual_drive/manual_drive.egg-info/dependency_links.txt
[6.050s] writing entry points to ../../build/manual_drive/manual_drive.egg-info/entry_points.txt
[6.050s] writing requirements to ../../build/manual_drive/manual_drive.egg-info/requires.txt
[6.051s] writing top-level names to ../../build/manual_drive/manual_drive.egg-info/top_level.txt
[6.057s] reading manifest file '../../build/manual_drive/manual_drive.egg-info/SOURCES.txt'
[6.061s] writing manifest file '../../build/manual_drive/manual_drive.egg-info/SOURCES.txt'
[6.061s] running build
[6.068s] running build_py
[6.069s] running install
[6.069s] running install_lib
[6.073s] running install_data
[6.074s] running install_egg_info
[6.087s] removing '/home/rob/ros2_ws/install/manual_drive/lib/python3.10/site-packages/manual_drive-0.0.0-py3.10.egg-info' (and everything under it)
[6.091s] Copying ../../build/manual_drive/manual_drive.egg-info to /home/rob/ros2_ws/install/manual_drive/lib/python3.10/site-packages/manual_drive-0.0.0-py3.10.egg-info
[6.105s] running install_scripts
[6.216s] Installing hoverboard_controller script to /home/rob/ros2_ws/install/manual_drive/lib/manual_drive
[6.217s] Installing manual_drive_node script to /home/rob/ros2_ws/install/manual_drive/lib/manual_drive
[6.219s] writing list of installed files to '/home/rob/ros2_ws/build/manual_drive/install.log'
[6.373s] Invoked command in '/home/rob/ros2_ws/src/manual_drive' returned '0': PYTHONPATH=/home/rob/ros2_ws/build/manual_drive/prefix_override:/home/rob/.local/lib/python3.10/site-packages/colcon_core/task/python/colcon_distutils_commands:/home/rob/ros2_ws/install/manual_drive/lib/python3.10/site-packages:${PYTHONPATH} /usr/bin/python3 -W ignore:setup.py install is deprecated -W ignore:easy_install command is deprecated setup.py egg_info --egg-base ../../build/manual_drive build --build-base /home/rob/ros2_ws/build/manual_drive/build install --record /home/rob/ros2_ws/build/manual_drive/install.log --single-version-externally-managed install_data
