[3.589s] Invoking command in '/home/rob/ros2_ws/src/manual_drive': PYTHONPATH=/home/rob/ros2_ws/build/manual_drive/prefix_override:/home/rob/.local/lib/python3.10/site-packages/colcon_core/task/python/colcon_distutils_commands:/home/rob/ros2_ws/install/manual_drive/lib/python3.10/site-packages:${PYTHONPATH} /usr/bin/python3 -W ignore:setup.py install is deprecated -W ignore:easy_install command is deprecated setup.py egg_info --egg-base ../../build/manual_drive build --build-base /home/rob/ros2_ws/build/manual_drive/build install --record /home/rob/ros2_ws/build/manual_drive/install.log --single-version-externally-managed install_data
[4.914s] running egg_info
[4.917s] writing ../../build/manual_drive/manual_drive.egg-info/PKG-INFO
[4.918s] writing dependency_links to ../../build/manual_drive/manual_drive.egg-info/dependency_links.txt
[4.919s] writing entry points to ../../build/manual_drive/manual_drive.egg-info/entry_points.txt
[4.920s] writing requirements to ../../build/manual_drive/manual_drive.egg-info/requires.txt
[4.921s] writing top-level names to ../../build/manual_drive/manual_drive.egg-info/top_level.txt
[4.931s] reading manifest file '../../build/manual_drive/manual_drive.egg-info/SOURCES.txt'
[4.935s] writing manifest file '../../build/manual_drive/manual_drive.egg-info/SOURCES.txt'
[4.939s] running build
[4.939s] running build_py
[4.940s] running install
[4.941s] running install_lib
[4.948s] running install_data
[4.949s] running install_egg_info
[4.956s] removing '/home/rob/ros2_ws/install/manual_drive/lib/python3.10/site-packages/manual_drive-0.0.0-py3.10.egg-info' (and everything under it)
[4.958s] Copying ../../build/manual_drive/manual_drive.egg-info to /home/rob/ros2_ws/install/manual_drive/lib/python3.10/site-packages/manual_drive-0.0.0-py3.10.egg-info
[4.964s] running install_scripts
[5.051s] Installing hoverboard_controller script to /home/rob/ros2_ws/install/manual_drive/lib/manual_drive
[5.052s] Installing manual_drive_node script to /home/rob/ros2_ws/install/manual_drive/lib/manual_drive
[5.054s] writing list of installed files to '/home/rob/ros2_ws/build/manual_drive/install.log'
[5.184s] Invoked command in '/home/rob/ros2_ws/src/manual_drive' returned '0': PYTHONPATH=/home/rob/ros2_ws/build/manual_drive/prefix_override:/home/rob/.local/lib/python3.10/site-packages/colcon_core/task/python/colcon_distutils_commands:/home/rob/ros2_ws/install/manual_drive/lib/python3.10/site-packages:${PYTHONPATH} /usr/bin/python3 -W ignore:setup.py install is deprecated -W ignore:easy_install command is deprecated setup.py egg_info --egg-base ../../build/manual_drive build --build-base /home/rob/ros2_ws/build/manual_drive/build install --record /home/rob/ros2_ws/build/manual_drive/install.log --single-version-externally-managed install_data
