running egg_info
writing ../../build/manual_drive/manual_drive.egg-info/PKG-INFO
writing dependency_links to ../../build/manual_drive/manual_drive.egg-info/dependency_links.txt
writing entry points to ../../build/manual_drive/manual_drive.egg-info/entry_points.txt
writing requirements to ../../build/manual_drive/manual_drive.egg-info/requires.txt
writing top-level names to ../../build/manual_drive/manual_drive.egg-info/top_level.txt
reading manifest file '../../build/manual_drive/manual_drive.egg-info/SOURCES.txt'
writing manifest file '../../build/manual_drive/manual_drive.egg-info/SOURCES.txt'
running build
running build_py
copying manual_drive/manual_drive_node.py -> /home/rob/ros2_ws/build/manual_drive/build/lib/manual_drive
running install
running install_lib
copying /home/rob/ros2_ws/build/manual_drive/build/lib/manual_drive/manual_drive_node.py -> /home/rob/ros2_ws/install/manual_drive/lib/python3.10/site-packages/manual_drive
byte-compiling /home/rob/ros2_ws/install/manual_drive/lib/python3.10/site-packages/manual_drive/manual_drive_node.py to manual_drive_node.cpython-310.pyc
Sorry: IndentationError: unexpected indent (manual_drive_node.py, line 60)
running install_data
running install_egg_info
removing '/home/rob/ros2_ws/install/manual_drive/lib/python3.10/site-packages/manual_drive-0.0.0-py3.10.egg-info' (and everything under it)
Copying ../../build/manual_drive/manual_drive.egg-info to /home/rob/ros2_ws/install/manual_drive/lib/python3.10/site-packages/manual_drive-0.0.0-py3.10.egg-info
running install_scripts
Installing hoverboard_controller script to /home/rob/ros2_ws/install/manual_drive/lib/manual_drive
Installing manual_drive_node script to /home/rob/ros2_ws/install/manual_drive/lib/manual_drive
writing list of installed files to '/home/rob/ros2_ws/build/manual_drive/install.log'
