[3.598s] Invoking command in '/home/rob/ros2_ws/src/manual_drive': PYTHONPATH=/home/rob/ros2_ws/build/manual_drive/prefix_override:/home/rob/.local/lib/python3.10/site-packages/colcon_core/task/python/colcon_distutils_commands:/home/rob/ros2_ws/install/manual_drive/lib/python3.10/site-packages:${PYTHONPATH} /usr/bin/python3 -W ignore:setup.py install is deprecated -W ignore:easy_install command is deprecated setup.py egg_info --egg-base ../../build/manual_drive build --build-base /home/rob/ros2_ws/build/manual_drive/build install --record /home/rob/ros2_ws/build/manual_drive/install.log --single-version-externally-managed install_data
[4.848s] running egg_info
[4.851s] writing ../../build/manual_drive/manual_drive.egg-info/PKG-INFO
[4.852s] writing dependency_links to ../../build/manual_drive/manual_drive.egg-info/dependency_links.txt
[4.853s] writing entry points to ../../build/manual_drive/manual_drive.egg-info/entry_points.txt
[4.854s] writing requirements to ../../build/manual_drive/manual_drive.egg-info/requires.txt
[4.854s] writing top-level names to ../../build/manual_drive/manual_drive.egg-info/top_level.txt
[4.863s] reading manifest file '../../build/manual_drive/manual_drive.egg-info/SOURCES.txt'
[4.866s] writing manifest file '../../build/manual_drive/manual_drive.egg-info/SOURCES.txt'
[4.867s] running build
[4.868s] running build_py
[4.869s] copying manual_drive/manual_drive_node.py -> /home/rob/ros2_ws/build/manual_drive/build/lib/manual_drive
[4.870s] running install
[4.872s] running install_lib
[4.876s] copying /home/rob/ros2_ws/build/manual_drive/build/lib/manual_drive/manual_drive_node.py -> /home/rob/ros2_ws/install/manual_drive/lib/python3.10/site-packages/manual_drive
[4.880s] byte-compiling /home/rob/ros2_ws/install/manual_drive/lib/python3.10/site-packages/manual_drive/manual_drive_node.py to manual_drive_node.cpython-310.pyc
[4.883s] Sorry: IndentationError: unexpected indent (manual_drive_node.py, line 60)
[4.883s] running install_data
[4.883s] running install_egg_info
[4.891s] removing '/home/rob/ros2_ws/install/manual_drive/lib/python3.10/site-packages/manual_drive-0.0.0-py3.10.egg-info' (and everything under it)
[4.892s] Copying ../../build/manual_drive/manual_drive.egg-info to /home/rob/ros2_ws/install/manual_drive/lib/python3.10/site-packages/manual_drive-0.0.0-py3.10.egg-info
[4.898s] running install_scripts
[4.983s] Installing hoverboard_controller script to /home/rob/ros2_ws/install/manual_drive/lib/manual_drive
[4.984s] Installing manual_drive_node script to /home/rob/ros2_ws/install/manual_drive/lib/manual_drive
[4.986s] writing list of installed files to '/home/rob/ros2_ws/build/manual_drive/install.log'
[5.106s] Invoked command in '/home/rob/ros2_ws/src/manual_drive' returned '0': PYTHONPATH=/home/rob/ros2_ws/build/manual_drive/prefix_override:/home/rob/.local/lib/python3.10/site-packages/colcon_core/task/python/colcon_distutils_commands:/home/rob/ros2_ws/install/manual_drive/lib/python3.10/site-packages:${PYTHONPATH} /usr/bin/python3 -W ignore:setup.py install is deprecated -W ignore:easy_install command is deprecated setup.py egg_info --egg-base ../../build/manual_drive build --build-base /home/rob/ros2_ws/build/manual_drive/build install --record /home/rob/ros2_ws/build/manual_drive/install.log --single-version-externally-managed install_data
