[0.000000] (-) TimerEvent: {}
[0.002071] (articubot_one) JobQueued: {'identifier': 'articubot_one', 'dependencies': OrderedDict()}
[0.002600] (manual_drive) JobQueued: {'identifier': 'manual_drive', 'dependencies': OrderedDict()}
[0.003216] (articubot_one) JobStarted: {'identifier': 'articubot_one'}
[0.041828] (manual_drive) JobStarted: {'identifier': 'manual_drive'}
[0.080735] (articubot_one) JobProgress: {'identifier': 'articubot_one', 'progress': 'cmake'}
[0.083447] (articubot_one) JobProgress: {'identifier': 'articubot_one', 'progress': 'build'}
[0.086075] (articubot_one) Command: {'cmd': ['/usr/bin/cmake', '--build', '/home/rob/ros2_ws/build/articubot_one', '--', '-j4', '-l4'], 'cwd': '/home/rob/ros2_ws/build/articubot_one', 'env': OrderedDict([('USER', 'rob'), ('SSH_CLIENT', '192.168.1.7 1784 22'), ('XDG_SESSION_TYPE', 'tty'), ('SHLVL', '1'), ('LD_LIBRARY_PATH', '/home/rob/ros2_ws/install/nav_2d_msgs/lib:/home/rob/ros2_ws/install/nav2_voxel_grid/lib:/opt/ros/humble/opt/rviz_ogre_vendor/lib:/opt/ros/humble/lib/aarch64-linux-gnu:/opt/ros/humble/lib'), ('MOTD_SHOWN', 'pam'), ('HOME', '/home/rob'), ('OLDPWD', '/home/rob'), ('SSH_TTY', '/dev/pts/0'), ('ROS_PYTHON_VERSION', '3'), ('DBUS_SESSION_BUS_ADDRESS', 'unix:path=/run/user/1000/bus'), ('COLCON_PREFIX_PATH', '/home/rob/ros2_ws/install:/home/rob/turtlebot3_ws/install'), ('ROS_DISTRO', 'humble'), ('LOGNAME', 'rob'), ('_', '/usr/local/bin/colcon'), ('ROS_VERSION', '2'), ('XDG_SESSION_CLASS', 'user'), ('TERM', 'xterm-256color'), ('XDG_SESSION_ID', '1'), ('ROS_LOCALHOST_ONLY', '0'), ('PATH', '/opt/ros/humble/bin:/usr/local/sbin:/usr/local/bin:/usr/sbin:/usr/bin:/sbin:/bin:/usr/games:/usr/local/games:/snap/bin'), ('XDG_RUNTIME_DIR', '/run/user/1000'), ('LANG', 'C.UTF-8'), ('AMENT_PREFIX_PATH', '/home/rob/ros2_ws/install/nav_2d_msgs:/home/rob/ros2_ws/install/nav2_voxel_grid:/home/rob/ros2_ws/install/nav2_common:/home/rob/ros2_ws/install/manual_drive:/home/rob/ros2_ws/install/articubot_one:/home/rob/turtlebot3_ws/install/turtlebot3_node:/home/rob/turtlebot3_ws/install/turtlebot3_example:/home/rob/turtlebot3_ws/install/turtlebot3_description:/home/rob/turtlebot3_ws/install/turtlebot3_cartographer:/opt/ros/humble'), ('SHELL', '/bin/bash'), ('PWD', '/home/rob/ros2_ws/build/articubot_one'), ('SSH_CONNECTION', '192.168.1.7 1784 192.168.1.2 22'), ('XDG_DATA_DIRS', '/usr/local/share:/usr/share:/var/lib/snapd/desktop'), ('PYTHONPATH', '/home/rob/ros2_ws/install/nav_2d_msgs/local/lib/python3.10/dist-packages:/home/rob/ros2_ws/install/nav2_common/local/lib/python3.10/dist-packages:/home/rob/ros2_ws/install/manual_drive/lib/python3.10/site-packages:/home/rob/turtlebot3_ws/build/turtlebot3_example:/home/rob/turtlebot3_ws/install/turtlebot3_example/lib/python3.10/site-packages:/opt/ros/humble/lib/python3.10/site-packages:/opt/ros/humble/local/lib/python3.10/dist-packages'), ('COLCON', '1'), ('CMAKE_PREFIX_PATH', '/home/rob/ros2_ws/install/nav_2d_msgs:/home/rob/ros2_ws/install/nav2_voxel_grid:/home/rob/ros2_ws/install/nav2_common:/home/rob/ros2_ws/install/articubot_one:/home/rob/turtlebot3_ws/install/turtlebot3_node:/home/rob/turtlebot3_ws/install/turtlebot3_description:/home/rob/turtlebot3_ws/install/turtlebot3_cartographer:/home/rob/ros2_ws/install/manual_drive:/home/rob/turtlebot3_ws/install/turtlebot3_example:/opt/ros/humble')]), 'shell': False}
[0.099448] (-) TimerEvent: {}
[0.201196] (-) TimerEvent: {}
[0.302458] (-) TimerEvent: {}
[0.403200] (-) TimerEvent: {}
[0.503836] (-) TimerEvent: {}
[0.604436] (-) TimerEvent: {}
[0.705062] (-) TimerEvent: {}
[0.805649] (-) TimerEvent: {}
[0.906302] (-) TimerEvent: {}
[1.006930] (-) TimerEvent: {}
[1.107583] (-) TimerEvent: {}
[1.208250] (-) TimerEvent: {}
[1.310006] (-) TimerEvent: {}
[1.340060] (articubot_one) CommandEnded: {'returncode': 0}
[1.342554] (articubot_one) JobProgress: {'identifier': 'articubot_one', 'progress': 'install'}
[1.375002] (articubot_one) Command: {'cmd': ['/usr/bin/cmake', '--install', '/home/rob/ros2_ws/build/articubot_one'], 'cwd': '/home/rob/ros2_ws/build/articubot_one', 'env': OrderedDict([('USER', 'rob'), ('SSH_CLIENT', '192.168.1.7 1784 22'), ('XDG_SESSION_TYPE', 'tty'), ('SHLVL', '1'), ('LD_LIBRARY_PATH', '/home/rob/ros2_ws/install/nav_2d_msgs/lib:/home/rob/ros2_ws/install/nav2_voxel_grid/lib:/opt/ros/humble/opt/rviz_ogre_vendor/lib:/opt/ros/humble/lib/aarch64-linux-gnu:/opt/ros/humble/lib'), ('MOTD_SHOWN', 'pam'), ('HOME', '/home/rob'), ('OLDPWD', '/home/rob'), ('SSH_TTY', '/dev/pts/0'), ('ROS_PYTHON_VERSION', '3'), ('DBUS_SESSION_BUS_ADDRESS', 'unix:path=/run/user/1000/bus'), ('COLCON_PREFIX_PATH', '/home/rob/ros2_ws/install:/home/rob/turtlebot3_ws/install'), ('ROS_DISTRO', 'humble'), ('LOGNAME', 'rob'), ('_', '/usr/local/bin/colcon'), ('ROS_VERSION', '2'), ('XDG_SESSION_CLASS', 'user'), ('TERM', 'xterm-256color'), ('XDG_SESSION_ID', '1'), ('ROS_LOCALHOST_ONLY', '0'), ('PATH', '/opt/ros/humble/bin:/usr/local/sbin:/usr/local/bin:/usr/sbin:/usr/bin:/sbin:/bin:/usr/games:/usr/local/games:/snap/bin'), ('XDG_RUNTIME_DIR', '/run/user/1000'), ('LANG', 'C.UTF-8'), ('AMENT_PREFIX_PATH', '/home/rob/ros2_ws/install/nav_2d_msgs:/home/rob/ros2_ws/install/nav2_voxel_grid:/home/rob/ros2_ws/install/nav2_common:/home/rob/ros2_ws/install/manual_drive:/home/rob/ros2_ws/install/articubot_one:/home/rob/turtlebot3_ws/install/turtlebot3_node:/home/rob/turtlebot3_ws/install/turtlebot3_example:/home/rob/turtlebot3_ws/install/turtlebot3_description:/home/rob/turtlebot3_ws/install/turtlebot3_cartographer:/opt/ros/humble'), ('SHELL', '/bin/bash'), ('PWD', '/home/rob/ros2_ws/build/articubot_one'), ('SSH_CONNECTION', '192.168.1.7 1784 192.168.1.2 22'), ('XDG_DATA_DIRS', '/usr/local/share:/usr/share:/var/lib/snapd/desktop'), ('PYTHONPATH', '/home/rob/ros2_ws/install/nav_2d_msgs/local/lib/python3.10/dist-packages:/home/rob/ros2_ws/install/nav2_common/local/lib/python3.10/dist-packages:/home/rob/ros2_ws/install/manual_drive/lib/python3.10/site-packages:/home/rob/turtlebot3_ws/build/turtlebot3_example:/home/rob/turtlebot3_ws/install/turtlebot3_example/lib/python3.10/site-packages:/opt/ros/humble/lib/python3.10/site-packages:/opt/ros/humble/local/lib/python3.10/dist-packages'), ('COLCON', '1'), ('CMAKE_PREFIX_PATH', '/home/rob/ros2_ws/install/nav_2d_msgs:/home/rob/ros2_ws/install/nav2_voxel_grid:/home/rob/ros2_ws/install/nav2_common:/home/rob/ros2_ws/install/articubot_one:/home/rob/turtlebot3_ws/install/turtlebot3_node:/home/rob/turtlebot3_ws/install/turtlebot3_description:/home/rob/turtlebot3_ws/install/turtlebot3_cartographer:/home/rob/ros2_ws/install/manual_drive:/home/rob/turtlebot3_ws/install/turtlebot3_example:/opt/ros/humble')]), 'shell': False}
[1.410196] (-) TimerEvent: {}
[1.412081] (articubot_one) StdoutLine: {'line': b'-- Install configuration: ""\n'}
[1.414377] (articubot_one) StdoutLine: {'line': b'-- Execute custom install script\n'}
[1.415551] (articubot_one) StdoutLine: {'line': b'-- Up-to-date symlink: /home/rob/ros2_ws/install/articubot_one/lib/articubot_one/cmdvel_hover.py\n'}
[1.418558] (articubot_one) StdoutLine: {'line': b'-- Up-to-date symlink: /home/rob/ros2_ws/install/articubot_one/share/articubot_one/config/ball_tracker_params_robot.yaml\n'}
[1.419489] (articubot_one) StdoutLine: {'line': b'-- Up-to-date symlink: /home/rob/ros2_ws/install/articubot_one/share/articubot_one/config/ball_tracker_params_sim.yaml\n'}
[1.420380] (articubot_one) StdoutLine: {'line': b'-- Up-to-date symlink: /home/rob/ros2_ws/install/articubot_one/share/articubot_one/config/drive_bot.rviz\n'}
[1.421322] (articubot_one) StdoutLine: {'line': b'-- Up-to-date symlink: /home/rob/ros2_ws/install/articubot_one/share/articubot_one/config/empty.yaml\n'}
[1.422243] (articubot_one) StdoutLine: {'line': b'-- Up-to-date symlink: /home/rob/ros2_ws/install/articubot_one/share/articubot_one/config/gaz_ros2_ctl_use_sim.yaml\n'}
[1.423131] (articubot_one) StdoutLine: {'line': b'-- Up-to-date symlink: /home/rob/ros2_ws/install/articubot_one/share/articubot_one/config/gazebo_params.yaml\n'}
[1.424031] (articubot_one) StdoutLine: {'line': b'-- Up-to-date symlink: /home/rob/ros2_ws/install/articubot_one/share/articubot_one/config/joystick.yaml\n'}
[1.424928] (articubot_one) StdoutLine: {'line': b'-- Up-to-date symlink: /home/rob/ros2_ws/install/articubot_one/share/articubot_one/config/main.rviz\n'}
[1.425769] (articubot_one) StdoutLine: {'line': b'-- Up-to-date symlink: /home/rob/ros2_ws/install/articubot_one/share/articubot_one/config/map.rviz\n'}
[1.426801] (articubot_one) StdoutLine: {'line': b'-- Up-to-date symlink: /home/rob/ros2_ws/install/articubot_one/share/articubot_one/config/map_params.yaml\n'}
[1.427717] (articubot_one) StdoutLine: {'line': b'-- Up-to-date symlink: /home/rob/ros2_ws/install/articubot_one/share/articubot_one/config/mapper_params_online_async.yaml\n'}
[1.428617] (articubot_one) StdoutLine: {'line': b'-- Up-to-date symlink: /home/rob/ros2_ws/install/articubot_one/share/articubot_one/config/my_controllers.yaml\n'}
[1.429523] (articubot_one) StdoutLine: {'line': b'-- Up-to-date symlink: /home/rob/ros2_ws/install/articubot_one/share/articubot_one/config/nav2_params.yaml\n'}
[1.430477] (articubot_one) StdoutLine: {'line': b'-- Up-to-date symlink: /home/rob/ros2_ws/install/articubot_one/share/articubot_one/config/twist_mux.yaml\n'}
[1.437959] (articubot_one) StdoutLine: {'line': b'-- Up-to-date symlink: /home/rob/ros2_ws/install/articubot_one/share/articubot_one/config/view_bot.rviz\n'}
[1.438678] (articubot_one) StdoutLine: {'line': b'-- Up-to-date symlink: /home/rob/ros2_ws/install/articubot_one/share/articubot_one/config/ylmz.rviz\n'}
[1.439298] (articubot_one) StdoutLine: {'line': b'-- Up-to-date symlink: /home/rob/ros2_ws/install/articubot_one/share/articubot_one/description/camera.xacro\n'}
[1.439916] (articubot_one) StdoutLine: {'line': b'-- Up-to-date symlink: /home/rob/ros2_ws/install/articubot_one/share/articubot_one/description/depth_camera.xacro\n'}
[1.440443] (articubot_one) StdoutLine: {'line': b'-- Up-to-date symlink: /home/rob/ros2_ws/install/articubot_one/share/articubot_one/description/face.xacro\n'}
[1.441110] (articubot_one) StdoutLine: {'line': b'-- Up-to-date symlink: /home/rob/ros2_ws/install/articubot_one/share/articubot_one/description/gazebo_control.xacro\n'}
[1.441511] (articubot_one) StdoutLine: {'line': b'-- Up-to-date symlink: /home/rob/ros2_ws/install/articubot_one/share/articubot_one/description/inertial_macros.xacro\n'}
[1.441993] (articubot_one) StdoutLine: {'line': b'-- Up-to-date symlink: /home/rob/ros2_ws/install/articubot_one/share/articubot_one/description/lidar.xacro\n'}
[1.442649] (articubot_one) StdoutLine: {'line': b'-- Up-to-date symlink: /home/rob/ros2_ws/install/articubot_one/share/articubot_one/description/robot.urdf.xacro\n'}
[1.443126] (articubot_one) StdoutLine: {'line': b'-- Up-to-date symlink: /home/rob/ros2_ws/install/articubot_one/share/articubot_one/description/robot_core.xacro\n'}
[1.443566] (articubot_one) StdoutLine: {'line': b'-- Up-to-date symlink: /home/rob/ros2_ws/install/articubot_one/share/articubot_one/description/ros2_control.xacro\n'}
[1.444172] (articubot_one) StdoutLine: {'line': b'-- Up-to-date symlink: /home/rob/ros2_ws/install/articubot_one/share/articubot_one/launch/ball_tracker.launch.py\n'}
[1.444698] (articubot_one) StdoutLine: {'line': b'-- Up-to-date symlink: /home/rob/ros2_ws/install/articubot_one/share/articubot_one/launch/camera.launch.py\n'}
[1.445517] (articubot_one) StdoutLine: {'line': b'-- Up-to-date symlink: /home/rob/ros2_ws/install/articubot_one/share/articubot_one/launch/cmdvel_hover_launch.py\n'}
[1.446459] (articubot_one) StdoutLine: {'line': b'-- Up-to-date symlink: /home/rob/ros2_ws/install/articubot_one/share/articubot_one/launch/joystick.launch.py\n'}
[1.447300] (articubot_one) StdoutLine: {'line': b'-- Up-to-date symlink: /home/rob/ros2_ws/install/articubot_one/share/articubot_one/launch/launch_robot.launch.py\n'}
[1.448389] (articubot_one) StdoutLine: {'line': b'-- Up-to-date symlink: /home/rob/ros2_ws/install/articubot_one/share/articubot_one/launch/launch_sim.launch.py\n'}
[1.449372] (articubot_one) StdoutLine: {'line': b'-- Up-to-date symlink: /home/rob/ros2_ws/install/articubot_one/share/articubot_one/launch/localization_launch.py\n'}
[1.450434] (articubot_one) StdoutLine: {'line': b'-- Up-to-date symlink: /home/rob/ros2_ws/install/articubot_one/share/articubot_one/launch/navigation_launch.py\n'}
[1.451383] (articubot_one) StdoutLine: {'line': b'-- Up-to-date symlink: /home/rob/ros2_ws/install/articubot_one/share/articubot_one/launch/online_async_launch.py\n'}
[1.452377] (articubot_one) StdoutLine: {'line': b'-- Up-to-date symlink: /home/rob/ros2_ws/install/articubot_one/share/articubot_one/launch/rplidar.launch.py\n'}
[1.453316] (articubot_one) StdoutLine: {'line': b'-- Up-to-date symlink: /home/rob/ros2_ws/install/articubot_one/share/articubot_one/launch/rsp.launch.py\n'}
[1.454513] (articubot_one) StdoutLine: {'line': b'-- Up-to-date symlink: /home/rob/ros2_ws/install/articubot_one/share/articubot_one/launch/slam_launch.py\n'}
[1.455836] (articubot_one) StdoutLine: {'line': b'-- Up-to-date symlink: /home/rob/ros2_ws/install/articubot_one/share/articubot_one/worlds/empty.world\n'}
[1.456723] (articubot_one) StdoutLine: {'line': b'-- Up-to-date symlink: /home/rob/ros2_ws/install/articubot_one/share/articubot_one/worlds/obstacles.world\n'}
[1.457974] (articubot_one) StdoutLine: {'line': b'-- Up-to-date symlink: /home/rob/ros2_ws/install/articubot_one/lib/articubot_one/odom_publisher.py\n'}
[1.459369] (articubot_one) StdoutLine: {'line': b'-- Up-to-date symlink: /home/rob/ros2_ws/install/articubot_one/share/ament_index/resource_index/package_run_dependencies/articubot_one\n'}
[1.460854] (articubot_one) StdoutLine: {'line': b'-- Up-to-date symlink: /home/rob/ros2_ws/install/articubot_one/share/ament_index/resource_index/parent_prefix_path/articubot_one\n'}
[1.462151] (articubot_one) StdoutLine: {'line': b'-- Up-to-date symlink: /home/rob/ros2_ws/install/articubot_one/share/articubot_one/environment/ament_prefix_path.sh\n'}
[1.463355] (articubot_one) StdoutLine: {'line': b'-- Up-to-date symlink: /home/rob/ros2_ws/install/articubot_one/share/articubot_one/environment/ament_prefix_path.dsv\n'}
[1.464706] (articubot_one) StdoutLine: {'line': b'-- Up-to-date symlink: /home/rob/ros2_ws/install/articubot_one/share/articubot_one/environment/path.sh\n'}
[1.465852] (articubot_one) StdoutLine: {'line': b'-- Up-to-date symlink: /home/rob/ros2_ws/install/articubot_one/share/articubot_one/environment/path.dsv\n'}
[1.467093] (articubot_one) StdoutLine: {'line': b'-- Up-to-date symlink: /home/rob/ros2_ws/install/articubot_one/share/articubot_one/local_setup.bash\n'}
[1.468236] (articubot_one) StdoutLine: {'line': b'-- Up-to-date symlink: /home/rob/ros2_ws/install/articubot_one/share/articubot_one/local_setup.sh\n'}
[1.469365] (articubot_one) StdoutLine: {'line': b'-- Up-to-date symlink: /home/rob/ros2_ws/install/articubot_one/share/articubot_one/local_setup.zsh\n'}
[1.470595] (articubot_one) StdoutLine: {'line': b'-- Up-to-date symlink: /home/rob/ros2_ws/install/articubot_one/share/articubot_one/local_setup.dsv\n'}
[1.471538] (articubot_one) StdoutLine: {'line': b'-- Symlinking: /home/rob/ros2_ws/install/articubot_one/share/articubot_one/package.dsv\n'}
[1.510660] (-) TimerEvent: {}
[1.512880] (articubot_one) StdoutLine: {'line': b'-- Up-to-date symlink: /home/rob/ros2_ws/install/articubot_one/share/ament_index/resource_index/packages/articubot_one\n'}
[1.513894] (articubot_one) StdoutLine: {'line': b'-- Up-to-date symlink: /home/rob/ros2_ws/install/articubot_one/share/articubot_one/cmake/articubot_oneConfig.cmake\n'}
[1.515238] (articubot_one) StdoutLine: {'line': b'-- Up-to-date symlink: /home/rob/ros2_ws/install/articubot_one/share/articubot_one/cmake/articubot_oneConfig-version.cmake\n'}
[1.516218] (articubot_one) StdoutLine: {'line': b'-- Up-to-date symlink: /home/rob/ros2_ws/install/articubot_one/share/articubot_one/package.xml\n'}
[1.530243] (articubot_one) CommandEnded: {'returncode': 0}
[1.611534] (-) TimerEvent: {}
[1.623975] (articubot_one) JobEnded: {'identifier': 'articubot_one', 'rc': 0}
[1.711749] (-) TimerEvent: {}
[1.812484] (-) TimerEvent: {}
[1.913312] (-) TimerEvent: {}
[2.014118] (-) TimerEvent: {}
[2.114705] (-) TimerEvent: {}
[2.215280] (-) TimerEvent: {}
[2.315832] (-) TimerEvent: {}
[2.416458] (-) TimerEvent: {}
[2.517047] (-) TimerEvent: {}
[2.617676] (-) TimerEvent: {}
[2.718355] (-) TimerEvent: {}
[2.818940] (-) TimerEvent: {}
[2.919506] (-) TimerEvent: {}
[3.020142] (-) TimerEvent: {}
[3.115112] (manual_drive) Command: {'cmd': ['/usr/bin/python3', '-W', 'ignore:setup.py install is deprecated', '-W', 'ignore:easy_install command is deprecated', 'setup.py', 'egg_info', '--egg-base', '../../build/manual_drive', 'build', '--build-base', '/home/rob/ros2_ws/build/manual_drive/build', 'install', '--record', '/home/rob/ros2_ws/build/manual_drive/install.log', '--single-version-externally-managed', 'install_data'], 'cwd': '/home/rob/ros2_ws/src/manual_drive', 'env': {'USER': 'rob', 'SSH_CLIENT': '192.168.1.7 1784 22', 'XDG_SESSION_TYPE': 'tty', 'SHLVL': '1', 'LD_LIBRARY_PATH': '/home/rob/ros2_ws/install/nav_2d_msgs/lib:/home/rob/ros2_ws/install/nav2_voxel_grid/lib:/opt/ros/humble/opt/rviz_ogre_vendor/lib:/opt/ros/humble/lib/aarch64-linux-gnu:/opt/ros/humble/lib', 'MOTD_SHOWN': 'pam', 'HOME': '/home/rob', 'OLDPWD': '/home/rob', 'SSH_TTY': '/dev/pts/0', 'ROS_PYTHON_VERSION': '3', 'DBUS_SESSION_BUS_ADDRESS': 'unix:path=/run/user/1000/bus', 'COLCON_PREFIX_PATH': '/home/rob/ros2_ws/install:/home/rob/turtlebot3_ws/install', 'ROS_DISTRO': 'humble', 'LOGNAME': 'rob', '_': '/usr/local/bin/colcon', 'ROS_VERSION': '2', 'XDG_SESSION_CLASS': 'user', 'TERM': 'xterm-256color', 'XDG_SESSION_ID': '1', 'ROS_LOCALHOST_ONLY': '0', 'PATH': '/opt/ros/humble/bin:/usr/local/sbin:/usr/local/bin:/usr/sbin:/usr/bin:/sbin:/bin:/usr/games:/usr/local/games:/snap/bin', 'XDG_RUNTIME_DIR': '/run/user/1000', 'LANG': 'C.UTF-8', 'AMENT_PREFIX_PATH': '/home/rob/ros2_ws/install/nav_2d_msgs:/home/rob/ros2_ws/install/nav2_voxel_grid:/home/rob/ros2_ws/install/nav2_common:/home/rob/ros2_ws/install/manual_drive:/home/rob/ros2_ws/install/articubot_one:/home/rob/turtlebot3_ws/install/turtlebot3_node:/home/rob/turtlebot3_ws/install/turtlebot3_example:/home/rob/turtlebot3_ws/install/turtlebot3_description:/home/rob/turtlebot3_ws/install/turtlebot3_cartographer:/opt/ros/humble', 'SHELL': '/bin/bash', 'PWD': '/home/rob/ros2_ws/build/manual_drive', 'SSH_CONNECTION': '192.168.1.7 1784 192.168.1.2 22', 'XDG_DATA_DIRS': '/usr/local/share:/usr/share:/var/lib/snapd/desktop', 'PYTHONPATH': '/home/rob/ros2_ws/build/manual_drive/prefix_override:/home/rob/.local/lib/python3.10/site-packages/colcon_core/task/python/colcon_distutils_commands:/home/rob/ros2_ws/install/manual_drive/lib/python3.10/site-packages:/home/rob/ros2_ws/install/nav_2d_msgs/local/lib/python3.10/dist-packages:/home/rob/ros2_ws/install/nav2_common/local/lib/python3.10/dist-packages:/home/rob/ros2_ws/install/manual_drive/lib/python3.10/site-packages:/home/rob/turtlebot3_ws/build/turtlebot3_example:/home/rob/turtlebot3_ws/install/turtlebot3_example/lib/python3.10/site-packages:/opt/ros/humble/lib/python3.10/site-packages:/opt/ros/humble/local/lib/python3.10/dist-packages', 'COLCON': '1', 'CMAKE_PREFIX_PATH': '/home/rob/ros2_ws/install/nav_2d_msgs:/home/rob/ros2_ws/install/nav2_voxel_grid:/home/rob/ros2_ws/install/nav2_common:/home/rob/ros2_ws/install/articubot_one:/home/rob/turtlebot3_ws/install/turtlebot3_node:/home/rob/turtlebot3_ws/install/turtlebot3_description:/home/rob/turtlebot3_ws/install/turtlebot3_cartographer'}, 'shell': False}
[3.120918] (-) TimerEvent: {}
[3.221475] (-) TimerEvent: {}
[3.322099] (-) TimerEvent: {}
[3.422720] (-) TimerEvent: {}
[3.523355] (-) TimerEvent: {}
[3.623940] (-) TimerEvent: {}
[3.724504] (-) TimerEvent: {}
[3.825067] (-) TimerEvent: {}
[3.925868] (-) TimerEvent: {}
[4.026960] (-) TimerEvent: {}
[4.127779] (-) TimerEvent: {}
[4.228497] (-) TimerEvent: {}
[4.299000] (manual_drive) StdoutLine: {'line': b'running egg_info\n'}
[4.302269] (manual_drive) StdoutLine: {'line': b'writing ../../build/manual_drive/manual_drive.egg-info/PKG-INFO\n'}
[4.303525] (manual_drive) StdoutLine: {'line': b'writing dependency_links to ../../build/manual_drive/manual_drive.egg-info/dependency_links.txt\n'}
[4.304565] (manual_drive) StdoutLine: {'line': b'writing entry points to ../../build/manual_drive/manual_drive.egg-info/entry_points.txt\n'}
[4.305579] (manual_drive) StdoutLine: {'line': b'writing requirements to ../../build/manual_drive/manual_drive.egg-info/requires.txt\n'}
[4.306431] (manual_drive) StdoutLine: {'line': b'writing top-level names to ../../build/manual_drive/manual_drive.egg-info/top_level.txt\n'}
[4.315704] (manual_drive) StdoutLine: {'line': b"reading manifest file '../../build/manual_drive/manual_drive.egg-info/SOURCES.txt'\n"}
[4.319752] (manual_drive) StdoutLine: {'line': b"writing manifest file '../../build/manual_drive/manual_drive.egg-info/SOURCES.txt'\n"}
[4.320532] (manual_drive) StdoutLine: {'line': b'running build\n'}
[4.321042] (manual_drive) StdoutLine: {'line': b'running build_py\n'}
[4.322709] (manual_drive) StdoutLine: {'line': b'running install\n'}
[4.324221] (manual_drive) StdoutLine: {'line': b'running install_lib\n'}
[4.328659] (-) TimerEvent: {}
[4.331939] (manual_drive) StdoutLine: {'line': b'running install_data\n'}
[4.332710] (manual_drive) StdoutLine: {'line': b'running install_egg_info\n'}
[4.340660] (manual_drive) StdoutLine: {'line': b"removing '/home/rob/ros2_ws/install/manual_drive/lib/python3.10/site-packages/manual_drive-0.0.0-py3.10.egg-info' (and everything under it)\n"}
[4.342625] (manual_drive) StdoutLine: {'line': b'Copying ../../build/manual_drive/manual_drive.egg-info to /home/rob/ros2_ws/install/manual_drive/lib/python3.10/site-packages/manual_drive-0.0.0-py3.10.egg-info\n'}
[4.349048] (manual_drive) StdoutLine: {'line': b'running install_scripts\n'}
[4.428829] (-) TimerEvent: {}
[4.441048] (manual_drive) StdoutLine: {'line': b'Installing hoverboard_controller script to /home/rob/ros2_ws/install/manual_drive/lib/manual_drive\n'}
[4.442123] (manual_drive) StdoutLine: {'line': b'Installing manual_drive_node script to /home/rob/ros2_ws/install/manual_drive/lib/manual_drive\n'}
[4.443992] (manual_drive) StdoutLine: {'line': b"writing list of installed files to '/home/rob/ros2_ws/build/manual_drive/install.log'\n"}
[4.529094] (-) TimerEvent: {}
[4.571852] (manual_drive) CommandEnded: {'returncode': 0}
[4.601815] (manual_drive) JobEnded: {'identifier': 'manual_drive', 'rc': 0}
[4.604471] (-) EventReactorShutdown: {}
