[4.421s] Invoking command in '/home/rob/ros2_ws/src/manual_drive': PYTHONPATH=/home/rob/ros2_ws/build/manual_drive/prefix_override:/home/rob/.local/lib/python3.10/site-packages/colcon_core/task/python/colcon_distutils_commands:/home/rob/ros2_ws/install/manual_drive/lib/python3.10/site-packages:${PYTHONPATH} /usr/bin/python3 -W ignore:setup.py install is deprecated -W ignore:easy_install command is deprecated setup.py egg_info --egg-base ../../build/manual_drive build --build-base /home/rob/ros2_ws/build/manual_drive/build install --record /home/rob/ros2_ws/build/manual_drive/install.log --single-version-externally-managed install_data
[5.854s] running egg_info
[5.857s] writing ../../build/manual_drive/manual_drive.egg-info/PKG-INFO
[5.858s] writing dependency_links to ../../build/manual_drive/manual_drive.egg-info/dependency_links.txt
[5.859s] writing entry points to ../../build/manual_drive/manual_drive.egg-info/entry_points.txt
[5.860s] writing requirements to ../../build/manual_drive/manual_drive.egg-info/requires.txt
[5.861s] writing top-level names to ../../build/manual_drive/manual_drive.egg-info/top_level.txt
[5.869s] reading manifest file '../../build/manual_drive/manual_drive.egg-info/SOURCES.txt'
[5.874s] writing manifest file '../../build/manual_drive/manual_drive.egg-info/SOURCES.txt'
[5.874s] running build
[5.875s] running build_py
[5.876s] running install
[5.878s] running install_lib
[5.884s] running install_data
[5.885s] running install_egg_info
[5.897s] removing '/home/rob/ros2_ws/install/manual_drive/lib/python3.10/site-packages/manual_drive-0.0.0-py3.10.egg-info' (and everything under it)
[5.898s] Copying ../../build/manual_drive/manual_drive.egg-info to /home/rob/ros2_ws/install/manual_drive/lib/python3.10/site-packages/manual_drive-0.0.0-py3.10.egg-info
[5.904s] running install_scripts
[5.986s] Installing hoverboard_controller script to /home/rob/ros2_ws/install/manual_drive/lib/manual_drive
[5.988s] Installing manual_drive_node script to /home/rob/ros2_ws/install/manual_drive/lib/manual_drive
[5.991s] writing list of installed files to '/home/rob/ros2_ws/build/manual_drive/install.log'
[6.149s] Invoked command in '/home/rob/ros2_ws/src/manual_drive' returned '0': PYTHONPATH=/home/rob/ros2_ws/build/manual_drive/prefix_override:/home/rob/.local/lib/python3.10/site-packages/colcon_core/task/python/colcon_distutils_commands:/home/rob/ros2_ws/install/manual_drive/lib/python3.10/site-packages:${PYTHONPATH} /usr/bin/python3 -W ignore:setup.py install is deprecated -W ignore:easy_install command is deprecated setup.py egg_info --egg-base ../../build/manual_drive build --build-base /home/rob/ros2_ws/build/manual_drive/build install --record /home/rob/ros2_ws/build/manual_drive/install.log --single-version-externally-managed install_data
