[0.000000] (-) TimerEvent: {}
[0.001660] (articubot_one) JobQueued: {'identifier': 'articubot_one', 'dependencies': OrderedDict()}
[0.002287] (manual_drive) JobQueued: {'identifier': 'manual_drive', 'dependencies': OrderedDict()}
[0.002937] (articubot_one) JobStarted: {'identifier': 'articubot_one'}
[0.022020] (manual_drive) JobStarted: {'identifier': 'manual_drive'}
[0.042459] (articubot_one) JobProgress: {'identifier': 'articubot_one', 'progress': 'cmake'}
[0.046112] (articubot_one) JobProgress: {'identifier': 'articubot_one', 'progress': 'build'}
[0.049051] (articubot_one) Command: {'cmd': ['/usr/bin/cmake', '--build', '/home/rob/ros2_ws/build/articubot_one', '--', '-j4', '-l4'], 'cwd': '/home/rob/ros2_ws/build/articubot_one', 'env': OrderedDict([('USER', 'rob'), ('SSH_CLIENT', '192.168.1.7 8666 22'), ('XDG_SESSION_TYPE', 'tty'), ('SHLVL', '1'), ('MOTD_SHOWN', 'pam'), ('HOME', '/home/rob'), ('OLDPWD', '/home/rob/ros2_ws/src'), ('SSH_TTY', '/dev/pts/11'), ('DBUS_SESSION_BUS_ADDRESS', 'unix:path=/run/user/1000/bus'), ('LOGNAME', 'rob'), ('_', '/usr/local/bin/colcon'), ('XDG_SESSION_CLASS', 'user'), ('TERM', 'xterm-256color'), ('XDG_SESSION_ID', '7'), ('PATH', '/usr/local/sbin:/usr/local/bin:/usr/sbin:/usr/bin:/sbin:/bin:/usr/games:/usr/local/games:/snap/bin'), ('XDG_RUNTIME_DIR', '/run/user/1000'), ('DISPLAY', 'localhost:10.0'), ('LANG', 'C.UTF-8'), ('SHELL', '/bin/bash'), ('PWD', '/home/rob/ros2_ws/build/articubot_one'), ('SSH_CONNECTION', '192.168.1.7 8666 192.168.1.2 22'), ('XDG_DATA_DIRS', '/usr/local/share:/usr/share:/var/lib/snapd/desktop'), ('COLCON', '1')]), 'shell': False}
[0.099084] (-) TimerEvent: {}
[0.199896] (-) TimerEvent: {}
[0.300664] (-) TimerEvent: {}
[0.401637] (-) TimerEvent: {}
[0.502626] (-) TimerEvent: {}
[0.603384] (-) TimerEvent: {}
[0.704117] (-) TimerEvent: {}
[0.804925] (-) TimerEvent: {}
[0.905634] (-) TimerEvent: {}
[1.006593] (-) TimerEvent: {}
[1.052412] (articubot_one) CommandEnded: {'returncode': 0}
[1.054875] (articubot_one) JobProgress: {'identifier': 'articubot_one', 'progress': 'install'}
[1.083422] (articubot_one) Command: {'cmd': ['/usr/bin/cmake', '--install', '/home/rob/ros2_ws/build/articubot_one'], 'cwd': '/home/rob/ros2_ws/build/articubot_one', 'env': OrderedDict([('USER', 'rob'), ('SSH_CLIENT', '192.168.1.7 8666 22'), ('XDG_SESSION_TYPE', 'tty'), ('SHLVL', '1'), ('MOTD_SHOWN', 'pam'), ('HOME', '/home/rob'), ('OLDPWD', '/home/rob/ros2_ws/src'), ('SSH_TTY', '/dev/pts/11'), ('DBUS_SESSION_BUS_ADDRESS', 'unix:path=/run/user/1000/bus'), ('LOGNAME', 'rob'), ('_', '/usr/local/bin/colcon'), ('XDG_SESSION_CLASS', 'user'), ('TERM', 'xterm-256color'), ('XDG_SESSION_ID', '7'), ('PATH', '/usr/local/sbin:/usr/local/bin:/usr/sbin:/usr/bin:/sbin:/bin:/usr/games:/usr/local/games:/snap/bin'), ('XDG_RUNTIME_DIR', '/run/user/1000'), ('DISPLAY', 'localhost:10.0'), ('LANG', 'C.UTF-8'), ('SHELL', '/bin/bash'), ('PWD', '/home/rob/ros2_ws/build/articubot_one'), ('SSH_CONNECTION', '192.168.1.7 8666 192.168.1.2 22'), ('XDG_DATA_DIRS', '/usr/local/share:/usr/share:/var/lib/snapd/desktop'), ('COLCON', '1')]), 'shell': False}
[1.108607] (-) TimerEvent: {}
[1.116147] (articubot_one) StdoutLine: {'line': b'-- Install configuration: ""\n'}
[1.118607] (articubot_one) StdoutLine: {'line': b'-- Execute custom install script\n'}
[1.121558] (articubot_one) StdoutLine: {'line': b'-- Up-to-date symlink: /home/rob/ros2_ws/install/articubot_one/lib/articubot_one/cmdvel_hover.py\n'}
[1.123984] (articubot_one) StdoutLine: {'line': b'-- Up-to-date symlink: /home/rob/ros2_ws/install/articubot_one/lib/articubot_one/odom_publisher.py\n'}
[1.124817] (articubot_one) StdoutLine: {'line': b'-- Up-to-date symlink: /home/rob/ros2_ws/install/articubot_one/lib/articubot_one/ultrasonic_sensor_node.py\n'}
[1.127734] (articubot_one) StdoutLine: {'line': b'-- Up-to-date symlink: /home/rob/ros2_ws/install/articubot_one/share/articubot_one/config/ball_tracker_params_robot.yaml\n'}
[1.129429] (articubot_one) StdoutLine: {'line': b'-- Up-to-date symlink: /home/rob/ros2_ws/install/articubot_one/share/articubot_one/config/ball_tracker_params_sim.yaml\n'}
[1.131631] (articubot_one) StdoutLine: {'line': b'-- Up-to-date symlink: /home/rob/ros2_ws/install/articubot_one/share/articubot_one/config/drive_bot.rviz\n'}
[1.133856] (articubot_one) StdoutLine: {'line': b'-- Up-to-date symlink: /home/rob/ros2_ws/install/articubot_one/share/articubot_one/config/empty.yaml\n'}
[1.135839] (articubot_one) StdoutLine: {'line': b'-- Up-to-date symlink: /home/rob/ros2_ws/install/articubot_one/share/articubot_one/config/gaz_ros2_ctl_use_sim.yaml\n'}
[1.137693] (articubot_one) StdoutLine: {'line': b'-- Up-to-date symlink: /home/rob/ros2_ws/install/articubot_one/share/articubot_one/config/gazebo_params.yaml\n'}
[1.141824] (articubot_one) StdoutLine: {'line': b'-- Up-to-date symlink: /home/rob/ros2_ws/install/articubot_one/share/articubot_one/config/joystick.yaml\n'}
[1.142862] (articubot_one) StdoutLine: {'line': b'-- Up-to-date symlink: /home/rob/ros2_ws/install/articubot_one/share/articubot_one/config/main.rviz\n'}
[1.143851] (articubot_one) StdoutLine: {'line': b'-- Up-to-date symlink: /home/rob/ros2_ws/install/articubot_one/share/articubot_one/config/map.rviz\n'}
[1.145855] (articubot_one) StdoutLine: {'line': b'-- Up-to-date symlink: /home/rob/ros2_ws/install/articubot_one/share/articubot_one/config/map_params.yaml\n'}
[1.148080] (articubot_one) StdoutLine: {'line': b'-- Up-to-date symlink: /home/rob/ros2_ws/install/articubot_one/share/articubot_one/config/mapper_params_online_async.yaml\n'}
[1.150469] (articubot_one) StdoutLine: {'line': b'-- Up-to-date symlink: /home/rob/ros2_ws/install/articubot_one/share/articubot_one/config/my_controllers.yaml\n'}
[1.151069] (articubot_one) StdoutLine: {'line': b'-- Up-to-date symlink: /home/rob/ros2_ws/install/articubot_one/share/articubot_one/config/nav2_params.yaml\n'}
[1.151720] (articubot_one) StdoutLine: {'line': b'-- Up-to-date symlink: /home/rob/ros2_ws/install/articubot_one/share/articubot_one/config/twist_mux.yaml\n'}
[1.154349] (articubot_one) StdoutLine: {'line': b'-- Up-to-date symlink: /home/rob/ros2_ws/install/articubot_one/share/articubot_one/config/view_bot.rviz\n'}
[1.157133] (articubot_one) StdoutLine: {'line': b'-- Up-to-date symlink: /home/rob/ros2_ws/install/articubot_one/share/articubot_one/config/ylmz.rviz\n'}
[1.159499] (articubot_one) StdoutLine: {'line': b'-- Up-to-date symlink: /home/rob/ros2_ws/install/articubot_one/share/articubot_one/description/camera.xacro\n'}
[1.160123] (articubot_one) StdoutLine: {'line': b'-- Up-to-date symlink: /home/rob/ros2_ws/install/articubot_one/share/articubot_one/description/depth_camera.xacro\n'}
[1.163243] (articubot_one) StdoutLine: {'line': b'-- Up-to-date symlink: /home/rob/ros2_ws/install/articubot_one/share/articubot_one/description/face.xacro\n'}
[1.165257] (articubot_one) StdoutLine: {'line': b'-- Up-to-date symlink: /home/rob/ros2_ws/install/articubot_one/share/articubot_one/description/gazebo_control.xacro\n'}
[1.167549] (articubot_one) StdoutLine: {'line': b'-- Up-to-date symlink: /home/rob/ros2_ws/install/articubot_one/share/articubot_one/description/inertial_macros.xacro\n'}
[1.170509] (articubot_one) StdoutLine: {'line': b'-- Up-to-date symlink: /home/rob/ros2_ws/install/articubot_one/share/articubot_one/description/lidar.xacro\n'}
[1.171592] (articubot_one) StdoutLine: {'line': b'-- Up-to-date symlink: /home/rob/ros2_ws/install/articubot_one/share/articubot_one/description/robot.urdf.xacro\n'}
[1.172367] (articubot_one) StdoutLine: {'line': b'-- Up-to-date symlink: /home/rob/ros2_ws/install/articubot_one/share/articubot_one/description/robot_core.xacro\n'}
[1.173319] (articubot_one) StdoutLine: {'line': b'-- Up-to-date symlink: /home/rob/ros2_ws/install/articubot_one/share/articubot_one/description/ros2_control.xacro\n'}
[1.174321] (articubot_one) StdoutLine: {'line': b'-- Up-to-date symlink: /home/rob/ros2_ws/install/articubot_one/share/articubot_one/launch/ball_tracker.launch.py\n'}
[1.187595] (articubot_one) StdoutLine: {'line': b'-- Up-to-date symlink: /home/rob/ros2_ws/install/articubot_one/share/articubot_one/launch/baslat.launch.py\n'}
[1.188494] (articubot_one) StdoutLine: {'line': b'-- Up-to-date symlink: /home/rob/ros2_ws/install/articubot_one/share/articubot_one/launch/camera.launch.py\n'}
[1.189248] (articubot_one) StdoutLine: {'line': b'-- Up-to-date symlink: /home/rob/ros2_ws/install/articubot_one/share/articubot_one/launch/cmdvel_hover_launch.py\n'}
[1.189915] (articubot_one) StdoutLine: {'line': b'-- Up-to-date symlink: /home/rob/ros2_ws/install/articubot_one/share/articubot_one/launch/joystick.launch.py\n'}
[1.190769] (articubot_one) StdoutLine: {'line': b'-- Up-to-date symlink: /home/rob/ros2_ws/install/articubot_one/share/articubot_one/launch/launch_robot.launch.py\n'}
[1.191571] (articubot_one) StdoutLine: {'line': b'-- Up-to-date symlink: /home/rob/ros2_ws/install/articubot_one/share/articubot_one/launch/launch_sim.launch.py\n'}
[1.192108] (articubot_one) StdoutLine: {'line': b'-- Up-to-date symlink: /home/rob/ros2_ws/install/articubot_one/share/articubot_one/launch/localization_launch.py\n'}
[1.192640] (articubot_one) StdoutLine: {'line': b'-- Up-to-date symlink: /home/rob/ros2_ws/install/articubot_one/share/articubot_one/launch/navigation_launch.py\n'}
[1.193114] (articubot_one) StdoutLine: {'line': b'-- Up-to-date symlink: /home/rob/ros2_ws/install/articubot_one/share/articubot_one/launch/online_async_launch.py\n'}
[1.193672] (articubot_one) StdoutLine: {'line': b'-- Up-to-date symlink: /home/rob/ros2_ws/install/articubot_one/share/articubot_one/launch/rplidar.launch.py\n'}
[1.194174] (articubot_one) StdoutLine: {'line': b'-- Up-to-date symlink: /home/rob/ros2_ws/install/articubot_one/share/articubot_one/launch/rsp.launch.py\n'}
[1.194576] (articubot_one) StdoutLine: {'line': b'-- Up-to-date symlink: /home/rob/ros2_ws/install/articubot_one/share/articubot_one/launch/rviz_launch.py\n'}
[1.194982] (articubot_one) StdoutLine: {'line': b'-- Up-to-date symlink: /home/rob/ros2_ws/install/articubot_one/share/articubot_one/launch/slam_launch.py\n'}
[1.196257] (articubot_one) StdoutLine: {'line': b'-- Up-to-date symlink: /home/rob/ros2_ws/install/articubot_one/share/articubot_one/launch/ultrasonic_launch.py\n'}
[1.199934] (articubot_one) StdoutLine: {'line': b'-- Up-to-date symlink: /home/rob/ros2_ws/install/articubot_one/share/articubot_one/worlds/empty.world\n'}
[1.200970] (articubot_one) StdoutLine: {'line': b'-- Up-to-date symlink: /home/rob/ros2_ws/install/articubot_one/share/articubot_one/worlds/obstacles.world\n'}
[1.201666] (articubot_one) CommandEnded: {'returncode': 0}
[1.209011] (-) TimerEvent: {}
[1.299303] (articubot_one) JobEnded: {'identifier': 'articubot_one', 'rc': 0}
[1.309192] (-) TimerEvent: {}
[1.409925] (-) TimerEvent: {}
[1.510812] (-) TimerEvent: {}
[1.611661] (-) TimerEvent: {}
[1.712386] (-) TimerEvent: {}
[1.813130] (-) TimerEvent: {}
[1.913817] (-) TimerEvent: {}
[2.014546] (-) TimerEvent: {}
[2.115336] (-) TimerEvent: {}
[2.216149] (-) TimerEvent: {}
[2.316885] (-) TimerEvent: {}
[2.417575] (-) TimerEvent: {}
[2.518372] (-) TimerEvent: {}
[2.584511] (manual_drive) Command: {'cmd': ['/usr/bin/python3', '-W', 'ignore:setup.py install is deprecated', '-W', 'ignore:easy_install command is deprecated', 'setup.py', 'egg_info', '--egg-base', '../../build/manual_drive', 'build', '--build-base', '/home/rob/ros2_ws/build/manual_drive/build', 'install', '--record', '/home/rob/ros2_ws/build/manual_drive/install.log', '--single-version-externally-managed', 'install_data'], 'cwd': '/home/rob/ros2_ws/src/manual_drive', 'env': {'USER': 'rob', 'SSH_CLIENT': '192.168.1.7 8666 22', 'XDG_SESSION_TYPE': 'tty', 'SHLVL': '1', 'MOTD_SHOWN': 'pam', 'HOME': '/home/rob', 'OLDPWD': '/home/rob/ros2_ws/src', 'SSH_TTY': '/dev/pts/11', 'DBUS_SESSION_BUS_ADDRESS': 'unix:path=/run/user/1000/bus', 'LOGNAME': 'rob', '_': '/usr/local/bin/colcon', 'XDG_SESSION_CLASS': 'user', 'TERM': 'xterm-256color', 'XDG_SESSION_ID': '7', 'PATH': '/usr/local/sbin:/usr/local/bin:/usr/sbin:/usr/bin:/sbin:/bin:/usr/games:/usr/local/games:/snap/bin', 'XDG_RUNTIME_DIR': '/run/user/1000', 'DISPLAY': 'localhost:10.0', 'LANG': 'C.UTF-8', 'SHELL': '/bin/bash', 'PWD': '/home/rob/ros2_ws/build/manual_drive', 'SSH_CONNECTION': '192.168.1.7 8666 192.168.1.2 22', 'XDG_DATA_DIRS': '/usr/local/share:/usr/share:/var/lib/snapd/desktop', 'COLCON': '1', 'PYTHONPATH': '/home/rob/ros2_ws/build/manual_drive/prefix_override:/home/rob/.local/lib/python3.10/site-packages/colcon_core/task/python/colcon_distutils_commands:/home/rob/ros2_ws/install/manual_drive/lib/python3.10/site-packages:'}, 'shell': False}
[2.618523] (-) TimerEvent: {}
[2.719333] (-) TimerEvent: {}
[2.820104] (-) TimerEvent: {}
[2.920812] (-) TimerEvent: {}
[3.021493] (-) TimerEvent: {}
[3.122195] (-) TimerEvent: {}
[3.222880] (-) TimerEvent: {}
[3.323622] (-) TimerEvent: {}
[3.424424] (-) TimerEvent: {}
[3.453707] (manual_drive) StdoutLine: {'line': b'running egg_info\n'}
[3.456605] (manual_drive) StdoutLine: {'line': b'writing ../../build/manual_drive/manual_drive.egg-info/PKG-INFO\n'}
[3.457759] (manual_drive) StdoutLine: {'line': b'writing dependency_links to ../../build/manual_drive/manual_drive.egg-info/dependency_links.txt\n'}
[3.458745] (manual_drive) StdoutLine: {'line': b'writing entry points to ../../build/manual_drive/manual_drive.egg-info/entry_points.txt\n'}
[3.459750] (manual_drive) StdoutLine: {'line': b'writing requirements to ../../build/manual_drive/manual_drive.egg-info/requires.txt\n'}
[3.460414] (manual_drive) StdoutLine: {'line': b'writing top-level names to ../../build/manual_drive/manual_drive.egg-info/top_level.txt\n'}
[3.467798] (manual_drive) StdoutLine: {'line': b"reading manifest file '../../build/manual_drive/manual_drive.egg-info/SOURCES.txt'\n"}
[3.471581] (manual_drive) StdoutLine: {'line': b"writing manifest file '../../build/manual_drive/manual_drive.egg-info/SOURCES.txt'\n"}
[3.472281] (manual_drive) StdoutLine: {'line': b'running build\n'}
[3.472816] (manual_drive) StdoutLine: {'line': b'running build_py\n'}
[3.474481] (manual_drive) StdoutLine: {'line': b'running install\n'}
[3.475814] (manual_drive) StdoutLine: {'line': b'running install_lib\n'}
[3.481933] (manual_drive) StdoutLine: {'line': b'running install_data\n'}
[3.482655] (manual_drive) StdoutLine: {'line': b'running install_egg_info\n'}
[3.488970] (manual_drive) StdoutLine: {'line': b"removing '/home/rob/ros2_ws/install/manual_drive/lib/python3.10/site-packages/manual_drive-0.0.0-py3.10.egg-info' (and everything under it)\n"}
[3.490727] (manual_drive) StdoutLine: {'line': b'Copying ../../build/manual_drive/manual_drive.egg-info to /home/rob/ros2_ws/install/manual_drive/lib/python3.10/site-packages/manual_drive-0.0.0-py3.10.egg-info\n'}
[3.496679] (manual_drive) StdoutLine: {'line': b'running install_scripts\n'}
[3.524611] (-) TimerEvent: {}
[3.574453] (manual_drive) StdoutLine: {'line': b'Installing hoverboard_controller script to /home/rob/ros2_ws/install/manual_drive/lib/manual_drive\n'}
[3.575483] (manual_drive) StdoutLine: {'line': b'Installing manual_drive_node script to /home/rob/ros2_ws/install/manual_drive/lib/manual_drive\n'}
[3.577640] (manual_drive) StdoutLine: {'line': b"writing list of installed files to '/home/rob/ros2_ws/build/manual_drive/install.log'\n"}
[3.624896] (-) TimerEvent: {}
[3.691893] (manual_drive) CommandEnded: {'returncode': 0}
[3.723668] (manual_drive) JobEnded: {'identifier': 'manual_drive', 'rc': 0}
[3.729127] (-) TimerEvent: {}
[3.729712] (-) EventReactorShutdown: {}
