[5.676s] Invoking command in '/home/rob/ros2_ws/src/manual_drive': PYTHONPATH=/home/rob/ros2_ws/build/manual_drive/prefix_override:/home/rob/.local/lib/python3.10/site-packages/colcon_core/task/python/colcon_distutils_commands:/home/rob/ros2_ws/install/manual_drive/lib/python3.10/site-packages:${PYTHONPATH} /usr/bin/python3 -W ignore:setup.py install is deprecated -W ignore:easy_install command is deprecated setup.py egg_info --egg-base ../../build/manual_drive build --build-base /home/rob/ros2_ws/build/manual_drive/build install --record /home/rob/ros2_ws/build/manual_drive/install.log --single-version-externally-managed install_data
[7.806s] running egg_info
[7.811s] writing ../../build/manual_drive/manual_drive.egg-info/PKG-INFO
[7.812s] writing dependency_links to ../../build/manual_drive/manual_drive.egg-info/dependency_links.txt
[7.814s] writing entry points to ../../build/manual_drive/manual_drive.egg-info/entry_points.txt
[7.815s] writing requirements to ../../build/manual_drive/manual_drive.egg-info/requires.txt
[7.816s] writing top-level names to ../../build/manual_drive/manual_drive.egg-info/top_level.txt
[7.828s] reading manifest file '../../build/manual_drive/manual_drive.egg-info/SOURCES.txt'
[7.834s] writing manifest file '../../build/manual_drive/manual_drive.egg-info/SOURCES.txt'
[7.835s] running build
[7.835s] running build_py
[7.837s] running install
[7.839s] running install_lib
[7.849s] running install_data
[7.850s] running install_egg_info
[7.861s] removing '/home/rob/ros2_ws/install/manual_drive/lib/python3.10/site-packages/manual_drive-0.0.0-py3.10.egg-info' (and everything under it)
[7.863s] Copying ../../build/manual_drive/manual_drive.egg-info to /home/rob/ros2_ws/install/manual_drive/lib/python3.10/site-packages/manual_drive-0.0.0-py3.10.egg-info
[7.872s] running install_scripts
[7.998s] Installing hoverboard_controller script to /home/rob/ros2_ws/install/manual_drive/lib/manual_drive
[8.000s] Installing manual_drive_node script to /home/rob/ros2_ws/install/manual_drive/lib/manual_drive
[8.003s] writing list of installed files to '/home/rob/ros2_ws/build/manual_drive/install.log'
[8.195s] Invoked command in '/home/rob/ros2_ws/src/manual_drive' returned '0': PYTHONPATH=/home/rob/ros2_ws/build/manual_drive/prefix_override:/home/rob/.local/lib/python3.10/site-packages/colcon_core/task/python/colcon_distutils_commands:/home/rob/ros2_ws/install/manual_drive/lib/python3.10/site-packages:${PYTHONPATH} /usr/bin/python3 -W ignore:setup.py install is deprecated -W ignore:easy_install command is deprecated setup.py egg_info --egg-base ../../build/manual_drive build --build-base /home/rob/ros2_ws/build/manual_drive/build install --record /home/rob/ros2_ws/build/manual_drive/install.log --single-version-externally-managed install_data
