[0.130s] Invoking command in '/home/rob/ros2_ws/build/articubot_one': CMAKE_PREFIX_PATH=${CMAKE_PREFIX_PATH}:/home/rob/ros2_ws/install/manual_drive:/home/rob/turtlebot3_ws/install/turtlebot3_example:/opt/ros/humble /usr/bin/cmake --build /home/rob/ros2_ws/build/articubot_one -- -j4 -l4
[0.241s] -- Found ament_cmake: 1.3.11 (/opt/ros/humble/share/ament_cmake/cmake)
[0.990s] -- Override CMake install command with custom implementation using symlinks instead of copying resources
[1.028s] -- Found rclpy: 3.3.16 (/opt/ros/humble/share/rclpy/cmake)
[1.030s] -- Found ament_lint_auto: 0.12.12 (/opt/ros/humble/share/ament_lint_auto/cmake)
[1.404s] -- Added test 'copyright' to check source files copyright and LICENSE
[1.540s] -- Added test 'flake8' to check Python code syntax and style conventions
[1.559s] -- Added test 'lint_cmake' to check CMake code style
[1.568s] -- Added test 'pep257' to check Python code against some of the docstring style conventions in PEP 257
[1.638s] -- Added test 'xmllint' to check XML markup files
[1.645s] -- Configuring done
[1.676s] -- Generating done
[1.695s] -- Build files have been written to: /home/rob/ros2_ws/build/articubot_one
[1.816s] Invoked command in '/home/rob/ros2_ws/build/articubot_one' returned '0': CMAKE_PREFIX_PATH=${CMAKE_PREFIX_PATH}:/home/rob/ros2_ws/install/manual_drive:/home/rob/turtlebot3_ws/install/turtlebot3_example:/opt/ros/humble /usr/bin/cmake --build /home/rob/ros2_ws/build/articubot_one -- -j4 -l4
[1.862s] Invoking command in '/home/rob/ros2_ws/build/articubot_one': CMAKE_PREFIX_PATH=${CMAKE_PREFIX_PATH}:/home/rob/ros2_ws/install/manual_drive:/home/rob/turtlebot3_ws/install/turtlebot3_example:/opt/ros/humble /usr/bin/cmake --install /home/rob/ros2_ws/build/articubot_one
[1.892s] -- Install configuration: ""
[1.895s] -- Execute custom install script
[1.896s] -- Up-to-date symlink: /home/rob/ros2_ws/install/articubot_one/lib/articubot_one/cmdvel_hover.py
[1.899s] -- Up-to-date symlink: /home/rob/ros2_ws/install/articubot_one/share/articubot_one/config/ball_tracker_params_robot.yaml
[1.900s] -- Up-to-date symlink: /home/rob/ros2_ws/install/articubot_one/share/articubot_one/config/ball_tracker_params_sim.yaml
[1.900s] -- Up-to-date symlink: /home/rob/ros2_ws/install/articubot_one/share/articubot_one/config/drive_bot.rviz
[1.901s] -- Up-to-date symlink: /home/rob/ros2_ws/install/articubot_one/share/articubot_one/config/empty.yaml
[1.902s] -- Up-to-date symlink: /home/rob/ros2_ws/install/articubot_one/share/articubot_one/config/gaz_ros2_ctl_use_sim.yaml
[1.903s] -- Up-to-date symlink: /home/rob/ros2_ws/install/articubot_one/share/articubot_one/config/gazebo_params.yaml
[1.904s] -- Up-to-date symlink: /home/rob/ros2_ws/install/articubot_one/share/articubot_one/config/joystick.yaml
[1.904s] -- Up-to-date symlink: /home/rob/ros2_ws/install/articubot_one/share/articubot_one/config/main.rviz
[1.905s] -- Up-to-date symlink: /home/rob/ros2_ws/install/articubot_one/share/articubot_one/config/map.rviz
[1.906s] -- Up-to-date symlink: /home/rob/ros2_ws/install/articubot_one/share/articubot_one/config/map_params.yaml
[1.907s] -- Up-to-date symlink: /home/rob/ros2_ws/install/articubot_one/share/articubot_one/config/mapper_params_online_async.yaml
[1.907s] -- Up-to-date symlink: /home/rob/ros2_ws/install/articubot_one/share/articubot_one/config/my_controllers.yaml
[1.908s] -- Up-to-date symlink: /home/rob/ros2_ws/install/articubot_one/share/articubot_one/config/nav2_params.yaml
[1.909s] -- Up-to-date symlink: /home/rob/ros2_ws/install/articubot_one/share/articubot_one/config/twist_mux.yaml
[1.910s] -- Up-to-date symlink: /home/rob/ros2_ws/install/articubot_one/share/articubot_one/config/view_bot.rviz
[1.911s] -- Up-to-date symlink: /home/rob/ros2_ws/install/articubot_one/share/articubot_one/config/ylmz.rviz
[1.912s] -- Up-to-date symlink: /home/rob/ros2_ws/install/articubot_one/share/articubot_one/description/camera.xacro
[1.915s] -- Up-to-date symlink: /home/rob/ros2_ws/install/articubot_one/share/articubot_one/description/depth_camera.xacro
[1.916s] -- Up-to-date symlink: /home/rob/ros2_ws/install/articubot_one/share/articubot_one/description/face.xacro
[1.917s] -- Up-to-date symlink: /home/rob/ros2_ws/install/articubot_one/share/articubot_one/description/gazebo_control.xacro
[1.918s] -- Up-to-date symlink: /home/rob/ros2_ws/install/articubot_one/share/articubot_one/description/inertial_macros.xacro
[1.918s] -- Up-to-date symlink: /home/rob/ros2_ws/install/articubot_one/share/articubot_one/description/lidar.xacro
[1.919s] -- Up-to-date symlink: /home/rob/ros2_ws/install/articubot_one/share/articubot_one/description/robot.urdf.xacro
[1.919s] -- Up-to-date symlink: /home/rob/ros2_ws/install/articubot_one/share/articubot_one/description/robot_core.xacro
[1.920s] -- Up-to-date symlink: /home/rob/ros2_ws/install/articubot_one/share/articubot_one/description/ros2_control.xacro
[1.921s] -- Up-to-date symlink: /home/rob/ros2_ws/install/articubot_one/share/articubot_one/launch/ball_tracker.launch.py
[1.922s] -- Up-to-date symlink: /home/rob/ros2_ws/install/articubot_one/share/articubot_one/launch/camera.launch.py
[1.923s] -- Up-to-date symlink: /home/rob/ros2_ws/install/articubot_one/share/articubot_one/launch/cmdvel_hover_launch.py
[1.926s] -- Up-to-date symlink: /home/rob/ros2_ws/install/articubot_one/share/articubot_one/launch/joystick.launch.py
[1.927s] -- Up-to-date symlink: /home/rob/ros2_ws/install/articubot_one/share/articubot_one/launch/launch_robot.launch.py
[1.927s] -- Up-to-date symlink: /home/rob/ros2_ws/install/articubot_one/share/articubot_one/launch/launch_sim.launch.py
[1.928s] -- Up-to-date symlink: /home/rob/ros2_ws/install/articubot_one/share/articubot_one/launch/localization_launch.py
[1.929s] -- Up-to-date symlink: /home/rob/ros2_ws/install/articubot_one/share/articubot_one/launch/navigation_launch.py
[1.930s] -- Up-to-date symlink: /home/rob/ros2_ws/install/articubot_one/share/articubot_one/launch/online_async_launch.py
[1.930s] -- Up-to-date symlink: /home/rob/ros2_ws/install/articubot_one/share/articubot_one/launch/rplidar.launch.py
[1.931s] -- Up-to-date symlink: /home/rob/ros2_ws/install/articubot_one/share/articubot_one/launch/rsp.launch.py
[1.932s] -- Up-to-date symlink: /home/rob/ros2_ws/install/articubot_one/share/articubot_one/launch/slam_launch.py
[1.933s] -- Up-to-date symlink: /home/rob/ros2_ws/install/articubot_one/share/articubot_one/worlds/empty.world
[1.934s] -- Up-to-date symlink: /home/rob/ros2_ws/install/articubot_one/share/articubot_one/worlds/obstacles.world
[1.935s] -- Up-to-date symlink: /home/rob/ros2_ws/install/articubot_one/lib/articubot_one/odom_publisher.py
[1.935s] -- Symlinking: /home/rob/ros2_ws/install/articubot_one/lib/$(PROJECT_NAME)/ultrasonic_sensor_node.py
[1.980s] -- Up-to-date symlink: /home/rob/ros2_ws/install/articubot_one/share/ament_index/resource_index/package_run_dependencies/articubot_one
[1.981s] -- Up-to-date symlink: /home/rob/ros2_ws/install/articubot_one/share/ament_index/resource_index/parent_prefix_path/articubot_one
[1.983s] -- Up-to-date symlink: /home/rob/ros2_ws/install/articubot_one/share/articubot_one/environment/ament_prefix_path.sh
[1.984s] -- Up-to-date symlink: /home/rob/ros2_ws/install/articubot_one/share/articubot_one/environment/ament_prefix_path.dsv
[1.985s] -- Up-to-date symlink: /home/rob/ros2_ws/install/articubot_one/share/articubot_one/environment/path.sh
[1.986s] -- Up-to-date symlink: /home/rob/ros2_ws/install/articubot_one/share/articubot_one/environment/path.dsv
[1.987s] -- Up-to-date symlink: /home/rob/ros2_ws/install/articubot_one/share/articubot_one/local_setup.bash
[1.988s] -- Up-to-date symlink: /home/rob/ros2_ws/install/articubot_one/share/articubot_one/local_setup.sh
[1.989s] -- Up-to-date symlink: /home/rob/ros2_ws/install/articubot_one/share/articubot_one/local_setup.zsh
[1.990s] -- Up-to-date symlink: /home/rob/ros2_ws/install/articubot_one/share/articubot_one/local_setup.dsv
[1.991s] -- Symlinking: /home/rob/ros2_ws/install/articubot_one/share/articubot_one/package.dsv
[2.028s] -- Up-to-date symlink: /home/rob/ros2_ws/install/articubot_one/share/ament_index/resource_index/packages/articubot_one
[2.029s] -- Up-to-date symlink: /home/rob/ros2_ws/install/articubot_one/share/articubot_one/cmake/articubot_oneConfig.cmake
[2.030s] -- Up-to-date symlink: /home/rob/ros2_ws/install/articubot_one/share/articubot_one/cmake/articubot_oneConfig-version.cmake
[2.031s] -- Up-to-date symlink: /home/rob/ros2_ws/install/articubot_one/share/articubot_one/package.xml
[2.038s] Invoked command in '/home/rob/ros2_ws/build/articubot_one' returned '0': CMAKE_PREFIX_PATH=${CMAKE_PREFIX_PATH}:/home/rob/ros2_ws/install/manual_drive:/home/rob/turtlebot3_ws/install/turtlebot3_example:/opt/ros/humble /usr/bin/cmake --install /home/rob/ros2_ws/build/articubot_one
