[6.127s] Invoking command in '/home/rob/ros2_ws/src/manual_drive': PYTHONPATH=/home/rob/ros2_ws/build/manual_drive/prefix_override:/home/rob/.local/lib/python3.10/site-packages/colcon_core/task/python/colcon_distutils_commands:/home/rob/ros2_ws/install/manual_drive/lib/python3.10/site-packages:${PYTHONPATH} /usr/bin/python3 -W ignore:setup.py install is deprecated -W ignore:easy_install command is deprecated setup.py egg_info --egg-base ../../build/manual_drive build --build-base /home/rob/ros2_ws/build/manual_drive/build install --record /home/rob/ros2_ws/build/manual_drive/install.log --single-version-externally-managed install_data
[8.204s] running egg_info
[8.208s] writing ../../build/manual_drive/manual_drive.egg-info/PKG-INFO
[8.211s] writing dependency_links to ../../build/manual_drive/manual_drive.egg-info/dependency_links.txt
[8.212s] writing entry points to ../../build/manual_drive/manual_drive.egg-info/entry_points.txt
[8.213s] writing requirements to ../../build/manual_drive/manual_drive.egg-info/requires.txt
[8.217s] writing top-level names to ../../build/manual_drive/manual_drive.egg-info/top_level.txt
[8.224s] reading manifest file '../../build/manual_drive/manual_drive.egg-info/SOURCES.txt'
[8.231s] writing manifest file '../../build/manual_drive/manual_drive.egg-info/SOURCES.txt'
[8.232s] running build
[8.233s] running build_py
[8.236s] running install
[8.237s] running install_lib
[8.251s] running install_data
[8.252s] running install_egg_info
[8.256s] removing '/home/rob/ros2_ws/install/manual_drive/lib/python3.10/site-packages/manual_drive-0.0.0-py3.10.egg-info' (and everything under it)
[8.258s] Copying ../../build/manual_drive/manual_drive.egg-info to /home/rob/ros2_ws/install/manual_drive/lib/python3.10/site-packages/manual_drive-0.0.0-py3.10.egg-info
[8.268s] running install_scripts
[8.378s] Installing hoverboard_controller script to /home/rob/ros2_ws/install/manual_drive/lib/manual_drive
[8.381s] Installing manual_drive_node script to /home/rob/ros2_ws/install/manual_drive/lib/manual_drive
[8.382s] writing list of installed files to '/home/rob/ros2_ws/build/manual_drive/install.log'
[8.545s] Invoked command in '/home/rob/ros2_ws/src/manual_drive' returned '0': PYTHONPATH=/home/rob/ros2_ws/build/manual_drive/prefix_override:/home/rob/.local/lib/python3.10/site-packages/colcon_core/task/python/colcon_distutils_commands:/home/rob/ros2_ws/install/manual_drive/lib/python3.10/site-packages:${PYTHONPATH} /usr/bin/python3 -W ignore:setup.py install is deprecated -W ignore:easy_install command is deprecated setup.py egg_info --egg-base ../../build/manual_drive build --build-base /home/rob/ros2_ws/build/manual_drive/build install --record /home/rob/ros2_ws/build/manual_drive/install.log --single-version-externally-managed install_data
