[2.358s] Invoking command in '/home/rob/ros2_ws/src/manual_drive': PYTHONPATH=/home/rob/ros2_ws/src/manual_drive/build/manual_drive/prefix_override:/usr/lib/python3/dist-packages/colcon_core/task/python/colcon_distutils_commands:/home/rob/ros2_ws/src/manual_drive/install/manual_drive/lib/python3.10/site-packages: /usr/bin/python3 -W ignore:setup.py install is deprecated -W ignore:easy_install command is deprecated setup.py egg_info --egg-base build/manual_drive build --build-base /home/rob/ros2_ws/src/manual_drive/build/manual_drive/build install --record /home/rob/ros2_ws/src/manual_drive/build/manual_drive/install.log --single-version-externally-managed install_data
[3.233s] running egg_info
[3.235s] creating build/manual_drive/manual_drive.egg-info
[3.236s] writing build/manual_drive/manual_drive.egg-info/PKG-INFO
[3.237s] writing dependency_links to build/manual_drive/manual_drive.egg-info/dependency_links.txt
[3.237s] writing entry points to build/manual_drive/manual_drive.egg-info/entry_points.txt
[3.238s] writing requirements to build/manual_drive/manual_drive.egg-info/requires.txt
[3.238s] writing top-level names to build/manual_drive/manual_drive.egg-info/top_level.txt
[3.239s] writing manifest file 'build/manual_drive/manual_drive.egg-info/SOURCES.txt'
[3.245s] reading manifest file 'build/manual_drive/manual_drive.egg-info/SOURCES.txt'
[3.249s] writing manifest file 'build/manual_drive/manual_drive.egg-info/SOURCES.txt'
[3.249s] running build
[3.250s] running build_py
[3.250s] creating /home/rob/ros2_ws/src/manual_drive/build/manual_drive/build
[3.251s] creating /home/rob/ros2_ws/src/manual_drive/build/manual_drive/build/lib
[3.251s] creating /home/rob/ros2_ws/src/manual_drive/build/manual_drive/build/lib/manual_drive
[3.252s] copying manual_drive/__init__.py -> /home/rob/ros2_ws/src/manual_drive/build/manual_drive/build/lib/manual_drive
[3.252s] copying manual_drive/manual_drive_node.py -> /home/rob/ros2_ws/src/manual_drive/build/manual_drive/build/lib/manual_drive
[3.253s] running install
[3.254s] running install_lib
[3.257s] creating /home/rob/ros2_ws/src/manual_drive/install/manual_drive/lib/python3.10/site-packages/manual_drive
[3.257s] copying /home/rob/ros2_ws/src/manual_drive/build/manual_drive/build/lib/manual_drive/__init__.py -> /home/rob/ros2_ws/src/manual_drive/install/manual_drive/lib/python3.10/site-packages/manual_drive
[3.258s] copying /home/rob/ros2_ws/src/manual_drive/build/manual_drive/build/lib/manual_drive/manual_drive_node.py -> /home/rob/ros2_ws/src/manual_drive/install/manual_drive/lib/python3.10/site-packages/manual_drive
[3.260s] byte-compiling /home/rob/ros2_ws/src/manual_drive/install/manual_drive/lib/python3.10/site-packages/manual_drive/__init__.py to __init__.cpython-310.pyc
[3.261s] byte-compiling /home/rob/ros2_ws/src/manual_drive/install/manual_drive/lib/python3.10/site-packages/manual_drive/manual_drive_node.py to manual_drive_node.cpython-310.pyc
[3.265s] running install_data
[3.265s] creating /home/rob/ros2_ws/src/manual_drive/install/manual_drive/share/ament_index
[3.266s] creating /home/rob/ros2_ws/src/manual_drive/install/manual_drive/share/ament_index/resource_index
[3.266s] creating /home/rob/ros2_ws/src/manual_drive/install/manual_drive/share/ament_index/resource_index/packages
[3.267s] copying resource/manual_drive -> /home/rob/ros2_ws/src/manual_drive/install/manual_drive/share/ament_index/resource_index/packages
[3.267s] copying package.xml -> /home/rob/ros2_ws/src/manual_drive/install/manual_drive/share/manual_drive
[3.267s] running install_egg_info
[3.274s] Copying build/manual_drive/manual_drive.egg-info to /home/rob/ros2_ws/src/manual_drive/install/manual_drive/lib/python3.10/site-packages/manual_drive-0.0.0-py3.10.egg-info
[3.279s] running install_scripts
[3.354s] Installing hoverboard_controller script to /home/rob/ros2_ws/src/manual_drive/install/manual_drive/lib/manual_drive
[3.355s] Installing manual_drive_node script to /home/rob/ros2_ws/src/manual_drive/install/manual_drive/lib/manual_drive
[3.356s] writing list of installed files to '/home/rob/ros2_ws/src/manual_drive/build/manual_drive/install.log'
[3.469s] Invoked command in '/home/rob/ros2_ws/src/manual_drive' returned '0': PYTHONPATH=/home/rob/ros2_ws/src/manual_drive/build/manual_drive/prefix_override:/usr/lib/python3/dist-packages/colcon_core/task/python/colcon_distutils_commands:/home/rob/ros2_ws/src/manual_drive/install/manual_drive/lib/python3.10/site-packages: /usr/bin/python3 -W ignore:setup.py install is deprecated -W ignore:easy_install command is deprecated setup.py egg_info --egg-base build/manual_drive build --build-base /home/rob/ros2_ws/src/manual_drive/build/manual_drive/build install --record /home/rob/ros2_ws/src/manual_drive/build/manual_drive/install.log --single-version-externally-managed install_data
