[4.210s] Invoking command in '/home/rob/ros2_ws/src/manual_drive': PYTHONPATH=/home/rob/ros2_ws/build/manual_drive/prefix_override:/home/rob/.local/lib/python3.10/site-packages/colcon_core/task/python/colcon_distutils_commands:/home/rob/ros2_ws/install/manual_drive/lib/python3.10/site-packages:${PYTHONPATH} /usr/bin/python3 -W ignore:setup.py install is deprecated -W ignore:easy_install command is deprecated setup.py egg_info --egg-base ../../build/manual_drive build --build-base /home/rob/ros2_ws/build/manual_drive/build install --record /home/rob/ros2_ws/build/manual_drive/install.log --single-version-externally-managed install_data
[5.496s] running egg_info
[5.499s] writing ../../build/manual_drive/manual_drive.egg-info/PKG-INFO
[5.501s] writing dependency_links to ../../build/manual_drive/manual_drive.egg-info/dependency_links.txt
[5.501s] writing entry points to ../../build/manual_drive/manual_drive.egg-info/entry_points.txt
[5.502s] writing requirements to ../../build/manual_drive/manual_drive.egg-info/requires.txt
[5.503s] writing top-level names to ../../build/manual_drive/manual_drive.egg-info/top_level.txt
[5.514s] reading manifest file '../../build/manual_drive/manual_drive.egg-info/SOURCES.txt'
[5.520s] writing manifest file '../../build/manual_drive/manual_drive.egg-info/SOURCES.txt'
[5.522s] running build
[5.526s] running build_py
[5.529s] running install
[5.530s] running install_lib
[5.537s] running install_data
[5.538s] running install_egg_info
[5.545s] removing '/home/rob/ros2_ws/install/manual_drive/lib/python3.10/site-packages/manual_drive-0.0.0-py3.10.egg-info' (and everything under it)
[5.547s] Copying ../../build/manual_drive/manual_drive.egg-info to /home/rob/ros2_ws/install/manual_drive/lib/python3.10/site-packages/manual_drive-0.0.0-py3.10.egg-info
[5.554s] running install_scripts
[5.646s] Installing hoverboard_controller script to /home/rob/ros2_ws/install/manual_drive/lib/manual_drive
[5.647s] Installing manual_drive_node script to /home/rob/ros2_ws/install/manual_drive/lib/manual_drive
[5.649s] writing list of installed files to '/home/rob/ros2_ws/build/manual_drive/install.log'
[5.785s] Invoked command in '/home/rob/ros2_ws/src/manual_drive' returned '0': PYTHONPATH=/home/rob/ros2_ws/build/manual_drive/prefix_override:/home/rob/.local/lib/python3.10/site-packages/colcon_core/task/python/colcon_distutils_commands:/home/rob/ros2_ws/install/manual_drive/lib/python3.10/site-packages:${PYTHONPATH} /usr/bin/python3 -W ignore:setup.py install is deprecated -W ignore:easy_install command is deprecated setup.py egg_info --egg-base ../../build/manual_drive build --build-base /home/rob/ros2_ws/build/manual_drive/build install --record /home/rob/ros2_ws/build/manual_drive/install.log --single-version-externally-managed install_data
