[17.057s] Invoking command in '/home/rob/ros2_ws/src/manual_drive': PYTHONPATH=/home/rob/ros2_ws/build/manual_drive/prefix_override:/home/rob/.local/lib/python3.10/site-packages/colcon_core/task/python/colcon_distutils_commands:/home/rob/ros2_ws/install/manual_drive/lib/python3.10/site-packages: /usr/bin/python3 -W ignore:setup.py install is deprecated -W ignore:easy_install command is deprecated setup.py egg_info --egg-base ../../build/manual_drive build --build-base /home/rob/ros2_ws/build/manual_drive/build install --record /home/rob/ros2_ws/build/manual_drive/install.log --single-version-externally-managed install_data
[23.109s] running egg_info
[23.126s] writing ../../build/manual_drive/manual_drive.egg-info/PKG-INFO
[23.132s] writing dependency_links to ../../build/manual_drive/manual_drive.egg-info/dependency_links.txt
[23.133s] writing entry points to ../../build/manual_drive/manual_drive.egg-info/entry_points.txt
[23.135s] writing requirements to ../../build/manual_drive/manual_drive.egg-info/requires.txt
[23.137s] writing top-level names to ../../build/manual_drive/manual_drive.egg-info/top_level.txt
[23.150s] reading manifest file '../../build/manual_drive/manual_drive.egg-info/SOURCES.txt'
[23.171s] writing manifest file '../../build/manual_drive/manual_drive.egg-info/SOURCES.txt'
[23.173s] running build
[23.174s] running build_py
[23.175s] running install
[23.209s] running install_lib
[23.210s] running install_data
[23.211s] running install_egg_info
[23.211s] removing '/home/rob/ros2_ws/install/manual_drive/lib/python3.10/site-packages/manual_drive-0.0.0-py3.10.egg-info' (and everything under it)
[23.220s] Copying ../../build/manual_drive/manual_drive.egg-info to /home/rob/ros2_ws/install/manual_drive/lib/python3.10/site-packages/manual_drive-0.0.0-py3.10.egg-info
[23.224s] running install_scripts
[23.547s] Installing hoverboard_controller script to /home/rob/ros2_ws/install/manual_drive/lib/manual_drive
[23.551s] Installing manual_drive_node script to /home/rob/ros2_ws/install/manual_drive/lib/manual_drive
[23.560s] writing list of installed files to '/home/rob/ros2_ws/build/manual_drive/install.log'
[23.947s] Invoked command in '/home/rob/ros2_ws/src/manual_drive' returned '0': PYTHONPATH=/home/rob/ros2_ws/build/manual_drive/prefix_override:/home/rob/.local/lib/python3.10/site-packages/colcon_core/task/python/colcon_distutils_commands:/home/rob/ros2_ws/install/manual_drive/lib/python3.10/site-packages: /usr/bin/python3 -W ignore:setup.py install is deprecated -W ignore:easy_install command is deprecated setup.py egg_info --egg-base ../../build/manual_drive build --build-base /home/rob/ros2_ws/build/manual_drive/build install --record /home/rob/ros2_ws/build/manual_drive/install.log --single-version-externally-managed install_data
