[0.679s] DEBUG:colcon:Command line arguments: ['/usr/local/bin/colcon', 'build']
[0.679s] DEBUG:colcon:Parsed command line arguments: Namespace(log_base=None, log_level=None, verb_name='build', build_base='build', install_base='install', merge_install=False, symlink_install=False, test_result_base=None, continue_on_error=False, executor='parallel', parallel_workers=4, event_handlers=None, ignore_user_meta=False, metas=['./colcon.meta'], base_paths=['.'], packages_ignore=None, packages_ignore_regex=None, paths=None, packages_up_to=None, packages_up_to_regex=None, packages_above=None, packages_above_and_dependencies=None, packages_above_depth=None, packages_select_by_dep=None, packages_skip_by_dep=None, packages_skip_up_to=None, packages_select_build_failed=False, packages_skip_build_finished=False, packages_select_test_failures=False, packages_skip_test_passed=False, packages_select=None, packages_skip=None, packages_select_regex=None, packages_skip_regex=None, packages_start=None, packages_end=None, cmake_args=None, cmake_target=None, cmake_target_skip_unavailable=False, cmake_clean_cache=False, cmake_clean_first=False, cmake_force_configure=False, ament_cmake_args=None, catkin_cmake_args=None, catkin_skip_building_tests=False, verb_parser=<colcon_defaults.argument_parser.defaults.DefaultArgumentsDecorator object at 0xffffa408c670>, verb_extension=<colcon_core.verb.build.BuildVerb object at 0xffffa4235b70>, main=<bound method BuildVerb.main of <colcon_core.verb.build.BuildVerb object at 0xffffa4235b70>>)
[1.520s] Level 1:colcon.colcon_core.package_discovery:discover_packages(colcon_meta) check parameters
[1.520s] Level 1:colcon.colcon_core.package_discovery:discover_packages(recursive) check parameters
[1.521s] Level 1:colcon.colcon_core.package_discovery:discover_packages(ignore) check parameters
[1.521s] Level 1:colcon.colcon_core.package_discovery:discover_packages(path) check parameters
[1.521s] Level 1:colcon.colcon_core.package_discovery:discover_packages(colcon_meta) discover
[1.521s] Level 1:colcon.colcon_core.package_discovery:discover_packages(recursive) discover
[1.521s] INFO:colcon.colcon_core.package_discovery:Crawling recursively for packages in '/home/rob/ros2_ws'
[1.522s] Level 1:colcon.colcon_core.package_identification:_identify(.) by extensions ['ignore', 'ignore_ament_install']
[1.523s] Level 1:colcon.colcon_core.package_identification:_identify(.) by extension 'ignore'
[1.523s] Level 1:colcon.colcon_core.package_identification:_identify(.) by extension 'ignore_ament_install'
[1.523s] Level 1:colcon.colcon_core.package_identification:_identify(.) by extensions ['colcon_pkg']
[1.523s] Level 1:colcon.colcon_core.package_identification:_identify(.) by extension 'colcon_pkg'
[1.523s] Level 1:colcon.colcon_core.package_identification:_identify(.) by extensions ['colcon_meta']
[1.523s] Level 1:colcon.colcon_core.package_identification:_identify(.) by extension 'colcon_meta'
[1.524s] Level 1:colcon.colcon_core.package_identification:_identify(.) by extensions ['ros']
[1.524s] Level 1:colcon.colcon_core.package_identification:_identify(.) by extension 'ros'
[1.569s] Level 1:colcon.colcon_core.package_identification:_identify(.) by extensions ['cmake', 'python']
[1.569s] Level 1:colcon.colcon_core.package_identification:_identify(.) by extension 'cmake'
[1.569s] Level 1:colcon.colcon_core.package_identification:_identify(.) by extension 'python'
[1.570s] Level 1:colcon.colcon_core.package_identification:_identify(.) by extensions ['python_setup_py']
[1.570s] Level 1:colcon.colcon_core.package_identification:_identify(.) by extension 'python_setup_py'
[1.570s] Level 1:colcon.colcon_core.package_identification:_identify(build) by extensions ['ignore', 'ignore_ament_install']
[1.571s] Level 1:colcon.colcon_core.package_identification:_identify(build) by extension 'ignore'
[1.571s] Level 1:colcon.colcon_core.package_identification:_identify(build) ignored
[1.572s] Level 1:colcon.colcon_core.package_identification:_identify(install) by extensions ['ignore', 'ignore_ament_install']
[1.572s] Level 1:colcon.colcon_core.package_identification:_identify(install) by extension 'ignore'
[1.574s] Level 1:colcon.colcon_core.package_identification:_identify(install) ignored
[1.575s] Level 1:colcon.colcon_core.package_identification:_identify(log) by extensions ['ignore', 'ignore_ament_install']
[1.576s] Level 1:colcon.colcon_core.package_identification:_identify(log) by extension 'ignore'
[1.576s] Level 1:colcon.colcon_core.package_identification:_identify(log) ignored
[1.577s] Level 1:colcon.colcon_core.package_identification:_identify(src) by extensions ['ignore', 'ignore_ament_install']
[1.578s] Level 1:colcon.colcon_core.package_identification:_identify(src) by extension 'ignore'
[1.578s] Level 1:colcon.colcon_core.package_identification:_identify(src) by extension 'ignore_ament_install'
[1.578s] Level 1:colcon.colcon_core.package_identification:_identify(src) by extensions ['colcon_pkg']
[1.578s] Level 1:colcon.colcon_core.package_identification:_identify(src) by extension 'colcon_pkg'
[1.578s] Level 1:colcon.colcon_core.package_identification:_identify(src) by extensions ['colcon_meta']
[1.579s] Level 1:colcon.colcon_core.package_identification:_identify(src) by extension 'colcon_meta'
[1.579s] Level 1:colcon.colcon_core.package_identification:_identify(src) by extensions ['ros']
[1.579s] Level 1:colcon.colcon_core.package_identification:_identify(src) by extension 'ros'
[1.579s] Level 1:colcon.colcon_core.package_identification:_identify(src) by extensions ['cmake', 'python']
[1.579s] Level 1:colcon.colcon_core.package_identification:_identify(src) by extension 'cmake'
[1.580s] Level 1:colcon.colcon_core.package_identification:_identify(src) by extension 'python'
[1.580s] Level 1:colcon.colcon_core.package_identification:_identify(src) by extensions ['python_setup_py']
[1.580s] Level 1:colcon.colcon_core.package_identification:_identify(src) by extension 'python_setup_py'
[1.580s] Level 1:colcon.colcon_core.package_identification:_identify(src/articubot_one) by extensions ['ignore', 'ignore_ament_install']
[1.581s] Level 1:colcon.colcon_core.package_identification:_identify(src/articubot_one) by extension 'ignore'
[1.581s] Level 1:colcon.colcon_core.package_identification:_identify(src/articubot_one) by extension 'ignore_ament_install'
[1.581s] Level 1:colcon.colcon_core.package_identification:_identify(src/articubot_one) by extensions ['colcon_pkg']
[1.581s] Level 1:colcon.colcon_core.package_identification:_identify(src/articubot_one) by extension 'colcon_pkg'
[1.582s] Level 1:colcon.colcon_core.package_identification:_identify(src/articubot_one) by extensions ['colcon_meta']
[1.582s] Level 1:colcon.colcon_core.package_identification:_identify(src/articubot_one) by extension 'colcon_meta'
[1.582s] Level 1:colcon.colcon_core.package_identification:_identify(src/articubot_one) by extensions ['ros']
[1.582s] Level 1:colcon.colcon_core.package_identification:_identify(src/articubot_one) by extension 'ros'
[1.596s] DEBUG:colcon.colcon_core.package_identification:Package 'src/articubot_one' with type 'ros.ament_cmake' and name 'articubot_one'
[1.597s] Level 1:colcon.colcon_core.package_identification:_identify(src/build) by extensions ['ignore', 'ignore_ament_install']
[1.598s] Level 1:colcon.colcon_core.package_identification:_identify(src/build) by extension 'ignore'
[1.598s] Level 1:colcon.colcon_core.package_identification:_identify(src/build) ignored
[1.599s] Level 1:colcon.colcon_core.package_identification:_identify(src/install) by extensions ['ignore', 'ignore_ament_install']
[1.600s] Level 1:colcon.colcon_core.package_identification:_identify(src/install) by extension 'ignore'
[1.601s] Level 1:colcon.colcon_core.package_identification:_identify(src/install) ignored
[1.601s] Level 1:colcon.colcon_core.package_identification:_identify(src/log) by extensions ['ignore', 'ignore_ament_install']
[1.602s] Level 1:colcon.colcon_core.package_identification:_identify(src/log) by extension 'ignore'
[1.602s] Level 1:colcon.colcon_core.package_identification:_identify(src/log) ignored
[1.602s] Level 1:colcon.colcon_core.package_identification:_identify(src/manual_drive) by extensions ['ignore', 'ignore_ament_install']
[1.603s] Level 1:colcon.colcon_core.package_identification:_identify(src/manual_drive) by extension 'ignore'
[1.603s] Level 1:colcon.colcon_core.package_identification:_identify(src/manual_drive) by extension 'ignore_ament_install'
[1.603s] Level 1:colcon.colcon_core.package_identification:_identify(src/manual_drive) by extensions ['colcon_pkg']
[1.604s] Level 1:colcon.colcon_core.package_identification:_identify(src/manual_drive) by extension 'colcon_pkg'
[1.604s] Level 1:colcon.colcon_core.package_identification:_identify(src/manual_drive) by extensions ['colcon_meta']
[1.605s] Level 1:colcon.colcon_core.package_identification:_identify(src/manual_drive) by extension 'colcon_meta'
[1.606s] Level 1:colcon.colcon_core.package_identification:_identify(src/manual_drive) by extensions ['ros']
[1.606s] Level 1:colcon.colcon_core.package_identification:_identify(src/manual_drive) by extension 'ros'
[1.609s] DEBUG:colcon.colcon_core.package_identification:Package 'src/manual_drive' with type 'ros.ament_python' and name 'manual_drive'
[1.609s] Level 1:colcon.colcon_core.package_discovery:discover_packages(recursive) using defaults
[1.609s] Level 1:colcon.colcon_core.package_discovery:discover_packages(ignore) discover
[1.609s] Level 1:colcon.colcon_core.package_discovery:discover_packages(ignore) using defaults
[1.609s] Level 1:colcon.colcon_core.package_discovery:discover_packages(path) discover
[1.610s] Level 1:colcon.colcon_core.package_discovery:discover_packages(path) using defaults
[1.692s] Level 5:colcon.colcon_core.verb:set package 'articubot_one' build argument 'cmake_args' from command line to 'None'
[1.693s] Level 5:colcon.colcon_core.verb:set package 'articubot_one' build argument 'cmake_target' from command line to 'None'
[1.693s] Level 5:colcon.colcon_core.verb:set package 'articubot_one' build argument 'cmake_target_skip_unavailable' from command line to 'False'
[1.693s] Level 5:colcon.colcon_core.verb:set package 'articubot_one' build argument 'cmake_clean_cache' from command line to 'False'
[1.693s] Level 5:colcon.colcon_core.verb:set package 'articubot_one' build argument 'cmake_clean_first' from command line to 'False'
[1.693s] Level 5:colcon.colcon_core.verb:set package 'articubot_one' build argument 'cmake_force_configure' from command line to 'False'
[1.693s] Level 5:colcon.colcon_core.verb:set package 'articubot_one' build argument 'ament_cmake_args' from command line to 'None'
[1.693s] Level 5:colcon.colcon_core.verb:set package 'articubot_one' build argument 'catkin_cmake_args' from command line to 'None'
[1.694s] Level 5:colcon.colcon_core.verb:set package 'articubot_one' build argument 'catkin_skip_building_tests' from command line to 'False'
[1.694s] DEBUG:colcon.colcon_core.verb:Building package 'articubot_one' with the following arguments: {'ament_cmake_args': None, 'build_base': '/home/rob/ros2_ws/build/articubot_one', 'catkin_cmake_args': None, 'catkin_skip_building_tests': False, 'cmake_args': None, 'cmake_clean_cache': False, 'cmake_clean_first': False, 'cmake_force_configure': False, 'cmake_target': None, 'cmake_target_skip_unavailable': False, 'install_base': '/home/rob/ros2_ws/install/articubot_one', 'merge_install': False, 'path': '/home/rob/ros2_ws/src/articubot_one', 'symlink_install': False, 'test_result_base': None}
[1.695s] Level 5:colcon.colcon_core.verb:set package 'manual_drive' build argument 'cmake_args' from command line to 'None'
[1.695s] Level 5:colcon.colcon_core.verb:set package 'manual_drive' build argument 'cmake_target' from command line to 'None'
[1.696s] Level 5:colcon.colcon_core.verb:set package 'manual_drive' build argument 'cmake_target_skip_unavailable' from command line to 'False'
[1.696s] Level 5:colcon.colcon_core.verb:set package 'manual_drive' build argument 'cmake_clean_cache' from command line to 'False'
[1.696s] Level 5:colcon.colcon_core.verb:set package 'manual_drive' build argument 'cmake_clean_first' from command line to 'False'
[1.696s] Level 5:colcon.colcon_core.verb:set package 'manual_drive' build argument 'cmake_force_configure' from command line to 'False'
[1.696s] Level 5:colcon.colcon_core.verb:set package 'manual_drive' build argument 'ament_cmake_args' from command line to 'None'
[1.696s] Level 5:colcon.colcon_core.verb:set package 'manual_drive' build argument 'catkin_cmake_args' from command line to 'None'
[1.696s] Level 5:colcon.colcon_core.verb:set package 'manual_drive' build argument 'catkin_skip_building_tests' from command line to 'False'
[1.696s] DEBUG:colcon.colcon_core.verb:Building package 'manual_drive' with the following arguments: {'ament_cmake_args': None, 'build_base': '/home/rob/ros2_ws/build/manual_drive', 'catkin_cmake_args': None, 'catkin_skip_building_tests': False, 'cmake_args': None, 'cmake_clean_cache': False, 'cmake_clean_first': False, 'cmake_force_configure': False, 'cmake_target': None, 'cmake_target_skip_unavailable': False, 'install_base': '/home/rob/ros2_ws/install/manual_drive', 'merge_install': False, 'path': '/home/rob/ros2_ws/src/manual_drive', 'symlink_install': False, 'test_result_base': None}
[1.697s] INFO:colcon.colcon_core.executor:Executing jobs using 'parallel' executor
[1.702s] DEBUG:colcon.colcon_parallel_executor.executor.parallel:run_until_complete
[1.704s] INFO:colcon.colcon_ros.task.ament_cmake.build:Building ROS package in '/home/rob/ros2_ws/src/articubot_one' with build type 'ament_cmake'
[1.705s] INFO:colcon.colcon_cmake.task.cmake.build:Building CMake package in '/home/rob/ros2_ws/src/articubot_one'
[1.715s] INFO:colcon.colcon_core.plugin_system:Skipping extension 'colcon_core.shell.bat': Not used on non-Windows systems
[1.716s] INFO:colcon.colcon_core.shell:Skip shell extension 'powershell' for command environment: Not usable outside of PowerShell
[1.716s] DEBUG:colcon.colcon_core.shell:Skip shell extension 'dsv' for command environment
[1.747s] INFO:colcon.colcon_ros.task.ament_python.build:Building ROS package in '/home/rob/ros2_ws/src/manual_drive' with build type 'ament_python'
[1.748s] Level 1:colcon.colcon_core.shell:create_environment_hook('manual_drive', 'ament_prefix_path')
[1.749s] INFO:colcon.colcon_core.shell:Creating environment hook '/home/rob/ros2_ws/install/manual_drive/share/manual_drive/hook/ament_prefix_path.ps1'
[1.753s] INFO:colcon.colcon_core.shell:Creating environment descriptor '/home/rob/ros2_ws/install/manual_drive/share/manual_drive/hook/ament_prefix_path.dsv'
[1.756s] INFO:colcon.colcon_core.shell:Creating environment hook '/home/rob/ros2_ws/install/manual_drive/share/manual_drive/hook/ament_prefix_path.sh'
[1.761s] INFO:colcon.colcon_core.shell:Skip shell extension 'powershell' for command environment: Not usable outside of PowerShell
[1.761s] DEBUG:colcon.colcon_core.shell:Skip shell extension 'dsv' for command environment
[1.807s] DEBUG:colcon.colcon_core.event_handler.log_command:Invoking command in '/home/rob/ros2_ws/build/articubot_one': CMAKE_PREFIX_PATH=${CMAKE_PREFIX_PATH}:/home/rob/ros2_ws/install/manual_drive:/home/rob/turtlebot3_ws/install/turtlebot3_example:/opt/ros/humble /usr/bin/cmake --build /home/rob/ros2_ws/build/articubot_one -- -j4 -l4
[3.323s] INFO:colcon.colcon_core.task.python.build:Building Python package in '/home/rob/ros2_ws/src/manual_drive'
[3.324s] INFO:colcon.colcon_core.shell:Skip shell extension 'powershell' for command environment: Not usable outside of PowerShell
[3.325s] DEBUG:colcon.colcon_core.shell:Skip shell extension 'dsv' for command environment
[3.360s] DEBUG:colcon.colcon_core.event_handler.log_command:Invoked command in '/home/rob/ros2_ws/build/articubot_one' returned '0': CMAKE_PREFIX_PATH=${CMAKE_PREFIX_PATH}:/home/rob/ros2_ws/install/manual_drive:/home/rob/turtlebot3_ws/install/turtlebot3_example:/opt/ros/humble /usr/bin/cmake --build /home/rob/ros2_ws/build/articubot_one -- -j4 -l4
[3.408s] DEBUG:colcon.colcon_core.event_handler.log_command:Invoking command in '/home/rob/ros2_ws/build/articubot_one': CMAKE_PREFIX_PATH=${CMAKE_PREFIX_PATH}:/home/rob/ros2_ws/install/manual_drive:/home/rob/turtlebot3_ws/install/turtlebot3_example:/opt/ros/humble /usr/bin/cmake --install /home/rob/ros2_ws/build/articubot_one
[3.507s] Level 1:colcon.colcon_core.environment:create_environment_scripts_only(articubot_one)
[3.531s] Level 1:colcon.colcon_core.environment:checking '/home/rob/ros2_ws/install/articubot_one' for CMake module files
[3.536s] Level 1:colcon.colcon_core.environment:checking '/home/rob/ros2_ws/install/articubot_one' for CMake config files
[3.540s] Level 1:colcon.colcon_core.shell:create_environment_hook('articubot_one', 'cmake_prefix_path')
[3.541s] INFO:colcon.colcon_core.shell:Creating environment hook '/home/rob/ros2_ws/install/articubot_one/share/articubot_one/hook/cmake_prefix_path.ps1'
[3.553s] INFO:colcon.colcon_core.shell:Creating environment descriptor '/home/rob/ros2_ws/install/articubot_one/share/articubot_one/hook/cmake_prefix_path.dsv'
[3.555s] INFO:colcon.colcon_core.shell:Creating environment hook '/home/rob/ros2_ws/install/articubot_one/share/articubot_one/hook/cmake_prefix_path.sh'
[3.568s] Level 1:colcon.colcon_core.environment:checking '/home/rob/ros2_ws/install/articubot_one/lib'
[3.569s] Level 1:colcon.colcon_core.environment:checking '/home/rob/ros2_ws/install/articubot_one/bin'
[3.569s] Level 1:colcon.colcon_core.environment:checking '/home/rob/ros2_ws/install/articubot_one/lib/pkgconfig/articubot_one.pc'
[3.571s] Level 1:colcon.colcon_core.environment:checking '/home/rob/ros2_ws/install/articubot_one/lib/python3.10/site-packages'
[3.572s] Level 1:colcon.colcon_core.environment:checking '/home/rob/ros2_ws/install/articubot_one/bin'
[3.573s] INFO:colcon.colcon_core.shell:Creating package script '/home/rob/ros2_ws/install/articubot_one/share/articubot_one/package.ps1'
[3.586s] INFO:colcon.colcon_core.shell:Creating package descriptor '/home/rob/ros2_ws/install/articubot_one/share/articubot_one/package.dsv'
[3.587s] DEBUG:colcon.colcon_core.event_handler.log_command:Invoked command in '/home/rob/ros2_ws/build/articubot_one' returned '0': CMAKE_PREFIX_PATH=${CMAKE_PREFIX_PATH}:/home/rob/ros2_ws/install/manual_drive:/home/rob/turtlebot3_ws/install/turtlebot3_example:/opt/ros/humble /usr/bin/cmake --install /home/rob/ros2_ws/build/articubot_one
[3.591s] INFO:colcon.colcon_core.shell:Creating package script '/home/rob/ros2_ws/install/articubot_one/share/articubot_one/package.sh'
[3.599s] INFO:colcon.colcon_core.shell:Creating package script '/home/rob/ros2_ws/install/articubot_one/share/articubot_one/package.bash'
[3.604s] INFO:colcon.colcon_core.shell:Creating package script '/home/rob/ros2_ws/install/articubot_one/share/articubot_one/package.zsh'
[3.610s] Level 1:colcon.colcon_core.environment:create_file_with_runtime_dependencies(/home/rob/ros2_ws/install/articubot_one/share/colcon-core/packages/articubot_one)
[3.614s] Level 1:colcon.colcon_core.environment:create_environment_scripts_only(articubot_one)
[3.615s] Level 1:colcon.colcon_core.environment:checking '/home/rob/ros2_ws/install/articubot_one' for CMake module files
[3.619s] Level 1:colcon.colcon_core.environment:checking '/home/rob/ros2_ws/install/articubot_one' for CMake config files
[3.623s] Level 1:colcon.colcon_core.shell:create_environment_hook('articubot_one', 'cmake_prefix_path')
[3.624s] INFO:colcon.colcon_core.shell:Creating environment hook '/home/rob/ros2_ws/install/articubot_one/share/articubot_one/hook/cmake_prefix_path.ps1'
[3.627s] INFO:colcon.colcon_core.shell:Creating environment descriptor '/home/rob/ros2_ws/install/articubot_one/share/articubot_one/hook/cmake_prefix_path.dsv'
[3.629s] INFO:colcon.colcon_core.shell:Creating environment hook '/home/rob/ros2_ws/install/articubot_one/share/articubot_one/hook/cmake_prefix_path.sh'
[3.633s] Level 1:colcon.colcon_core.environment:checking '/home/rob/ros2_ws/install/articubot_one/lib'
[3.634s] Level 1:colcon.colcon_core.environment:checking '/home/rob/ros2_ws/install/articubot_one/bin'
[3.634s] Level 1:colcon.colcon_core.environment:checking '/home/rob/ros2_ws/install/articubot_one/lib/pkgconfig/articubot_one.pc'
[3.635s] Level 1:colcon.colcon_core.environment:checking '/home/rob/ros2_ws/install/articubot_one/lib/python3.10/site-packages'
[3.637s] Level 1:colcon.colcon_core.environment:checking '/home/rob/ros2_ws/install/articubot_one/bin'
[3.638s] INFO:colcon.colcon_core.shell:Creating package script '/home/rob/ros2_ws/install/articubot_one/share/articubot_one/package.ps1'
[3.641s] INFO:colcon.colcon_core.shell:Creating package descriptor '/home/rob/ros2_ws/install/articubot_one/share/articubot_one/package.dsv'
[3.644s] INFO:colcon.colcon_core.shell:Creating package script '/home/rob/ros2_ws/install/articubot_one/share/articubot_one/package.sh'
[3.648s] INFO:colcon.colcon_core.shell:Creating package script '/home/rob/ros2_ws/install/articubot_one/share/articubot_one/package.bash'
[3.651s] INFO:colcon.colcon_core.shell:Creating package script '/home/rob/ros2_ws/install/articubot_one/share/articubot_one/package.zsh'
[3.655s] Level 1:colcon.colcon_core.environment:create_file_with_runtime_dependencies(/home/rob/ros2_ws/install/articubot_one/share/colcon-core/packages/articubot_one)
[5.308s] DEBUG:colcon.colcon_core.event_handler.log_command:Invoking command in '/home/rob/ros2_ws/src/manual_drive': PYTHONPATH=/home/rob/ros2_ws/build/manual_drive/prefix_override:/home/rob/.local/lib/python3.10/site-packages/colcon_core/task/python/colcon_distutils_commands:/home/rob/ros2_ws/install/manual_drive/lib/python3.10/site-packages:${PYTHONPATH} /usr/bin/python3 -W ignore:setup.py install is deprecated -W ignore:easy_install command is deprecated setup.py egg_info --egg-base ../../build/manual_drive build --build-base /home/rob/ros2_ws/build/manual_drive/build install --record /home/rob/ros2_ws/build/manual_drive/install.log --single-version-externally-managed install_data
[6.964s] Level 1:colcon.colcon_core.environment:checking '/home/rob/ros2_ws/install/manual_drive' for CMake module files
[6.966s] DEBUG:colcon.colcon_core.event_handler.log_command:Invoked command in '/home/rob/ros2_ws/src/manual_drive' returned '0': PYTHONPATH=/home/rob/ros2_ws/build/manual_drive/prefix_override:/home/rob/.local/lib/python3.10/site-packages/colcon_core/task/python/colcon_distutils_commands:/home/rob/ros2_ws/install/manual_drive/lib/python3.10/site-packages:${PYTHONPATH} /usr/bin/python3 -W ignore:setup.py install is deprecated -W ignore:easy_install command is deprecated setup.py egg_info --egg-base ../../build/manual_drive build --build-base /home/rob/ros2_ws/build/manual_drive/build install --record /home/rob/ros2_ws/build/manual_drive/install.log --single-version-externally-managed install_data
[6.967s] Level 1:colcon.colcon_core.environment:checking '/home/rob/ros2_ws/install/manual_drive' for CMake config files
[6.972s] Level 1:colcon.colcon_core.environment:checking '/home/rob/ros2_ws/install/manual_drive/lib'
[6.973s] Level 1:colcon.colcon_core.environment:checking '/home/rob/ros2_ws/install/manual_drive/bin'
[6.973s] Level 1:colcon.colcon_core.environment:checking '/home/rob/ros2_ws/install/manual_drive/lib/pkgconfig/manual_drive.pc'
[6.975s] Level 1:colcon.colcon_core.environment:checking '/home/rob/ros2_ws/install/manual_drive/lib/python3.10/site-packages'
[6.976s] Level 1:colcon.colcon_core.shell:create_environment_hook('manual_drive', 'pythonpath')
[6.977s] INFO:colcon.colcon_core.shell:Creating environment hook '/home/rob/ros2_ws/install/manual_drive/share/manual_drive/hook/pythonpath.ps1'
[6.979s] INFO:colcon.colcon_core.shell:Creating environment descriptor '/home/rob/ros2_ws/install/manual_drive/share/manual_drive/hook/pythonpath.dsv'
[6.983s] INFO:colcon.colcon_core.shell:Creating environment hook '/home/rob/ros2_ws/install/manual_drive/share/manual_drive/hook/pythonpath.sh'
[6.986s] Level 1:colcon.colcon_core.environment:checking '/home/rob/ros2_ws/install/manual_drive/bin'
[6.987s] Level 1:colcon.colcon_core.environment:create_environment_scripts_only(manual_drive)
[6.988s] INFO:colcon.colcon_core.shell:Creating package script '/home/rob/ros2_ws/install/manual_drive/share/manual_drive/package.ps1'
[6.991s] INFO:colcon.colcon_core.shell:Creating package descriptor '/home/rob/ros2_ws/install/manual_drive/share/manual_drive/package.dsv'
[6.993s] INFO:colcon.colcon_core.shell:Creating package script '/home/rob/ros2_ws/install/manual_drive/share/manual_drive/package.sh'
[6.995s] INFO:colcon.colcon_core.shell:Creating package script '/home/rob/ros2_ws/install/manual_drive/share/manual_drive/package.bash'
[6.998s] INFO:colcon.colcon_core.shell:Creating package script '/home/rob/ros2_ws/install/manual_drive/share/manual_drive/package.zsh'
[7.000s] Level 1:colcon.colcon_core.environment:create_file_with_runtime_dependencies(/home/rob/ros2_ws/install/manual_drive/share/colcon-core/packages/manual_drive)
[7.001s] DEBUG:colcon.colcon_parallel_executor.executor.parallel:closing loop
[7.002s] DEBUG:colcon.colcon_parallel_executor.executor.parallel:loop closed
[7.003s] DEBUG:colcon.colcon_parallel_executor.executor.parallel:run_until_complete finished with '0'
[7.003s] DEBUG:colcon.colcon_core.event_reactor:joining thread
[7.028s] INFO:colcon.colcon_core.plugin_system:Skipping extension 'colcon_notification.desktop_notification.notify_send': Could not find 'notify-send'
[7.029s] INFO:colcon.colcon_core.plugin_system:Skipping extension 'colcon_notification.desktop_notification.terminal_notifier': Not used on non-Darwin systems
[7.029s] INFO:colcon.colcon_core.plugin_system:Skipping extension 'colcon_notification.desktop_notification.win32': Not used on non-Windows systems
[7.029s] INFO:colcon.colcon_notification.desktop_notification:Sending desktop notification using 'notify2'
[7.032s] DEBUG:colcon.colcon_notification.desktop_notification.notify2:Failed to initialize notify2: org.freedesktop.DBus.Error.ServiceUnknown: The name org.freedesktop.Notifications was not provided by any .service files
[7.032s] DEBUG:colcon.colcon_core.event_reactor:joined thread
[7.034s] INFO:colcon.colcon_core.shell:Creating prefix script '/home/rob/ros2_ws/install/local_setup.ps1'
[7.039s] INFO:colcon.colcon_core.shell:Creating prefix util module '/home/rob/ros2_ws/install/_local_setup_util_ps1.py'
[7.050s] INFO:colcon.colcon_core.shell:Creating prefix chain script '/home/rob/ros2_ws/install/setup.ps1'
[7.057s] INFO:colcon.colcon_core.shell:Creating prefix script '/home/rob/ros2_ws/install/local_setup.sh'
[7.060s] INFO:colcon.colcon_core.shell:Creating prefix util module '/home/rob/ros2_ws/install/_local_setup_util_sh.py'
[7.063s] INFO:colcon.colcon_core.shell:Creating prefix chain script '/home/rob/ros2_ws/install/setup.sh'
[7.070s] INFO:colcon.colcon_core.shell:Creating prefix script '/home/rob/ros2_ws/install/local_setup.bash'
[7.072s] INFO:colcon.colcon_core.shell:Creating prefix chain script '/home/rob/ros2_ws/install/setup.bash'
[7.085s] INFO:colcon.colcon_core.shell:Creating prefix script '/home/rob/ros2_ws/install/local_setup.zsh'
[7.088s] INFO:colcon.colcon_core.shell:Creating prefix chain script '/home/rob/ros2_ws/install/setup.zsh'
