[0.499s] DEBUG:colcon:Command line arguments: ['/usr/bin/colcon', 'build', '--symlink-install']
[0.500s] DEBUG:colcon:Parsed command line arguments: Namespace(log_base=None, log_level=None, verb_name='build', build_base='build', install_base='install', merge_install=False, symlink_install=True, test_result_base=None, continue_on_error=False, executor='parallel', parallel_workers=4, event_handlers=None, ignore_user_meta=False, metas=['./colcon.meta'], base_paths=['.'], packages_ignore=None, packages_ignore_regex=None, paths=None, packages_up_to=None, packages_up_to_regex=None, packages_above=None, packages_above_and_dependencies=None, packages_above_depth=None, packages_select_by_dep=None, packages_skip_by_dep=None, packages_skip_up_to=None, packages_select_build_failed=False, packages_skip_build_finished=False, packages_select_test_failures=False, packages_skip_test_passed=False, packages_select=None, packages_skip=None, packages_select_regex=None, packages_skip_regex=None, packages_start=None, packages_end=None, allow_overriding=[], cmake_args=None, cmake_target=None, cmake_target_skip_unavailable=False, cmake_clean_cache=False, cmake_clean_first=False, cmake_force_configure=False, ament_cmake_args=None, catkin_cmake_args=None, catkin_skip_building_tests=False, mixin_files=None, mixin=None, verb_parser=<colcon_mixin.mixin.mixin_argument.MixinArgumentDecorator object at 0xffff93caa5f0>, verb_extension=<colcon_core.verb.build.BuildVerb object at 0xffff93e4b580>, main=<bound method BuildVerb.main of <colcon_core.verb.build.BuildVerb object at 0xffff93e4b580>>, mixin_verb=('build',))
[1.535s] Level 1:colcon.colcon_core.package_discovery:discover_packages(colcon_meta) check parameters
[1.536s] Level 1:colcon.colcon_core.package_discovery:discover_packages(recursive) check parameters
[1.536s] Level 1:colcon.colcon_core.package_discovery:discover_packages(ignore) check parameters
[1.536s] Level 1:colcon.colcon_core.package_discovery:discover_packages(path) check parameters
[1.536s] Level 1:colcon.colcon_core.package_discovery:discover_packages(colcon_meta) discover
[1.537s] Level 1:colcon.colcon_core.package_discovery:discover_packages(recursive) discover
[1.537s] INFO:colcon.colcon_core.package_discovery:Crawling recursively for packages in '/home/rob/ros2_ws/src'
[1.537s] Level 1:colcon.colcon_core.package_identification:_identify(.) by extensions ['ignore', 'ignore_ament_install']
[1.538s] Level 1:colcon.colcon_core.package_identification:_identify(.) by extension 'ignore'
[1.538s] Level 1:colcon.colcon_core.package_identification:_identify(.) by extension 'ignore_ament_install'
[1.538s] Level 1:colcon.colcon_core.package_identification:_identify(.) by extensions ['colcon_pkg']
[1.539s] Level 1:colcon.colcon_core.package_identification:_identify(.) by extension 'colcon_pkg'
[1.539s] Level 1:colcon.colcon_core.package_identification:_identify(.) by extensions ['colcon_meta']
[1.539s] Level 1:colcon.colcon_core.package_identification:_identify(.) by extension 'colcon_meta'
[1.539s] Level 1:colcon.colcon_core.package_identification:_identify(.) by extensions ['ros']
[1.539s] Level 1:colcon.colcon_core.package_identification:_identify(.) by extension 'ros'
[1.584s] Level 1:colcon.colcon_core.package_identification:_identify(.) by extensions ['cmake', 'python']
[1.584s] Level 1:colcon.colcon_core.package_identification:_identify(.) by extension 'cmake'
[1.584s] Level 1:colcon.colcon_core.package_identification:_identify(.) by extension 'python'
[1.585s] Level 1:colcon.colcon_core.package_identification:_identify(.) by extensions ['python_setup_py']
[1.585s] Level 1:colcon.colcon_core.package_identification:_identify(.) by extension 'python_setup_py'
[1.585s] Level 1:colcon.colcon_core.package_identification:_identify(articubot_one) by extensions ['ignore', 'ignore_ament_install']
[1.586s] Level 1:colcon.colcon_core.package_identification:_identify(articubot_one) by extension 'ignore'
[1.586s] Level 1:colcon.colcon_core.package_identification:_identify(articubot_one) by extension 'ignore_ament_install'
[1.586s] Level 1:colcon.colcon_core.package_identification:_identify(articubot_one) by extensions ['colcon_pkg']
[1.586s] Level 1:colcon.colcon_core.package_identification:_identify(articubot_one) by extension 'colcon_pkg'
[1.587s] Level 1:colcon.colcon_core.package_identification:_identify(articubot_one) by extensions ['colcon_meta']
[1.587s] Level 1:colcon.colcon_core.package_identification:_identify(articubot_one) by extension 'colcon_meta'
[1.587s] Level 1:colcon.colcon_core.package_identification:_identify(articubot_one) by extensions ['ros']
[1.587s] Level 1:colcon.colcon_core.package_identification:_identify(articubot_one) by extension 'ros'
[1.595s] DEBUG:colcon.colcon_core.package_identification:Package 'articubot_one' with type 'ros.ament_cmake' and name 'articubot_one'
[1.596s] Level 1:colcon.colcon_core.package_identification:_identify(build) by extensions ['ignore', 'ignore_ament_install']
[1.597s] Level 1:colcon.colcon_core.package_identification:_identify(build) by extension 'ignore'
[1.598s] Level 1:colcon.colcon_core.package_identification:_identify(build) ignored
[1.599s] Level 1:colcon.colcon_core.package_identification:_identify(install) by extensions ['ignore', 'ignore_ament_install']
[1.599s] Level 1:colcon.colcon_core.package_identification:_identify(install) by extension 'ignore'
[1.600s] Level 1:colcon.colcon_core.package_identification:_identify(install) ignored
[1.600s] Level 1:colcon.colcon_core.package_identification:_identify(log) by extensions ['ignore', 'ignore_ament_install']
[1.601s] Level 1:colcon.colcon_core.package_identification:_identify(log) by extension 'ignore'
[1.601s] Level 1:colcon.colcon_core.package_identification:_identify(log) ignored
[1.602s] Level 1:colcon.colcon_core.package_identification:_identify(manual_drive) by extensions ['ignore', 'ignore_ament_install']
[1.602s] Level 1:colcon.colcon_core.package_identification:_identify(manual_drive) by extension 'ignore'
[1.602s] Level 1:colcon.colcon_core.package_identification:_identify(manual_drive) by extension 'ignore_ament_install'
[1.602s] Level 1:colcon.colcon_core.package_identification:_identify(manual_drive) by extensions ['colcon_pkg']
[1.603s] Level 1:colcon.colcon_core.package_identification:_identify(manual_drive) by extension 'colcon_pkg'
[1.603s] Level 1:colcon.colcon_core.package_identification:_identify(manual_drive) by extensions ['colcon_meta']
[1.603s] Level 1:colcon.colcon_core.package_identification:_identify(manual_drive) by extension 'colcon_meta'
[1.603s] Level 1:colcon.colcon_core.package_identification:_identify(manual_drive) by extensions ['ros']
[1.604s] Level 1:colcon.colcon_core.package_identification:_identify(manual_drive) by extension 'ros'
[1.606s] DEBUG:colcon.colcon_core.package_identification:Package 'manual_drive' with type 'ros.ament_python' and name 'manual_drive'
[1.606s] Level 1:colcon.colcon_core.package_discovery:discover_packages(recursive) using defaults
[1.606s] Level 1:colcon.colcon_core.package_discovery:discover_packages(ignore) discover
[1.606s] Level 1:colcon.colcon_core.package_discovery:discover_packages(ignore) using defaults
[1.607s] Level 1:colcon.colcon_core.package_discovery:discover_packages(path) discover
[1.607s] Level 1:colcon.colcon_core.package_discovery:discover_packages(path) using defaults
[1.736s] Level 1:colcon.colcon_core.package_discovery:discover_packages(prefix_path) check parameters
[1.737s] Level 1:colcon.colcon_core.package_discovery:discover_packages(prefix_path) discover
[1.754s] DEBUG:colcon.colcon_installed_package_information.package_discovery:Found 365 installed packages in /opt/ros/humble
[1.762s] Level 1:colcon.colcon_core.package_discovery:discover_packages(prefix_path) using defaults
[1.986s] Level 5:colcon.colcon_core.verb:set package 'articubot_one' build argument 'cmake_args' from command line to 'None'
[1.986s] Level 5:colcon.colcon_core.verb:set package 'articubot_one' build argument 'cmake_target' from command line to 'None'
[1.987s] Level 5:colcon.colcon_core.verb:set package 'articubot_one' build argument 'cmake_target_skip_unavailable' from command line to 'False'
[1.987s] Level 5:colcon.colcon_core.verb:set package 'articubot_one' build argument 'cmake_clean_cache' from command line to 'False'
[1.987s] Level 5:colcon.colcon_core.verb:set package 'articubot_one' build argument 'cmake_clean_first' from command line to 'False'
[1.987s] Level 5:colcon.colcon_core.verb:set package 'articubot_one' build argument 'cmake_force_configure' from command line to 'False'
[1.987s] Level 5:colcon.colcon_core.verb:set package 'articubot_one' build argument 'ament_cmake_args' from command line to 'None'
[1.987s] Level 5:colcon.colcon_core.verb:set package 'articubot_one' build argument 'catkin_cmake_args' from command line to 'None'
[1.987s] Level 5:colcon.colcon_core.verb:set package 'articubot_one' build argument 'catkin_skip_building_tests' from command line to 'False'
[1.987s] DEBUG:colcon.colcon_core.verb:Building package 'articubot_one' with the following arguments: {'ament_cmake_args': None, 'build_base': '/home/rob/ros2_ws/src/build/articubot_one', 'catkin_cmake_args': None, 'catkin_skip_building_tests': False, 'cmake_args': None, 'cmake_clean_cache': False, 'cmake_clean_first': False, 'cmake_force_configure': False, 'cmake_target': None, 'cmake_target_skip_unavailable': False, 'install_base': '/home/rob/ros2_ws/src/install/articubot_one', 'merge_install': False, 'path': '/home/rob/ros2_ws/src/articubot_one', 'symlink_install': True, 'test_result_base': None}
[1.989s] Level 5:colcon.colcon_core.verb:set package 'manual_drive' build argument 'cmake_args' from command line to 'None'
[1.989s] Level 5:colcon.colcon_core.verb:set package 'manual_drive' build argument 'cmake_target' from command line to 'None'
[1.989s] Level 5:colcon.colcon_core.verb:set package 'manual_drive' build argument 'cmake_target_skip_unavailable' from command line to 'False'
[1.989s] Level 5:colcon.colcon_core.verb:set package 'manual_drive' build argument 'cmake_clean_cache' from command line to 'False'
[1.990s] Level 5:colcon.colcon_core.verb:set package 'manual_drive' build argument 'cmake_clean_first' from command line to 'False'
[1.990s] Level 5:colcon.colcon_core.verb:set package 'manual_drive' build argument 'cmake_force_configure' from command line to 'False'
[1.990s] Level 5:colcon.colcon_core.verb:set package 'manual_drive' build argument 'ament_cmake_args' from command line to 'None'
[1.990s] Level 5:colcon.colcon_core.verb:set package 'manual_drive' build argument 'catkin_cmake_args' from command line to 'None'
[1.990s] Level 5:colcon.colcon_core.verb:set package 'manual_drive' build argument 'catkin_skip_building_tests' from command line to 'False'
[1.990s] DEBUG:colcon.colcon_core.verb:Building package 'manual_drive' with the following arguments: {'ament_cmake_args': None, 'build_base': '/home/rob/ros2_ws/src/build/manual_drive', 'catkin_cmake_args': None, 'catkin_skip_building_tests': False, 'cmake_args': None, 'cmake_clean_cache': False, 'cmake_clean_first': False, 'cmake_force_configure': False, 'cmake_target': None, 'cmake_target_skip_unavailable': False, 'install_base': '/home/rob/ros2_ws/src/install/manual_drive', 'merge_install': False, 'path': '/home/rob/ros2_ws/src/manual_drive', 'symlink_install': True, 'test_result_base': None}
[1.991s] INFO:colcon.colcon_core.executor:Executing jobs using 'parallel' executor
[1.994s] DEBUG:colcon.colcon_parallel_executor.executor.parallel:run_until_complete
[1.996s] INFO:colcon.colcon_ros.task.ament_cmake.build:Building ROS package in '/home/rob/ros2_ws/src/articubot_one' with build type 'ament_cmake'
[1.996s] INFO:colcon.colcon_cmake.task.cmake.build:Building CMake package in '/home/rob/ros2_ws/src/articubot_one'
[2.006s] INFO:colcon.colcon_core.plugin_system:Skipping extension 'colcon_core.shell.bat': Not used on non-Windows systems
[2.007s] INFO:colcon.colcon_core.shell:Skip shell extension 'powershell' for command environment: Not usable outside of PowerShell
[2.008s] DEBUG:colcon.colcon_core.shell:Skip shell extension 'dsv' for command environment
[2.026s] INFO:colcon.colcon_ros.task.ament_python.build:Building ROS package in '/home/rob/ros2_ws/src/manual_drive' with build type 'ament_python'
[2.026s] Level 1:colcon.colcon_core.shell:create_environment_hook('manual_drive', 'ament_prefix_path')
[2.028s] INFO:colcon.colcon_core.shell:Creating environment hook '/home/rob/ros2_ws/src/install/manual_drive/share/manual_drive/hook/ament_prefix_path.ps1'
[2.031s] INFO:colcon.colcon_core.shell:Creating environment descriptor '/home/rob/ros2_ws/src/install/manual_drive/share/manual_drive/hook/ament_prefix_path.dsv'
[2.034s] INFO:colcon.colcon_core.shell:Creating environment hook '/home/rob/ros2_ws/src/install/manual_drive/share/manual_drive/hook/ament_prefix_path.sh'
[2.038s] INFO:colcon.colcon_core.shell:Skip shell extension 'powershell' for command environment: Not usable outside of PowerShell
[2.038s] DEBUG:colcon.colcon_core.shell:Skip shell extension 'dsv' for command environment
[2.077s] DEBUG:colcon.colcon_core.event_handler.log_command:Invoking command in '/home/rob/ros2_ws/src/build/articubot_one': CMAKE_PREFIX_PATH=/opt/ros/humble /usr/bin/cmake --build /home/rob/ros2_ws/src/build/articubot_one -- -j4 -l4
[3.461s] INFO:colcon.colcon_core.task.python.build:Building Python package in '/home/rob/ros2_ws/src/manual_drive'
[3.462s] INFO:colcon.colcon_core.shell:Skip shell extension 'powershell' for command environment: Not usable outside of PowerShell
[3.463s] DEBUG:colcon.colcon_core.shell:Skip shell extension 'dsv' for command environment
[3.486s] DEBUG:colcon.colcon_core.event_handler.log_command:Invoked command in '/home/rob/ros2_ws/src/build/articubot_one' returned '0': CMAKE_PREFIX_PATH=/opt/ros/humble /usr/bin/cmake --build /home/rob/ros2_ws/src/build/articubot_one -- -j4 -l4
[3.529s] DEBUG:colcon.colcon_core.event_handler.log_command:Invoking command in '/home/rob/ros2_ws/src/build/articubot_one': CMAKE_PREFIX_PATH=/opt/ros/humble /usr/bin/cmake --install /home/rob/ros2_ws/src/build/articubot_one
[3.696s] Level 1:colcon.colcon_core.environment:create_environment_scripts_only(articubot_one)
[3.709s] DEBUG:colcon.colcon_core.event_handler.log_command:Invoked command in '/home/rob/ros2_ws/src/build/articubot_one' returned '0': CMAKE_PREFIX_PATH=/opt/ros/humble /usr/bin/cmake --install /home/rob/ros2_ws/src/build/articubot_one
[3.714s] Level 1:colcon.colcon_core.environment:checking '/home/rob/ros2_ws/src/install/articubot_one' for CMake module files
[3.717s] Level 1:colcon.colcon_core.environment:checking '/home/rob/ros2_ws/src/install/articubot_one' for CMake config files
[3.719s] Level 1:colcon.colcon_core.shell:create_environment_hook('articubot_one', 'cmake_prefix_path')
[3.720s] INFO:colcon.colcon_core.shell:Creating environment hook '/home/rob/ros2_ws/src/install/articubot_one/share/articubot_one/hook/cmake_prefix_path.ps1'
[3.723s] INFO:colcon.colcon_core.shell:Creating environment descriptor '/home/rob/ros2_ws/src/install/articubot_one/share/articubot_one/hook/cmake_prefix_path.dsv'
[3.725s] INFO:colcon.colcon_core.shell:Creating environment hook '/home/rob/ros2_ws/src/install/articubot_one/share/articubot_one/hook/cmake_prefix_path.sh'
[3.729s] Level 1:colcon.colcon_core.environment:checking '/home/rob/ros2_ws/src/install/articubot_one/bin'
[3.729s] Level 1:colcon.colcon_core.environment:checking '/home/rob/ros2_ws/src/install/articubot_one/lib/pkgconfig/articubot_one.pc'
[3.730s] Level 1:colcon.colcon_core.environment:checking '/home/rob/ros2_ws/src/install/articubot_one/lib/python3.10/site-packages'
[3.731s] Level 1:colcon.colcon_core.environment:checking '/home/rob/ros2_ws/src/install/articubot_one/bin'
[3.733s] INFO:colcon.colcon_core.shell:Creating package script '/home/rob/ros2_ws/src/install/articubot_one/share/articubot_one/package.ps1'
[3.737s] INFO:colcon.colcon_core.shell:Creating package descriptor '/home/rob/ros2_ws/src/install/articubot_one/share/articubot_one/package.dsv'
[3.741s] INFO:colcon.colcon_core.shell:Creating package script '/home/rob/ros2_ws/src/install/articubot_one/share/articubot_one/package.sh'
[3.746s] INFO:colcon.colcon_core.shell:Creating package script '/home/rob/ros2_ws/src/install/articubot_one/share/articubot_one/package.bash'
[3.750s] INFO:colcon.colcon_core.shell:Creating package script '/home/rob/ros2_ws/src/install/articubot_one/share/articubot_one/package.zsh'
[3.754s] Level 1:colcon.colcon_core.environment:create_file_with_runtime_dependencies(/home/rob/ros2_ws/src/install/articubot_one/share/colcon-core/packages/articubot_one)
[3.757s] Level 1:colcon.colcon_core.environment:create_environment_scripts_only(articubot_one)
[3.758s] Level 1:colcon.colcon_core.environment:checking '/home/rob/ros2_ws/src/install/articubot_one' for CMake module files
[3.761s] Level 1:colcon.colcon_core.environment:checking '/home/rob/ros2_ws/src/install/articubot_one' for CMake config files
[3.764s] Level 1:colcon.colcon_core.shell:create_environment_hook('articubot_one', 'cmake_prefix_path')
[3.765s] INFO:colcon.colcon_core.shell:Creating environment hook '/home/rob/ros2_ws/src/install/articubot_one/share/articubot_one/hook/cmake_prefix_path.ps1'
[3.768s] INFO:colcon.colcon_core.shell:Creating environment descriptor '/home/rob/ros2_ws/src/install/articubot_one/share/articubot_one/hook/cmake_prefix_path.dsv'
[3.770s] INFO:colcon.colcon_core.shell:Creating environment hook '/home/rob/ros2_ws/src/install/articubot_one/share/articubot_one/hook/cmake_prefix_path.sh'
[3.773s] Level 1:colcon.colcon_core.environment:checking '/home/rob/ros2_ws/src/install/articubot_one/bin'
[3.774s] Level 1:colcon.colcon_core.environment:checking '/home/rob/ros2_ws/src/install/articubot_one/lib/pkgconfig/articubot_one.pc'
[3.775s] Level 1:colcon.colcon_core.environment:checking '/home/rob/ros2_ws/src/install/articubot_one/lib/python3.10/site-packages'
[3.776s] Level 1:colcon.colcon_core.environment:checking '/home/rob/ros2_ws/src/install/articubot_one/bin'
[3.778s] INFO:colcon.colcon_core.shell:Creating package script '/home/rob/ros2_ws/src/install/articubot_one/share/articubot_one/package.ps1'
[3.781s] INFO:colcon.colcon_core.shell:Creating package descriptor '/home/rob/ros2_ws/src/install/articubot_one/share/articubot_one/package.dsv'
[3.784s] INFO:colcon.colcon_core.shell:Creating package script '/home/rob/ros2_ws/src/install/articubot_one/share/articubot_one/package.sh'
[3.788s] INFO:colcon.colcon_core.shell:Creating package script '/home/rob/ros2_ws/src/install/articubot_one/share/articubot_one/package.bash'
[3.791s] INFO:colcon.colcon_core.shell:Creating package script '/home/rob/ros2_ws/src/install/articubot_one/share/articubot_one/package.zsh'
[3.795s] Level 1:colcon.colcon_core.environment:create_file_with_runtime_dependencies(/home/rob/ros2_ws/src/install/articubot_one/share/colcon-core/packages/articubot_one)
[5.611s] DEBUG:colcon.colcon_core.event_handler.log_command:Invoking command in '/home/rob/ros2_ws/src/build/manual_drive': PYTHONPATH=/home/rob/ros2_ws/src/build/manual_drive/prefix_override:/usr/lib/python3/dist-packages/colcon_core/task/python/colcon_distutils_commands:/home/rob/ros2_ws/src/install/manual_drive/lib/python3.10/site-packages:${PYTHONPATH} /usr/bin/python3 -W ignore:setup.py install is deprecated -W ignore:easy_install command is deprecated setup.py develop --editable --build-directory /home/rob/ros2_ws/src/build/manual_drive/build --no-deps symlink_data
[8.148s] Level 1:colcon.colcon_core.shell:create_environment_hook('manual_drive', 'pythonpath_develop')
[8.149s] INFO:colcon.colcon_core.shell:Creating environment hook '/home/rob/ros2_ws/src/build/manual_drive/share/manual_drive/hook/pythonpath_develop.ps1'
[8.150s] DEBUG:colcon.colcon_core.event_handler.log_command:Invoked command in '/home/rob/ros2_ws/src/build/manual_drive' returned '0': PYTHONPATH=/home/rob/ros2_ws/src/build/manual_drive/prefix_override:/usr/lib/python3/dist-packages/colcon_core/task/python/colcon_distutils_commands:/home/rob/ros2_ws/src/install/manual_drive/lib/python3.10/site-packages:${PYTHONPATH} /usr/bin/python3 -W ignore:setup.py install is deprecated -W ignore:easy_install command is deprecated setup.py develop --editable --build-directory /home/rob/ros2_ws/src/build/manual_drive/build --no-deps symlink_data
[8.153s] INFO:colcon.colcon_core.shell:Creating environment descriptor '/home/rob/ros2_ws/src/build/manual_drive/share/manual_drive/hook/pythonpath_develop.dsv'
[8.155s] INFO:colcon.colcon_core.shell:Creating environment hook '/home/rob/ros2_ws/src/build/manual_drive/share/manual_drive/hook/pythonpath_develop.sh'
[8.158s] Level 1:colcon.colcon_core.environment:checking '/home/rob/ros2_ws/src/install/manual_drive' for CMake module files
[8.161s] Level 1:colcon.colcon_core.environment:checking '/home/rob/ros2_ws/src/install/manual_drive' for CMake config files
[8.164s] Level 1:colcon.colcon_core.environment:checking '/home/rob/ros2_ws/src/install/manual_drive/lib'
[8.165s] Level 1:colcon.colcon_core.environment:checking '/home/rob/ros2_ws/src/install/manual_drive/bin'
[8.165s] Level 1:colcon.colcon_core.environment:checking '/home/rob/ros2_ws/src/install/manual_drive/lib/pkgconfig/manual_drive.pc'
[8.166s] Level 1:colcon.colcon_core.environment:checking '/home/rob/ros2_ws/src/install/manual_drive/lib/python3.10/site-packages'
[8.167s] Level 1:colcon.colcon_core.shell:create_environment_hook('manual_drive', 'pythonpath')
[8.168s] INFO:colcon.colcon_core.shell:Creating environment hook '/home/rob/ros2_ws/src/install/manual_drive/share/manual_drive/hook/pythonpath.ps1'
[8.170s] INFO:colcon.colcon_core.shell:Creating environment descriptor '/home/rob/ros2_ws/src/install/manual_drive/share/manual_drive/hook/pythonpath.dsv'
[8.172s] INFO:colcon.colcon_core.shell:Creating environment hook '/home/rob/ros2_ws/src/install/manual_drive/share/manual_drive/hook/pythonpath.sh'
[8.175s] Level 1:colcon.colcon_core.environment:checking '/home/rob/ros2_ws/src/install/manual_drive/bin'
[8.175s] Level 1:colcon.colcon_core.environment:create_environment_scripts_only(manual_drive)
[8.177s] INFO:colcon.colcon_core.shell:Creating package script '/home/rob/ros2_ws/src/install/manual_drive/share/manual_drive/package.ps1'
[8.180s] INFO:colcon.colcon_core.shell:Creating package descriptor '/home/rob/ros2_ws/src/install/manual_drive/share/manual_drive/package.dsv'
[8.183s] INFO:colcon.colcon_core.shell:Creating package script '/home/rob/ros2_ws/src/install/manual_drive/share/manual_drive/package.sh'
[8.185s] INFO:colcon.colcon_core.shell:Creating package script '/home/rob/ros2_ws/src/install/manual_drive/share/manual_drive/package.bash'
[8.187s] INFO:colcon.colcon_core.shell:Creating package script '/home/rob/ros2_ws/src/install/manual_drive/share/manual_drive/package.zsh'
[8.190s] Level 1:colcon.colcon_core.environment:create_file_with_runtime_dependencies(/home/rob/ros2_ws/src/install/manual_drive/share/colcon-core/packages/manual_drive)
[8.191s] DEBUG:colcon.colcon_parallel_executor.executor.parallel:closing loop
[8.192s] DEBUG:colcon.colcon_parallel_executor.executor.parallel:loop closed
[8.193s] DEBUG:colcon.colcon_parallel_executor.executor.parallel:run_until_complete finished with '0'
[8.193s] DEBUG:colcon.colcon_core.event_reactor:joining thread
[8.215s] INFO:colcon.colcon_core.plugin_system:Skipping extension 'colcon_notification.desktop_notification.notify_send': Could not find 'notify-send'
[8.215s] INFO:colcon.colcon_core.plugin_system:Skipping extension 'colcon_notification.desktop_notification.terminal_notifier': Not used on non-Darwin systems
[8.216s] INFO:colcon.colcon_core.plugin_system:Skipping extension 'colcon_notification.desktop_notification.win32': Not used on non-Windows systems
[8.216s] INFO:colcon.colcon_notification.desktop_notification:Sending desktop notification using 'notify2'
[8.219s] DEBUG:colcon.colcon_notification.desktop_notification.notify2:Failed to initialize notify2: org.freedesktop.DBus.Error.ServiceUnknown: The name org.freedesktop.Notifications was not provided by any .service files
[8.220s] DEBUG:colcon.colcon_core.event_reactor:joined thread
[8.221s] INFO:colcon.colcon_core.shell:Creating prefix script '/home/rob/ros2_ws/src/install/local_setup.ps1'
[8.225s] INFO:colcon.colcon_core.shell:Creating prefix util module '/home/rob/ros2_ws/src/install/_local_setup_util_ps1.py'
[8.231s] INFO:colcon.colcon_core.shell:Creating prefix chain script '/home/rob/ros2_ws/src/install/setup.ps1'
[8.235s] INFO:colcon.colcon_core.shell:Creating prefix script '/home/rob/ros2_ws/src/install/local_setup.sh'
[8.238s] INFO:colcon.colcon_core.shell:Creating prefix util module '/home/rob/ros2_ws/src/install/_local_setup_util_sh.py'
[8.241s] INFO:colcon.colcon_core.shell:Creating prefix chain script '/home/rob/ros2_ws/src/install/setup.sh'
[8.246s] INFO:colcon.colcon_core.shell:Creating prefix script '/home/rob/ros2_ws/src/install/local_setup.bash'
[8.248s] INFO:colcon.colcon_core.shell:Creating prefix chain script '/home/rob/ros2_ws/src/install/setup.bash'
[8.253s] INFO:colcon.colcon_core.shell:Creating prefix script '/home/rob/ros2_ws/src/install/local_setup.zsh'
[8.255s] INFO:colcon.colcon_core.shell:Creating prefix chain script '/home/rob/ros2_ws/src/install/setup.zsh'
