[3.786s] Invoking command in '/home/rob/ros2_ws/src/manual_drive': PYTHONPATH=/home/rob/ros2_ws/build/manual_drive/prefix_override:/home/rob/.local/lib/python3.10/site-packages/colcon_core/task/python/colcon_distutils_commands:/home/rob/ros2_ws/install/manual_drive/lib/python3.10/site-packages:${PYTHONPATH} /usr/bin/python3 -W ignore:setup.py install is deprecated -W ignore:easy_install command is deprecated setup.py egg_info --egg-base ../../build/manual_drive build --build-base /home/rob/ros2_ws/build/manual_drive/build install --record /home/rob/ros2_ws/build/manual_drive/install.log --single-version-externally-managed install_data
[5.053s] running egg_info
[5.056s] writing ../../build/manual_drive/manual_drive.egg-info/PKG-INFO
[5.059s] writing dependency_links to ../../build/manual_drive/manual_drive.egg-info/dependency_links.txt
[5.060s] writing entry points to ../../build/manual_drive/manual_drive.egg-info/entry_points.txt
[5.061s] writing requirements to ../../build/manual_drive/manual_drive.egg-info/requires.txt
[5.062s] writing top-level names to ../../build/manual_drive/manual_drive.egg-info/top_level.txt
[5.073s] reading manifest file '../../build/manual_drive/manual_drive.egg-info/SOURCES.txt'
[5.076s] writing manifest file '../../build/manual_drive/manual_drive.egg-info/SOURCES.txt'
[5.077s] running build
[5.078s] running build_py
[5.080s] running install
[5.082s] running install_lib
[5.090s] running install_data
[5.091s] running install_egg_info
[5.099s] removing '/home/rob/ros2_ws/install/manual_drive/lib/python3.10/site-packages/manual_drive-0.0.0-py3.10.egg-info' (and everything under it)
[5.101s] Copying ../../build/manual_drive/manual_drive.egg-info to /home/rob/ros2_ws/install/manual_drive/lib/python3.10/site-packages/manual_drive-0.0.0-py3.10.egg-info
[5.109s] running install_scripts
[5.211s] Installing hoverboard_controller script to /home/rob/ros2_ws/install/manual_drive/lib/manual_drive
[5.212s] Installing manual_drive_node script to /home/rob/ros2_ws/install/manual_drive/lib/manual_drive
[5.215s] writing list of installed files to '/home/rob/ros2_ws/build/manual_drive/install.log'
[5.368s] Invoked command in '/home/rob/ros2_ws/src/manual_drive' returned '0': PYTHONPATH=/home/rob/ros2_ws/build/manual_drive/prefix_override:/home/rob/.local/lib/python3.10/site-packages/colcon_core/task/python/colcon_distutils_commands:/home/rob/ros2_ws/install/manual_drive/lib/python3.10/site-packages:${PYTHONPATH} /usr/bin/python3 -W ignore:setup.py install is deprecated -W ignore:easy_install command is deprecated setup.py egg_info --egg-base ../../build/manual_drive build --build-base /home/rob/ros2_ws/build/manual_drive/build install --record /home/rob/ros2_ws/build/manual_drive/install.log --single-version-externally-managed install_data
