[3.655s] Invoking command in '/home/rob/ros2_ws/src/manual_drive': PYTHONPATH=/home/rob/ros2_ws/build/manual_drive/prefix_override:/home/rob/.local/lib/python3.10/site-packages/colcon_core/task/python/colcon_distutils_commands:/home/rob/ros2_ws/install/manual_drive/lib/python3.10/site-packages:${PYTHONPATH} /usr/bin/python3 -W ignore:setup.py install is deprecated -W ignore:easy_install command is deprecated setup.py egg_info --egg-base ../../build/manual_drive build --build-base /home/rob/ros2_ws/build/manual_drive/build install --record /home/rob/ros2_ws/build/manual_drive/install.log --single-version-externally-managed install_data
[4.997s] running egg_info
[5.000s] writing ../../build/manual_drive/manual_drive.egg-info/PKG-INFO
[5.002s] writing dependency_links to ../../build/manual_drive/manual_drive.egg-info/dependency_links.txt
[5.003s] writing entry points to ../../build/manual_drive/manual_drive.egg-info/entry_points.txt
[5.005s] writing requirements to ../../build/manual_drive/manual_drive.egg-info/requires.txt
[5.005s] writing top-level names to ../../build/manual_drive/manual_drive.egg-info/top_level.txt
[5.016s] reading manifest file '../../build/manual_drive/manual_drive.egg-info/SOURCES.txt'
[5.020s] writing manifest file '../../build/manual_drive/manual_drive.egg-info/SOURCES.txt'
[5.021s] running build
[5.021s] running build_py
[5.023s] running install
[5.024s] running install_lib
[5.031s] running install_data
[5.032s] running install_egg_info
[5.039s] removing '/home/rob/ros2_ws/install/manual_drive/lib/python3.10/site-packages/manual_drive-0.0.0-py3.10.egg-info' (and everything under it)
[5.040s] Copying ../../build/manual_drive/manual_drive.egg-info to /home/rob/ros2_ws/install/manual_drive/lib/python3.10/site-packages/manual_drive-0.0.0-py3.10.egg-info
[5.046s] running install_scripts
[5.133s] Installing hoverboard_controller script to /home/rob/ros2_ws/install/manual_drive/lib/manual_drive
[5.134s] Installing manual_drive_node script to /home/rob/ros2_ws/install/manual_drive/lib/manual_drive
[5.136s] writing list of installed files to '/home/rob/ros2_ws/build/manual_drive/install.log'
[5.261s] Invoked command in '/home/rob/ros2_ws/src/manual_drive' returned '0': PYTHONPATH=/home/rob/ros2_ws/build/manual_drive/prefix_override:/home/rob/.local/lib/python3.10/site-packages/colcon_core/task/python/colcon_distutils_commands:/home/rob/ros2_ws/install/manual_drive/lib/python3.10/site-packages:${PYTHONPATH} /usr/bin/python3 -W ignore:setup.py install is deprecated -W ignore:easy_install command is deprecated setup.py egg_info --egg-base ../../build/manual_drive build --build-base /home/rob/ros2_ws/build/manual_drive/build install --record /home/rob/ros2_ws/build/manual_drive/install.log --single-version-externally-managed install_data
