[6.961s] Invoking command in '/home/rob/ros2_ws/src/manual_drive': PYTHONPATH=/home/rob/ros2_ws/build/manual_drive/prefix_override:/home/rob/.local/lib/python3.10/site-packages/colcon_core/task/python/colcon_distutils_commands:/home/rob/ros2_ws/install/manual_drive/lib/python3.10/site-packages:${PYTHONPATH} /usr/bin/python3 -W ignore:setup.py install is deprecated -W ignore:easy_install command is deprecated setup.py egg_info --egg-base ../../build/manual_drive build --build-base /home/rob/ros2_ws/build/manual_drive/build install --record /home/rob/ros2_ws/build/manual_drive/install.log --single-version-externally-managed install_data
[9.047s] running egg_info
[9.053s] writing ../../build/manual_drive/manual_drive.egg-info/PKG-INFO
[9.058s] writing dependency_links to ../../build/manual_drive/manual_drive.egg-info/dependency_links.txt
[9.062s] writing entry points to ../../build/manual_drive/manual_drive.egg-info/entry_points.txt
[9.067s] writing requirements to ../../build/manual_drive/manual_drive.egg-info/requires.txt
[9.077s] writing top-level names to ../../build/manual_drive/manual_drive.egg-info/top_level.txt
[9.101s] reading manifest file '../../build/manual_drive/manual_drive.egg-info/SOURCES.txt'
[9.110s] writing manifest file '../../build/manual_drive/manual_drive.egg-info/SOURCES.txt'
[9.113s] running build
[9.114s] running build_py
[9.134s] running install
[9.138s] running install_lib
[9.165s] running install_data
[9.169s] running install_egg_info
[9.183s] removing '/home/rob/ros2_ws/install/manual_drive/lib/python3.10/site-packages/manual_drive-0.0.0-py3.10.egg-info' (and everything under it)
[9.186s] Copying ../../build/manual_drive/manual_drive.egg-info to /home/rob/ros2_ws/install/manual_drive/lib/python3.10/site-packages/manual_drive-0.0.0-py3.10.egg-info
[9.201s] running install_scripts
[9.374s] Installing hoverboard_controller script to /home/rob/ros2_ws/install/manual_drive/lib/manual_drive
[9.376s] Installing manual_drive_node script to /home/rob/ros2_ws/install/manual_drive/lib/manual_drive
[9.379s] writing list of installed files to '/home/rob/ros2_ws/build/manual_drive/install.log'
[9.649s] Invoked command in '/home/rob/ros2_ws/src/manual_drive' returned '0': PYTHONPATH=/home/rob/ros2_ws/build/manual_drive/prefix_override:/home/rob/.local/lib/python3.10/site-packages/colcon_core/task/python/colcon_distutils_commands:/home/rob/ros2_ws/install/manual_drive/lib/python3.10/site-packages:${PYTHONPATH} /usr/bin/python3 -W ignore:setup.py install is deprecated -W ignore:easy_install command is deprecated setup.py egg_info --egg-base ../../build/manual_drive build --build-base /home/rob/ros2_ws/build/manual_drive/build install --record /home/rob/ros2_ws/build/manual_drive/install.log --single-version-externally-managed install_data
